"../../../RollingDerby/Content/StarterContent/Audio/Fire01.uasset" 0
"../../../RollingDerby/Content/StarterContent/Audio/Fire01_Cue.uasset" 1
"../../../RollingDerby/Content/StarterContent/Textures/T_Fire_SubUV.uasset" 2
"../../../RollingDerby/Content/StarterContent/Textures/T_Fire_Tiled_D.uasset" 3
"../../../RollingDerby/Content/StarterContent/Particles/Materials/M_Fire_SubUV.uasset" 4
"../../../RollingDerby/Content/StarterContent/Textures/T_Water_N.uasset" 5
"../../../RollingDerby/Content/StarterContent/Particles/Materials/M_Heat_Distortion.uasset" 6
"../../../Engine/Content/Functions/Engine_MaterialFunctions01/Gradient/RadialGradient.uasset" 7
"../../../RollingDerby/Content/StarterContent/Particles/Materials/M_Radial_Gradient.uasset" 8
"../../../RollingDerby/Content/StarterContent/Textures/T_Smoke_SubUV.uasset" 9
"../../../RollingDerby/Content/StarterContent/Textures/T_Smoke_Tiled_D.uasset" 10
"../../../RollingDerby/Content/StarterContent/Particles/Materials/M_smoke_subUV.uasset" 11
"../../../RollingDerby/Content/StarterContent/Particles/P_Fire.uasset" 12
"../../../RollingDerby/Content/StarterContent/Blueprints/Blueprint_Effect_Fire.uasset" 13
"../../../RollingDerby/Content/StarterContent/Audio/Smoke01.uasset" 14
"../../../RollingDerby/Content/StarterContent/Audio/Smoke01_Cue.uasset" 15
"../../../RollingDerby/Content/StarterContent/Particles/P_Smoke.uasset" 16
"../../../RollingDerby/Content/StarterContent/Blueprints/Blueprint_Effect_Smoke.uasset" 17
"../../../RollingDerby/Content/StarterContent/Audio/Fire_Sparks01.uasset" 18
"../../../RollingDerby/Content/StarterContent/Audio/Fire_Sparks01_Cue.uasset" 19
"../../../RollingDerby/Content/StarterContent/Textures/T_Spark_Core.uasset" 20
"../../../RollingDerby/Content/StarterContent/Particles/Materials/M_Spark.uasset" 21
"../../../RollingDerby/Content/StarterContent/Particles/P_Sparks.uasset" 22
"../../../RollingDerby/Content/StarterContent/Blueprints/Blueprint_Effect_Sparks.uasset" 23
"../../../RollingDerby/Content/StarterContent/Audio/Steam01.uasset" 24
"../../../RollingDerby/Content/StarterContent/Audio/Steam01_Cue.uasset" 25
"../../../RollingDerby/Content/StarterContent/Particles/P_Steam_Lit.uasset" 26
"../../../RollingDerby/Content/StarterContent/Blueprints/Blueprint_Effect_Steam.uasset" 27
"../../../Engine/Content/EditorBlueprintResources/StandardMacros.uasset" 28
"../../../Engine/Content/EngineSky/C_Sky_Cloud_Color.uasset" 29
"../../../Engine/Content/EngineSky/C_Sky_Horizon_Color.uasset" 30
"../../../Engine/Content/EngineSky/C_Sky_Zenith_Color.uasset" 31
"../../../Engine/Content/EngineSky/T_Sky_Blue.uasset" 32
"../../../Engine/Content/EngineSky/T_Sky_Clouds_M.uasset" 33
"../../../Engine/Content/EngineSky/T_Sky_Stars.uasset" 34
"../../../Engine/Content/EngineSky/SM_SkySphere.uasset" 35
"../../../Engine/Content/EngineSky/M_Sky_Panning_Clouds2.uasset" 36
"../../../Engine/Content/EngineSky/BP_Sky_Sphere.uasset" 37
"../../../RollingDerby/Content/StarterContent/Textures/T_Lamp_M.uasset" 38
"../../../RollingDerby/Content/StarterContent/Textures/T_Lamp_N.uasset" 39
"../../../RollingDerby/Content/StarterContent/Props/Materials/M_Lamp.uasset" 40
"../../../RollingDerby/Content/StarterContent/Props/SM_Lamp_Ceiling.uasset" 41
"../../../RollingDerby/Content/StarterContent/Blueprints/Blueprint_CeilingLight.uasset" 42
"../../../RollingDerby/Content/StarterContent/Props/SM_Lamp_Wall.uasset" 43
"../../../RollingDerby/Content/StarterContent/Blueprints/Blueprint_WallSconce.uasset" 44
"../../../Engine/Content/EngineFonts/RobotoDistanceField.uasset" 45
"../../../Engine/Content/Functions/Engine_MaterialFunctions03/Procedurals/ComputeFilterWidth.uasset" 46
"../../../Engine/Content/EngineMaterials/AntiAliasedTextMaterialTranslucent.uasset" 47
"../../../Engine/Content/Functions/Engine_MaterialFunctions01/Opacity/CameraDepthFade.uasset" 48
"../../../Engine/Content/EngineMaterials/T_Default_Material_Grid_M.uasset" 49
"../../../Engine/Content/EngineMaterials/T_Default_Material_Grid_N.uasset" 50
"../../../Engine/Content/EngineMaterials/WorldGridMaterial.uasset" 51
"../../../RollingDerby/Content/StarterContent/Textures/T_Brick_Clay_Beveled_D.uasset" 52
"../../../RollingDerby/Content/StarterContent/Textures/T_Brick_Clay_Beveled_M.uasset" 53
"../../../RollingDerby/Content/StarterContent/Textures/T_Brick_Clay_Beveled_N.uasset" 54
"../../../RollingDerby/Content/StarterContent/Textures/T_MacroVariation.uasset" 55
"../../../RollingDerby/Content/StarterContent/Materials/M_Brick_Clay_Beveled.uasset" 56
"../../../RollingDerby/Content/StarterContent/Textures/T_Brick_Clay_New_D.uasset" 57
"../../../RollingDerby/Content/StarterContent/Textures/T_Brick_Clay_New_M.uasset" 58
"../../../RollingDerby/Content/StarterContent/Textures/T_Brick_Clay_New_N.uasset" 59
"../../../RollingDerby/Content/StarterContent/Textures/T_Detail_Rocky_N.uasset" 60
"../../../RollingDerby/Content/StarterContent/Materials/M_Brick_Clay_New.uasset" 61
"../../../RollingDerby/Content/StarterContent/Textures/T_Brick_Clay_Old_D.uasset" 62
"../../../RollingDerby/Content/StarterContent/Textures/T_Brick_Clay_Old_N.uasset" 63
"../../../RollingDerby/Content/StarterContent/Textures/T_Perlin_Noise_M.uasset" 64
"../../../RollingDerby/Content/StarterContent/Materials/M_Brick_Clay_Old.uasset" 65
"../../../RollingDerby/Content/StarterContent/Textures/T_Brick_Cut_Stone_D.uasset" 66
"../../../RollingDerby/Content/StarterContent/Textures/T_Brick_Cut_Stone_N.uasset" 67
"../../../RollingDerby/Content/StarterContent/Materials/M_Brick_Cut_Stone.uasset" 68
"../../../RollingDerby/Content/StarterContent/Textures/T_Brick_Hewn_Stone_D.uasset" 69
"../../../RollingDerby/Content/StarterContent/Textures/T_Brick_Hewn_Stone_M.uasset" 70
"../../../RollingDerby/Content/StarterContent/Textures/T_Brick_Hewn_Stone_N.uasset" 71
"../../../RollingDerby/Content/StarterContent/Materials/M_Brick_Hewn_Stone.uasset" 72
"../../../RollingDerby/Content/StarterContent/Textures/T_Ceramic_Tile_M.uasset" 73
"../../../RollingDerby/Content/StarterContent/Textures/T_Ceramic_Tile_N.uasset" 74
"../../../RollingDerby/Content/StarterContent/Textures/T_Rock_Marble_Polished_D.uasset" 75
"../../../RollingDerby/Content/StarterContent/Materials/M_Ceramic_Tile_Checker.uasset" 76
"../../../RollingDerby/Content/StarterContent/Textures/T_CobbleStone_Pebble_D.uasset" 77
"../../../RollingDerby/Content/StarterContent/Textures/T_CobbleStone_Pebble_M.uasset" 78
"../../../RollingDerby/Content/StarterContent/Textures/T_CobbleStone_Pebble_N.uasset" 79
"../../../RollingDerby/Content/StarterContent/Materials/M_CobbleStone_Pebble.uasset" 80
"../../../RollingDerby/Content/StarterContent/Textures/T_CobbleStone_Rough_D.uasset" 81
"../../../RollingDerby/Content/StarterContent/Textures/T_CobbleStone_Rough_N.uasset" 82
"../../../RollingDerby/Content/StarterContent/Textures/T_Gradinet_01.uasset" 83
"../../../RollingDerby/Content/StarterContent/Textures/T_Rock_Smooth_Granite_D.uasset" 84
"../../../RollingDerby/Content/StarterContent/Materials/M_CobbleStone_Rough.uasset" 85
"../../../RollingDerby/Content/StarterContent/Textures/T_CobbleStone_Smooth_D.uasset" 86
"../../../RollingDerby/Content/StarterContent/Textures/T_CobbleStone_Smooth_M.uasset" 87
"../../../RollingDerby/Content/StarterContent/Textures/T_CobbleStone_Smooth_N.uasset" 88
"../../../RollingDerby/Content/StarterContent/Materials/M_CobbleStone_Smooth.uasset" 89
"../../../RollingDerby/Content/StarterContent/Textures/T_Concrete_Grime_D.uasset" 90
"../../../RollingDerby/Content/StarterContent/Textures/T_Metal_Rust_N.uasset" 91
"../../../RollingDerby/Content/StarterContent/Materials/M_Concrete_Grime.uasset" 92
"../../../RollingDerby/Content/StarterContent/Textures/T_Concrete_Panels_D.uasset" 93
"../../../RollingDerby/Content/StarterContent/Textures/T_Concrete_Panels_N.uasset" 94
"../../../RollingDerby/Content/StarterContent/Materials/M_Concrete_Panels.uasset" 95
"../../../RollingDerby/Content/StarterContent/Textures/T_Concrete_Poured_D.uasset" 96
"../../../RollingDerby/Content/StarterContent/Textures/T_Concrete_Poured_N.uasset" 97
"../../../RollingDerby/Content/StarterContent/Materials/M_Concrete_Poured.uasset" 98
"../../../RollingDerby/Content/StarterContent/Textures/T_Concrete_Tiles_D.uasset" 99
"../../../RollingDerby/Content/StarterContent/Textures/T_Concrete_Tiles_M.uasset" 100
"../../../RollingDerby/Content/StarterContent/Textures/T_Concrete_Tiles_N.uasset" 101
"../../../RollingDerby/Content/StarterContent/Textures/T_Concrete_Tiles_Variation_M.uasset" 102
"../../../RollingDerby/Content/StarterContent/Materials/M_Concrete_Tiles.uasset" 103
"../../../RollingDerby/Content/StarterContent/Textures/T_Ground_Grass_D.uasset" 104
"../../../RollingDerby/Content/StarterContent/Textures/T_Ground_Grass_N.uasset" 105
"../../../RollingDerby/Content/StarterContent/Materials/M_Ground_Grass.uasset" 106
"../../../RollingDerby/Content/StarterContent/Textures/T_Ground_Gravel_D.uasset" 107
"../../../RollingDerby/Content/StarterContent/Textures/T_Ground_Gravel_N.uasset" 108
"../../../RollingDerby/Content/StarterContent/Materials/M_Ground_Gravel.uasset" 109
"../../../RollingDerby/Content/StarterContent/Textures/T_ground_Moss_D.uasset" 110
"../../../RollingDerby/Content/StarterContent/Textures/T_Ground_Moss_N.uasset" 111
"../../../RollingDerby/Content/StarterContent/Materials/M_Ground_Moss.uasset" 112
"../../../RollingDerby/Content/StarterContent/Materials/M_Metal_Brushed_Nickel.uasset" 113
"../../../RollingDerby/Content/StarterContent/Textures/T_Metal_Aluminum_D.uasset" 114
"../../../RollingDerby/Content/StarterContent/Textures/T_Metal_Gold_N.uasset" 115
"../../../RollingDerby/Content/StarterContent/Materials/M_Metal_Burnished_Steel.uasset" 116
"../../../RollingDerby/Content/StarterContent/Materials/M_Metal_Chrome.uasset" 117
"../../../RollingDerby/Content/StarterContent/Textures/T_Metal_Copper_D.uasset" 118
"../../../RollingDerby/Content/StarterContent/Materials/M_Metal_Copper.uasset" 119
"../../../RollingDerby/Content/StarterContent/Textures/T_Metal_Gold_D.uasset" 120
"../../../RollingDerby/Content/StarterContent/Materials/M_Metal_Gold.uasset" 121
"../../../Engine/Content/Functions/Engine_MaterialFunctions02/Utility/BlendAngleCorrectedNormals.uasset" 122
"../../../RollingDerby/Content/StarterContent/Textures/T_Metal_Rust_D.uasset" 123
"../../../RollingDerby/Content/StarterContent/Materials/M_Metal_Rust.uasset" 124
"../../../RollingDerby/Content/StarterContent/Textures/T_Metal_Steel_D.uasset" 125
"../../../RollingDerby/Content/StarterContent/Textures/T_Metal_Steel_N.uasset" 126
"../../../RollingDerby/Content/StarterContent/Materials/M_Metal_Steel.uasset" 127
"../../../RollingDerby/Content/StarterContent/Textures/T_Rock_Basalt_D.uasset" 128
"../../../RollingDerby/Content/StarterContent/Textures/T_Rock_Basalt_N.uasset" 129
"../../../RollingDerby/Content/StarterContent/Materials/M_Rock_Basalt.uasset" 130
"../../../RollingDerby/Content/StarterContent/Materials/M_Rock_Marble_Polished.uasset" 131
"../../../RollingDerby/Content/StarterContent/Textures/T_Rock_Sandstone_D.uasset" 132
"../../../RollingDerby/Content/StarterContent/Textures/T_Rock_Sandstone_N.uasset" 133
"../../../RollingDerby/Content/StarterContent/Materials/M_Rock_Sandstone.uasset" 134
"../../../RollingDerby/Content/StarterContent/Textures/T_Rock_Slate_D.uasset" 135
"../../../RollingDerby/Content/StarterContent/Textures/T_Rock_Slate_N.uasset" 136
"../../../RollingDerby/Content/StarterContent/Materials/M_Rock_Slate.uasset" 137
"../../../RollingDerby/Content/StarterContent/Textures/T_Checker_Noise_M.uasset" 138
"../../../RollingDerby/Content/StarterContent/Textures/T_Single_Tile_N.uasset" 139
"../../../RollingDerby/Content/StarterContent/Textures/T_Tech_Dot_M.uasset" 140
"../../../RollingDerby/Content/StarterContent/Textures/T_Tech_Dot_N.uasset" 141
"../../../RollingDerby/Content/StarterContent/Materials/M_Tech_Checker_Dot.uasset" 142
"../../../RollingDerby/Content/StarterContent/Textures/T_Tech_Hex_Tile_M.uasset" 143
"../../../RollingDerby/Content/StarterContent/Textures/T_Tech_Hex_Tile_N.uasset" 144
"../../../RollingDerby/Content/StarterContent/Materials/M_Tech_Hex_Tile.uasset" 145
"../../../RollingDerby/Content/StarterContent/Materials/M_Tech_Hex_Tile_Pulse.uasset" 146
"../../../RollingDerby/Content/StarterContent/Textures/T_Tech_Panel_M.uasset" 147
"../../../RollingDerby/Content/StarterContent/Textures/T_Tech_Panel_N.uasset" 148
"../../../RollingDerby/Content/StarterContent/Materials/M_Tech_Panel.uasset" 149
"../../../RollingDerby/Content/StarterContent/Materials/M_Water_Lake.uasset" 150
"../../../RollingDerby/Content/StarterContent/Textures/T_Water_M.uasset" 151
"../../../RollingDerby/Content/StarterContent/Materials/M_Water_Ocean.uasset" 152
"../../../RollingDerby/Content/StarterContent/Textures/T_Wood_Floor_Walnut_D.uasset" 153
"../../../RollingDerby/Content/StarterContent/Textures/T_Wood_Floor_Walnut_M.uasset" 154
"../../../RollingDerby/Content/StarterContent/Textures/T_Wood_Floor_Walnut_N.uasset" 155
"../../../RollingDerby/Content/StarterContent/Materials/M_Wood_Floor_Walnut_Polished.uasset" 156
"../../../Engine/Content/Functions/Engine_MaterialFunctions01/Opacity/AlphaOffset.uasset" 157
"../../../RollingDerby/Content/StarterContent/Materials/M_Wood_Floor_Walnut_Worn.uasset" 158
"../../../RollingDerby/Content/StarterContent/Textures/T_Wood_Oak_D.uasset" 159
"../../../RollingDerby/Content/StarterContent/Textures/T_Wood_Oak_N.uasset" 160
"../../../RollingDerby/Content/StarterContent/Materials/M_Wood_Oak.uasset" 161
"../../../RollingDerby/Content/StarterContent/Textures/T_Wood_Pine_D.uasset" 162
"../../../RollingDerby/Content/StarterContent/Textures/T_Wood_Pine_N.uasset" 163
"../../../RollingDerby/Content/StarterContent/Materials/M_Wood_Pine.uasset" 164
"../../../RollingDerby/Content/StarterContent/Textures/T_Wood_Walnut_D.uasset" 165
"../../../RollingDerby/Content/StarterContent/Textures/T_Wood_Walnut_N.uasset" 166
"../../../RollingDerby/Content/StarterContent/Materials/M_Wood_Walnut.uasset" 167
"../../../RollingDerby/Content/StarterContent/Textures/T_Chair_M.uasset" 168
"../../../RollingDerby/Content/StarterContent/Textures/T_Chair_N.uasset" 169
"../../../RollingDerby/Content/StarterContent/Props/Materials/M_Chair.uasset" 170
"../../../RollingDerby/Content/StarterContent/Materials/M_Basic_Floor.uasset" 171
"../../../RollingDerby/Content/StarterContent/Architecture/Floor_400x400.uasset" 172
"../../../RollingDerby/Content/StarterContent/Materials/M_Basic_Wall.uasset" 173
"../../../RollingDerby/Content/StarterContent/Architecture/Wall_400x200.uasset" 174
"../../../RollingDerby/Content/StarterContent/Architecture/Wall_Door_400x300.uasset" 175
"../../../RollingDerby/Content/StarterContent/Architecture/Wall_Window_400x300.uasset" 176
"../../../RollingDerby/Content/StarterContent/Audio/Collapse01.uasset" 177
"../../../RollingDerby/Content/StarterContent/Audio/Collapse02.uasset" 178
"../../../RollingDerby/Content/StarterContent/Audio/Collapse_Cue.uasset" 179
"../../../RollingDerby/Content/StarterContent/Audio/Starter_Birds01.uasset" 180
"../../../RollingDerby/Content/StarterContent/Audio/Starter_Wind05.uasset" 181
"../../../RollingDerby/Content/StarterContent/Audio/Starter_Wind06.uasset" 182
"../../../RollingDerby/Content/StarterContent/Audio/Starter_Background_Cue.uasset" 183
"../../../RollingDerby/Content/StarterContent/Audio/Starter_Music01.uasset" 184
"../../../RollingDerby/Content/StarterContent/Audio/Starter_Music_Cue.uasset" 185
"../../../RollingDerby/Content/StarterContent/Textures/T_Dust_Particle_D.uasset" 186
"../../../RollingDerby/Content/StarterContent/Particles/Materials/M_Dust_Particle.uasset" 187
"../../../RollingDerby/Content/StarterContent/Particles/P_Ambient_Dust.uasset" 188
"../../../RollingDerby/Content/StarterContent/Props/MaterialSphere.uasset" 189
"../../../RollingDerby/Content/StarterContent/Props/SM_Chair.uasset" 190
"../../../RollingDerby/Content/StarterContent/Textures/T_Frame_M.uasset" 191
"../../../RollingDerby/Content/StarterContent/Textures/T_Frame_N.uasset" 192
"../../../RollingDerby/Content/StarterContent/Props/Materials/M_Frame.uasset" 193
"../../../RollingDerby/Content/StarterContent/Props/SM_CornerFrame.uasset" 194
"../../../RollingDerby/Content/StarterContent/Props/SM_DoorFrame.uasset" 195
"../../../RollingDerby/Content/StarterContent/Materials/M_Glass.uasset" 196
"../../../RollingDerby/Content/StarterContent/Props/SM_GlassWindow.uasset" 197
"../../../RollingDerby/Content/StarterContent/Props/SM_PillarFrame.uasset" 198
"../../../RollingDerby/Content/StarterContent/Props/SM_PillarFrame300.uasset" 199
"../../../RollingDerby/Content/StarterContent/Textures/T_Statue_M.uasset" 200
"../../../RollingDerby/Content/StarterContent/Textures/T_Statue_N.uasset" 201
"../../../RollingDerby/Content/StarterContent/Props/Materials/M_Statue.uasset" 202
"../../../RollingDerby/Content/StarterContent/Props/Materials/M_StatueGlass.uasset" 203
"../../../RollingDerby/Content/StarterContent/Props/SM_Statue.uasset" 204
"../../../RollingDerby/Content/StarterContent/Textures/T_TableRound_M.uasset" 205
"../../../RollingDerby/Content/StarterContent/Textures/T_TableRound_N.uasset" 206
"../../../RollingDerby/Content/StarterContent/Props/Materials/M_TableRound.uasset" 207
"../../../RollingDerby/Content/StarterContent/Props/SM_TableRound.uasset" 208
"../../../RollingDerby/Content/StarterContent/Props/SM_WindowFrame.uasset" 209
"../../../RollingDerby/Content/StarterContent/Shapes/Shape_Cube.uasset" 210
"../../../RollingDerby/Content/StarterContent/Shapes/Shape_QuadPyramid.uasset" 211
"../../../RollingDerby/Content/StarterContent/Shapes/Shape_Sphere.uasset" 212
"../../../RollingDerby/Content/StarterContent/Maps/StarterMap.umap" 213
"../../../RollingDerby/Content/StarterContent/Blueprints/Assets/FogBrightnessLUT.uasset" 214
"../../../RollingDerby/Content/StarterContent/Blueprints/Assets/SunlightColorLUT.uasset" 215
"../../../RollingDerby/Content/StarterContent/Blueprints/Assets/M_LightStage_Arrows.uasset" 216
"../../../Engine/Content/MapTemplates/Sky/DaylightAmbientCubemap.uasset" 217
"../../../RollingDerby/Content/StarterContent/Blueprints/Assets/M_LightStage_Skybox_Master.uasset" 218
"../../../RollingDerby/Content/StarterContent/Blueprints/Assets/M_LightStage_Skybox_Black.uasset" 219
"../../../RollingDerby/Content/StarterContent/Blueprints/Assets/M_LightStage_Skybox_HDRI.uasset" 220
"../../../Engine/Content/EditorMaterials/Thumbnails/SkySphereMaterial.uasset" 221
"../../../RollingDerby/Content/StarterContent/Blueprints/Assets/Skybox.uasset" 222
"../../../RollingDerby/Content/StarterContent/Blueprints/Assets/SM_Arrows.uasset" 223
"../../../RollingDerby/Content/StarterContent/HDRI/HDRI_Epic_Courtyard_Daylight.uasset" 224
"../../../RollingDerby/Content/StarterContent/Blueprints/BP_LightStudio.uasset" 225
"../../../RollingDerby/Content/StarterContent/Materials/M_AssetPlatform.uasset" 226
"../../../Engine/Content/EditorMeshes/ColorCalibrator/M_ChromeBall.uasset" 227
"../../../Engine/Content/EditorMeshes/ColorCalibrator/M_ClearCoat.uasset" 228
"../../../Engine/Content/EditorMeshes/ColorCalibrator/M_ClearCoatBlack.uasset" 229
"../../../Engine/Content/EditorMeshes/ColorCalibrator/T_ColorGrid.uasset" 230
"../../../Engine/Content/EditorMeshes/ColorCalibrator/M_ColorGrid.uasset" 231
"../../../Engine/Content/EditorMeshes/ColorCalibrator/M_GreyBall.uasset" 232
"../../../Engine/Content/EditorMeshes/ColorCalibrator/SM_ColorCalibrator.uasset" 233
"../../../RollingDerby/Content/StarterContent/Architecture/SM_AssetPlatform.uasset" 234
"../../../RollingDerby/Content/StarterContent/Maps/Advanced_Lighting.umap" 235
"../../../RollingDerby/Content/custom/characters/rollerPS.uasset" 236
"../../../RollingDerby/Content/custom/powerUps/powerUp.uasset" 237
"../../../RollingDerby/Content/custom/powerUps/powerUpLibrary.uasset" 238
"../../../RollingDerby/Content/custom/powerUps/yellowGlow.uasset" 239
"../../../Engine/Content/BasicShapes/Cube.uasset" 240
"../../../RollingDerby/Content/custom/powerUps/massPowerUp.uasset" 241
"../../../RollingDerby/Content/custom/massPowerUp.uasset" 242
"../../../RollingDerby/Content/custom/powerUps/redGlow.uasset" 243
"../../../RollingDerby/Content/custom/powerUps/speedPowerUp.uasset" 244
"../../../RollingDerby/Content/custom/speedPowerUp.uasset" 245
"../../../Engine/Content/EditorBlueprintResources/ActorMacros.uasset" 246
"../../../RollingDerby/Content/custom/characters/ghost.uasset" 247
"../../../RollingDerby/Content/custom/powerUps/greenGlow.uasset" 248
"../../../Engine/Content/EngineMaterials/DefaultMaterial.uasset" 249
"../../../Engine/Content/BasicShapes/Cone.uasset" 250
"../../../RollingDerby/Content/Rolling/Meshes/BallMesh.uasset" 251
"../../../RollingDerby/Content/custom/characters/deathScene.uasset" 252
"../../../RollingDerby/Content/custom/levels/levelParts/static/mapStatic.uasset" 253
"../../../RollingDerby/Content/functionLibrary.uasset" 254
"../../../RollingDerby/Content/custom/UI/levelWidget.uasset" 255
"../../../RollingDerby/Content/custom/UI/hostMenu.uasset" 256
"../../../RollingDerby/Content/custom/UI/serverWidget.uasset" 257
"../../../RollingDerby/Content/custom/UI/serverBrowser.uasset" 258
"../../../RollingDerby/Content/custom/UI/mainManu.uasset" 259
"../../../RollingDerby/Content/rollerDerbyGI.uasset" 260
"../../../RollingDerby/Content/custom/characters/spectatorCharacter.uasset" 261
"../../../RollingDerby/Content/custom/UI/HighVoltage_Rough.uasset" 262
"../../../RollingDerby/Content/custom/UI/hudWidget.uasset" 263
"../../../RollingDerby/Content/custom/UI/ballHud.uasset" 264
"../../../RollingDerby/Content/custom/characters/ballController.uasset" 265
"../../../RollingDerby/Content/custom/characters/pulsingEmissive.uasset" 266
"../../../RollingDerby/Content/custom/characters/spectralBall.uasset" 267
"../../../RollingDerby/Content/rollerDerbyGS.uasset" 268
"../../../RollingDerby/Content/Rolling/Meshes/ball_dMesh.uasset" 269
"../../../RollingDerby/Content/RollingBP/Blueprints/destructibleBall.uasset" 270
"../../../RollingDerby/Content/RollingGameMode.uasset" 271
"../../../RollingDerby/Content/StarterContent/Textures/T_Burst_M.uasset" 272
"../../../RollingDerby/Content/StarterContent/Particles/Materials/M_Burst.uasset" 273
"../../../RollingDerby/Content/StarterContent/Textures/T_Explosion_SubUV.uasset" 274
"../../../RollingDerby/Content/StarterContent/Particles/Materials/M_explosion_subUV.uasset" 275
"../../../RollingDerby/Content/StarterContent/Particles/Materials/m_flare_01.uasset" 276
"../../../RollingDerby/Content/StarterContent/Particles/Materials/M_radial_ramp.uasset" 277
"../../../RollingDerby/Content/StarterContent/Particles/P_Explosion.uasset" 278
"../../../RollingDerby/Content/custom/characters/ballCharacter.uasset" 279
"../../../RollingDerby/Content/RollingBP/Blueprints/PhysicsBallBP.uasset" 280
"../../../RollingDerby/Content/RollingBP/Blueprints/RollingGameMode.uasset" 281
"../../../RollingDerby/Content/Rolling/Materials/BaseMaterial.uasset" 282
"../../../RollingDerby/Content/Rolling/Materials/GrayMaterial.uasset" 283
"../../../RollingDerby/Content/Rolling/Materials/GrayMetalMaterial.uasset" 284
"../../../RollingDerby/Content/Rolling/Materials/OrangeMetalMaterial.uasset" 285
"../../../RollingDerby/Content/Geometry/Meshes/CubeMaterial.uasset" 286
"../../../RollingDerby/Content/Geometry/Meshes/1M_Cube.uasset" 287
"../../../RollingDerby/Content/Geometry/Meshes/1M_Cube_Chamfer.uasset" 288
"../../../RollingDerby/Content/Geometry/Meshes/TemplateFloor.uasset" 289
"../../../RollingDerby/Content/RollingBP/Maps/RollingBPExampleMap.umap" 290
"../../../Engine/Content/ArtTools/RenderToTexture/Blueprints/RenderToTexture_Game.uasset" 291
"../../../Engine/Content/BasicShapes/BasicShapeMaterial.uasset" 292
"../../../RollingDerby/Content/custom/levels/menu.umap" 293
"../../../Engine/Content/EngineMaterials/DefaultDiffuse.uasset" 294
"../../../Engine/Content/EngineMaterials/DefaultNormal.uasset" 295
"../../../Engine/Content/Maps/Entry.umap" 296
"../../../RollingDerby/Content/StarterContent/Maps/Minimal_Default.umap" 297
"../../../RollingDerby/Content/custom/levels/deLimitier.uasset" 298
"../../../RollingDerby/Content/custom/levels/levelParts/mapSpawnable.uasset" 299
"../../../RollingDerby/Content/custom/levels/levelParts/dynamic/singleBigBox.uasset" 300
"../../../RollingDerby/Content/custom/levels/levelParts/dynamic/singleBigBoxTester.uasset" 301
"../../../RollingDerby/Content/custom/levels/levelParts/dynamic/singleMassiveBox.uasset" 302
"../../../RollingDerby/Content/custom/levels/levelParts/dynamic/singleMassiveBoxTester.uasset" 303
"../../../RollingDerby/Content/custom/levels/levelParts/dynamic/verticalEdge.uasset" 304
"../../../RollingDerby/Content/custom/levels/levelParts/dynamic/verticalEdgeTester.uasset" 305
"../../../RollingDerby/Content/StarterContent/Shapes/Shape_Wedge_B.uasset" 306
"../../../RollingDerby/Content/custom/levels/levelParts/static/plateau.uasset" 307
"../../../RollingDerby/Content/custom/levels/levelParts/static/pyramid.uasset" 308
"../../../RollingDerby/Content/custom/levels/levelParts/mapSpawnItem.uasset" 309
"../../../RollingDerby/Content/custom/levels/powerUpStruct.uasset" 310
"../../../RollingDerby/Content/custom/levels/mapGeneratorActor.uasset" 311
"../../../RollingDerby/Content/custom/powerUps/purpleGlow.uasset" 312
"../../../RollingDerby/Content/custom/powerUps/airMobilityPowerUp.uasset" 313
"../../../RollingDerby/Content/custom/powerUps/orangeGlow.uasset" 314
"../../../RollingDerby/Content/custom/powerUps/jumpPowerUp.uasset" 315
"../../../RollingDerby/Content/custom/powerUps/magnetPowerUp.uasset" 316
"../../../Engine/Content/BasicShapes/Sphere.uasset" 317
"../../../RollingDerby/Content/custom/levels/proceduralLevelSmall.umap" 318
"../../../RollingDerby/Content/RollingBP/Blueprints/Material.uasset" 319
"../../../RollingDerby/Content/RollingBP/Blueprints/arena.uasset" 320
"../../../RollingDerby/Content/RollingBP/Maps/bowl.umap" 321
"../../../RollingDerby/Content/custom/levels/levelParts/static/levelLedge.uasset" 322
"../../../RollingDerby/Content/custom/levels/deathZone.uasset" 323
"../../../RollingDerby/Content/custom/levels/levelParts/static/wedge.uasset" 324
"../../../RollingDerby/Content/custom/levels/proceduralLevelLarge.umap" 325
"../../../RollingDerby/Content/custom/deathZone.uasset" 326
"../../../RollingDerby/Content/custom/levels/arena.umap" 327
"../../../Engine/Content/EditorResources/S_Actor.uasset" 328
"../../../Engine/Content/Maps/Templates/Thumbnails/Default.uasset" 329
"../../../Engine/Content/EditorMaterials/ParticleSystems/PSysThumbnail_NoImage.uasset" 330
"../../../Engine/Content/EditorMaterials/ParticleSystems/PSysThumbnail_OOD.uasset" 331
"../../../Engine/Content/EditorLandscapeResources/DataLayer.uasset" 332
"../../../Engine/Content/EngineFonts/Roboto.uasset" 333
"../../../Engine/Content/Functions/Engine_MaterialFunctions01/Shading/PowerToRoughness.uasset" 334
"../../../Engine/Content/Functions/Engine_MaterialFunctions01/Shading/ConvertFromDiffSpec.uasset" 335
"../../../Engine/Content/EngineMaterials/DefaultDeferredDecalMaterial.uasset" 336
"../../../Engine/Content/EngineMaterials/DefaultLightFunctionMaterial.uasset" 337
"../../../Engine/Content/Functions/Engine_MaterialFunctions02/Utility/BreakOutFloat2Components.uasset" 338
"../../../Engine/Content/EngineMaterials/DefaultPostProcessMaterial.uasset" 339
"../../../Engine/Content/EngineResources/DefaultTexture.uasset" 340
"../../../Engine/Content/Functions/Engine_MaterialFunctions02/Texturing/ScreenAlignedUVs.uasset" 341
"../../../Engine/Content/EngineResources/WhiteSquareTexture.uasset" 342
"../../../Engine/Content/EngineMaterials/Widget3DPassThrough.uasset" 343
"../../../Engine/Content/EngineMaterials/Widget3DPassThrough_Translucent.uasset" 344
"../../../Engine/Content/EngineMaterials/Widget3DPassThrough_Translucent_OneSided.uasset" 345
"../../../Engine/Content/EngineMaterials/Widget3DPassThrough_Opaque.uasset" 346
"../../../Engine/Content/EngineMaterials/Widget3DPassThrough_Opaque_OneSided.uasset" 347
"../../../Engine/Content/EngineMaterials/Widget3DPassThrough_Masked.uasset" 348
"../../../Engine/Content/EngineMaterials/Widget3DPassThrough_Masked_OneSided.uasset" 349
"../../../Engine/Content/EngineDamageTypes/DmgTypeBP_Environmental.uasset" 350
"../../../Engine/Content/EngineMeshes/Sphere.uasset" 351
"../../../Engine/Content/EngineMaterials/DefaultTextMaterialOpaque.uasset" 352
"../../../Engine/Content/EditorResources/S_Trigger.uasset" 353
"../../../Engine/Content/EngineResources/GradientTexture0.uasset" 354
"../../../Engine/Content/EngineResources/Black.uasset" 355
"../../../Engine/Content/EditorMaterials/MatineeGroups/MAT_Groups_Float.uasset" 356
"../../../Engine/Content/EditorMaterials/MatineeGroups/MAT_Groups_Director.uasset" 357
"../../../Engine/Content/EditorMaterials/MatineeGroups/MAT_Groups_Event.uasset" 358
"../../../Engine/Content/EditorMaterials/MatineeGroups/MAT_Groups_Anim.uasset" 359
"../../../Engine/Content/EditorMaterials/MatineeGroups/MAT_Groups_Fade.uasset" 360
"../../../Engine/Content/EditorMaterials/MatineeGroups/MAT_Groups_Move.uasset" 361
"../../../Engine/Content/EditorMaterials/MatineeGroups/MAT_Groups_Slomo.uasset" 362
"../../../Engine/Content/EditorMaterials/MatineeGroups/MAT_ColorTrack.uasset" 363
"../../../Engine/Content/EditorMaterials/MAT_Groups_Toggle.uasset" 364
"../../../Engine/Content/EditorMaterials/MatineeGroups/MAT_Groups_AudioMaster.uasset" 365
"../../../Engine/Content/EditorMaterials/MatineeGroups/MAT_Groups_Sound.uasset" 366
"../../../Engine/Content/EditorMaterials/MatineeGroups/MAT_Groups_Vector.uasset" 367
"../../../Engine/Content/EditorMaterials/MAT_Groups_Visibility.uasset" 368
"../../../Engine/Content/EngineResources/DefaultTextureCube.uasset" 369
"../../../Engine/Content/EngineMeshes/Cylinder.uasset" 370
"../../../Engine/Content/EngineTireTypes/DefaultTireType.uasset" 371
"../../../Engine/Content/EngineResources/AICON-Red.uasset" 372
"../../../Engine/Content/EngineResources/AICON-Green.uasset" 373
"../../../Engine/Content/Tutorial/Basics/LevelEditorAttract.uasset" 374
"../../../Engine/Content/Tutorial/Landscape/TutorialAssets/Landscape.uasset" 375
"../../../Engine/Content/Tutorial/Landscape/Landscape_Painting_Mode.uasset" 376
"../../../Engine/Content/Tutorial/Landscape/Landscape_Sculpt_Mode.uasset" 377
"../../../Engine/Content/Tutorial/Landscape/Landscape_Manage_Mode.uasset" 378
"../../../Engine/Content/EditorMeshes/EditorCube.uasset" 379
"../../../Engine/Content/Tutorial/SubEditors/TutorialAssets/Tutorial_DM.uasset" 380
"../../../Engine/Content/Tutorial/SubEditors/DestructibleMeshEditorTutorial.uasset" 381
"../../../Engine/Content/Tutorial/BlueprintTutorials/TutorialAssets/Blueprint_64x.uasset" 382
"../../../Engine/Content/Tutorial/BlueprintTutorials/BlueprintEditorTutorial.uasset" 383
"../../../Engine/Content/EngineMeshes/Cube.uasset" 384
"../../../Engine/Content/Tutorial/SubEditors/StaticMeshEditorTutorial.uasset" 385
"../../../Engine/Content/Tutorial/Basics/TutorialAssets/icon_tab_Levels_40x.uasset" 386
"../../../Engine/Content/Tutorial/Basics/LevelEditorOverview.uasset" 387
"../../../Engine/Content/Tutorial/Installation/InstallingVisualStudioTutorial.uasset" 388
"../../../Engine/Content/Tutorial/ContentIntroCurve.uasset" 389
"../../../Engine/Plugins/2D/Paper2D/Content/PlaceholderTextures/DummySpriteTexture.uasset" 390
"../../../Engine/Plugins/2D/Paper2D/Content/DefaultSpriteMaterial.uasset" 391
"../../../Engine/Plugins/2D/Paper2D/Content/MaskedUnlitSpriteMaterial.uasset" 392
"../../../Engine/Plugins/2D/Paper2D/Content/OpaqueUnlitSpriteMaterial.uasset" 393
"../../../Engine/Plugins/2D/Paper2D/Content/DummySpriteTexture.uasset" 394
"../../../Engine/Plugins/2D/Paper2D/Content/DummySprite.uasset" 395
"../../../Engine/Plugins/2D/Paper2D/Content/DefaultPaperTerrainMaterial.uasset" 396
"../../../Engine/Plugins/Runtime/LeapMotionController/Content/LM_CapsuleMesh.uasset" 397
"../../../Engine/Plugins/Runtime/LeapMotionController/Content/LM_TorusMesh.uasset" 398
"../../../Engine/Plugins/Runtime/LeapMotionController/Content/LM_HandColor.uasset" 399
"../../../Engine/Plugins/Runtime/LeapMotionController/Content/LM_SampleDistortion.uasset" 400
"../../../Engine/Plugins/Runtime/LeapMotionController/Content/LM_TestTexture.uasset" 401
"../../../Engine/Plugins/Runtime/LeapMotionController/Content/LM_PassthroughMaterial.uasset" 402
"../../../Engine/Content/EngineMaterials/RemoveSurfaceMaterial.uasset" 403
"../../../Engine/Content/EngineDebugMaterials/DebugMeshMaterial.uasset" 404
"../../../Engine/Content/EngineMaterials/InvalidLightmapSettings.uasset" 405
"../../../Engine/Content/EngineMaterials/M_InvalidLightmapSettings.uasset" 406
"../../../Engine/Content/EditorMaterials/GizmoMaterial.uasset" 407
"../../../Engine/Content/EngineMaterials/Good64x64TilingNoiseHighFreq.uasset" 408
"../../../Engine/Content/EngineMaterials/DefaultBokeh.uasset" 409
"../../../Engine/Content/EngineMaterials/PreintegratedSkinBRDF.uasset" 410
"../../../Engine/Content/EngineMaterials/MiniFont.uasset" 411
"../../../Engine/Content/EngineMaterials/WeightMapPlaceholderTexture.uasset" 412
"../../../Engine/Content/EngineMaterials/DefaultWhiteGrid.uasset" 413
"../../../Engine/Content/EngineMaterials/DefaultPhysicalMaterial.uasset" 414
"../../../Engine/Content/EngineFonts/RobotoTiny.uasset" 415
"../../../Engine/Content/EditorResources/LightIcons/S_LightError.uasset" 416
"../../../Engine/Content/EditorResources/AudioIcons/S_AudioComponent_AutoActivate.uasset" 417
"../../../Engine/Content/EditorResources/EmptyActor.uasset" 418
"../../../RollingDerby/Content/StarterContent/Shapes/Shape_TriPyramid.uasset" 419
"../../../RollingDerby/Content/StarterContent/Shapes/Shape_Trim_90_Out.uasset" 420
"../../../RollingDerby/Content/StarterContent/Shapes/Shape_Trim_90_In.uasset" 421
"../../../RollingDerby/Content/StarterContent/Shapes/Shape_Trim.uasset" 422
"../../../RollingDerby/Content/StarterContent/Shapes/Shape_Torus.uasset" 423
"../../../RollingDerby/Content/StarterContent/Shapes/Shape_Plane.uasset" 424
"../../../RollingDerby/Content/StarterContent/Shapes/Shape_Pipe_90.uasset" 425
"../../../RollingDerby/Content/StarterContent/Shapes/Shape_Pipe_180.uasset" 426
"../../../RollingDerby/Content/StarterContent/Shapes/Shape_Pipe.uasset" 427
"../../../RollingDerby/Content/StarterContent/Shapes/Shape_NarrowCapsule.uasset" 428
"../../../RollingDerby/Content/StarterContent/Shapes/Shape_Cylinder.uasset" 429
"../../../RollingDerby/Content/StarterContent/Shapes/Shape_Cone.uasset" 430
"../../../RollingDerby/Content/StarterContent/Shapes/Shape_Wedge_A.uasset" 431
"../../../RollingDerby/Content/StarterContent/Shapes/Shape_WideCapsule.uasset" 432
"../../../Engine/Content/EditorMaterials/PhAT_JointLimitMaterial.uasset" 433
"../../../Engine/Content/EditorMaterials/PreviewShadowIndicator.uasset" 434
"../../../Engine/Content/EditorMaterials/PreviewShadowIndicatorMaterial.uasset" 435
"../../../Engine/Content/EditorResources/BSPVertex.uasset" 436
"../../../Engine/Content/EditorResources/AudioIcons/S_AudioComponent.uasset" 437
"../../../Engine/Content/EngineDebugMaterials/HeatmapGradient.uasset" 438
"../../../Engine/Content/EngineDebugMaterials/BoneWeightMaterial.uasset" 439
"../../../Engine/Content/EngineDebugMaterials/GeomMaterial.uasset" 440
"../../../Engine/Content/EngineMaterials/EditorBrushMaterial.uasset" 441
"../../../Engine/Content/MobileResources/T_MobileControls_texture.uasset" 442
"../../../Engine/Content/MobileResources/T_MobileMenu2.uasset" 443
"../../../Engine/Content/MobileResources/HUD/AnalogHat.uasset" 444
"../../../Engine/Content/MobileResources/HUD/VirtualJoystick_Background.uasset" 445
"../../../Engine/Content/MobileResources/HUD/VirtualJoystick_Thumb.uasset" 446
"../../../Engine/Content/MobileResources/HUD/DefaultVirtualJoysticks.uasset" 447
"../../../Engine/Content/MobileResources/HUD/LeftVirtualJoystickOnly.uasset" 448
"../../../Engine/Content/MobileResources/HUD/MobileHUDButton1_off.uasset" 449
"../../../Engine/Content/MobileResources/HUD/MobileHUDButton1_on.uasset" 450
"../../../Engine/Content/MobileResources/HUD/MobileHUDButton2_off.uasset" 451
"../../../Engine/Content/MobileResources/HUD/MobileHUDButton2_on.uasset" 452
"../../../Engine/Content/MobileResources/HUD/MobileHUDButton3.uasset" 453
"../../../Engine/Content/MobileResources/HUD/MobileHUDButtonFire.uasset" 454
"../../../Engine/Content/MobileResources/HUD/MobileHUDDirectionPad.uasset" 455
"../../../Engine/Content/MobileResources/HUD/MobileHUDDirectionPad2.uasset" 456
"../../../Engine/Content/MobileResources/HUD/MobileHUDDirectionPad3.uasset" 457
"../../../Engine/Content/MobileResources/HUD/MobileHUDDirectionStick.uasset" 458
"../../../Engine/Content/MobileResources/HUD/T_Castle_ThumbstickInner.uasset" 459
"../../../Engine/Content/MobileResources/HUD/T_Castle_ThumbstickOutter.uasset" 460
"../../../Engine/Content/Tutorial/BlueprintTutorials/TutorialAssets/BlueprintInterface_64x.uasset" 461
"../../../Engine/Content/Tutorial/BlueprintTutorials/TutorialAssets/Tutorial_BP_Interface.uasset" 462
"../../../Engine/Content/Tutorial/BlueprintTutorials/BlueprintInterfacesEditorOverview.uasset" 463
"../../../Engine/Content/Tutorial/BlueprintTutorials/TutorialAssets/BlueprintMacroLibrary_64x.uasset" 464
"../../../Engine/Content/Tutorial/BlueprintTutorials/TutorialAssets/Tutorial_BP_MacroLib.uasset" 465
"../../../Engine/Content/Tutorial/BlueprintTutorials/BlueprintMacroLibrariesEditorOverview.uasset" 466
"../../../Engine/Content/Tutorial/BlueprintTutorials/LevelBlueprintEditorOverview.uasset" 467
"../../../Engine/Content/Tutorial/Foliage/TutorialAssets/Foliage.uasset" 468
"../../../Engine/Content/Tutorial/Foliage/Foliage_Settings_Tutorial.uasset" 469
"../../../Engine/Content/Tutorial/Foliage/Foliage_Using_The_Tool_Tutorial.uasset" 470
"../../../Engine/Content/Tutorial/Foliage/Foliage_Intro_Tutorial.uasset" 471
"../../../Engine/Content/Tutorial/Paper2D/TutorialAssets/Paper2DFlipbook_TutorialIcon.uasset" 472
"../../../Engine/Content/Tutorial/Paper2D/FlipbookEditorTutorial.uasset" 473
"../../../Engine/Content/Tutorial/Paper2D/TutorialAssets/Paper2DSprite_TutorialIcon.uasset" 474
"../../../Engine/Content/Tutorial/Paper2D/SpriteEditorTutorial.uasset" 475
"../../../Engine/Content/Tutorial/SubEditors/TutorialAssets/TutorialMaterial.uasset" 476
"../../../Engine/Content/Tutorial/SubEditors/MaterialEditorTutorial.uasset" 477
"../../../Engine/Content/Tutorial/SubEditors/TutorialAssets/T_SmokeSubUV_8X8.uasset" 478
"../../../Engine/Content/Tutorial/SubEditors/TutorialAssets/T_soft_smoke.uasset" 479
"../../../Engine/Content/Tutorial/SubEditors/TutorialAssets/M_smoke_subUV_blackbody.uasset" 480
"../../../Engine/Content/Tutorial/SubEditors/TutorialAssets/TutorialParticleSystem.uasset" 481
"../../../Engine/Content/Tutorial/SubEditors/ParticleSystemEditorTutorial.uasset" 482
"../../../Engine/Content/Tutorial/SubEditors/TutorialAssets/icon_ShowSkeletalMeshes_40x.uasset" 483
"../../../Engine/Content/Tutorial/SubEditors/TutorialAssets/Character/TutorialTPP_Mat.uasset" 484
"../../../Engine/Content/Tutorial/SubEditors/TutorialAssets/Character/TutorialTPP_PhysicsAsset.uasset" 485
"../../../Engine/Content/Tutorial/SubEditors/TutorialAssets/Character/TutorialTPP.uasset" 486
"../../../Engine/Content/Tutorial/SubEditors/TutorialAssets/Character/TutorialTPP_Skeleton.uasset" 487
"../../../Engine/Content/Tutorial/SubEditors/TutorialAssets/Character/Tutorial_Idle.uasset" 488
"../../../Engine/Content/Tutorial/SubEditors/TutorialAssets/Character/Tutorial_Walk_Fwd.uasset" 489
"../../../Engine/Content/Tutorial/SubEditors/TutorialAssets/Character/NewBlendSpace1D.uasset" 490
"../../../Engine/Content/Tutorial/SubEditors/TutorialAssets/Character/TutorialCharacter.uasset" 491
"../../../Engine/Content/Tutorial/SubEditors/TutorialAssets/Character/TutorialTPP_AnimBlueprint.uasset" 492
"../../../Engine/Content/Tutorial/SubEditors/PersonaAnimBlueprintEditorWalkthrough.uasset" 493
"../../../Engine/Content/Tutorial/SubEditors/PersonaAnimEditorWalkthrough.uasset" 494
"../../../Engine/Content/Tutorial/SubEditors/TutorialAssets/icon_Editor_Preferences_General_40x.uasset" 495
"../../../RollingDerby/Content/custom/airMobilityPowerUp.uasset" 496
"../../../RollingDerby/Content/custom/deLimitier.uasset" 497
"../../../RollingDerby/Content/custom/jumpPowerUp.uasset" 498
"../../../RollingDerby/Content/custom/characters/destructibleBall.uasset" 499
"../../../RollingDerby/Content/custom/effects/magnetPull.uasset" 500
"../../../RollingDerby/Content/custom/effects/spark.uasset" 501
"../../../RollingDerby/Content/custom/levels/levelParts/plateau.uasset" 502
"../../../RollingDerby/Content/custom/levels/levelParts/ramp.uasset" 503
"../../../RollingDerby/Content/custom/levels/levelParts/singleBigBox.uasset" 504
"../../../RollingDerby/Content/custom/levels/levelParts/verticalEdge.uasset" 505
"../../../RollingDerby/Content/custom/levels/levelParts/singleBlock.uasset" 506
"../../../RollingDerby/Content/custom/levels/levelParts/static/plateauBig.uasset" 507
"../../../RollingDerby/Content/StarterContent/Shapes/Shape_Tube.uasset" 508
"../../../RollingDerby/Content/custom/levels/levelParts/static/tube.uasset" 509
"../../../RollingDerby/Content/custom/meshes/Material.uasset" 510
"../../../RollingDerby/Content/custom/meshes/bigBox.uasset" 511
"../../../RollingDerby/Content/custom/UI/serverElement.uasset" 512
"../../../Engine/Content/EngineMaterials/Grid.uasset" 513
"../../../RollingDerby/Content/Rolling/Materials/PM_Ball.uasset" 514
"../../../RollingDerby/Content/Rolling/Materials/M_Blue_Checker.uasset" 515
"../../../RollingDerby/Content/Rolling/Meshes/BallMesh_DM.uasset" 516
"../../../RollingDerby/Content/RollingBP/RollingOverview.uasset" 517
"../../../RollingDerby/Content/StarterContent/Architecture/Pillar_50x500.uasset" 518
"../../../RollingDerby/Content/StarterContent/Architecture/Wall_400x300.uasset" 519
"../../../RollingDerby/Content/StarterContent/Architecture/Wall_400x400.uasset" 520
"../../../RollingDerby/Content/StarterContent/Architecture/Wall_500x500.uasset" 521
"../../../RollingDerby/Content/StarterContent/Architecture/Wall_Door_400x400.uasset" 522
"../../../RollingDerby/Content/StarterContent/Architecture/Wall_Window_400x400.uasset" 523
"../../../RollingDerby/Content/StarterContent/Audio/Light01.uasset" 524
"../../../RollingDerby/Content/StarterContent/Audio/Light01_Cue.uasset" 525
"../../../RollingDerby/Content/StarterContent/Audio/Light02.uasset" 526
"../../../RollingDerby/Content/StarterContent/Audio/Light02_Cue.uasset" 527
"../../../RollingDerby/Content/StarterContent/Audio/Explosion01.uasset" 528
"../../../RollingDerby/Content/StarterContent/Audio/Explosion02.uasset" 529
"../../../RollingDerby/Content/StarterContent/Audio/Explosion_Cue.uasset" 530
"../../../RollingDerby/Content/StarterContent/Blueprints/Blueprint_Effect_Explosion.uasset" 531
"../../../RollingDerby/Content/StarterContent/Materials/M_ColorGrid_LowSpec.uasset" 532
"../../../RollingDerby/Content/StarterContent/Textures/T_Bush_D.uasset" 533
"../../../RollingDerby/Content/StarterContent/Textures/T_Bush_N.uasset" 534
"../../../RollingDerby/Content/StarterContent/Props/Materials/M_Bush.uasset" 535
"../../../RollingDerby/Content/StarterContent/Props/SM_Bush.uasset" 536
"../../../RollingDerby/Content/StarterContent/Props/SM_Couch.uasset" 537
"../../../RollingDerby/Content/StarterContent/Textures/T_Door_M.uasset" 538
"../../../RollingDerby/Content/StarterContent/Textures/T_Door_N.uasset" 539
"../../../RollingDerby/Content/StarterContent/Props/Materials/M_Door.uasset" 540
"../../../RollingDerby/Content/StarterContent/Props/SM_Door.uasset" 541
"../../../RollingDerby/Content/StarterContent/Props/Materials/M_MaterialSphere.uasset" 542
"../../../RollingDerby/Content/StarterContent/Props/Materials/M_MaterialSphere_Plain.uasset" 543
"../../../RollingDerby/Content/StarterContent/Props/SM_MatPreviewMesh_02.uasset" 544
"../../../RollingDerby/Content/StarterContent/Textures/T_RockMesh_M.uasset" 545
"../../../RollingDerby/Content/StarterContent/Textures/T_RockMesh_N.uasset" 546
"../../../RollingDerby/Content/StarterContent/Props/Materials/M_Rock.uasset" 547
"../../../RollingDerby/Content/StarterContent/Props/SM_Rock.uasset" 548
"../../../RollingDerby/Content/StarterContent/Textures/T_Shelf_M.uasset" 549
"../../../RollingDerby/Content/StarterContent/Textures/T_Shelf_N.uasset" 550
"../../../RollingDerby/Content/StarterContent/Props/Materials/M_Shelf.uasset" 551
"../../../RollingDerby/Content/StarterContent/Props/SM_Shelf.uasset" 552
"../../../RollingDerby/Content/StarterContent/Props/SM_Stairs.uasset" 553
