[2015.12.24-14.58.37:969][  0]Log file open, 12/24/15 15:58:37
[2015.12.24-14.58.37:969][  0]LogInit:Display: Running engine for game: RollingDerby
[2015.12.24-14.58.37:969][  0]LogPlatformFile: Not using cached read wrapper
[2015.12.24-14.58.37:969][  0]LogInit:Display: RandInit(-1143180833) SRandInit(-1143180830).
[2015.12.24-14.58.37:969][  0]LogTaskGraph: Started task graph with 4 named threads and 7 total threads.
[2015.12.24-14.58.37:969][  0]LogStats: Stats thread started at 0.076654
[2015.12.24-14.58.37:969][  0]LogInit: Version: 4.10.1-2791327+++depot+UE4-Releases+4.10
[2015.12.24-14.58.37:969][  0]LogInit: API Version: 2758231
[2015.12.24-14.58.37:969][  0]LogInit: Compiled (64-bit): Dec  4 2015 19:44:40
[2015.12.24-14.58.37:969][  0]LogInit: Compiled with Visual C++: 19.00.23026.00
[2015.12.24-14.58.37:969][  0]LogInit: Build Configuration: Development
[2015.12.24-14.58.37:969][  0]LogInit: Branch Name: ++depot+UE4-Releases+4.10
[2015.12.24-14.58.37:969][  0]LogInit: Command line:  
[2015.12.24-14.58.37:969][  0]LogInit: Base directory: D:/Program Files (x86)/Epic Games/4.10/Engine/Binaries/Win64/
[2015.12.24-14.58.37:969][  0]LogInit: Rocket: 1
[2015.12.24-14.58.37:975][  0]LogInit: Using libcurl 7.41.0
[2015.12.24-14.58.37:975][  0]LogInit:  - built for x86_64-pc-win32
[2015.12.24-14.58.37:975][  0]LogInit:  - supports SSL with WinSSL
[2015.12.24-14.58.37:975][  0]LogInit:  - other features:
[2015.12.24-14.58.37:975][  0]LogInit:      CURL_VERSION_SSL
[2015.12.24-14.58.37:975][  0]LogInit:      CURL_VERSION_IPV6
[2015.12.24-14.58.37:975][  0]LogInit:      CURL_VERSION_ASYNCHDNS
[2015.12.24-14.58.37:975][  0]LogInit:      CURL_VERSION_LARGEFILE
[2015.12.24-14.58.37:975][  0]LogInit:      CURL_VERSION_IDN
[2015.12.24-14.58.37:975][  0]LogInit:  CurlRequestOptions (configurable via config and command line):
[2015.12.24-14.58.37:975][  0]LogInit:  - bVerifyPeer = true  - Libcurl will verify peer certificate
[2015.12.24-14.58.37:975][  0]LogInit:  - bUseHttpProxy = false  - Libcurl will NOT use HTTP proxy
[2015.12.24-14.58.37:975][  0]LogInit:  - bDontReuseConnections = false  - Libcurl will reuse connections
[2015.12.24-14.58.37:975][  0]LogInit:  - CertBundlePath = nullptr  - Libcurl will use whatever was configured at build time.
[2015.12.24-14.58.37:980][  0]LogInit: Presizing for 0 objects not considered by GC, pre-allocating 0 bytes.
[2015.12.24-14.58.37:987][  0]LogInit: Object subsystem initialized
[2015.12.24-14.58.37:989][  0]LogInit: Selected Device Profile: [Windows]
[2015.12.24-14.58.37:989][  0]LogInit: Applying CVar settings loaded from the selected device profile: [Windows]
[2015.12.24-14.58.38:001][  0]LogInit: Computer: MSI
[2015.12.24-14.58.38:001][  0]LogInit: User: tobia
[2015.12.24-14.58.38:001][  0]LogInit: CPU Page size=4096, Cores=4
[2015.12.24-14.58.38:001][  0]LogInit: High frequency timer resolution =2.531245 MHz
[2015.12.24-14.58.38:001][  0]LogMemory: Memory total: Physical=15.9GB (16GB approx)
[2015.12.24-14.58.38:001][  0]LogMemory: Platform Memory Stats for Windows
[2015.12.24-14.58.38:001][  0]LogMemory: Process Physical Memory: 55.99 MB used, 55.99 MB peak
[2015.12.24-14.58.38:001][  0]LogMemory: Process Virtual Memory: 56.90 MB used, 56.90 MB peak
[2015.12.24-14.58.38:001][  0]LogMemory: Physical Memory: 6858.16 MB used, 16294.66 MB total
[2015.12.24-14.58.38:001][  0]LogMemory: Virtual Memory: 383.49 MB used, 134217728.00 MB total
[2015.12.24-14.58.38:257][  0]LogTextLocalizationManager: No translations for ('sv-SE') exist, falling back to 'en' for localization and internationalization data.
[2015.12.24-14.58.38:735][  0]LogD3D11RHI: Found D3D11 adapter 0: NVIDIA GeForce GTX 970M           (Feature Level 11_0)
[2015.12.24-14.58.38:735][  0]LogD3D11RHI: Adapter has 2991MB of dedicated video memory, 0MB of dedicated system memory, and 8147MB of shared system memory, 1 output[s]
[2015.12.24-14.58.38:742][  0]LogD3D11RHI: Found D3D11 adapter 1: Intel(R) HD Graphics 530 (Feature Level 11_0)
[2015.12.24-14.58.38:742][  0]LogD3D11RHI: Adapter has 128MB of dedicated video memory, 0MB of dedicated system memory, and 8147MB of shared system memory, 0 output[s]
[2015.12.24-14.58.38:744][  0]LogD3D11RHI: Found D3D11 adapter 2: Microsoft Basic Render Driver (Feature Level 11_0)
[2015.12.24-14.58.38:744][  0]LogD3D11RHI: Adapter has 0MB of dedicated video memory, 0MB of dedicated system memory, and 8147MB of shared system memory, 0 output[s]
[2015.12.24-14.58.38:744][  0]LogD3D11RHI: Chosen D3D11 Adapter Id = 0
[2015.12.24-14.58.38:750][  0]LogD3D11RHI: !Direct3DDevice
[2015.12.24-14.58.38:750][  0]LogRHI: Texture pool is 1361 MB (70% of 1945 MB)
[2015.12.24-14.58.38:764][  0]LogD3D11RHI: Async texture creation enabled
[2015.12.24-14.58.38:778][  0]LogShaderCompilers: Guid format shader working directory is -10 characters bigger than the processId version (../../../../../../rollingderby/RollingDerby/RollingDerby/Intermediate/Shaders/WorkingDirectory/4180/).
[2015.12.24-14.58.38:778][  0]LogShaderCompilers: Cleaned the shader compiler working directory 'C:/Users/tobia/AppData/Local/Temp/UnrealShaderWorkingDir/FCCACF5244B58E69CCFBB980EE0B224E/'.
[2015.12.24-14.58.38:778][  0]LogShaderCompilers:Display: Using Local Shader Compiler.
[2015.12.24-14.58.39:530][  0]LogTemp:Display: Loaded TP AllDesktopTargetPlatform
[2015.12.24-14.58.39:533][  0]LogTemp:Display: Loaded TP WindowsClientTargetPlatform
[2015.12.24-14.58.39:537][  0]LogTemp:Display: Loaded TP WindowsNoEditorTargetPlatform
[2015.12.24-14.58.39:540][  0]LogTemp:Display: Loaded TP WindowsServerTargetPlatform
[2015.12.24-14.58.39:543][  0]LogTemp:Display: Loaded TP WindowsTargetPlatform
[2015.12.24-14.58.39:546][  0]LogTemp:Display: Loaded TP AndroidTargetPlatform
[2015.12.24-14.58.39:548][  0]LogTemp:Display: Loaded TP Android_ASTCTargetPlatform
[2015.12.24-14.58.39:551][  0]LogTemp:Display: Loaded TP Android_ATCTargetPlatform
[2015.12.24-14.58.39:553][  0]LogTemp:Display: Loaded TP Android_DXTTargetPlatform
[2015.12.24-14.58.39:556][  0]LogTemp:Display: Loaded TP Android_ETC1TargetPlatform
[2015.12.24-14.58.39:559][  0]LogTemp:Display: Loaded TP Android_ETC2TargetPlatform
[2015.12.24-14.58.39:564][  0]LogTemp:Display: Loaded TP Android_MultiTargetPlatform
[2015.12.24-14.58.39:564][  0]LogTemp:Display: Loaded TP Android_PVRTCTargetPlatform
[2015.12.24-14.58.39:565][  0]LogTemp:Display: Loaded TP HTML5TargetPlatform
[2015.12.24-14.58.39:581][  0]LogTemp:Display: Loaded TP IOSTargetPlatform
[2015.12.24-14.58.39:584][  0]LogTemp:Display: Loaded TP LinuxNoEditorTargetPlatform
[2015.12.24-14.58.39:586][  0]LogTemp:Display: Loaded TP LinuxServerTargetPlatform
[2015.12.24-14.58.39:590][  0]LogTemp:Display: Loaded TP LinuxTargetPlatform
[2015.12.24-14.58.39:590][  0]LogTargetPlatformManager:Display: Building Assets For Windows
[2015.12.24-14.58.39:649][  0]LogDerivedDataCache:Display: Max Cache Size: 512 MB
[2015.12.24-14.58.39:693][  0]LogDerivedDataCache: Loaded boot cache 0.04s 41MB C:/Users/tobia/AppData/Local/UnrealEngine/4.10/DerivedDataCache/Boot.ddc.
[2015.12.24-14.58.39:693][  0]LogDerivedDataCache:Display: Loaded Boot cache: C:/Users/tobia/AppData/Local/UnrealEngine/4.10/DerivedDataCache/Boot.ddc
[2015.12.24-14.58.39:693][  0]LogDerivedDataCache: FDerivedDataBackendGraph:  Pak pak cache file ../../../../../../rollingderby/RollingDerby/RollingDerby/DerivedDataCache/DDC.ddp not found, will not use a pak cache.
[2015.12.24-14.58.39:693][  0]LogDerivedDataCache: Unable to find inner node Pak for hierarchical cache Hierarchy.
[2015.12.24-14.58.39:693][  0]LogDerivedDataCache: FDerivedDataBackendGraph:  CompressedPak pak cache file ../../../../../../rollingderby/RollingDerby/RollingDerby/DerivedDataCache/Compressed.ddp not found, will not use a pak cache.
[2015.12.24-14.58.39:693][  0]LogDerivedDataCache: Unable to find inner node CompressedPak for hierarchical cache Hierarchy.
[2015.12.24-14.58.39:758][  0]LogDerivedDataCache:Display: Pak cache opened for reading ../../../Engine/DerivedDataCache/Compressed.ddp.
[2015.12.24-14.58.39:770][  0]LogDerivedDataCache: Using Local data cache path C:/Users/tobia/AppData/Local/UnrealEngine/Common/DerivedDataCache: Writable
[2015.12.24-14.58.39:956][  0]LogInit: Selected Device Profile: [Windows]
[2015.12.24-14.58.39:958][  0]LogContentStreaming: Texture pool size is 0.000000MB
[2015.12.24-14.58.40:062][  0]LogMeshUtilities: No automatic mesh reduction module available
[2015.12.24-14.58.40:062][  0]LogMeshUtilities: No automatic mesh merging module available
[2015.12.24-14.58.40:255][  0]LogInit: WinSock: version 1.1 (2.2), MaxSocks=32767, MaxUdp=65467
[2015.12.24-14.58.40:896][  0]UdpMessaging: Initializing bridge on interface 0.0.0.0:0 to multicast group 230.0.0.1:6666.
[2015.12.24-14.58.40:988][  0]LogAssetRegistry: FAssetRegistry took 0.0113 seconds to start up
[2015.12.24-14.58.41:123][  0]SourceControl: Info Source control is disabled
[2015.12.24-14.58.41:123][  0]SourceControl: Info Source control is disabled
[2015.12.24-14.58.41:130][  0]SourceControl: Info Source control is disabled
[2015.12.24-14.58.41:137][  0]SourceControl: Info Source control is disabled
[2015.12.24-14.58.41:286][  0]LogObj: 28633 objects as part of root set at end of initial load.
[2015.12.24-14.58.41:286][  0]LogUObjectAllocator: 6099752 out of 0 bytes used by permanent object pool.
[2015.12.24-14.58.41:338][  0]LogEngine: Initializing Engine...
[2015.12.24-14.58.41:340][  0]LogHMD: Can't find Oculus library dev build: is proper Runtime installed? Version: 0.8.0.0
[2015.12.24-14.58.41:341][  0]LogHMD: SteamVR failed to initialize.  Err: 110
[2015.12.24-14.58.41:450][  0]LogAIModule: Creating AISystem for world NewWorld
[2015.12.24-14.58.41:460][  0]LogInit: XAudio2 using 'HeadPhone/Digital Output (Realtek High Definition Audio)' : 8 channels at 48 kHz using 32 bits per sample (channel mask 0x63f)
[2015.12.24-14.58.41:472][  0]LogInit: FAudioDevice initialized.
[2015.12.24-14.58.41:492][  0]LogDerivedDataCache: Saved boot cache 0.02s 41MB C:/Users/tobia/AppData/Local/UnrealEngine/4.10/DerivedDataCache/Boot.ddc.
[2015.12.24-14.58.41:496][  0]LogInit: Texture streaming: Enabled
[2015.12.24-14.58.41:500][  0]LogAnalytics: Creating configured Analytics provider AnalyticsET
[2015.12.24-14.58.41:500][  0]LogAnalytics: [UEEditor.Rocket.Release] APIServer = http://et2.epicgames.com/ET2/. AppVersion = 4.10.1-2791327+++depot+UE4-Releases+4.10
[2015.12.24-14.58.41:500][  0]LogAnalytics: [UEEditor.Rocket.Release] SetUserId 3750e6d1405e52e99c08f9974cd5569f|471a4cb9a5c14167995f8bc8b175918a|446fe6e5-1b13-4339-81c8-b1f6f83a87c4
[2015.12.24-14.58.41:500][  0]LogAnalytics: [UEEditor.Rocket.Release] AnalyticsET::StartSession
[2015.12.24-14.58.41:533][  0]LogInit: Transaction tracking system initialized
[2015.12.24-14.58.41:551][  0]BlueprintLog: New page: Editor Load
[2015.12.24-14.58.41:614][  0]LocalizationService: Info Localization service is disabled
[2015.12.24-14.58.41:666][  0]LogConsoleResponse:Display: 
[2015.12.24-14.58.41:765][  0]LogCook:Display: Done creating registry. It took  0.00s.
[2015.12.24-14.58.41:804][  0]LogFileCache: Scanning file cache for directory 'D:/rollingderby/RollingDerby/RollingDerby/Content/' took 0.01s
[2015.12.24-14.58.41:804][  0]SourceControl: Info Source control is disabled
[2015.12.24-14.58.41:804][  0]Cmd: MAP LOAD FILE="../../../../../../rollingderby/RollingDerby/RollingDerby/Content/RollingBP/Maps/RollingBPExampleMap.umap" TEMPLATE=0 SHOWPROGRESS=1 FEATURELEVEL=3
[2015.12.24-14.58.41:804][  0]LightingResults: New page: Lighting Build
[2015.12.24-14.58.41:806][  0]MapCheck: New page: Map Check
[2015.12.24-14.58.41:806][  0]LightingResults: New page: Lighting Build
[2015.12.24-14.58.41:816][  0]LogParticles: Destroying 0 GPU particle simulations for FXSystem 0x000002A6C23C3B00
[2015.12.24-14.58.42:392][  0]LogAIModule: Creating AISystem for world RollingBPExampleMap
[2015.12.24-14.58.42:409][  0]LogEditorServer: Finished looking for orphan Actors (0.000 secs)
[2015.12.24-14.58.42:409][  0]Cmd: MAP CHECKDEP NOCLEARLOG
[2015.12.24-14.58.42:454][  0]MapCheck: Info Map check complete: 0 Error(s), 0 Warning(s), took 44.799ms to complete.
[2015.12.24-14.58.42:454][  0]LogFileHelpers: Loading map 'RollingBPExampleMap' took 0.650
[2015.12.24-14.58.42:546][  0]LogCollectionManager: Loaded 0 collections in 0.001088 seconds
[2015.12.24-14.58.42:584][  0]LogFileCache: Scanning file cache for directory 'D:/rollingderby/RollingDerby/RollingDerby/Saved/Collections/' took 0.01s
[2015.12.24-14.58.42:584][  0]LogFileCache: Scanning file cache for directory 'D:/rollingderby/RollingDerby/RollingDerby/Content/Developers/tobia/Collections/' took 0.01s
[2015.12.24-14.58.42:584][  0]LogFileCache: Scanning file cache for directory 'D:/rollingderby/RollingDerby/RollingDerby/Content/Collections/' took 0.01s
[2015.12.24-14.58.42:584][  0]LogCollectionManager: Rebuilt the GUID cache for 0 collections in 0.000002 seconds
[2015.12.24-14.58.42:595][  0]LogContentBrowser: Native class hierarchy populated in 0.0106 seconds. Added 1893 classes and 338 folders.
[2015.12.24-14.58.42:599][  0]LogContentBrowser: Native class hierarchy updated for 'WidgetCarousel' in 0.0003 seconds. Added 0 classes and 0 folders.
[2015.12.24-14.58.42:631][  0]LogContentBrowser: Native class hierarchy updated for 'AddContentDialog' in 0.0003 seconds. Added 0 classes and 0 folders.
[2015.12.24-14.58.42:633][  0]LogContentBrowser: Native class hierarchy updated for 'SceneOutliner' in 0.0003 seconds. Added 1 classes and 2 folders.
[2015.12.24-14.58.42:650][  0]LogCrashTracker: Crashtracker disabled due to settings.
[2015.12.24-14.58.42:654][  0]LogUObjectGlobals:Warning: Failed to find object 'Class None.'
[2015.12.24-14.58.42:676][  0]LogLoad: Full Startup: 5.09 seconds (BP compile: 0.13 seconds)
[2015.12.24-14.58.43:021][  0]LogOcInput: Can't find Oculus library dev build: is proper Runtime installed? Version: 0.8.0.0
[2015.12.24-14.58.43:082][  0]LogContentStreaming: Texture pool size now 1000 MB
[2015.12.24-14.58.43:205][  0]LogRenderer: Reallocating scene render targets to support 884x432 (Frame:2).
[2015.12.24-14.58.44:357][  4]LogAssetRegistry: Asset discovery search completed in 3.3795 seconds
[2015.12.24-14.58.44:357][  4]LogCollectionManager: Rebuilt the object cache for 0 collections in 0.000000 seconds (found 0 objects)
[2015.12.24-14.58.44:357][  4]LogCollectionManager: Fixed up redirectors for 0 collections in 0.000020 seconds (updated 0 objects)
[2015.12.24-14.59.05:689][328]LogAIModule: Creating AISystem for world menu
[2015.12.24-14.59.05:723][328]Cmd: MAP LOAD FILE="../../../../../../rollingderby/RollingDerby/RollingDerby/Content/custom/menu.umap" TEMPLATE=0 SHOWPROGRESS=1 FEATURELEVEL=3
[2015.12.24-14.59.05:723][328]LightingResults: New page: Lighting Build
[2015.12.24-14.59.05:738][328]LoadErrors: New page: Loading map: menu.umap
[2015.12.24-14.59.05:739][328]MapCheck: New page: Map Check
[2015.12.24-14.59.05:739][328]LightingResults: New page: Lighting Build
[2015.12.24-14.59.05:751][328]LogParticles: Destroying 0 GPU particle simulations for FXSystem 0x000002A6B530B060
[2015.12.24-14.59.05:755][328]LogEditorServer: Finished looking for orphan Actors (0.000 secs)
[2015.12.24-14.59.05:782][328]Cmd: MAP CHECKDEP NOCLEARLOG
[2015.12.24-14.59.05:816][328]MapCheck: Info Map check complete: 0 Error(s), 0 Warning(s), took 32.975ms to complete.
[2015.12.24-14.59.05:816][328]LogFileHelpers: Loading map 'menu' took 0.094
[2015.12.24-14.59.06:651][364]LogBlueprintUserMessages: Early PlayInEditor Detection: Level '/Game/custom/menu.menu:PersistentLevel' has LevelScriptBlueprint '/Game/custom/menu.menu:PersistentLevel.menu' with GeneratedClass '/Game/custom/menu.menu_C' with ClassGeneratedBy '/Game/custom/menu.menu:PersistentLevel.menu'
[2015.12.24-14.59.06:651][364]LogPlayLevel: PlayLevel: No blueprints needed recompiling
[2015.12.24-14.59.06:651][364]PIE: New page: PIE session: menu (Dec 24, 2015, 4:59:06 PM)
[2015.12.24-14.59.06:651][364]LogPlayLevel: Creating play world package: /Game/custom/UEDPIE_0_menu
[2015.12.24-14.59.06:653][364]LogPlayLevel: PIE: StaticDuplicateObject took: (0.001937s)
[2015.12.24-14.59.06:654][364]LogAIModule: Creating AISystem for world menu
[2015.12.24-14.59.06:654][364]LogPlayLevel: PIE: World Init took: (0.000739s)
[2015.12.24-14.59.06:654][364]LogPlayLevel: PIE: Created PIE world by copying editor world from /Game/custom/menu.menu to /Game/custom/UEDPIE_0_menu.menu (0.002834s)
[2015.12.24-14.59.06:691][364]LogInit: XAudio2 using 'HeadPhone/Digital Output (Realtek High Definition Audio)' : 8 channels at 48 kHz using 32 bits per sample (channel mask 0x63f)
[2015.12.24-14.59.06:701][364]LogInit: FAudioDevice initialized.
[2015.12.24-14.59.06:747][364]LogWorld: Game class is 'RollingGameMode_C'
[2015.12.24-14.59.06:750][364]LogWorld: Bringing World /Game/custom/UEDPIE_0_menu.menu up for play (max tick rate 60) at 2015.12.24-15.59.06
[2015.12.24-14.59.06:750][364]LogActor:Warning: GameSession /Game/custom/UEDPIE_0_menu.menu:PersistentLevel.GameSession_0 has natively added scene component(s), but none of them were set as the actor's RootComponent - picking one arbitrarily
[2015.12.24-14.59.06:750][364]LogActor:Warning: GameNetworkManager /Game/custom/UEDPIE_0_menu.menu:PersistentLevel.GameNetworkManager_0 has natively added scene component(s), but none of them were set as the actor's RootComponent - picking one arbitrarily
[2015.12.24-14.59.06:750][364]LogWorld: Bringing up level for play took: 0.000788
[2015.12.24-14.59.06:752][364]PIE: Info Play in editor start time for /Game/custom/UEDPIE_0_menu 1.072
[2015.12.24-14.59.06:752][364]LogBlueprintUserMessages: Late PlayInEditor Detection: Level '/Game/custom/menu.menu:PersistentLevel' has LevelScriptBlueprint '/Game/custom/menu.menu:PersistentLevel.menu' with GeneratedClass '/Game/custom/menu.menu_C' with ClassGeneratedBy '/Game/custom/menu.menu:PersistentLevel.menu'
[2015.12.24-14.59.09:460][502]LogBlueprintUserMessages: Early EndPlayMap Detection: Level '/Game/custom/menu.menu:PersistentLevel' has LevelScriptBlueprint '/Game/custom/menu.menu:PersistentLevel.menu' with GeneratedClass '/Game/custom/menu.menu_C' with ClassGeneratedBy '/Game/custom/menu.menu:PersistentLevel.menu'
[2015.12.24-14.59.09:498][502]LogBlueprintUserMessages: Late EndPlayMap Detection: Level '/Game/custom/menu.menu:PersistentLevel' has LevelScriptBlueprint '/Game/custom/menu.menu:PersistentLevel.menu' with GeneratedClass '/Game/custom/menu.menu_C' with ClassGeneratedBy '/Game/custom/menu.menu:PersistentLevel.menu'
[2015.12.24-14.59.09:515][502]LogParticles: Destroying 0 GPU particle simulations for FXSystem 0x000002A6EF28BC40
[2015.12.24-15.04.50:227][883]LogLinker:Warning: Asset '../../../Engine/Content/ArtTools/RenderToTexture/Macros/RenderToTextureMacros.uasset' has been saved with empty engine version. The asset will be loaded but may be incompatible.
[2015.12.24-15.04.50:585][883]LogContentBrowser: Native class hierarchy updated for 'BlueprintGraph' in 0.0007 seconds. Added 107 classes and 0 folders.
[2015.12.24-15.05.27:081][421]LogWindowsTextInputMethodSystem:Display: IME system now deactivated.
[2015.12.24-15.05.27:319][422]Cmd: QUIT_EDITOR
[2015.12.24-15.05.27:743][422]LogExit: Preparing to exit.
[2015.12.24-15.05.28:139][422]LogExit: Editor shut down
[2015.12.24-15.05.28:140][422]LogExit: Transaction tracking system shut down
[2015.12.24-15.05.28:143][422]LogParticles: Destroying 0 GPU particle simulations for FXSystem 0x000002A6B4C1ADE0
[2015.12.24-15.05.28:144][422]LogParticles: Destroying 0 GPU particle simulations for FXSystem 0x000002A6B4C19760
[2015.12.24-15.05.28:144][422]LogParticles: Destroying 0 GPU particle simulations for FXSystem 0x000002A6D224F880
[2015.12.24-15.05.28:144][422]LogParticles: Destroying 0 GPU particle simulations for FXSystem 0x000002A6D2827C40
[2015.12.24-15.05.28:144][422]LogParticles: Destroying 0 GPU particle simulations for FXSystem 0x000002A6DE101EE0
[2015.12.24-15.05.28:144][422]LogParticles: Destroying 0 GPU particle simulations for FXSystem 0x000002A6DE101E40
[2015.12.24-15.05.28:144][422]LogParticles: Destroying 0 GPU particle simulations for FXSystem 0x000002A6D2827B00
[2015.12.24-15.05.28:146][422]LogParticles: Destroying 0 GPU particle simulations for FXSystem 0x000002A6F8C2C860
[2015.12.24-15.05.28:146][422]LogParticles: Destroying 0 GPU particle simulations for FXSystem 0x000002A6FEEA9EE0
[2015.12.24-15.05.28:306][422]LogExit: Object subsystem successfully closed.
[2015.12.24-15.05.28:327][422]LogD3D11RHI: Shutdown
[2015.12.24-15.05.28:327][422]LogD3D11RHI: CleanupD3DDevice
[2015.12.24-15.05.28:329][422]LogD3D11RHI: ~FD3D11DynamicRHI
[2015.12.24-15.05.28:345][422]LogModuleManager: Shutting down and abandoning module SequencerWidgets (201)
[2015.12.24-15.05.28:345][422]LogModuleManager: Shutting down and abandoning module BlueprintGraph (200)
[2015.12.24-15.05.28:345][422]LogModuleManager: Shutting down and abandoning module ExternalImagePicker (199)
[2015.12.24-15.05.28:345][422]LogModuleManager: Shutting down and abandoning module CrashTracker (198)
[2015.12.24-15.05.28:345][422]LogModuleManager: Shutting down and abandoning module SceneOutliner (197)
[2015.12.24-15.05.28:345][422]LogModuleManager: Shutting down and abandoning module SuperSearch (196)
[2015.12.24-15.05.28:345][422]LogModuleManager: Shutting down and abandoning module WidgetCarousel (195)
[2015.12.24-15.05.28:345][422]LogModuleManager: Shutting down and abandoning module AddContentDialog (194)
[2015.12.24-15.05.28:346][422]LogModuleManager: Shutting down and abandoning module EditorWidgets (193)
[2015.12.24-15.05.28:346][422]LogModuleManager: Shutting down and abandoning module CollectionManager (192)
[2015.12.24-15.05.28:346][422]LogModuleManager: Shutting down and abandoning module StatsViewer (191)
[2015.12.24-15.05.28:346][422]LogModuleManager: Shutting down and abandoning module FoliageEdit (190)
[2015.12.24-15.05.28:346][422]LogModuleManager: Shutting down and abandoning module LandscapeEditor (189)
[2015.12.24-15.05.28:346][422]LogModuleManager: Shutting down and abandoning module ActorPickerMode (188)
[2015.12.24-15.05.28:346][422]LogModuleManager: Shutting down and abandoning module GeometryMode (187)
[2015.12.24-15.05.28:346][422]LogModuleManager: Shutting down and abandoning module TextureAlignMode (186)
[2015.12.24-15.05.28:346][422]LogModuleManager: Shutting down and abandoning module BspMode (185)
[2015.12.24-15.05.28:347][422]LogModuleManager: Shutting down and abandoning module PlacementMode (184)
[2015.12.24-15.05.28:347][422]LogModuleManager: Shutting down and abandoning module AutomationWorker (183)
[2015.12.24-15.05.28:347][422]LogModuleManager: Shutting down and abandoning module CharacterAI (182)
[2015.12.24-15.05.28:347][422]LogModuleManager: Shutting down and abandoning module SmartSnapping (181)
[2015.12.24-15.05.28:347][422]LogModuleManager: Shutting down and abandoning module ViewportSnapping (180)
[2015.12.24-15.05.28:347][422]LogModuleManager: Shutting down and abandoning module LogVisualizer (179)
[2015.12.24-15.05.28:347][422]LogModuleManager: Shutting down and abandoning module GameProjectGeneration (178)
[2015.12.24-15.05.28:347][422]LogModuleManager: Shutting down and abandoning module IntroTutorials (177)
[2015.12.24-15.05.28:347][422]LogModuleManager: Shutting down and abandoning module EditorLiveStreaming (176)
[2015.12.24-15.05.28:347][422]LogModuleManager: Shutting down and abandoning module IOSPlatformEditor (175)
[2015.12.24-15.05.28:347][422]LogModuleManager: Shutting down and abandoning module HTML5PlatformEditor (174)
[2015.12.24-15.05.28:347][422]LogModuleManager: Shutting down and abandoning module AndroidDeviceDetection (173)
[2015.12.24-15.05.28:766][422]LogModuleManager: Shutting down and abandoning module AndroidPlatformEditor (172)
[2015.12.24-15.05.28:766][422]LogModuleManager: Shutting down and abandoning module IOSRuntimeSettings (171)
[2015.12.24-15.05.28:766][422]LogModuleManager: Shutting down and abandoning module AndroidRuntimeSettings (170)
[2015.12.24-15.05.28:766][422]LogModuleManager: Shutting down and abandoning module MergeActors (169)
[2015.12.24-15.05.28:766][422]LogModuleManager: Shutting down and abandoning module SizeMap (168)
[2015.12.24-15.05.28:766][422]LogModuleManager: Shutting down and abandoning module TreeMap (167)
[2015.12.24-15.05.28:766][422]LogModuleManager: Shutting down and abandoning module ReferenceViewer (166)
[2015.12.24-15.05.28:766][422]LogModuleManager: Shutting down and abandoning module LocalizationService (165)
[2015.12.24-15.05.28:766][422]LogModuleManager: Shutting down and abandoning module LocalizationDashboard (164)
[2015.12.24-15.05.28:766][422]LogModuleManager: Shutting down and abandoning module HardwareTargeting (163)
[2015.12.24-15.05.28:766][422]LogModuleManager: Shutting down and abandoning module DeviceProfileEditor (162)
[2015.12.24-15.05.28:766][422]LogModuleManager: Shutting down and abandoning module UndoHistory (161)
[2015.12.24-15.05.28:766][422]LogModuleManager: Shutting down and abandoning module GameplayTagsEditor (160)
[2015.12.24-15.05.28:766][422]LogModuleManager: Shutting down and abandoning module UserFeedback (159)
[2015.12.24-15.05.28:766][422]LogModuleManager: Shutting down and abandoning module XmlParser (158)
[2015.12.24-15.05.28:766][422]LogModuleManager: Shutting down and abandoning module Blutility (157)
[2015.12.24-15.05.28:766][422]LogModuleManager: Shutting down and abandoning module ProjectTargetPlatformEditor (156)
[2015.12.24-15.05.28:767][422]LogModuleManager: Shutting down and abandoning module ProjectSettingsViewer (155)
[2015.12.24-15.05.28:767][422]LogModuleManager: Shutting down and abandoning module InputBindingEditor (154)
[2015.12.24-15.05.28:767][422]LogModuleManager: Shutting down and abandoning module EditorSettingsViewer (153)
[2015.12.24-15.05.28:767][422]LogModuleManager: Shutting down and abandoning module SettingsEditor (152)
[2015.12.24-15.05.28:767][422]LogModuleManager: Shutting down and abandoning module ProjectLauncher (151)
[2015.12.24-15.05.28:767][422]LogModuleManager: Shutting down and abandoning module SessionFrontend (150)
[2015.12.24-15.05.28:767][422]LogModuleManager: Shutting down and abandoning module ProfilerClient (149)
[2015.12.24-15.05.28:767][422]LogModuleManager: Shutting down and abandoning module TargetDeviceServices (148)
[2015.12.24-15.05.28:767][422]LogModuleManager: Shutting down and abandoning module DeviceManager (147)
[2015.12.24-15.05.28:767][422]LogModuleManager: Shutting down and abandoning module AutomationController (146)
[2015.12.24-15.05.28:767][422]LogModuleManager: Shutting down and abandoning module AutomationWindow (145)
[2015.12.24-15.05.28:767][422]LogModuleManager: Shutting down and abandoning module Layers (144)
[2015.12.24-15.05.28:767][422]LogModuleManager: Shutting down and abandoning module ComponentVisualizers (143)
[2015.12.24-15.05.28:767][422]LogModuleManager: Shutting down and abandoning module DetailCustomizations (142)
[2015.12.24-15.05.28:767][422]LogModuleManager: Shutting down and abandoning module PackagesDialog (141)
[2015.12.24-15.05.28:767][422]LogModuleManager: Shutting down and abandoning module Persona (140)
[2015.12.24-15.05.28:767][422]LogModuleManager: Shutting down and abandoning module Kismet (139)
[2015.12.24-15.05.28:767][422]LogModuleManager: Shutting down and abandoning module GraphEditor (138)
[2015.12.24-15.05.28:767][422]LogModuleManager: Shutting down and abandoning module ClassViewer (137)
[2015.12.24-15.05.28:767][422]LogModuleManager: Shutting down and abandoning module Toolbox (136)
[2015.12.24-15.05.28:767][422]LogModuleManager: Shutting down and abandoning module ModuleUI (135)
[2015.12.24-15.05.28:767][422]LogModuleManager: Shutting down and abandoning module MovieSceneTools (134)
[2015.12.24-15.05.28:767][422]LogModuleManager: Shutting down and abandoning module OutputLog (133)
[2015.12.24-15.05.28:767][422]LogModuleManager: Shutting down and abandoning module GammaUI (132)
[2015.12.24-15.05.28:767][422]LogModuleManager: Shutting down and abandoning module Documentation (131)
[2015.12.24-15.05.28:767][422]LogModuleManager: Shutting down and abandoning module GameLiveStreaming (130)
[2015.12.24-15.05.28:767][422]LogModuleManager: Shutting down and abandoning module StreamingPauseRendering (129)
[2015.12.24-15.05.28:767][422]LogModuleManager: Shutting down and abandoning module AnalyticsET (128)
[2015.12.24-15.05.28:767][422]LogModuleManager: Shutting down and abandoning module Analytics (127)
[2015.12.24-15.05.28:767][422]LogModuleManager: Shutting down and abandoning module AITestSuite (126)
[2015.12.24-15.05.28:767][422]LogModuleManager: Shutting down and abandoning module GameplayDebugger (125)
[2015.12.24-15.05.28:767][422]LogModuleManager: Shutting down and abandoning module AIModule (124)
[2015.12.24-15.05.28:767][422]LogModuleManager: Shutting down and abandoning module ProfilerService (123)
[2015.12.24-15.05.28:981][422]LogModuleManager: Shutting down and abandoning module TaskGraph (122)
[2015.12.24-15.05.28:981][422]LogModuleManager: Shutting down and abandoning module SlateRemote (121)
[2015.12.24-15.05.28:981][422]LogModuleManager: Shutting down and abandoning module SteamVRController (120)
[2015.12.24-15.05.28:981][422]LogModuleManager: Shutting down and abandoning module SteamVR (119)
[2015.12.24-15.05.28:981][422]LogModuleManager: Shutting down and abandoning module ProceduralMeshComponent (118)
[2015.12.24-15.05.28:981][422]LogModuleManager: Shutting down and abandoning module OculusLibrary (117)
[2015.12.24-15.05.28:981][422]LogModuleManager: Shutting down and abandoning module OculusInput (116)
[2015.12.24-15.05.28:981][422]LogModuleManager: Shutting down and abandoning module LeapMotionController (115)
[2015.12.24-15.05.28:997][422]LogModuleManager: Shutting down and abandoning module CustomMeshComponent (114)
[2015.12.24-15.05.28:997][422]LogModuleManager: Shutting down and abandoning module CableComponent (113)
[2015.12.24-15.05.28:997][422]LogModuleManager: Shutting down and abandoning module ArchVisCharacter (112)
[2015.12.24-15.05.28:997][422]LogModuleManager: Shutting down and abandoning module MessagingDebugger (111)
[2015.12.24-15.05.28:997][422]LogModuleManager: Shutting down and abandoning module MediaPlayerEditor (110)
[2015.12.24-15.05.28:997][422]LogModuleManager: Shutting down and abandoning module HTML5Networking (109)
[2015.12.24-15.05.28:997][422]LogModuleManager: Shutting down and abandoning module SpeedTreeImporter (108)
[2015.12.24-15.05.28:997][422]LogModuleManager: Shutting down and abandoning module PluginBrowser (107)
[2015.12.24-15.05.28:997][422]LogModuleManager: Shutting down and abandoning module EpicSurvey (106)
[2015.12.24-15.05.28:997][422]LogModuleManager: Shutting down and abandoning module DesktopPlatform (105)
[2015.12.24-15.05.28:997][422]LogModuleManager: Shutting down and abandoning module VisualStudioSourceCodeAccess (104)
[2015.12.24-15.05.28:997][422]LogModuleManager: Shutting down and abandoning module UObjectPlugin (103)
[2015.12.24-15.05.28:997][422]LogModuleManager: Shutting down and abandoning module SubversionSourceControl (102)
[2015.12.24-15.05.28:997][422]LogModuleManager: Shutting down and abandoning module PerforceSourceControl (101)
[2015.12.24-15.05.28:997][422]LogModuleManager: Shutting down and abandoning module SourceControl (100)
[2015.12.24-15.05.28:997][422]LogModuleManager: Shutting down and abandoning module GitSourceControl (99)
[2015.12.24-15.05.28:997][422]LogModuleManager: Shutting down and abandoning module LightPropagationVolumeEditor (98)
[2015.12.24-15.05.28:997][422]LogModuleManager: Shutting down and abandoning module PaperTiledImporter (97)
[2015.12.24-15.05.28:997][422]LogModuleManager: Shutting down and abandoning module PaperSpriteSheetImporter (96)
[2015.12.24-15.05.28:997][422]LogModuleManager: Shutting down and abandoning module MeshPaint (95)
[2015.12.24-15.05.28:997][422]LogModuleManager: Shutting down and abandoning module SlateReflector (94)
[2015.12.24-15.05.28:997][422]LogModuleManager: Shutting down and abandoning module HotReload (93)
[2015.12.24-15.05.28:997][422]LogModuleManager: Shutting down and abandoning module MainFrame (92)
[2015.12.24-15.05.28:997][422]LogModuleManager: Shutting down and abandoning module LevelEditor (91)
[2015.12.24-15.05.28:998][422]LogModuleManager: Shutting down and abandoning module DirectoryWatcher (90)
[2015.12.24-15.05.28:999][422]LogModuleManager: Shutting down and abandoning module AssetRegistry (89)
[2015.12.24-15.05.29:047][422]LogModuleManager: Shutting down and abandoning module ContentBrowser (88)
[2015.12.24-15.05.29:047][422]LogModuleManager: Shutting down and abandoning module Paper2DEditor (87)
[2015.12.24-15.05.29:047][422]LogModuleManager: Shutting down and abandoning module UdpMessaging (86)
[2015.12.24-15.05.29:148][422]LogModuleManager: Shutting down and abandoning module LightPropagationVolumeRuntime (85)
[2015.12.24-15.05.29:148][422]LogModuleManager: Shutting down and abandoning module Paper2D (84)
[2015.12.24-15.05.29:148][422]LogModuleManager: Shutting down and abandoning module WindowsMoviePlayer (83)
[2015.12.24-15.05.29:150][422]LogModuleManager: Shutting down and abandoning module Media (82)
[2015.12.24-15.05.29:150][422]LogModuleManager: Shutting down and abandoning module WmfMedia (81)
[2015.12.24-15.05.29:150][422]LogModuleManager: Shutting down and abandoning module OnlineBlueprintSupport (80)
[2015.12.24-15.05.29:150][422]LogModuleManager: Shutting down and abandoning module GameplayTasksEditor (79)
[2015.12.24-15.05.29:150][422]LogModuleManager: Shutting down and abandoning module PropertyEditor (78)
[2015.12.24-15.05.29:172][422]LogModuleManager: Shutting down and abandoning module BehaviorTreeEditor (77)
[2015.12.24-15.05.29:172][422]LogModuleManager: Shutting down and abandoning module FunctionalTesting (76)
[2015.12.24-15.05.29:172][422]LogModuleManager: Shutting down and abandoning module CollisionAnalyzer (75)
[2015.12.24-15.05.29:172][422]LogModuleManager: Shutting down and abandoning module WorkspaceMenuStructure (74)
[2015.12.24-15.05.29:172][422]LogModuleManager: Shutting down and abandoning module MessageLog (73)
[2015.12.24-15.05.29:172][422]LogModuleManager: Shutting down and abandoning module Sequencer (72)
[2015.12.24-15.05.29:172][422]LogModuleManager: Shutting down and abandoning module AssetTools (71)
[2015.12.24-15.05.29:172][422]LogModuleManager: Shutting down and abandoning module UMGEditor (70)
[2015.12.24-15.05.29:172][422]LogModuleManager: Shutting down and abandoning module UMG (69)
[2015.12.24-15.05.29:172][422]LogModuleManager: Shutting down and abandoning module Slate (68)
[2015.12.24-15.05.29:172][422]LogModuleManager: Shutting down and abandoning module EditorStyle (67)
[2015.12.24-15.05.29:174][422]LogModuleManager: Shutting down and abandoning module SessionServices (66)
[2015.12.24-15.05.29:174][422]LogModuleManager: Shutting down and abandoning module SourceCodeAccess (65)
[2015.12.24-15.05.29:174][422]LogModuleManager: Shutting down and abandoning module HeadMountedDisplay (64)
[2015.12.24-15.05.29:174][422]LogModuleManager: Shutting down and abandoning module XAudio2 (63)
[2015.12.24-15.05.29:174][422]LogModuleManager: Shutting down and abandoning module Networking (61)
[2015.12.24-15.05.29:174][422]LogModuleManager: Shutting down and abandoning module Core (60)
[2015.12.24-15.05.29:174][422]LogModuleManager: Shutting down and abandoning module KismetCompiler (59)
[2015.12.24-15.05.29:174][422]LogModuleManager: Shutting down and abandoning module PhysXFormats (58)
[2015.12.24-15.05.29:174][422]LogModuleManager: Shutting down and abandoning module MeshUtilities (57)
[2015.12.24-15.05.29:174][422]LogModuleManager: Shutting down and abandoning module DerivedDataCache (56)
[2015.12.24-15.05.29:235][422]LogDerivedDataCache: Shutdown
[2015.12.24-15.05.29:235][422]LogModuleManager: Shutting down and abandoning module ShaderFormatOpenGL (55)
[2015.12.24-15.05.29:235][422]LogModuleManager: Shutting down and abandoning module ShaderFormatD3D (54)
[2015.12.24-15.05.29:235][422]LogModuleManager: Shutting down and abandoning module MetalShaderFormat (53)
[2015.12.24-15.05.29:235][422]LogModuleManager: Shutting down and abandoning module TextureFormatUncompressed (52)
[2015.12.24-15.05.29:235][422]LogModuleManager: Shutting down and abandoning module TextureFormatPVR (51)
[2015.12.24-15.05.29:235][422]LogModuleManager: Shutting down and abandoning module TextureFormatIntelISPCTexComp (50)
[2015.12.24-15.05.29:235][422]LogModuleManager: Shutting down and abandoning module TextureFormatDXT (49)
[2015.12.24-15.05.29:235][422]LogModuleManager: Shutting down and abandoning module ImageWrapper (48)
[2015.12.24-15.05.29:235][422]LogModuleManager: Shutting down and abandoning module TextureFormatASTC (47)
[2015.12.24-15.05.29:235][422]LogModuleManager: Shutting down and abandoning module TextureFormatAndroid (46)
[2015.12.24-15.05.29:235][422]LogModuleManager: Shutting down and abandoning module AudioFormatOpus (45)
[2015.12.24-15.05.29:235][422]LogModuleManager: Shutting down and abandoning module AudioFormatOgg (44)
[2015.12.24-15.05.29:235][422]LogModuleManager: Shutting down and abandoning module AudioFormatADPCM (43)
[2015.12.24-15.05.29:235][422]LogModuleManager: Shutting down and abandoning module LinuxTargetPlatform (42)
[2015.12.24-15.05.29:235][422]LogModuleManager: Shutting down and abandoning module LinuxServerTargetPlatform (41)
[2015.12.24-15.05.29:235][422]LogModuleManager: Shutting down and abandoning module LinuxNoEditorTargetPlatform (40)
[2015.12.24-15.05.29:235][422]LogModuleManager: Shutting down and abandoning module Messaging (39)
[2015.12.24-15.05.29:235][422]LogModuleManager: Shutting down and abandoning module IOSTargetPlatform (38)
[2015.12.24-15.05.29:235][422]LogModuleManager: Shutting down and abandoning module HTML5TargetPlatform (37)
[2015.12.24-15.05.29:235][422]LogModuleManager: Shutting down and abandoning module Android_PVRTCTargetPlatform (36)
[2015.12.24-15.05.29:235][422]LogModuleManager: Shutting down and abandoning module Android_MultiTargetPlatform (35)
[2015.12.24-15.05.29:235][422]LogModuleManager: Shutting down and abandoning module Android_ETC2TargetPlatform (34)
[2015.12.24-15.05.29:235][422]LogModuleManager: Shutting down and abandoning module Android_ETC1TargetPlatform (33)
[2015.12.24-15.05.29:235][422]LogModuleManager: Shutting down and abandoning module Android_DXTTargetPlatform (32)
[2015.12.24-15.05.29:235][422]LogModuleManager: Shutting down and abandoning module Android_ATCTargetPlatform (31)
[2015.12.24-15.05.29:235][422]LogModuleManager: Shutting down and abandoning module Android_ASTCTargetPlatform (30)
[2015.12.24-15.05.29:235][422]LogModuleManager: Shutting down and abandoning module AndroidTargetPlatform (29)
[2015.12.24-15.05.29:235][422]LogModuleManager: Shutting down and abandoning module WindowsTargetPlatform (28)
[2015.12.24-15.05.29:235][422]LogModuleManager: Shutting down and abandoning module WindowsServerTargetPlatform (27)
[2015.12.24-15.05.29:235][422]LogModuleManager: Shutting down and abandoning module WindowsNoEditorTargetPlatform (26)
[2015.12.24-15.05.29:235][422]LogModuleManager: Shutting down and abandoning module WindowsClientTargetPlatform (25)
[2015.12.24-15.05.29:235][422]LogModuleManager: Shutting down and abandoning module AllDesktopTargetPlatform (24)
[2015.12.24-15.05.29:235][422]LogModuleManager: Shutting down and abandoning module TargetPlatform (23)
[2015.12.24-15.05.29:235][422]LogModuleManager: Shutting down and abandoning module InputCore (22)
[2015.12.24-15.05.29:235][422]LogModuleManager: Shutting down and abandoning module Settings (21)
[2015.12.24-15.05.29:235][422]LogModuleManager: Shutting down and abandoning module OnlineSubsystem (19)
[2015.12.24-15.05.29:235][422]LogModuleManager: Shutting down and abandoning module HTTP (18)
[2015.12.24-15.05.30:236][422]LogModuleManager: Shutting down and abandoning module XMPP (17)
[2015.12.24-15.05.30:236][422]LogModuleManager: Shutting down and abandoning module OculusRift (16)
[2015.12.24-15.05.30:236][422]LogModuleManager: Shutting down and abandoning module ExampleDeviceProfileSelector (15)
[2015.12.24-15.05.30:236][422]LogModuleManager: Shutting down and abandoning module TextureCompressor (14)
[2015.12.24-15.05.30:236][422]LogModuleManager: Shutting down and abandoning module ShaderCore (13)
[2015.12.24-15.05.30:236][422]LogModuleManager: Shutting down and abandoning module Landscape (12)
[2015.12.24-15.05.30:236][422]LogModuleManager: Shutting down and abandoning module SlateRHIRenderer (11)
[2015.12.24-15.05.30:237][422]LogModuleManager: Shutting down and abandoning module OpenGLDrv (10)
[2015.12.24-15.05.30:237][422]LogModuleManager: Shutting down and abandoning module D3D11RHI (9)
[2015.12.24-15.05.30:237][422]LogModuleManager: Shutting down and abandoning module AnimGraphRuntime (8)
[2015.12.24-15.05.30:237][422]LogModuleManager: Shutting down and abandoning module Renderer (7)
[2015.12.24-15.05.30:237][422]LogModuleManager: Shutting down and abandoning module Engine (6)
[2015.12.24-15.05.30:237][422]LogModuleManager: Shutting down and abandoning module CoreUObject (5)
[2015.12.24-15.05.30:237][422]LogModuleManager: Shutting down and abandoning module NetworkFile (4)
[2015.12.24-15.05.30:237][422]LogModuleManager: Shutting down and abandoning module StreamingFile (3)
[2015.12.24-15.05.30:237][422]LogModuleManager: Shutting down and abandoning module SandboxFile (2)
[2015.12.24-15.05.30:237][422]LogModuleManager: Shutting down and abandoning module PakFile (1)
[2015.12.24-15.05.30:239][422]LogExit: Exiting.
[2015.12.24-15.05.30:252][422]Log file closed, 12/24/15 16:05:30
