[2015.12.24-15.28.17:391][  0]Log file open, 12/24/15 16:28:17
[2015.12.24-15.28.17:391][  0]LogInit:Display: Running engine for game: RollingDerby
[2015.12.24-15.28.17:391][  0]LogPlatformFile: Not using cached read wrapper
[2015.12.24-15.28.17:391][  0]LogInit:Display: RandInit(-933912462) SRandInit(-933912461).
[2015.12.24-15.28.17:391][  0]LogTaskGraph: Started task graph with 4 named threads and 7 total threads.
[2015.12.24-15.28.17:391][  0]LogStats: Stats thread started at 0.087631
[2015.12.24-15.28.17:391][  0]LogInit: Version: 4.10.1-2791327+++depot+UE4-Releases+4.10
[2015.12.24-15.28.17:391][  0]LogInit: API Version: 2758231
[2015.12.24-15.28.17:391][  0]LogInit: Compiled (64-bit): Dec  4 2015 19:44:40
[2015.12.24-15.28.17:391][  0]LogInit: Compiled with Visual C++: 19.00.23026.00
[2015.12.24-15.28.17:391][  0]LogInit: Build Configuration: Development
[2015.12.24-15.28.17:391][  0]LogInit: Branch Name: ++depot+UE4-Releases+4.10
[2015.12.24-15.28.17:391][  0]LogInit: Command line:  
[2015.12.24-15.28.17:391][  0]LogInit: Base directory: D:/Program Files (x86)/Epic Games/4.10/Engine/Binaries/Win64/
[2015.12.24-15.28.17:391][  0]LogInit: Rocket: 1
[2015.12.24-15.28.17:406][  0]LogInit: Using libcurl 7.41.0
[2015.12.24-15.28.17:406][  0]LogInit:  - built for x86_64-pc-win32
[2015.12.24-15.28.17:406][  0]LogInit:  - supports SSL with WinSSL
[2015.12.24-15.28.17:406][  0]LogInit:  - other features:
[2015.12.24-15.28.17:406][  0]LogInit:      CURL_VERSION_SSL
[2015.12.24-15.28.17:406][  0]LogInit:      CURL_VERSION_IPV6
[2015.12.24-15.28.17:406][  0]LogInit:      CURL_VERSION_ASYNCHDNS
[2015.12.24-15.28.17:406][  0]LogInit:      CURL_VERSION_LARGEFILE
[2015.12.24-15.28.17:406][  0]LogInit:      CURL_VERSION_IDN
[2015.12.24-15.28.17:406][  0]LogInit:  CurlRequestOptions (configurable via config and command line):
[2015.12.24-15.28.17:406][  0]LogInit:  - bVerifyPeer = true  - Libcurl will verify peer certificate
[2015.12.24-15.28.17:406][  0]LogInit:  - bUseHttpProxy = false  - Libcurl will NOT use HTTP proxy
[2015.12.24-15.28.17:406][  0]LogInit:  - bDontReuseConnections = false  - Libcurl will reuse connections
[2015.12.24-15.28.17:406][  0]LogInit:  - CertBundlePath = nullptr  - Libcurl will use whatever was configured at build time.
[2015.12.24-15.28.17:406][  0]LogInit: Presizing for 0 objects not considered by GC, pre-allocating 0 bytes.
[2015.12.24-15.28.17:406][  0]LogInit: Object subsystem initialized
[2015.12.24-15.28.17:406][  0]LogInit: Selected Device Profile: [Windows]
[2015.12.24-15.28.17:406][  0]LogInit: Applying CVar settings loaded from the selected device profile: [Windows]
[2015.12.24-15.28.17:428][  0]LogInit: Computer: MSI
[2015.12.24-15.28.17:428][  0]LogInit: User: tobia
[2015.12.24-15.28.17:428][  0]LogInit: CPU Page size=4096, Cores=4
[2015.12.24-15.28.17:428][  0]LogInit: High frequency timer resolution =2.531245 MHz
[2015.12.24-15.28.17:428][  0]LogMemory: Memory total: Physical=15.9GB (16GB approx)
[2015.12.24-15.28.17:428][  0]LogMemory: Platform Memory Stats for Windows
[2015.12.24-15.28.17:428][  0]LogMemory: Process Physical Memory: 56.05 MB used, 56.05 MB peak
[2015.12.24-15.28.17:428][  0]LogMemory: Process Virtual Memory: 56.75 MB used, 56.75 MB peak
[2015.12.24-15.28.17:428][  0]LogMemory: Physical Memory: 4455.45 MB used, 16294.66 MB total
[2015.12.24-15.28.17:428][  0]LogMemory: Virtual Memory: 382.49 MB used, 134217728.00 MB total
[2015.12.24-15.28.17:949][  0]LogTextLocalizationManager: No translations for ('sv-SE') exist, falling back to 'en' for localization and internationalization data.
[2015.12.24-15.28.18:705][  0]LogD3D11RHI: Found D3D11 adapter 0: NVIDIA GeForce GTX 970M           (Feature Level 11_0)
[2015.12.24-15.28.18:705][  0]LogD3D11RHI: Adapter has 2991MB of dedicated video memory, 0MB of dedicated system memory, and 8147MB of shared system memory, 1 output[s]
[2015.12.24-15.28.18:711][  0]LogD3D11RHI: Found D3D11 adapter 1: Intel(R) HD Graphics 530 (Feature Level 11_0)
[2015.12.24-15.28.18:711][  0]LogD3D11RHI: Adapter has 128MB of dedicated video memory, 0MB of dedicated system memory, and 8147MB of shared system memory, 0 output[s]
[2015.12.24-15.28.18:712][  0]LogD3D11RHI: Found D3D11 adapter 2: Microsoft Basic Render Driver (Feature Level 11_0)
[2015.12.24-15.28.18:712][  0]LogD3D11RHI: Adapter has 0MB of dedicated video memory, 0MB of dedicated system memory, and 8147MB of shared system memory, 0 output[s]
[2015.12.24-15.28.18:712][  0]LogD3D11RHI: Chosen D3D11 Adapter Id = 0
[2015.12.24-15.28.18:716][  0]LogD3D11RHI: !Direct3DDevice
[2015.12.24-15.28.18:716][  0]LogRHI: Texture pool is 1361 MB (70% of 1945 MB)
[2015.12.24-15.28.18:727][  0]LogD3D11RHI: Async texture creation enabled
[2015.12.24-15.28.18:745][  0]LogShaderCompilers: Guid format shader working directory is -10 characters bigger than the processId version (../../../../../../rollingderby/RollingDerby/RollingDerby/Intermediate/Shaders/WorkingDirectory/7708/).
[2015.12.24-15.28.18:745][  0]LogShaderCompilers: Cleaned the shader compiler working directory 'C:/Users/tobia/AppData/Local/Temp/UnrealShaderWorkingDir/29E0D785416D9224061716B67DC0AA3B/'.
[2015.12.24-15.28.18:745][  0]LogShaderCompilers:Display: Using Local Shader Compiler.
[2015.12.24-15.28.19:423][  0]LogTemp:Display: Loaded TP AllDesktopTargetPlatform
[2015.12.24-15.28.19:427][  0]LogTemp:Display: Loaded TP WindowsClientTargetPlatform
[2015.12.24-15.28.19:431][  0]LogTemp:Display: Loaded TP WindowsNoEditorTargetPlatform
[2015.12.24-15.28.19:434][  0]LogTemp:Display: Loaded TP WindowsServerTargetPlatform
[2015.12.24-15.28.19:437][  0]LogTemp:Display: Loaded TP WindowsTargetPlatform
[2015.12.24-15.28.19:440][  0]LogTemp:Display: Loaded TP AndroidTargetPlatform
[2015.12.24-15.28.19:442][  0]LogTemp:Display: Loaded TP Android_ASTCTargetPlatform
[2015.12.24-15.28.19:444][  0]LogTemp:Display: Loaded TP Android_ATCTargetPlatform
[2015.12.24-15.28.19:447][  0]LogTemp:Display: Loaded TP Android_DXTTargetPlatform
[2015.12.24-15.28.19:449][  0]LogTemp:Display: Loaded TP Android_ETC1TargetPlatform
[2015.12.24-15.28.19:452][  0]LogTemp:Display: Loaded TP Android_ETC2TargetPlatform
[2015.12.24-15.28.19:457][  0]LogTemp:Display: Loaded TP Android_MultiTargetPlatform
[2015.12.24-15.28.19:457][  0]LogTemp:Display: Loaded TP Android_PVRTCTargetPlatform
[2015.12.24-15.28.19:457][  0]LogTemp:Display: Loaded TP HTML5TargetPlatform
[2015.12.24-15.28.19:475][  0]LogTemp:Display: Loaded TP IOSTargetPlatform
[2015.12.24-15.28.19:478][  0]LogTemp:Display: Loaded TP LinuxNoEditorTargetPlatform
[2015.12.24-15.28.19:481][  0]LogTemp:Display: Loaded TP LinuxServerTargetPlatform
[2015.12.24-15.28.19:484][  0]LogTemp:Display: Loaded TP LinuxTargetPlatform
[2015.12.24-15.28.19:484][  0]LogTargetPlatformManager:Display: Building Assets For Windows
[2015.12.24-15.28.19:538][  0]LogDerivedDataCache:Display: Max Cache Size: 512 MB
[2015.12.24-15.28.19:582][  0]LogDerivedDataCache: Loaded boot cache 0.04s 41MB C:/Users/tobia/AppData/Local/UnrealEngine/4.10/DerivedDataCache/Boot.ddc.
[2015.12.24-15.28.19:582][  0]LogDerivedDataCache:Display: Loaded Boot cache: C:/Users/tobia/AppData/Local/UnrealEngine/4.10/DerivedDataCache/Boot.ddc
[2015.12.24-15.28.19:582][  0]LogDerivedDataCache: FDerivedDataBackendGraph:  Pak pak cache file ../../../../../../rollingderby/RollingDerby/RollingDerby/DerivedDataCache/DDC.ddp not found, will not use a pak cache.
[2015.12.24-15.28.19:582][  0]LogDerivedDataCache: Unable to find inner node Pak for hierarchical cache Hierarchy.
[2015.12.24-15.28.19:582][  0]LogDerivedDataCache: FDerivedDataBackendGraph:  CompressedPak pak cache file ../../../../../../rollingderby/RollingDerby/RollingDerby/DerivedDataCache/Compressed.ddp not found, will not use a pak cache.
[2015.12.24-15.28.19:582][  0]LogDerivedDataCache: Unable to find inner node CompressedPak for hierarchical cache Hierarchy.
[2015.12.24-15.28.19:636][  0]LogDerivedDataCache:Display: Pak cache opened for reading ../../../Engine/DerivedDataCache/Compressed.ddp.
[2015.12.24-15.28.19:648][  0]LogDerivedDataCache: Using Local data cache path C:/Users/tobia/AppData/Local/UnrealEngine/Common/DerivedDataCache: Writable
[2015.12.24-15.28.19:804][  0]LogInit: Selected Device Profile: [Windows]
[2015.12.24-15.28.19:806][  0]LogContentStreaming: Texture pool size is 0.000000MB
[2015.12.24-15.28.19:905][  0]LogMeshUtilities: No automatic mesh reduction module available
[2015.12.24-15.28.19:905][  0]LogMeshUtilities: No automatic mesh merging module available
[2015.12.24-15.28.20:090][  0]LogInit: WinSock: version 1.1 (2.2), MaxSocks=32767, MaxUdp=65467
[2015.12.24-15.28.20:719][  0]UdpMessaging: Initializing bridge on interface 0.0.0.0:0 to multicast group 230.0.0.1:6666.
[2015.12.24-15.28.20:808][  0]LogAssetRegistry: FAssetRegistry took 0.0108 seconds to start up
[2015.12.24-15.28.20:943][  0]SourceControl: Info Source control is disabled
[2015.12.24-15.28.20:943][  0]SourceControl: Info Source control is disabled
[2015.12.24-15.28.20:952][  0]SourceControl: Info Source control is disabled
[2015.12.24-15.28.20:959][  0]SourceControl: Info Source control is disabled
[2015.12.24-15.28.21:106][  0]LogObj: 28633 objects as part of root set at end of initial load.
[2015.12.24-15.28.21:106][  0]LogUObjectAllocator: 6099744 out of 0 bytes used by permanent object pool.
[2015.12.24-15.28.21:156][  0]LogEngine: Initializing Engine...
[2015.12.24-15.28.21:158][  0]LogHMD: Can't find Oculus library dev build: is proper Runtime installed? Version: 0.8.0.0
[2015.12.24-15.28.21:159][  0]LogHMD: SteamVR failed to initialize.  Err: 110
[2015.12.24-15.28.21:260][  0]LogAIModule: Creating AISystem for world NewWorld
[2015.12.24-15.28.21:269][  0]LogInit: XAudio2 using 'HeadPhone/Digital Output (Realtek High Definition Audio)' : 8 channels at 48 kHz using 32 bits per sample (channel mask 0x63f)
[2015.12.24-15.28.21:281][  0]LogInit: FAudioDevice initialized.
[2015.12.24-15.28.21:301][  0]LogDerivedDataCache: Saved boot cache 0.02s 41MB C:/Users/tobia/AppData/Local/UnrealEngine/4.10/DerivedDataCache/Boot.ddc.
[2015.12.24-15.28.21:305][  0]LogInit: Texture streaming: Enabled
[2015.12.24-15.28.21:308][  0]LogAnalytics: Creating configured Analytics provider AnalyticsET
[2015.12.24-15.28.21:308][  0]LogAnalytics: [UEEditor.Rocket.Release] APIServer = http://et2.epicgames.com/ET2/. AppVersion = 4.10.1-2791327+++depot+UE4-Releases+4.10
[2015.12.24-15.28.21:308][  0]LogAnalytics: [UEEditor.Rocket.Release] SetUserId 3750e6d1405e52e99c08f9974cd5569f|471a4cb9a5c14167995f8bc8b175918a|446fe6e5-1b13-4339-81c8-b1f6f83a87c4
[2015.12.24-15.28.21:308][  0]LogAnalytics: [UEEditor.Rocket.Release] AnalyticsET::StartSession
[2015.12.24-15.28.21:338][  0]LogInit: Transaction tracking system initialized
[2015.12.24-15.28.21:357][  0]BlueprintLog: New page: Editor Load
[2015.12.24-15.28.21:412][  0]LocalizationService: Info Localization service is disabled
[2015.12.24-15.28.21:613][  0]LogConsoleResponse:Display: 
[2015.12.24-15.28.21:712][  0]LogCook:Display: Done creating registry. It took  0.00s.
[2015.12.24-15.28.21:752][  0]LogFileCache: Scanning file cache for directory 'D:/rollingderby/RollingDerby/RollingDerby/Content/' took 0.01s
[2015.12.24-15.28.21:752][  0]SourceControl: Info Source control is disabled
[2015.12.24-15.28.21:752][  0]Cmd: MAP LOAD FILE="../../../../../../rollingderby/RollingDerby/RollingDerby/Content/RollingBP/Maps/RollingBPExampleMap.umap" TEMPLATE=0 SHOWPROGRESS=1 FEATURELEVEL=3
[2015.12.24-15.28.21:752][  0]LightingResults: New page: Lighting Build
[2015.12.24-15.28.21:754][  0]MapCheck: New page: Map Check
[2015.12.24-15.28.21:754][  0]LightingResults: New page: Lighting Build
[2015.12.24-15.28.21:765][  0]LogParticles: Destroying 0 GPU particle simulations for FXSystem 0x0000021FA53FFB00
[2015.12.24-15.28.22:350][  0]LogAIModule: Creating AISystem for world RollingBPExampleMap
[2015.12.24-15.28.22:367][  0]LogEditorServer: Finished looking for orphan Actors (0.000 secs)
[2015.12.24-15.28.22:368][  0]Cmd: MAP CHECKDEP NOCLEARLOG
[2015.12.24-15.28.22:408][  0]MapCheck: Info Map check complete: 0 Error(s), 0 Warning(s), took 40.161ms to complete.
[2015.12.24-15.28.22:408][  0]LogFileHelpers: Loading map 'RollingBPExampleMap' took 0.656
[2015.12.24-15.28.22:512][  0]LogCollectionManager: Loaded 0 collections in 0.001418 seconds
[2015.12.24-15.28.22:550][  0]LogFileCache: Scanning file cache for directory 'D:/rollingderby/RollingDerby/RollingDerby/Saved/Collections/' took 0.01s
[2015.12.24-15.28.22:551][  0]LogFileCache: Scanning file cache for directory 'D:/rollingderby/RollingDerby/RollingDerby/Content/Developers/tobia/Collections/' took 0.01s
[2015.12.24-15.28.22:551][  0]LogFileCache: Scanning file cache for directory 'D:/rollingderby/RollingDerby/RollingDerby/Content/Collections/' took 0.01s
[2015.12.24-15.28.22:551][  0]LogCollectionManager: Rebuilt the GUID cache for 0 collections in 0.000002 seconds
[2015.12.24-15.28.22:558][  0]LogContentBrowser: Native class hierarchy populated in 0.0076 seconds. Added 1893 classes and 338 folders.
[2015.12.24-15.28.22:563][  0]LogContentBrowser: Native class hierarchy updated for 'WidgetCarousel' in 0.0003 seconds. Added 0 classes and 0 folders.
[2015.12.24-15.28.22:598][  0]LogContentBrowser: Native class hierarchy updated for 'AddContentDialog' in 0.0005 seconds. Added 0 classes and 0 folders.
[2015.12.24-15.28.22:601][  0]LogContentBrowser: Native class hierarchy updated for 'SceneOutliner' in 0.0004 seconds. Added 1 classes and 2 folders.
[2015.12.24-15.28.22:618][  0]LogCrashTracker: Crashtracker disabled due to settings.
[2015.12.24-15.28.22:623][  0]LogUObjectGlobals:Warning: Failed to find object 'Class None.'
[2015.12.24-15.28.22:646][  0]LogLoad: Full Startup: 5.60 seconds (BP compile: 0.13 seconds)
[2015.12.24-15.28.22:666][  0]LogOcInput: Can't find Oculus library dev build: is proper Runtime installed? Version: 0.8.0.0
[2015.12.24-15.28.22:725][  0]LogContentStreaming: Texture pool size now 200 MB
[2015.12.24-15.28.22:845][  0]LogRenderer: Reallocating scene render targets to support 884x432 (Frame:2).
[2015.12.24-15.28.22:907][  1]LogCollectionManager: Rebuilt the object cache for 0 collections in 0.000001 seconds (found 0 objects)
[2015.12.24-15.28.23:283][  4]LogAssetRegistry: Asset discovery search completed in 2.4856 seconds
[2015.12.24-15.28.23:283][  4]LogCollectionManager: Fixed up redirectors for 0 collections in 0.000026 seconds (updated 0 objects)
[2015.12.24-15.28.24:670][ 25]LogBlueprintUserMessages: Early PlayInEditor Detection: Level '/Game/RollingBP/Maps/RollingBPExampleMap.RollingBPExampleMap:PersistentLevel' has LevelScriptBlueprint '/Game/RollingBP/Maps/RollingBPExampleMap.RollingBPExampleMap:PersistentLevel.RollingBPExampleMap' with GeneratedClass '/Game/RollingBP/Maps/RollingBPExampleMap.RollingBPExampleMap_C' with ClassGeneratedBy '/Game/RollingBP/Maps/RollingBPExampleMap.RollingBPExampleMap:PersistentLevel.RollingBPExampleMap'
[2015.12.24-15.28.24:670][ 25]LogPlayLevel: PlayLevel: No blueprints needed recompiling
[2015.12.24-15.28.24:672][ 25]PIE: New page: PIE session: RollingBPExampleMap (Dec 24, 2015, 5:28:24 PM)
[2015.12.24-15.28.24:698][ 25]LogPlayLevel: Creating play world package: /Game/RollingBP/Maps/UEDPIE_1_RollingBPExampleMap
[2015.12.24-15.28.24:734][ 25]LogPlayLevel: PIE: StaticDuplicateObject took: (0.036132s)
[2015.12.24-15.28.24:735][ 25]LogAIModule: Creating AISystem for world RollingBPExampleMap
[2015.12.24-15.28.24:736][ 25]LogPlayLevel: PIE: World Init took: (0.001747s)
[2015.12.24-15.28.24:736][ 25]LogPlayLevel: PIE: Created PIE world by copying editor world from /Game/RollingBP/Maps/RollingBPExampleMap.RollingBPExampleMap to /Game/RollingBP/Maps/UEDPIE_1_RollingBPExampleMap.RollingBPExampleMap (0.038210s)
[2015.12.24-15.28.24:772][ 25]LogInit: XAudio2 using 'HeadPhone/Digital Output (Realtek High Definition Audio)' : 8 channels at 48 kHz using 32 bits per sample (channel mask 0x63f)
[2015.12.24-15.28.24:783][ 25]LogInit: FAudioDevice initialized.
[2015.12.24-15.28.24:831][ 25]LogWorld: Game class is 'RollingGameMode_C'
[2015.12.24-15.28.24:841][ 25]LogWorld: Bringing World /Game/RollingBP/Maps/UEDPIE_1_RollingBPExampleMap.RollingBPExampleMap up for play (max tick rate 60) at 2015.12.24-16.28.24
[2015.12.24-15.28.24:841][ 25]LogActor:Warning: GameSession /Game/RollingBP/Maps/UEDPIE_1_RollingBPExampleMap.RollingBPExampleMap:PersistentLevel.GameSession_0 has natively added scene component(s), but none of them were set as the actor's RootComponent - picking one arbitrarily
[2015.12.24-15.28.24:841][ 25]LogActor:Warning: GameNetworkManager /Game/RollingBP/Maps/UEDPIE_1_RollingBPExampleMap.RollingBPExampleMap:PersistentLevel.GameNetworkManager_0 has natively added scene component(s), but none of them were set as the actor's RootComponent - picking one arbitrarily
[2015.12.24-15.28.24:841][ 25]LogWorld: Bringing up level for play took: 0.009102
[2015.12.24-15.28.24:842][ 25]LogInit: WinSock: Socket queue 131072 / 131072
[2015.12.24-15.28.24:844][ 25]LogInit: WinSock: I am MSI (192.168.0.125:0)
[2015.12.24-15.28.24:844][ 25]LogNet: GameNetDriver IpNetDriver_0 IpNetDriver listening on port 7777
[2015.12.24-15.28.24:845][ 25]PIE: Info Play in editor start time for /Game/RollingBP/Maps/UEDPIE_1_RollingBPExampleMap 1.165
[2015.12.24-15.28.24:847][ 25]PIE: New page: PIE session: RollingBPExampleMap (Dec 24, 2015, 5:28:24 PM)
[2015.12.24-15.28.24:995][ 25]LogNet: Browse: 127.0.0.1//Game/custom/menu
[2015.12.24-15.28.24:996][ 25]LogInit: WinSock: Socket queue 32768 / 32768
[2015.12.24-15.28.24:996][ 25]LogNet: Game client on port 7777, rate 10000
[2015.12.24-15.28.24:996][ 25]LogNet: GetLocalNetworkVersion: GEngineNetVersion: 2791327, ProjectName: rollingderby, ProjectVersion: 1.0.0.0, InternalProtocolVersion: 9, LocalNetworkVersion: 4264634188
[2015.12.24-15.28.25:020][ 25]PIE: Info Play in editor start time for /Game/custom/menu 1.341
[2015.12.24-15.28.25:022][ 25]LogBlueprintUserMessages: Late PlayInEditor Detection: Level '/Game/RollingBP/Maps/RollingBPExampleMap.RollingBPExampleMap:PersistentLevel' has LevelScriptBlueprint '/Game/RollingBP/Maps/RollingBPExampleMap.RollingBPExampleMap:PersistentLevel.RollingBPExampleMap' with GeneratedClass '/Game/RollingBP/Maps/RollingBPExampleMap.RollingBPExampleMap_C' with ClassGeneratedBy '/Game/RollingBP/Maps/RollingBPExampleMap.RollingBPExampleMap:PersistentLevel.RollingBPExampleMap'
[2015.12.24-15.28.25:023][ 25]LogNet: NotifyAcceptingConnection: Server RollingBPExampleMap accept
[2015.12.24-15.28.25:023][ 25]LogNet: Open RollingBPExampleMap 12/24/15 16:28:25 127.0.0.1
[2015.12.24-15.28.25:023][ 25]LogNet: Added client connection.  Remote address = 127.0.0.1:64448
[2015.12.24-15.28.25:023][ 25]LogNet: NotifyAcceptingChannel Control 0 server World /Game/RollingBP/Maps/UEDPIE_1_RollingBPExampleMap.RollingBPExampleMap: Accepted
[2015.12.24-15.28.25:023][ 25]LogNet: Remote platform little endian=1
[2015.12.24-15.28.25:023][ 25]LogNet: This platform little endian=1
[2015.12.24-15.28.25:023][ 25]LogNet: GetLocalNetworkVersion: GEngineNetVersion: 2791327, ProjectName: rollingderby, ProjectVersion: 1.0.0.0, InternalProtocolVersion: 9, LocalNetworkVersion: 4264634188
[2015.12.24-15.28.25:052][ 26]LogNet: Login request: /Game/custom/menu userId: Invalid
[2015.12.24-15.28.25:055][ 26]LogNet: Welcomed by server (Level: /Game/RollingBP/Maps/UEDPIE_1_RollingBPExampleMap, Game: /Game/RollingBP/Blueprints/RollingGameMode.RollingGameMode_C)
[2015.12.24-15.28.25:127][ 26]LogLoad: LoadMap: 127.0.0.1//Game/RollingBP/Maps/UEDPIE_1_RollingBPExampleMap?game=/Game/RollingBP/Blueprints/RollingGameMode.RollingGameMode_C
[2015.12.24-15.28.25:144][ 26]LogParticles: Destroying 0 GPU particle simulations for FXSystem 0x0000021FBCBED3A0
[2015.12.24-15.28.25:146][ 26]Cmd: MEM
[2015.12.24-15.28.25:159][ 26]LogMemory: Platform Memory Stats for Windows
[2015.12.24-15.28.25:159][ 26]LogMemory: Process Physical Memory: 661.28 MB used, 664.10 MB peak
[2015.12.24-15.28.25:159][ 26]LogMemory: Process Virtual Memory: 1150.02 MB used, 1150.04 MB peak
[2015.12.24-15.28.25:159][ 26]LogMemory: Physical Memory: 5269.16 MB used, 16294.66 MB total
[2015.12.24-15.28.25:159][ 26]LogMemory: Virtual Memory: 1886.91 MB used, 134217728.00 MB total
[2015.12.24-15.28.25:159][ 26]LogMemory: 
[2015.12.24-15.28.25:159][ 26]Allocator Stats for TBB: (not implemented)
[2015.12.24-15.28.25:187][ 26]LogWorld: PIE: Copying PIE streaming level from /Game/RollingBP/Maps/RollingBPExampleMap.RollingBPExampleMap to /Game/RollingBP/Maps/UEDPIE_2_RollingBPExampleMap.RollingBPExampleMap. OwningWorld: None
[2015.12.24-15.28.25:188][ 26]LogAIModule: Creating AISystem for world RollingBPExampleMap
[2015.12.24-15.28.25:198][ 26]LogWorld: Bringing World /Game/RollingBP/Maps/UEDPIE_2_RollingBPExampleMap.RollingBPExampleMap up for play (max tick rate 60) at 2015.12.24-16.28.25
[2015.12.24-15.28.25:198][ 26]LogWorld: Bringing up level for play took: 0.008524
[2015.12.24-15.28.25:235][ 27]LogNet: Client netspeed is 10000
[2015.12.24-15.28.25:235][ 27]LogNet: Join request: /Game/custom/menu?SplitscreenCount=1
[2015.12.24-15.28.25:237][ 27]LogSpawn:Warning: SpawnActor failed because of collision at the spawn location [X=-230.000 Y=253.557 Z=202.001] for [PhysicsBallBP_C]
[2015.12.24-15.28.25:237][ 27]LogSpawn:Warning: SpawnActor failed because the spawned actor IsPendingKill
[2015.12.24-15.28.25:237][ 27]LogGameMode:Warning: Couldn't spawn Pawn of type PhysicsBallBP_C at NetworkPlayerStart
[2015.12.24-15.28.25:237][ 27]LogNet: Join succeeded: 257
[2015.12.24-15.28.26:632][ 50]LogBlueprintUserMessages: [PhysicsBallBP_C_17] Client 1: Collision! V1: 0.0 V2: 0.0
[2015.12.24-15.28.26:632][ 50]LogBlueprintUserMessages: [PhysicsBallBP_C_8] Client 1: Collision! V1: 0.0 V2: 0.0
[2015.12.24-15.28.26:688][ 51]LogBlueprintUserMessages: [PhysicsBallBP_C_15] Server: Collision! V1: 0.0 V2: 0.0
[2015.12.24-15.28.26:688][ 51]LogBlueprintUserMessages: [PhysicsBallBP_C_8] Server: Collision! V1: 0.0 V2: 0.0
[2015.12.24-15.28.27:395][ 63]LogBlueprintUserMessages: [PhysicsBallBP_C_17] Client 1: Collision! V1: 0.0 V2: 0.0
[2015.12.24-15.28.27:396][ 63]LogBlueprintUserMessages: [PhysicsBallBP_C_6] Client 1: Collision! V1: 0.0 V2: 0.0
[2015.12.24-15.28.27:451][ 64]LogBlueprintUserMessages: [PhysicsBallBP_C_15] Server: Collision! V1: 0.0 V2: 0.0
[2015.12.24-15.28.27:451][ 64]LogBlueprintUserMessages: [PhysicsBallBP_C_6] Server: Collision! V1: 0.0 V2: 0.0
[2015.12.24-15.28.27:743][ 69]LogBlueprintUserMessages: [PhysicsBallBP_C_8] Client 1: Collision! V1: 0.0 V2: 0.0
[2015.12.24-15.28.27:743][ 69]LogBlueprintUserMessages: [PhysicsBallBP_C_7] Client 1: Collision! V1: 0.0 V2: 0.0
[2015.12.24-15.28.27:800][ 70]LogBlueprintUserMessages: [PhysicsBallBP_C_8] Server: Collision! V1: 0.0 V2: 0.0
[2015.12.24-15.28.27:800][ 70]LogBlueprintUserMessages: [PhysicsBallBP_C_7] Server: Collision! V1: 0.0 V2: 0.0
[2015.12.24-15.28.28:089][ 75]LogBlueprintUserMessages: Early EndPlayMap Detection: Level '/Game/RollingBP/Maps/RollingBPExampleMap.RollingBPExampleMap:PersistentLevel' has LevelScriptBlueprint '/Game/RollingBP/Maps/RollingBPExampleMap.RollingBPExampleMap:PersistentLevel.RollingBPExampleMap' with GeneratedClass '/Game/RollingBP/Maps/RollingBPExampleMap.RollingBPExampleMap_C' with ClassGeneratedBy '/Game/RollingBP/Maps/RollingBPExampleMap.RollingBPExampleMap:PersistentLevel.RollingBPExampleMap'
[2015.12.24-15.28.28:185][ 75]LogSpawn:Warning: SpawnActor failed because we are in the process of tearing down the world
[2015.12.24-15.28.28:222][ 75]LogBlueprintUserMessages: Late EndPlayMap Detection: Level '/Game/RollingBP/Maps/RollingBPExampleMap.RollingBPExampleMap:PersistentLevel' has LevelScriptBlueprint '/Game/RollingBP/Maps/RollingBPExampleMap.RollingBPExampleMap:PersistentLevel.RollingBPExampleMap' with GeneratedClass '/Game/RollingBP/Maps/RollingBPExampleMap.RollingBPExampleMap_C' with ClassGeneratedBy '/Game/RollingBP/Maps/RollingBPExampleMap.RollingBPExampleMap:PersistentLevel.RollingBPExampleMap'
[2015.12.24-15.28.28:237][ 75]LogNet: UChannel::CleanUp: [GameNetDriver] [None] [None]. ChIndex == 0. Closing connection.
[2015.12.24-15.28.28:237][ 75]LogNet: UNetConnection::Close: Name: IpConnection_1, Driver: GameNetDriver IpNetDriver_0, PC: None, Owner: None, Channels: 2, RemoteAddr: 127.0.0.1:64448, Time: 2015.12.24-15.28.28
[2015.12.24-15.28.28:237][ 75]LogNet: UChannel::Close: Sending CloseBunch. ChIndex == 0. Name: ControlChannel_1
[2015.12.24-15.28.28:237][ 75]LogNet: UChannel::CleanUp: [GameNetDriver] [None] [None]. ChIndex == 0. Closing connection.
[2015.12.24-15.28.28:237][ 75]LogNet: UNetConnection::Close: Name: IpConnection_0, Driver: GameNetDriver IpNetDriver_1, PC: None, Owner: None, Channels: 2, RemoteAddr: 127.0.0.1:7777, Time: 2015.12.24-15.28.28
[2015.12.24-15.28.28:237][ 75]LogNet: UChannel::Close: Sending CloseBunch. ChIndex == 0. Name: ControlChannel_0
[2015.12.24-15.28.28:242][ 75]LogExit: GameNetDriver None shut down
[2015.12.24-15.28.28:242][ 75]LogExit: GameNetDriver None shut down
[2015.12.24-15.28.28:243][ 75]LogParticles: Destroying 0 GPU particle simulations for FXSystem 0x0000021F985EAFC0
[2015.12.24-15.28.28:244][ 75]LogParticles: Destroying 0 GPU particle simulations for FXSystem 0x0000021FBC2854E0
[2015.12.24-15.28.35:596][180]LogRenderer: Reallocating scene render targets to support 884x432 (Frame:116).
[2015.12.24-15.28.35:700][181]LogContentStreaming: Texture pool size now 1000 MB
[2015.12.24-15.28.35:958][184]LogEditorViewport: Clicking on Actor (LMB): StaticMeshActor (TemplateCube_Rounded)
[2015.12.24-15.28.36:784][217]LogBlueprintUserMessages: Early PlayInEditor Detection: Level '/Game/RollingBP/Maps/RollingBPExampleMap.RollingBPExampleMap:PersistentLevel' has LevelScriptBlueprint '/Game/RollingBP/Maps/RollingBPExampleMap.RollingBPExampleMap:PersistentLevel.RollingBPExampleMap' with GeneratedClass '/Game/RollingBP/Maps/RollingBPExampleMap.RollingBPExampleMap_C' with ClassGeneratedBy '/Game/RollingBP/Maps/RollingBPExampleMap.RollingBPExampleMap:PersistentLevel.RollingBPExampleMap'
[2015.12.24-15.28.36:784][217]LogPlayLevel: PlayLevel: No blueprints needed recompiling
[2015.12.24-15.28.36:789][217]PIE: New page: PIE session: RollingBPExampleMap (Dec 24, 2015, 5:28:36 PM)
[2015.12.24-15.28.36:789][217]LogPlayLevel: Creating play world package: /Game/RollingBP/Maps/UEDPIE_1_RollingBPExampleMap
[2015.12.24-15.28.36:822][217]LogPlayLevel: PIE: StaticDuplicateObject took: (0.032995s)
[2015.12.24-15.28.36:823][217]LogAIModule: Creating AISystem for world RollingBPExampleMap
[2015.12.24-15.28.36:824][217]LogPlayLevel: PIE: World Init took: (0.001591s)
[2015.12.24-15.28.36:824][217]LogPlayLevel: PIE: Created PIE world by copying editor world from /Game/RollingBP/Maps/RollingBPExampleMap.RollingBPExampleMap to /Game/RollingBP/Maps/UEDPIE_1_RollingBPExampleMap.RollingBPExampleMap (0.035106s)
[2015.12.24-15.28.36:848][217]LogInit: XAudio2 using 'HeadPhone/Digital Output (Realtek High Definition Audio)' : 8 channels at 48 kHz using 32 bits per sample (channel mask 0x63f)
[2015.12.24-15.28.36:857][217]LogInit: FAudioDevice initialized.
[2015.12.24-15.28.36:889][217]LogWorld: Game class is 'RollingGameMode_C'
[2015.12.24-15.28.36:899][217]LogWorld: Bringing World /Game/RollingBP/Maps/UEDPIE_1_RollingBPExampleMap.RollingBPExampleMap up for play (max tick rate 60) at 2015.12.24-16.28.36
[2015.12.24-15.28.36:899][217]LogActor:Warning: GameSession /Game/RollingBP/Maps/UEDPIE_1_RollingBPExampleMap.RollingBPExampleMap:PersistentLevel.GameSession_1 has natively added scene component(s), but none of them were set as the actor's RootComponent - picking one arbitrarily
[2015.12.24-15.28.36:899][217]LogActor:Warning: GameNetworkManager /Game/RollingBP/Maps/UEDPIE_1_RollingBPExampleMap.RollingBPExampleMap:PersistentLevel.GameNetworkManager_1 has natively added scene component(s), but none of them were set as the actor's RootComponent - picking one arbitrarily
[2015.12.24-15.28.36:900][217]LogWorld: Bringing up level for play took: 0.009704
[2015.12.24-15.28.36:901][217]LogInit: WinSock: Socket queue 131072 / 131072
[2015.12.24-15.28.36:901][217]LogNet: GameNetDriver IpNetDriver_2 IpNetDriver listening on port 7777
[2015.12.24-15.28.36:902][217]LogSpawn:Warning: SpawnActor failed because of collision at the spawn location [X=-230.000 Y=253.557 Z=202.001] for [PhysicsBallBP_C]
[2015.12.24-15.28.36:902][217]LogSpawn:Warning: SpawnActor failed because the spawned actor IsPendingKill
[2015.12.24-15.28.36:902][217]LogGameMode:Warning: Couldn't spawn Pawn of type PhysicsBallBP_C at NetworkPlayerStart
[2015.12.24-15.28.36:902][217]PIE: Info Play in editor start time for /Game/RollingBP/Maps/UEDPIE_1_RollingBPExampleMap -0.777
[2015.12.24-15.28.36:904][217]PIE: New page: PIE session: RollingBPExampleMap (Dec 24, 2015, 5:28:36 PM)
[2015.12.24-15.28.37:044][217]LogNet: Browse: 127.0.0.1//Game/custom/menu
[2015.12.24-15.28.37:044][217]LogInit: WinSock: Socket queue 32768 / 32768
[2015.12.24-15.28.37:045][217]LogNet: Game client on port 7777, rate 10000
[2015.12.24-15.28.37:045][217]LogNet: GetLocalNetworkVersion: GEngineNetVersion: 2791327, ProjectName: rollingderby, ProjectVersion: 1.0.0.0, InternalProtocolVersion: 9, LocalNetworkVersion: 4264634188
[2015.12.24-15.28.37:072][217]PIE: Info Play in editor start time for /Game/custom/menu -0.607
[2015.12.24-15.28.37:074][217]LogBlueprintUserMessages: Late PlayInEditor Detection: Level '/Game/RollingBP/Maps/RollingBPExampleMap.RollingBPExampleMap:PersistentLevel' has LevelScriptBlueprint '/Game/RollingBP/Maps/RollingBPExampleMap.RollingBPExampleMap:PersistentLevel.RollingBPExampleMap' with GeneratedClass '/Game/RollingBP/Maps/RollingBPExampleMap.RollingBPExampleMap_C' with ClassGeneratedBy '/Game/RollingBP/Maps/RollingBPExampleMap.RollingBPExampleMap:PersistentLevel.RollingBPExampleMap'
[2015.12.24-15.28.37:075][217]LogNet: NotifyAcceptingConnection: Server RollingBPExampleMap accept
[2015.12.24-15.28.37:075][217]LogNet: Open RollingBPExampleMap 12/24/15 16:28:37 127.0.0.1
[2015.12.24-15.28.37:075][217]LogNet: Added client connection.  Remote address = 127.0.0.1:65321
[2015.12.24-15.28.37:075][217]LogNet: NotifyAcceptingChannel Control 0 server World /Game/RollingBP/Maps/UEDPIE_1_RollingBPExampleMap.RollingBPExampleMap: Accepted
[2015.12.24-15.28.37:075][217]LogNet: Remote platform little endian=1
[2015.12.24-15.28.37:075][217]LogNet: This platform little endian=1
[2015.12.24-15.28.37:075][217]LogNet: GetLocalNetworkVersion: GEngineNetVersion: 2791327, ProjectName: rollingderby, ProjectVersion: 1.0.0.0, InternalProtocolVersion: 9, LocalNetworkVersion: 4264634188
[2015.12.24-15.28.37:092][218]LogNet: Login request: /Game/custom/menu userId: Invalid
[2015.12.24-15.28.37:094][218]LogNet: Welcomed by server (Level: /Game/RollingBP/Maps/UEDPIE_1_RollingBPExampleMap, Game: /Game/RollingBP/Blueprints/RollingGameMode.RollingGameMode_C)
[2015.12.24-15.28.37:197][218]LogLoad: LoadMap: 127.0.0.1//Game/RollingBP/Maps/UEDPIE_1_RollingBPExampleMap?game=/Game/RollingBP/Blueprints/RollingGameMode.RollingGameMode_C
[2015.12.24-15.28.37:215][218]LogParticles: Destroying 0 GPU particle simulations for FXSystem 0x0000021F99690CC0
[2015.12.24-15.28.37:217][218]Cmd: MEM
[2015.12.24-15.28.37:232][218]LogMemory: Platform Memory Stats for Windows
[2015.12.24-15.28.37:232][218]LogMemory: Process Physical Memory: 674.10 MB used, 689.90 MB peak
[2015.12.24-15.28.37:232][218]LogMemory: Process Virtual Memory: 1268.29 MB used, 1268.32 MB peak
[2015.12.24-15.28.37:232][218]LogMemory: Physical Memory: 5161.52 MB used, 16294.66 MB total
[2015.12.24-15.28.37:232][218]LogMemory: Virtual Memory: 1999.64 MB used, 134217728.00 MB total
[2015.12.24-15.28.37:232][218]LogMemory: 
[2015.12.24-15.28.37:232][218]Allocator Stats for TBB: (not implemented)
[2015.12.24-15.28.37:260][218]LogWorld: PIE: Copying PIE streaming level from /Game/RollingBP/Maps/RollingBPExampleMap.RollingBPExampleMap to /Game/RollingBP/Maps/UEDPIE_2_RollingBPExampleMap.RollingBPExampleMap. OwningWorld: None
[2015.12.24-15.28.37:261][218]LogAIModule: Creating AISystem for world RollingBPExampleMap
[2015.12.24-15.28.37:271][218]LogWorld: Bringing World /Game/RollingBP/Maps/UEDPIE_2_RollingBPExampleMap.RollingBPExampleMap up for play (max tick rate 60) at 2015.12.24-16.28.37
[2015.12.24-15.28.37:271][218]LogWorld: Bringing up level for play took: 0.008776
[2015.12.24-15.28.37:313][219]LogRenderer: Reallocating scene render targets to support 1280x720 (Frame:127).
[2015.12.24-15.28.37:317][219]LogNet: Client netspeed is 10000
[2015.12.24-15.28.37:317][219]LogNet: Join request: /Game/custom/menu?SplitscreenCount=1
[2015.12.24-15.28.37:318][219]LogNet: Join succeeded: 259
[2015.12.24-15.28.38:787][244]LogBlueprintUserMessages: [PhysicsBallBP_C_20] Client 1: Collision! V1: 0.0 V2: 0.0
[2015.12.24-15.28.38:787][244]LogBlueprintUserMessages: [PhysicsBallBP_C_8] Client 1: Collision! V1: 0.0 V2: 0.0
[2015.12.24-15.28.38:841][245]LogBlueprintUserMessages: [PhysicsBallBP_C_19] Server: Collision! V1: 0.0 V2: 0.0
[2015.12.24-15.28.38:841][245]LogBlueprintUserMessages: [PhysicsBallBP_C_8] Server: Collision! V1: 0.0 V2: 0.0
[2015.12.24-15.28.39:511][257]LogBlueprintUserMessages: [PhysicsBallBP_C_20] Client 1: Collision! V1: 0.0 V2: 0.0
[2015.12.24-15.28.39:511][257]LogBlueprintUserMessages: [PhysicsBallBP_C_6] Client 1: Collision! V1: 0.0 V2: 0.0
[2015.12.24-15.28.39:562][258]LogBlueprintUserMessages: [PhysicsBallBP_C_19] Server: Collision! V1: 0.0 V2: 0.0
[2015.12.24-15.28.39:562][258]LogBlueprintUserMessages: [PhysicsBallBP_C_6] Server: Collision! V1: 0.0 V2: 0.0
[2015.12.24-15.28.39:744][261]LogBlueprintUserMessages: [PhysicsBallBP_C_8] Client 1: Collision! V1: 0.0 V2: 0.0
[2015.12.24-15.28.39:744][261]LogBlueprintUserMessages: [PhysicsBallBP_C_7] Client 1: Collision! V1: 0.0 V2: 0.0
[2015.12.24-15.28.39:800][262]LogBlueprintUserMessages: [PhysicsBallBP_C_8] Server: Collision! V1: 0.0 V2: 0.0
[2015.12.24-15.28.39:800][262]LogBlueprintUserMessages: [PhysicsBallBP_C_7] Server: Collision! V1: 0.0 V2: 0.0
[2015.12.24-15.28.40:910][282]LogBlueprintUserMessages: Early EndPlayMap Detection: Level '/Game/RollingBP/Maps/RollingBPExampleMap.RollingBPExampleMap:PersistentLevel' has LevelScriptBlueprint '/Game/RollingBP/Maps/RollingBPExampleMap.RollingBPExampleMap:PersistentLevel.RollingBPExampleMap' with GeneratedClass '/Game/RollingBP/Maps/RollingBPExampleMap.RollingBPExampleMap_C' with ClassGeneratedBy '/Game/RollingBP/Maps/RollingBPExampleMap.RollingBPExampleMap:PersistentLevel.RollingBPExampleMap'
[2015.12.24-15.28.41:004][282]LogSpawn:Warning: SpawnActor failed because we are in the process of tearing down the world
[2015.12.24-15.28.41:050][282]LogBlueprintUserMessages: Late EndPlayMap Detection: Level '/Game/RollingBP/Maps/RollingBPExampleMap.RollingBPExampleMap:PersistentLevel' has LevelScriptBlueprint '/Game/RollingBP/Maps/RollingBPExampleMap.RollingBPExampleMap:PersistentLevel.RollingBPExampleMap' with GeneratedClass '/Game/RollingBP/Maps/RollingBPExampleMap.RollingBPExampleMap_C' with ClassGeneratedBy '/Game/RollingBP/Maps/RollingBPExampleMap.RollingBPExampleMap:PersistentLevel.RollingBPExampleMap'
[2015.12.24-15.28.41:064][282]LogNet: UChannel::CleanUp: [GameNetDriver] [None] [None]. ChIndex == 0. Closing connection.
[2015.12.24-15.28.41:064][282]LogNet: UNetConnection::Close: Name: IpConnection_3, Driver: GameNetDriver IpNetDriver_2, PC: None, Owner: None, Channels: 2, RemoteAddr: 127.0.0.1:65321, Time: 2015.12.24-15.28.41
[2015.12.24-15.28.41:064][282]LogNet: UChannel::Close: Sending CloseBunch. ChIndex == 0. Name: ControlChannel_3
[2015.12.24-15.28.41:064][282]LogNet: UChannel::CleanUp: [GameNetDriver] [None] [None]. ChIndex == 0. Closing connection.
[2015.12.24-15.28.41:064][282]LogNet: UNetConnection::Close: Name: IpConnection_2, Driver: GameNetDriver IpNetDriver_3, PC: None, Owner: None, Channels: 2, RemoteAddr: 127.0.0.1:7777, Time: 2015.12.24-15.28.41
[2015.12.24-15.28.41:064][282]LogNet: UChannel::Close: Sending CloseBunch. ChIndex == 0. Name: ControlChannel_2
[2015.12.24-15.28.41:071][282]LogExit: GameNetDriver None shut down
[2015.12.24-15.28.41:071][282]LogExit: GameNetDriver None shut down
[2015.12.24-15.28.41:072][282]LogParticles: Destroying 0 GPU particle simulations for FXSystem 0x0000021F96AF0540
[2015.12.24-15.28.41:082][282]LogParticles: Destroying 0 GPU particle simulations for FXSystem 0x0000021F996919E0
[2015.12.24-15.28.44:376][337]LogBlueprintUserMessages: Early PlayInEditor Detection: Level '/Game/RollingBP/Maps/RollingBPExampleMap.RollingBPExampleMap:PersistentLevel' has LevelScriptBlueprint '/Game/RollingBP/Maps/RollingBPExampleMap.RollingBPExampleMap:PersistentLevel.RollingBPExampleMap' with GeneratedClass '/Game/RollingBP/Maps/RollingBPExampleMap.RollingBPExampleMap_C' with ClassGeneratedBy '/Game/RollingBP/Maps/RollingBPExampleMap.RollingBPExampleMap:PersistentLevel.RollingBPExampleMap'
[2015.12.24-15.28.44:376][337]LogPlayLevel: PlayLevel: No blueprints needed recompiling
[2015.12.24-15.28.44:376][337]PIE: New page: PIE session: RollingBPExampleMap (Dec 24, 2015, 5:28:44 PM)
[2015.12.24-15.28.44:376][337]LogPlayLevel: Creating play world package: /Game/RollingBP/Maps/UEDPIE_0_RollingBPExampleMap
[2015.12.24-15.28.44:409][337]LogPlayLevel: PIE: StaticDuplicateObject took: (0.032702s)
[2015.12.24-15.28.44:409][337]LogAIModule: Creating AISystem for world RollingBPExampleMap
[2015.12.24-15.28.44:410][337]LogPlayLevel: PIE: World Init took: (0.000938s)
[2015.12.24-15.28.44:410][337]LogPlayLevel: PIE: Created PIE world by copying editor world from /Game/RollingBP/Maps/RollingBPExampleMap.RollingBPExampleMap to /Game/RollingBP/Maps/UEDPIE_0_RollingBPExampleMap.RollingBPExampleMap (0.034007s)
[2015.12.24-15.28.44:434][337]LogInit: XAudio2 using 'HeadPhone/Digital Output (Realtek High Definition Audio)' : 8 channels at 48 kHz using 32 bits per sample (channel mask 0x63f)
[2015.12.24-15.28.44:444][337]LogInit: FAudioDevice initialized.
[2015.12.24-15.28.44:482][337]LogWorld: Game class is 'RollingGameMode_C'
[2015.12.24-15.28.44:492][337]LogWorld: Bringing World /Game/RollingBP/Maps/UEDPIE_0_RollingBPExampleMap.RollingBPExampleMap up for play (max tick rate 60) at 2015.12.24-16.28.44
[2015.12.24-15.28.44:492][337]LogActor:Warning: GameSession /Game/RollingBP/Maps/UEDPIE_0_RollingBPExampleMap.RollingBPExampleMap:PersistentLevel.GameSession_2 has natively added scene component(s), but none of them were set as the actor's RootComponent - picking one arbitrarily
[2015.12.24-15.28.44:493][337]LogActor:Warning: GameNetworkManager /Game/RollingBP/Maps/UEDPIE_0_RollingBPExampleMap.RollingBPExampleMap:PersistentLevel.GameNetworkManager_2 has natively added scene component(s), but none of them were set as the actor's RootComponent - picking one arbitrarily
[2015.12.24-15.28.44:494][337]LogWorld: Bringing up level for play took: 0.010411
[2015.12.24-15.28.44:496][337]PIE: Info Play in editor start time for /Game/RollingBP/Maps/UEDPIE_0_RollingBPExampleMap 0.816
[2015.12.24-15.28.44:496][337]LogBlueprintUserMessages: Late PlayInEditor Detection: Level '/Game/RollingBP/Maps/RollingBPExampleMap.RollingBPExampleMap:PersistentLevel' has LevelScriptBlueprint '/Game/RollingBP/Maps/RollingBPExampleMap.RollingBPExampleMap:PersistentLevel.RollingBPExampleMap' with GeneratedClass '/Game/RollingBP/Maps/RollingBPExampleMap.RollingBPExampleMap_C' with ClassGeneratedBy '/Game/RollingBP/Maps/RollingBPExampleMap.RollingBPExampleMap:PersistentLevel.RollingBPExampleMap'
[2015.12.24-15.28.45:988][424]LogBlueprintUserMessages: [PhysicsBallBP_C_8] Collision! V1: 0.0 V2: 0.0
[2015.12.24-15.28.45:988][424]LogBlueprintUserMessages: [PhysicsBallBP_C_7] Collision! V1: 0.0 V2: 0.0
[2015.12.24-15.28.47:539][517]LogBlueprintUserMessages: [massPowerUp2] New scale: 2.598076 New Mass: 6305.32373
[2015.12.24-15.28.47:904][539]LogBlueprintUserMessages: [massPowerUp_C_1] New scale: 2.598076 New Mass: 6305.32373
[2015.12.24-15.28.49:272][621]LogBlueprintUserMessages: [PhysicsBallBP_C_21] Collision! V1: 0.0 V2: 5795992.0
[2015.12.24-15.28.50:162][673]LogBlueprintUserMessages: [massPowerUp5] New scale: 3.897114 New Mass: 30664.984375
[2015.12.24-15.28.52:180][794]LogBlueprintUserMessages: [massPowerUp6] New scale: 5.845672 New Mass: 149134.5
[2015.12.24-15.28.57:329][103]LogBlueprintUserMessages: Early EndPlayMap Detection: Level '/Game/RollingBP/Maps/RollingBPExampleMap.RollingBPExampleMap:PersistentLevel' has LevelScriptBlueprint '/Game/RollingBP/Maps/RollingBPExampleMap.RollingBPExampleMap:PersistentLevel.RollingBPExampleMap' with GeneratedClass '/Game/RollingBP/Maps/RollingBPExampleMap.RollingBPExampleMap_C' with ClassGeneratedBy '/Game/RollingBP/Maps/RollingBPExampleMap.RollingBPExampleMap:PersistentLevel.RollingBPExampleMap'
[2015.12.24-15.28.57:374][103]LogBlueprintUserMessages: Late EndPlayMap Detection: Level '/Game/RollingBP/Maps/RollingBPExampleMap.RollingBPExampleMap:PersistentLevel' has LevelScriptBlueprint '/Game/RollingBP/Maps/RollingBPExampleMap.RollingBPExampleMap:PersistentLevel.RollingBPExampleMap' with GeneratedClass '/Game/RollingBP/Maps/RollingBPExampleMap.RollingBPExampleMap_C' with ClassGeneratedBy '/Game/RollingBP/Maps/RollingBPExampleMap.RollingBPExampleMap:PersistentLevel.RollingBPExampleMap'
[2015.12.24-15.28.57:396][103]LogParticles: Destroying 0 GPU particle simulations for FXSystem 0x0000021F997B4C20
[2015.12.24-15.29.01:005][212]LogBlueprintUserMessages: Early PlayInEditor Detection: Level '/Game/RollingBP/Maps/RollingBPExampleMap.RollingBPExampleMap:PersistentLevel' has LevelScriptBlueprint '/Game/RollingBP/Maps/RollingBPExampleMap.RollingBPExampleMap:PersistentLevel.RollingBPExampleMap' with GeneratedClass '/Game/RollingBP/Maps/RollingBPExampleMap.RollingBPExampleMap_C' with ClassGeneratedBy '/Game/RollingBP/Maps/RollingBPExampleMap.RollingBPExampleMap:PersistentLevel.RollingBPExampleMap'
[2015.12.24-15.29.01:005][212]LogPlayLevel: PlayLevel: No blueprints needed recompiling
[2015.12.24-15.29.01:007][212]PIE: New page: PIE session: RollingBPExampleMap (Dec 24, 2015, 5:29:01 PM)
[2015.12.24-15.29.01:007][212]LogPlayLevel: Creating play world package: /Game/RollingBP/Maps/UEDPIE_1_RollingBPExampleMap
[2015.12.24-15.29.01:041][212]LogPlayLevel: PIE: StaticDuplicateObject took: (0.033522s)
[2015.12.24-15.29.01:042][212]LogAIModule: Creating AISystem for world RollingBPExampleMap
[2015.12.24-15.29.01:042][212]LogPlayLevel: PIE: World Init took: (0.001044s)
[2015.12.24-15.29.01:042][212]LogPlayLevel: PIE: Created PIE world by copying editor world from /Game/RollingBP/Maps/RollingBPExampleMap.RollingBPExampleMap to /Game/RollingBP/Maps/UEDPIE_1_RollingBPExampleMap.RollingBPExampleMap (0.035067s)
[2015.12.24-15.29.01:069][212]LogInit: XAudio2 using 'HeadPhone/Digital Output (Realtek High Definition Audio)' : 8 channels at 48 kHz using 32 bits per sample (channel mask 0x63f)
[2015.12.24-15.29.01:080][212]LogInit: FAudioDevice initialized.
[2015.12.24-15.29.01:117][212]LogWorld: Game class is 'RollingGameMode_C'
[2015.12.24-15.29.01:129][212]LogWorld: Bringing World /Game/RollingBP/Maps/UEDPIE_1_RollingBPExampleMap.RollingBPExampleMap up for play (max tick rate 60) at 2015.12.24-16.29.01
[2015.12.24-15.29.01:129][212]LogActor:Warning: GameSession /Game/RollingBP/Maps/UEDPIE_1_RollingBPExampleMap.RollingBPExampleMap:PersistentLevel.GameSession_3 has natively added scene component(s), but none of them were set as the actor's RootComponent - picking one arbitrarily
[2015.12.24-15.29.01:129][212]LogActor:Warning: GameNetworkManager /Game/RollingBP/Maps/UEDPIE_1_RollingBPExampleMap.RollingBPExampleMap:PersistentLevel.GameNetworkManager_3 has natively added scene component(s), but none of them were set as the actor's RootComponent - picking one arbitrarily
[2015.12.24-15.29.01:130][212]LogWorld: Bringing up level for play took: 0.010647
[2015.12.24-15.29.01:130][212]LogInit: WinSock: Socket queue 131072 / 131072
[2015.12.24-15.29.01:131][212]LogNet: GameNetDriver IpNetDriver_4 IpNetDriver listening on port 7777
[2015.12.24-15.29.01:132][212]PIE: Info Play in editor start time for /Game/RollingBP/Maps/UEDPIE_1_RollingBPExampleMap -0.548
[2015.12.24-15.29.01:133][212]PIE: New page: PIE session: RollingBPExampleMap (Dec 24, 2015, 5:29:01 PM)
[2015.12.24-15.29.01:261][212]LogNet: Browse: 127.0.0.1//Game/custom/menu
[2015.12.24-15.29.01:261][212]LogInit: WinSock: Socket queue 32768 / 32768
[2015.12.24-15.29.01:261][212]LogNet: Game client on port 7777, rate 10000
[2015.12.24-15.29.01:261][212]LogNet: GetLocalNetworkVersion: GEngineNetVersion: 2791327, ProjectName: rollingderby, ProjectVersion: 1.0.0.0, InternalProtocolVersion: 9, LocalNetworkVersion: 4264634188
[2015.12.24-15.29.01:289][212]PIE: Info Play in editor start time for /Game/custom/menu -0.39
[2015.12.24-15.29.01:292][212]LogBlueprintUserMessages: Late PlayInEditor Detection: Level '/Game/RollingBP/Maps/RollingBPExampleMap.RollingBPExampleMap:PersistentLevel' has LevelScriptBlueprint '/Game/RollingBP/Maps/RollingBPExampleMap.RollingBPExampleMap:PersistentLevel.RollingBPExampleMap' with GeneratedClass '/Game/RollingBP/Maps/RollingBPExampleMap.RollingBPExampleMap_C' with ClassGeneratedBy '/Game/RollingBP/Maps/RollingBPExampleMap.RollingBPExampleMap:PersistentLevel.RollingBPExampleMap'
[2015.12.24-15.29.01:292][212]LogNet: NotifyAcceptingConnection: Server RollingBPExampleMap accept
[2015.12.24-15.29.01:292][212]LogNet: Open RollingBPExampleMap 12/24/15 16:29:01 127.0.0.1
[2015.12.24-15.29.01:292][212]LogNet: Added client connection.  Remote address = 127.0.0.1:60033
[2015.12.24-15.29.01:292][212]LogNet: NotifyAcceptingChannel Control 0 server World /Game/RollingBP/Maps/UEDPIE_1_RollingBPExampleMap.RollingBPExampleMap: Accepted
[2015.12.24-15.29.01:292][212]LogNet: Remote platform little endian=1
[2015.12.24-15.29.01:292][212]LogNet: This platform little endian=1
[2015.12.24-15.29.01:292][212]LogNet: GetLocalNetworkVersion: GEngineNetVersion: 2791327, ProjectName: rollingderby, ProjectVersion: 1.0.0.0, InternalProtocolVersion: 9, LocalNetworkVersion: 4264634188
[2015.12.24-15.29.01:309][213]LogNet: Login request: /Game/custom/menu userId: Invalid
[2015.12.24-15.29.01:311][213]LogNet: Welcomed by server (Level: /Game/RollingBP/Maps/UEDPIE_1_RollingBPExampleMap, Game: /Game/RollingBP/Blueprints/RollingGameMode.RollingGameMode_C)
[2015.12.24-15.29.01:389][213]LogLoad: LoadMap: 127.0.0.1//Game/RollingBP/Maps/UEDPIE_1_RollingBPExampleMap?game=/Game/RollingBP/Blueprints/RollingGameMode.RollingGameMode_C
[2015.12.24-15.29.01:410][213]LogParticles: Destroying 0 GPU particle simulations for FXSystem 0x0000021F9CF5FBA0
[2015.12.24-15.29.01:413][213]Cmd: MEM
[2015.12.24-15.29.01:431][213]LogMemory: Platform Memory Stats for Windows
[2015.12.24-15.29.01:432][213]LogMemory: Process Physical Memory: 701.29 MB used, 716.57 MB peak
[2015.12.24-15.29.01:432][213]LogMemory: Process Virtual Memory: 1437.96 MB used, 1479.31 MB peak
[2015.12.24-15.29.01:432][213]LogMemory: Physical Memory: 5312.48 MB used, 16294.66 MB total
[2015.12.24-15.29.01:432][213]LogMemory: Virtual Memory: 2209.46 MB used, 134217728.00 MB total
[2015.12.24-15.29.01:432][213]LogMemory: 
[2015.12.24-15.29.01:432][213]Allocator Stats for TBB: (not implemented)
[2015.12.24-15.29.01:464][213]LogWorld: PIE: Copying PIE streaming level from /Game/RollingBP/Maps/RollingBPExampleMap.RollingBPExampleMap to /Game/RollingBP/Maps/UEDPIE_2_RollingBPExampleMap.RollingBPExampleMap. OwningWorld: None
[2015.12.24-15.29.01:466][213]LogAIModule: Creating AISystem for world RollingBPExampleMap
[2015.12.24-15.29.01:475][213]LogWorld: Bringing World /Game/RollingBP/Maps/UEDPIE_2_RollingBPExampleMap.RollingBPExampleMap up for play (max tick rate 60) at 2015.12.24-16.29.01
[2015.12.24-15.29.01:475][213]LogWorld: Bringing up level for play took: 0.008520
[2015.12.24-15.29.01:519][214]LogNet: Client netspeed is 10000
[2015.12.24-15.29.01:519][214]LogNet: Join request: /Game/custom/menu?SplitscreenCount=1
[2015.12.24-15.29.01:521][214]LogSpawn:Warning: SpawnActor failed because of collision at the spawn location [X=-230.000 Y=253.557 Z=202.001] for [PhysicsBallBP_C]
[2015.12.24-15.29.01:521][214]LogSpawn:Warning: SpawnActor failed because the spawned actor IsPendingKill
[2015.12.24-15.29.01:521][214]LogGameMode:Warning: Couldn't spawn Pawn of type PhysicsBallBP_C at NetworkPlayerStart
[2015.12.24-15.29.01:521][214]LogNet: Join succeeded: 262
[2015.12.24-15.29.02:806][237]LogBlueprintUserMessages: [PhysicsBallBP_C_24] Client 1: Collision! V1: 0.0 V2: 0.0
[2015.12.24-15.29.02:806][237]LogBlueprintUserMessages: [PhysicsBallBP_C_8] Client 1: Collision! V1: 0.0 V2: 0.0
[2015.12.24-15.29.02:859][238]LogBlueprintUserMessages: [PhysicsBallBP_C_22] Server: Collision! V1: 0.0 V2: 0.0
[2015.12.24-15.29.02:859][238]LogBlueprintUserMessages: [PhysicsBallBP_C_8] Server: Collision! V1: 0.0 V2: 0.0
[2015.12.24-15.29.03:023][241]LogBlueprintUserMessages: Early EndPlayMap Detection: Level '/Game/RollingBP/Maps/RollingBPExampleMap.RollingBPExampleMap:PersistentLevel' has LevelScriptBlueprint '/Game/RollingBP/Maps/RollingBPExampleMap.RollingBPExampleMap:PersistentLevel.RollingBPExampleMap' with GeneratedClass '/Game/RollingBP/Maps/RollingBPExampleMap.RollingBPExampleMap_C' with ClassGeneratedBy '/Game/RollingBP/Maps/RollingBPExampleMap.RollingBPExampleMap:PersistentLevel.RollingBPExampleMap'
[2015.12.24-15.29.03:114][241]LogSpawn:Warning: SpawnActor failed because we are in the process of tearing down the world
[2015.12.24-15.29.03:163][241]LogBlueprintUserMessages: Late EndPlayMap Detection: Level '/Game/RollingBP/Maps/RollingBPExampleMap.RollingBPExampleMap:PersistentLevel' has LevelScriptBlueprint '/Game/RollingBP/Maps/RollingBPExampleMap.RollingBPExampleMap:PersistentLevel.RollingBPExampleMap' with GeneratedClass '/Game/RollingBP/Maps/RollingBPExampleMap.RollingBPExampleMap_C' with ClassGeneratedBy '/Game/RollingBP/Maps/RollingBPExampleMap.RollingBPExampleMap:PersistentLevel.RollingBPExampleMap'
[2015.12.24-15.29.03:178][241]LogNet: UChannel::CleanUp: [GameNetDriver] [None] [None]. ChIndex == 0. Closing connection.
[2015.12.24-15.29.03:178][241]LogNet: UNetConnection::Close: Name: IpConnection_5, Driver: GameNetDriver IpNetDriver_4, PC: None, Owner: None, Channels: 2, RemoteAddr: 127.0.0.1:60033, Time: 2015.12.24-15.29.03
[2015.12.24-15.29.03:178][241]LogNet: UChannel::Close: Sending CloseBunch. ChIndex == 0. Name: ControlChannel_5
[2015.12.24-15.29.03:178][241]LogNet: UChannel::CleanUp: [GameNetDriver] [None] [None]. ChIndex == 0. Closing connection.
[2015.12.24-15.29.03:178][241]LogNet: UNetConnection::Close: Name: IpConnection_4, Driver: GameNetDriver IpNetDriver_5, PC: None, Owner: None, Channels: 2, RemoteAddr: 127.0.0.1:7777, Time: 2015.12.24-15.29.03
[2015.12.24-15.29.03:178][241]LogNet: UChannel::Close: Sending CloseBunch. ChIndex == 0. Name: ControlChannel_4
[2015.12.24-15.29.03:184][241]LogExit: GameNetDriver None shut down
[2015.12.24-15.29.03:184][241]LogExit: GameNetDriver None shut down
[2015.12.24-15.29.03:185][241]LogParticles: Destroying 0 GPU particle simulations for FXSystem 0x0000021F9699F600
[2015.12.24-15.29.03:195][241]LogParticles: Destroying 0 GPU particle simulations for FXSystem 0x0000021F99140180
[2015.12.24-15.29.03:823][259]LogBlueprintUserMessages: Early PlayInEditor Detection: Level '/Game/RollingBP/Maps/RollingBPExampleMap.RollingBPExampleMap:PersistentLevel' has LevelScriptBlueprint '/Game/RollingBP/Maps/RollingBPExampleMap.RollingBPExampleMap:PersistentLevel.RollingBPExampleMap' with GeneratedClass '/Game/RollingBP/Maps/RollingBPExampleMap.RollingBPExampleMap_C' with ClassGeneratedBy '/Game/RollingBP/Maps/RollingBPExampleMap.RollingBPExampleMap:PersistentLevel.RollingBPExampleMap'
[2015.12.24-15.29.03:823][259]LogPlayLevel: PlayLevel: No blueprints needed recompiling
[2015.12.24-15.29.03:828][259]PIE: New page: PIE session: RollingBPExampleMap (Dec 24, 2015, 5:29:03 PM)
[2015.12.24-15.29.03:828][259]LogPlayLevel: Creating play world package: /Game/RollingBP/Maps/UEDPIE_1_RollingBPExampleMap
[2015.12.24-15.29.03:855][259]LogPlayLevel: PIE: StaticDuplicateObject took: (0.026913s)
[2015.12.24-15.29.03:855][259]LogAIModule: Creating AISystem for world RollingBPExampleMap
[2015.12.24-15.29.03:855][259]LogPlayLevel: PIE: World Init took: (0.000697s)
[2015.12.24-15.29.03:856][259]LogPlayLevel: PIE: Created PIE world by copying editor world from /Game/RollingBP/Maps/RollingBPExampleMap.RollingBPExampleMap to /Game/RollingBP/Maps/UEDPIE_1_RollingBPExampleMap.RollingBPExampleMap (0.027914s)
[2015.12.24-15.29.03:882][259]LogInit: XAudio2 using 'HeadPhone/Digital Output (Realtek High Definition Audio)' : 8 channels at 48 kHz using 32 bits per sample (channel mask 0x63f)
[2015.12.24-15.29.03:891][259]LogInit: FAudioDevice initialized.
[2015.12.24-15.29.03:926][259]LogWorld: Game class is 'RollingGameMode_C'
[2015.12.24-15.29.03:937][259]LogWorld: Bringing World /Game/RollingBP/Maps/UEDPIE_1_RollingBPExampleMap.RollingBPExampleMap up for play (max tick rate 60) at 2015.12.24-16.29.03
[2015.12.24-15.29.03:937][259]LogActor:Warning: GameSession /Game/RollingBP/Maps/UEDPIE_1_RollingBPExampleMap.RollingBPExampleMap:PersistentLevel.GameSession_4 has natively added scene component(s), but none of them were set as the actor's RootComponent - picking one arbitrarily
[2015.12.24-15.29.03:937][259]LogActor:Warning: GameNetworkManager /Game/RollingBP/Maps/UEDPIE_1_RollingBPExampleMap.RollingBPExampleMap:PersistentLevel.GameNetworkManager_4 has natively added scene component(s), but none of them were set as the actor's RootComponent - picking one arbitrarily
[2015.12.24-15.29.03:938][259]LogWorld: Bringing up level for play took: 0.010083
[2015.12.24-15.29.03:939][259]LogInit: WinSock: Socket queue 131072 / 131072
[2015.12.24-15.29.03:939][259]LogNet: GameNetDriver IpNetDriver_6 IpNetDriver listening on port 7777
[2015.12.24-15.29.03:940][259]PIE: Info Play in editor start time for /Game/RollingBP/Maps/UEDPIE_1_RollingBPExampleMap 0.261
[2015.12.24-15.29.03:943][259]PIE: New page: PIE session: RollingBPExampleMap (Dec 24, 2015, 5:29:03 PM)
[2015.12.24-15.29.04:074][259]LogNet: Browse: 127.0.0.1//Game/custom/menu
[2015.12.24-15.29.04:074][259]LogInit: WinSock: Socket queue 32768 / 32768
[2015.12.24-15.29.04:075][259]LogNet: Game client on port 7777, rate 10000
[2015.12.24-15.29.04:075][259]LogNet: GetLocalNetworkVersion: GEngineNetVersion: 2791327, ProjectName: rollingderby, ProjectVersion: 1.0.0.0, InternalProtocolVersion: 9, LocalNetworkVersion: 4264634188
[2015.12.24-15.29.04:106][259]PIE: Info Play in editor start time for /Game/custom/menu 0.427
[2015.12.24-15.29.04:109][259]LogBlueprintUserMessages: Late PlayInEditor Detection: Level '/Game/RollingBP/Maps/RollingBPExampleMap.RollingBPExampleMap:PersistentLevel' has LevelScriptBlueprint '/Game/RollingBP/Maps/RollingBPExampleMap.RollingBPExampleMap:PersistentLevel.RollingBPExampleMap' with GeneratedClass '/Game/RollingBP/Maps/RollingBPExampleMap.RollingBPExampleMap_C' with ClassGeneratedBy '/Game/RollingBP/Maps/RollingBPExampleMap.RollingBPExampleMap:PersistentLevel.RollingBPExampleMap'
[2015.12.24-15.29.04:109][259]LogNet: NotifyAcceptingConnection: Server RollingBPExampleMap accept
[2015.12.24-15.29.04:109][259]LogNet: Open RollingBPExampleMap 12/24/15 16:29:04 127.0.0.1
[2015.12.24-15.29.04:109][259]LogNet: Added client connection.  Remote address = 127.0.0.1:60034
[2015.12.24-15.29.04:109][259]LogNet: NotifyAcceptingChannel Control 0 server World /Game/RollingBP/Maps/UEDPIE_1_RollingBPExampleMap.RollingBPExampleMap: Accepted
[2015.12.24-15.29.04:109][259]LogNet: Remote platform little endian=1
[2015.12.24-15.29.04:109][259]LogNet: This platform little endian=1
[2015.12.24-15.29.04:109][259]LogNet: GetLocalNetworkVersion: GEngineNetVersion: 2791327, ProjectName: rollingderby, ProjectVersion: 1.0.0.0, InternalProtocolVersion: 9, LocalNetworkVersion: 4264634188
[2015.12.24-15.29.04:128][260]LogNet: Login request: /Game/custom/menu userId: Invalid
[2015.12.24-15.29.04:130][260]LogNet: Welcomed by server (Level: /Game/RollingBP/Maps/UEDPIE_1_RollingBPExampleMap, Game: /Game/RollingBP/Blueprints/RollingGameMode.RollingGameMode_C)
[2015.12.24-15.29.04:218][260]LogLoad: LoadMap: 127.0.0.1//Game/RollingBP/Maps/UEDPIE_1_RollingBPExampleMap?game=/Game/RollingBP/Blueprints/RollingGameMode.RollingGameMode_C
[2015.12.24-15.29.04:238][260]LogParticles: Destroying 0 GPU particle simulations for FXSystem 0x0000021F9CF5ECA0
[2015.12.24-15.29.04:240][260]Cmd: MEM
[2015.12.24-15.29.04:258][260]LogMemory: Platform Memory Stats for Windows
[2015.12.24-15.29.04:258][260]LogMemory: Process Physical Memory: 705.52 MB used, 721.88 MB peak
[2015.12.24-15.29.04:258][260]LogMemory: Process Virtual Memory: 1509.88 MB used, 1522.38 MB peak
[2015.12.24-15.29.04:258][260]LogMemory: Physical Memory: 5323.16 MB used, 16294.66 MB total
[2015.12.24-15.29.04:258][260]LogMemory: Virtual Memory: 2245.46 MB used, 134217728.00 MB total
[2015.12.24-15.29.04:258][260]LogMemory: 
[2015.12.24-15.29.04:258][260]Allocator Stats for TBB: (not implemented)
[2015.12.24-15.29.04:295][260]LogWorld: PIE: Copying PIE streaming level from /Game/RollingBP/Maps/RollingBPExampleMap.RollingBPExampleMap to /Game/RollingBP/Maps/UEDPIE_2_RollingBPExampleMap.RollingBPExampleMap. OwningWorld: None
[2015.12.24-15.29.04:297][260]LogAIModule: Creating AISystem for world RollingBPExampleMap
[2015.12.24-15.29.04:306][260]LogWorld: Bringing World /Game/RollingBP/Maps/UEDPIE_2_RollingBPExampleMap.RollingBPExampleMap up for play (max tick rate 60) at 2015.12.24-16.29.04
[2015.12.24-15.29.04:307][260]LogWorld: Bringing up level for play took: 0.008164
[2015.12.24-15.29.04:371][261]LogNet: Client netspeed is 10000
[2015.12.24-15.29.04:371][261]LogNet: Join request: /Game/custom/menu?SplitscreenCount=1
[2015.12.24-15.29.04:372][261]LogSpawn:Warning: SpawnActor failed because of collision at the spawn location [X=-190.000 Y=-970.000 Z=842.000] for [PhysicsBallBP_C]
[2015.12.24-15.29.04:373][261]LogSpawn:Warning: SpawnActor failed because the spawned actor IsPendingKill
[2015.12.24-15.29.04:373][261]LogGameMode:Warning: Couldn't spawn Pawn of type PhysicsBallBP_C at PlayerStart_5
[2015.12.24-15.29.04:373][261]LogNet: Join succeeded: 264
[2015.12.24-15.29.05:136][274]LogBlueprintUserMessages: Early EndPlayMap Detection: Level '/Game/RollingBP/Maps/RollingBPExampleMap.RollingBPExampleMap:PersistentLevel' has LevelScriptBlueprint '/Game/RollingBP/Maps/RollingBPExampleMap.RollingBPExampleMap:PersistentLevel.RollingBPExampleMap' with GeneratedClass '/Game/RollingBP/Maps/RollingBPExampleMap.RollingBPExampleMap_C' with ClassGeneratedBy '/Game/RollingBP/Maps/RollingBPExampleMap.RollingBPExampleMap:PersistentLevel.RollingBPExampleMap'
[2015.12.24-15.29.05:231][274]LogSpawn:Warning: SpawnActor failed because we are in the process of tearing down the world
[2015.12.24-15.29.05:280][274]LogBlueprintUserMessages: Late EndPlayMap Detection: Level '/Game/RollingBP/Maps/RollingBPExampleMap.RollingBPExampleMap:PersistentLevel' has LevelScriptBlueprint '/Game/RollingBP/Maps/RollingBPExampleMap.RollingBPExampleMap:PersistentLevel.RollingBPExampleMap' with GeneratedClass '/Game/RollingBP/Maps/RollingBPExampleMap.RollingBPExampleMap_C' with ClassGeneratedBy '/Game/RollingBP/Maps/RollingBPExampleMap.RollingBPExampleMap:PersistentLevel.RollingBPExampleMap'
[2015.12.24-15.29.05:299][274]LogNet: UChannel::CleanUp: [GameNetDriver] [None] [None]. ChIndex == 0. Closing connection.
[2015.12.24-15.29.05:299][274]LogNet: UNetConnection::Close: Name: IpConnection_7, Driver: GameNetDriver IpNetDriver_6, PC: None, Owner: None, Channels: 2, RemoteAddr: 127.0.0.1:60034, Time: 2015.12.24-15.29.05
[2015.12.24-15.29.05:299][274]LogNet: UChannel::Close: Sending CloseBunch. ChIndex == 0. Name: ControlChannel_7
[2015.12.24-15.29.05:299][274]LogNet: UChannel::CleanUp: [GameNetDriver] [None] [None]. ChIndex == 0. Closing connection.
[2015.12.24-15.29.05:299][274]LogNet: UNetConnection::Close: Name: IpConnection_6, Driver: GameNetDriver IpNetDriver_7, PC: None, Owner: None, Channels: 2, RemoteAddr: 127.0.0.1:7777, Time: 2015.12.24-15.29.05
[2015.12.24-15.29.05:299][274]LogNet: UChannel::Close: Sending CloseBunch. ChIndex == 0. Name: ControlChannel_6
[2015.12.24-15.29.05:307][274]LogExit: GameNetDriver None shut down
[2015.12.24-15.29.05:307][274]LogExit: GameNetDriver None shut down
[2015.12.24-15.29.05:307][274]LogParticles: Destroying 0 GPU particle simulations for FXSystem 0x0000021F9699E520
[2015.12.24-15.29.05:320][274]LogParticles: Destroying 0 GPU particle simulations for FXSystem 0x0000021F96AF3380
[2015.12.24-15.29.10:180][469]LogLinker:Warning: Asset '../../../Engine/Content/ArtTools/RenderToTexture/Macros/RenderToTextureMacros.uasset' has been saved with empty engine version. The asset will be loaded but may be incompatible.
[2015.12.24-15.29.10:583][469]LogContentBrowser: Native class hierarchy updated for 'BlueprintGraph' in 0.0006 seconds. Added 107 classes and 0 folders.
[2015.12.24-15.29.13:359][521]LogAIModule: Creating AISystem for world arena
[2015.12.24-15.29.13:390][521]LogParticles: Destroying 0 GPU particle simulations for FXSystem 0x0000021F96888860
[2015.12.24-15.29.13:395][521]Cmd: MAP LOAD FILE="../../../../../../rollingderby/RollingDerby/RollingDerby/Content/custom/arena.umap" TEMPLATE=0 SHOWPROGRESS=1 FEATURELEVEL=3
[2015.12.24-15.29.13:396][521]LightingResults: New page: Lighting Build
[2015.12.24-15.29.13:411][521]LoadErrors: New page: Loading map: arena.umap
[2015.12.24-15.29.13:413][521]MapCheck: New page: Map Check
[2015.12.24-15.29.13:413][521]LightingResults: New page: Lighting Build
[2015.12.24-15.29.13:432][521]LogParticles: Destroying 0 GPU particle simulations for FXSystem 0x0000021F97D94D60
[2015.12.24-15.29.13:440][521]LogEditorServer: Finished looking for orphan Actors (0.000 secs)
[2015.12.24-15.29.13:469][521]Cmd: MAP CHECKDEP NOCLEARLOG
[2015.12.24-15.29.13:511][521]MapCheck: Info Map check complete: 0 Error(s), 0 Warning(s), took 41.363ms to complete.
[2015.12.24-15.29.13:511][521]LogFileHelpers: Loading map 'arena' took 0.117
[2015.12.24-15.29.16:244][572]LogBlueprintUserMessages: Early PlayInEditor Detection: Level '/Game/custom/arena.arena:PersistentLevel' has LevelScriptBlueprint '/Game/custom/arena.arena:PersistentLevel.arena' with GeneratedClass '/Game/custom/arena.arena_C' with ClassGeneratedBy '/Game/custom/arena.arena:PersistentLevel.arena'
[2015.12.24-15.29.16:244][572]LogPlayLevel: PlayLevel: No blueprints needed recompiling
[2015.12.24-15.29.16:244][572]PIE: New page: PIE session: arena (Dec 24, 2015, 5:29:16 PM)
[2015.12.24-15.29.16:244][572]LogPlayLevel: Creating play world package: /Game/custom/UEDPIE_0_arena
[2015.12.24-15.29.16:300][572]LogPlayLevel: PIE: StaticDuplicateObject took: (0.055976s)
[2015.12.24-15.29.16:301][572]LogAIModule: Creating AISystem for world arena
[2015.12.24-15.29.16:302][572]LogPlayLevel: PIE: World Init took: (0.001842s)
[2015.12.24-15.29.16:302][572]LogPlayLevel: PIE: Created PIE world by copying editor world from /Game/custom/arena.arena to /Game/custom/UEDPIE_0_arena.arena (0.058167s)
[2015.12.24-15.29.16:332][572]LogInit: XAudio2 using 'HeadPhone/Digital Output (Realtek High Definition Audio)' : 8 channels at 48 kHz using 32 bits per sample (channel mask 0x63f)
[2015.12.24-15.29.16:342][572]LogInit: FAudioDevice initialized.
[2015.12.24-15.29.16:378][572]LogWorld: Game class is 'RollingGameMode_C'
[2015.12.24-15.29.16:391][572]LogWorld: Bringing World /Game/custom/UEDPIE_0_arena.arena up for play (max tick rate 60) at 2015.12.24-16.29.16
[2015.12.24-15.29.16:391][572]LogActor:Warning: GameSession /Game/custom/UEDPIE_0_arena.arena:PersistentLevel.GameSession_5 has natively added scene component(s), but none of them were set as the actor's RootComponent - picking one arbitrarily
[2015.12.24-15.29.16:391][572]LogActor:Warning: GameNetworkManager /Game/custom/UEDPIE_0_arena.arena:PersistentLevel.GameNetworkManager_5 has natively added scene component(s), but none of them were set as the actor's RootComponent - picking one arbitrarily
[2015.12.24-15.29.16:391][572]LogWorld: Bringing up level for play took: 0.011749
[2015.12.24-15.29.16:395][572]PIE: Info Play in editor start time for /Game/custom/UEDPIE_0_arena 0.716
[2015.12.24-15.29.16:396][572]LogBlueprintUserMessages: Late PlayInEditor Detection: Level '/Game/custom/arena.arena:PersistentLevel' has LevelScriptBlueprint '/Game/custom/arena.arena:PersistentLevel.arena' with GeneratedClass '/Game/custom/arena.arena_C' with ClassGeneratedBy '/Game/custom/arena.arena:PersistentLevel.arena'
[2015.12.24-15.29.20:359][807]LogBlueprintUserMessages: [massPowerUp_C_14] New scale: 2.598076 New Mass: 6305.32373
[2015.12.24-15.29.23:525][997]LogBlueprintUserMessages: Early EndPlayMap Detection: Level '/Game/custom/arena.arena:PersistentLevel' has LevelScriptBlueprint '/Game/custom/arena.arena:PersistentLevel.arena' with GeneratedClass '/Game/custom/arena.arena_C' with ClassGeneratedBy '/Game/custom/arena.arena:PersistentLevel.arena'
[2015.12.24-15.29.23:562][997]LogBlueprintUserMessages: Late EndPlayMap Detection: Level '/Game/custom/arena.arena:PersistentLevel' has LevelScriptBlueprint '/Game/custom/arena.arena:PersistentLevel.arena' with GeneratedClass '/Game/custom/arena.arena_C' with ClassGeneratedBy '/Game/custom/arena.arena:PersistentLevel.arena'
[2015.12.24-15.29.23:588][997]LogParticles: Destroying 0 GPU particle simulations for FXSystem 0x0000021FDC868860
[2015.12.24-15.29.26:413][ 51]LogBlueprintUserMessages: Early PlayInEditor Detection: Level '/Game/custom/arena.arena:PersistentLevel' has LevelScriptBlueprint '/Game/custom/arena.arena:PersistentLevel.arena' with GeneratedClass '/Game/custom/arena.arena_C' with ClassGeneratedBy '/Game/custom/arena.arena:PersistentLevel.arena'
[2015.12.24-15.29.26:413][ 51]LogPlayLevel: PlayLevel: No blueprints needed recompiling
[2015.12.24-15.29.26:415][ 51]PIE: New page: PIE session: arena (Dec 24, 2015, 5:29:26 PM)
[2015.12.24-15.29.26:415][ 51]LogPlayLevel: Creating play world package: /Game/custom/UEDPIE_1_arena
[2015.12.24-15.29.26:458][ 51]LogPlayLevel: PIE: StaticDuplicateObject took: (0.043407s)
[2015.12.24-15.29.26:459][ 51]LogAIModule: Creating AISystem for world arena
[2015.12.24-15.29.26:459][ 51]LogPlayLevel: PIE: World Init took: (0.001099s)
[2015.12.24-15.29.26:460][ 51]LogPlayLevel: PIE: Created PIE world by copying editor world from /Game/custom/arena.arena to /Game/custom/UEDPIE_1_arena.arena (0.044887s)
[2015.12.24-15.29.26:497][ 51]LogInit: XAudio2 using 'HeadPhone/Digital Output (Realtek High Definition Audio)' : 8 channels at 48 kHz using 32 bits per sample (channel mask 0x63f)
[2015.12.24-15.29.26:508][ 51]LogInit: FAudioDevice initialized.
[2015.12.24-15.29.26:541][ 51]LogWorld: Game class is 'RollingGameMode_C'
[2015.12.24-15.29.26:553][ 51]LogWorld: Bringing World /Game/custom/UEDPIE_1_arena.arena up for play (max tick rate 60) at 2015.12.24-16.29.26
[2015.12.24-15.29.26:553][ 51]LogActor:Warning: GameSession /Game/custom/UEDPIE_1_arena.arena:PersistentLevel.GameSession_6 has natively added scene component(s), but none of them were set as the actor's RootComponent - picking one arbitrarily
[2015.12.24-15.29.26:554][ 51]LogActor:Warning: GameNetworkManager /Game/custom/UEDPIE_1_arena.arena:PersistentLevel.GameNetworkManager_6 has natively added scene component(s), but none of them were set as the actor's RootComponent - picking one arbitrarily
[2015.12.24-15.29.26:554][ 51]LogWorld: Bringing up level for play took: 0.010964
[2015.12.24-15.29.26:555][ 51]LogInit: WinSock: Socket queue 131072 / 131072
[2015.12.24-15.29.26:555][ 51]LogNet: GameNetDriver IpNetDriver_8 IpNetDriver listening on port 7777
[2015.12.24-15.29.26:559][ 51]PIE: Info Play in editor start time for /Game/custom/UEDPIE_1_arena 0.879
[2015.12.24-15.29.26:561][ 51]PIE: New page: PIE session: arena (Dec 24, 2015, 5:29:26 PM)
[2015.12.24-15.29.26:692][ 51]LogNet: Browse: 127.0.0.1//Game/custom/menu
[2015.12.24-15.29.26:693][ 51]LogInit: WinSock: Socket queue 32768 / 32768
[2015.12.24-15.29.26:693][ 51]LogNet: Game client on port 7777, rate 10000
[2015.12.24-15.29.26:693][ 51]LogNet: GetLocalNetworkVersion: GEngineNetVersion: 2791327, ProjectName: rollingderby, ProjectVersion: 1.0.0.0, InternalProtocolVersion: 9, LocalNetworkVersion: 4264634188
[2015.12.24-15.29.26:723][ 51]PIE: Info Play in editor start time for /Game/custom/menu 1.043
[2015.12.24-15.29.26:724][ 51]LogBlueprintUserMessages: Late PlayInEditor Detection: Level '/Game/custom/arena.arena:PersistentLevel' has LevelScriptBlueprint '/Game/custom/arena.arena:PersistentLevel.arena' with GeneratedClass '/Game/custom/arena.arena_C' with ClassGeneratedBy '/Game/custom/arena.arena:PersistentLevel.arena'
[2015.12.24-15.29.26:725][ 51]LogNet: NotifyAcceptingConnection: Server arena accept
[2015.12.24-15.29.26:725][ 51]LogNet: Open arena 12/24/15 16:29:26 127.0.0.1
[2015.12.24-15.29.26:725][ 51]LogNet: Added client connection.  Remote address = 127.0.0.1:60557
[2015.12.24-15.29.26:725][ 51]LogNet: NotifyAcceptingChannel Control 0 server World /Game/custom/UEDPIE_1_arena.arena: Accepted
[2015.12.24-15.29.26:725][ 51]LogNet: Remote platform little endian=1
[2015.12.24-15.29.26:725][ 51]LogNet: This platform little endian=1
[2015.12.24-15.29.26:725][ 51]LogNet: GetLocalNetworkVersion: GEngineNetVersion: 2791327, ProjectName: rollingderby, ProjectVersion: 1.0.0.0, InternalProtocolVersion: 9, LocalNetworkVersion: 4264634188
[2015.12.24-15.29.26:745][ 52]LogNet: Login request: /Game/custom/menu userId: Invalid
[2015.12.24-15.29.26:748][ 52]LogNet: Welcomed by server (Level: /Game/custom/UEDPIE_1_arena, Game: /Game/RollingBP/Blueprints/RollingGameMode.RollingGameMode_C)
[2015.12.24-15.29.26:854][ 52]LogLoad: LoadMap: 127.0.0.1//Game/custom/UEDPIE_1_arena?game=/Game/RollingBP/Blueprints/RollingGameMode.RollingGameMode_C
[2015.12.24-15.29.26:886][ 52]LogParticles: Destroying 0 GPU particle simulations for FXSystem 0x0000021F9CF5CCC0
[2015.12.24-15.29.26:888][ 52]Cmd: MEM
[2015.12.24-15.29.26:916][ 52]LogMemory: Platform Memory Stats for Windows
[2015.12.24-15.29.26:916][ 52]LogMemory: Process Physical Memory: 779.83 MB used, 807.67 MB peak
[2015.12.24-15.29.26:916][ 52]LogMemory: Process Virtual Memory: 1471.77 MB used, 1533.48 MB peak
[2015.12.24-15.29.26:916][ 52]LogMemory: Physical Memory: 5386.22 MB used, 16294.66 MB total
[2015.12.24-15.29.26:916][ 52]LogMemory: Virtual Memory: 2242.49 MB used, 134217728.00 MB total
[2015.12.24-15.29.26:916][ 52]LogMemory: 
[2015.12.24-15.29.26:916][ 52]Allocator Stats for TBB: (not implemented)
[2015.12.24-15.29.26:967][ 52]LogWorld: PIE: Copying PIE streaming level from /Game/custom/arena.arena to /Game/custom/UEDPIE_2_arena.arena. OwningWorld: None
[2015.12.24-15.29.26:968][ 52]LogAIModule: Creating AISystem for world arena
[2015.12.24-15.29.26:979][ 52]LogWorld: Bringing World /Game/custom/UEDPIE_2_arena.arena up for play (max tick rate 60) at 2015.12.24-16.29.26
[2015.12.24-15.29.26:980][ 52]LogWorld: Bringing up level for play took: 0.010886
[2015.12.24-15.29.27:022][ 53]LogNet: Client netspeed is 10000
[2015.12.24-15.29.27:022][ 53]LogNet: Join request: /Game/custom/menu?SplitscreenCount=1
[2015.12.24-15.29.27:025][ 53]LogNet: Join succeeded: 267
[2015.12.24-15.29.33:333][160]LogBlueprintUserMessages: [PhysicsBallBP_C_32] Client 1: Collision! V1: 2046238.0 V2: 0.0
[2015.12.24-15.29.33:333][160]LogBlueprintUserMessages: [PhysicsBallBP_C_31] Client 1: Collision! V1: 0.0 V2: 2046238.0
[2015.12.24-15.29.33:333][160]LogScript:Warning: Accessed None 'CallFunc_GetController_ReturnValue'
	PhysicsBallBP_C /Game/custom/UEDPIE_2_arena.arena:PersistentLevel.PhysicsBallBP_C_32
	Function /Game/RollingBP/Blueprints/PhysicsBallBP.PhysicsBallBP_C:death:0021
[2015.12.24-15.29.33:333][160]PIE:Error: Error Accessed None 'CallFunc_GetController_ReturnValue' from node Un Possess in graph 'death' in blueprint PhysicsBallBP
[2015.12.24-15.29.38:671][252]LogBlueprintUserMessages: Early EndPlayMap Detection: Level '/Game/custom/arena.arena:PersistentLevel' has LevelScriptBlueprint '/Game/custom/arena.arena:PersistentLevel.arena' with GeneratedClass '/Game/custom/arena.arena_C' with ClassGeneratedBy '/Game/custom/arena.arena:PersistentLevel.arena'
[2015.12.24-15.29.38:767][252]LogSpawn:Warning: SpawnActor failed because we are in the process of tearing down the world
[2015.12.24-15.29.38:799][252]LogBlueprintUserMessages: Late EndPlayMap Detection: Level '/Game/custom/arena.arena:PersistentLevel' has LevelScriptBlueprint '/Game/custom/arena.arena:PersistentLevel.arena' with GeneratedClass '/Game/custom/arena.arena_C' with ClassGeneratedBy '/Game/custom/arena.arena:PersistentLevel.arena'
[2015.12.24-15.29.38:829][252]LogNet: UChannel::CleanUp: [GameNetDriver] [PlayerController_21] [PlayerController_21]. ChIndex == 0. Closing connection.
[2015.12.24-15.29.38:829][252]LogNet: UNetConnection::Close: Name: None, Driver: GameNetDriver None, PC: PlayerController_21, Owner: PlayerController_21, Channels: 10, RemoteAddr: 127.0.0.1:7777, Time: 2015.12.24-15.29.38
[2015.12.24-15.29.38:829][252]LogNet: UChannel::Close: Sending CloseBunch. ChIndex == 0. Name: ControlChannel_8
[2015.12.24-15.29.38:830][252]LogNet: UChannel::CleanUp: [GameNetDriver] [PlayerController_20] [PlayerController_20]. ChIndex == 0. Closing connection.
[2015.12.24-15.29.38:830][252]LogNet: UNetConnection::Close: Name: None, Driver: GameNetDriver None, PC: PlayerController_20, Owner: PlayerController_20, Channels: 10, RemoteAddr: 127.0.0.1:60557, Time: 2015.12.24-15.29.38
[2015.12.24-15.29.38:830][252]LogNet: UChannel::Close: Sending CloseBunch. ChIndex == 0. Name: ControlChannel_9
[2015.12.24-15.29.38:834][252]LogExit: GameNetDriver None shut down
[2015.12.24-15.29.38:836][252]LogParticles: Destroying 0 GPU particle simulations for FXSystem 0x0000021F97D947C0
[2015.12.24-15.29.38:837][252]LogParticles: Destroying 0 GPU particle simulations for FXSystem 0x0000021FC55871A0
[2015.12.24-15.29.38:838][252]LogExit: GameNetDriver None shut down
[2015.12.24-15.29.52:683][495]LogBlueprintUserMessages: Early PlayInEditor Detection: Level '/Game/custom/arena.arena:PersistentLevel' has LevelScriptBlueprint '/Game/custom/arena.arena:PersistentLevel.arena' with GeneratedClass '/Game/custom/arena.arena_C' with ClassGeneratedBy '/Game/custom/arena.arena:PersistentLevel.arena'
[2015.12.24-15.29.52:683][495]LogPlayLevel: PlayLevel: No blueprints needed recompiling
[2015.12.24-15.29.52:683][495]PIE: New page: PIE session: arena (Dec 24, 2015, 5:29:52 PM)
[2015.12.24-15.29.52:684][495]LogPlayLevel: Creating play world package: /Game/custom/UEDPIE_0_arena
[2015.12.24-15.29.52:720][495]LogPlayLevel: PIE: StaticDuplicateObject took: (0.036702s)
[2015.12.24-15.29.52:721][495]LogAIModule: Creating AISystem for world arena
[2015.12.24-15.29.52:721][495]LogPlayLevel: PIE: World Init took: (0.000962s)
[2015.12.24-15.29.52:722][495]LogPlayLevel: PIE: Created PIE world by copying editor world from /Game/custom/arena.arena to /Game/custom/UEDPIE_0_arena.arena (0.038081s)
[2015.12.24-15.29.52:760][495]LogInit: XAudio2 using 'HeadPhone/Digital Output (Realtek High Definition Audio)' : 8 channels at 48 kHz using 32 bits per sample (channel mask 0x63f)
[2015.12.24-15.29.52:770][495]LogInit: FAudioDevice initialized.
[2015.12.24-15.29.52:805][495]LogWorld: Game class is 'RollingGameMode_C'
[2015.12.24-15.29.52:818][495]LogWorld: Bringing World /Game/custom/UEDPIE_0_arena.arena up for play (max tick rate 60) at 2015.12.24-16.29.52
[2015.12.24-15.29.52:818][495]LogActor:Warning: GameSession /Game/custom/UEDPIE_0_arena.arena:PersistentLevel.GameSession_7 has natively added scene component(s), but none of them were set as the actor's RootComponent - picking one arbitrarily
[2015.12.24-15.29.52:818][495]LogActor:Warning: GameNetworkManager /Game/custom/UEDPIE_0_arena.arena:PersistentLevel.GameNetworkManager_7 has natively added scene component(s), but none of them were set as the actor's RootComponent - picking one arbitrarily
[2015.12.24-15.29.52:818][495]LogWorld: Bringing up level for play took: 0.011907
[2015.12.24-15.29.52:823][495]PIE: Info Play in editor start time for /Game/custom/UEDPIE_0_arena -0.857
[2015.12.24-15.29.52:823][495]LogBlueprintUserMessages: Late PlayInEditor Detection: Level '/Game/custom/arena.arena:PersistentLevel' has LevelScriptBlueprint '/Game/custom/arena.arena:PersistentLevel.arena' with GeneratedClass '/Game/custom/arena.arena_C' with ClassGeneratedBy '/Game/custom/arena.arena:PersistentLevel.arena'
[2015.12.24-15.29.55:945][676]LogBlueprintUserMessages: [massPowerUp_C_49] New scale: 2.598076 New Mass: 6305.32373
[2015.12.24-15.30.07:388][355]LogBlueprintUserMessages: [massPowerUp_C_41] New scale: 3.897114 New Mass: 30664.984375
[2015.12.24-15.30.14:740][796]LogBlueprintUserMessages: [massPowerUp_C_43] New scale: 5.845672 New Mass: 149134.5
[2015.12.24-15.30.23:356][313]LogBlueprintUserMessages: [massPowerUp_C_45] New scale: 8.768507 New Mass: 725293.125
[2015.12.24-15.30.27:274][548]LogBlueprintUserMessages: [massPowerUp_C_51] New scale: 13.152761 New Mass: 3527352.5
[2015.12.24-15.30.46:275][688]LogBlueprintUserMessages: [massPowerUp_C_47] New scale: 19.729141 New Mass: 17154744.0
[2015.12.24-15.30.48:559][825]LogBlueprintUserMessages: [massPowerUp_C_46] New scale: 44.390568 New Mass: 191608432.0
[2015.12.24-15.30.48:559][825]LogBlueprintUserMessages: [massPowerUp_C_50] New scale: 44.390568 New Mass: 191608432.0
[2015.12.24-15.30.54:172][161]LogBlueprintUserMessages: [massPowerUp_C_42] New scale: 66.585854 New Mass: 477111616.0
[2015.12.24-15.30.57:806][379]LogBlueprintUserMessages: Early EndPlayMap Detection: Level '/Game/custom/arena.arena:PersistentLevel' has LevelScriptBlueprint '/Game/custom/arena.arena:PersistentLevel.arena' with GeneratedClass '/Game/custom/arena.arena_C' with ClassGeneratedBy '/Game/custom/arena.arena:PersistentLevel.arena'
[2015.12.24-15.30.57:838][379]LogBlueprintUserMessages: Late EndPlayMap Detection: Level '/Game/custom/arena.arena:PersistentLevel' has LevelScriptBlueprint '/Game/custom/arena.arena:PersistentLevel.arena' with GeneratedClass '/Game/custom/arena.arena_C' with ClassGeneratedBy '/Game/custom/arena.arena:PersistentLevel.arena'
[2015.12.24-15.30.57:870][379]LogParticles: Destroying 0 GPU particle simulations for FXSystem 0x0000021F991400E0
[2015.12.24-15.31.12:205][130]LogEditorViewport: Clicking on Actor (LMB): StaticMeshActor (TemplateCube_Rounded134)
[2015.12.24-15.31.13:919][232]Cmd: EDIT COPY
[2015.12.24-15.31.14:656][276]Cmd: EDIT PASTE
[2015.12.24-15.31.19:492][564]Cmd: EDIT COPY
[2015.12.24-15.31.20:326][614]Cmd: EDIT PASTE
[2015.12.24-15.31.25:960][884]LogBlueprintUserMessages: Early PlayInEditor Detection: Level '/Game/custom/arena.arena:PersistentLevel' has LevelScriptBlueprint '/Game/custom/arena.arena:PersistentLevel.arena' with GeneratedClass '/Game/custom/arena.arena_C' with ClassGeneratedBy '/Game/custom/arena.arena:PersistentLevel.arena'
[2015.12.24-15.31.25:960][884]LogPlayLevel: PlayLevel: No blueprints needed recompiling
[2015.12.24-15.31.25:960][884]PIE: New page: SIE session: arena (Dec 24, 2015, 5:31:25 PM)
[2015.12.24-15.31.25:960][884]LogPlayLevel: Creating play world package: /Game/custom/UEDPIE_0_arena
[2015.12.24-15.31.26:007][884]LogPlayLevel: PIE: StaticDuplicateObject took: (0.046365s)
[2015.12.24-15.31.26:008][884]LogAIModule: Creating AISystem for world arena
[2015.12.24-15.31.26:008][884]LogPlayLevel: PIE: World Init took: (0.001113s)
[2015.12.24-15.31.26:009][884]LogPlayLevel: PIE: Created PIE world by copying editor world from /Game/custom/arena.arena to /Game/custom/UEDPIE_0_arena.arena (0.047791s)
[2015.12.24-15.31.26:034][884]LogSelection:Warning: PIE object was selected: "StaticMeshActor /Game/custom/UEDPIE_0_arena.arena:PersistentLevel.TemplateCube_Rounded153"
[2015.12.24-15.31.26:041][884]LogInit: XAudio2 using 'HeadPhone/Digital Output (Realtek High Definition Audio)' : 8 channels at 48 kHz using 32 bits per sample (channel mask 0x63f)
[2015.12.24-15.31.26:051][884]LogInit: FAudioDevice initialized.
[2015.12.24-15.31.26:083][884]LogWorld: Game class is 'RollingGameMode_C'
[2015.12.24-15.31.26:096][884]LogWorld: Bringing World /Game/custom/UEDPIE_0_arena.arena up for play (max tick rate 60) at 2015.12.24-16.31.26
[2015.12.24-15.31.26:096][884]LogActor:Warning: GameSession /Game/custom/UEDPIE_0_arena.arena:PersistentLevel.GameSession_8 has natively added scene component(s), but none of them were set as the actor's RootComponent - picking one arbitrarily
[2015.12.24-15.31.26:097][884]LogActor:Warning: GameNetworkManager /Game/custom/UEDPIE_0_arena.arena:PersistentLevel.GameNetworkManager_8 has natively added scene component(s), but none of them were set as the actor's RootComponent - picking one arbitrarily
[2015.12.24-15.31.26:097][884]LogWorld: Bringing up level for play took: 0.011717
[2015.12.24-15.31.26:100][884]PIE: Info Play in editor start time for /Game/custom/UEDPIE_0_arena 0.42
[2015.12.24-15.31.26:116][884]LogSelection:Warning: PIE object was selected: "StaticMeshActor /Game/custom/UEDPIE_0_arena.arena:PersistentLevel.TemplateCube_Rounded153"
[2015.12.24-15.31.26:116][884]LogBlueprintUserMessages: Late PlayInEditor Detection: Level '/Game/custom/arena.arena:PersistentLevel' has LevelScriptBlueprint '/Game/custom/arena.arena:PersistentLevel.arena' with GeneratedClass '/Game/custom/arena.arena_C' with ClassGeneratedBy '/Game/custom/arena.arena:PersistentLevel.arena'
[2015.12.24-15.31.28:295][  1]LogBlueprintUserMessages: Early EndPlayMap Detection: Level '/Game/custom/arena.arena:PersistentLevel' has LevelScriptBlueprint '/Game/custom/arena.arena:PersistentLevel.arena' with GeneratedClass '/Game/custom/arena.arena_C' with ClassGeneratedBy '/Game/custom/arena.arena:PersistentLevel.arena'
[2015.12.24-15.31.28:381][  1]LogBlueprintUserMessages: Late EndPlayMap Detection: Level '/Game/custom/arena.arena:PersistentLevel' has LevelScriptBlueprint '/Game/custom/arena.arena:PersistentLevel.arena' with GeneratedClass '/Game/custom/arena.arena_C' with ClassGeneratedBy '/Game/custom/arena.arena:PersistentLevel.arena'
[2015.12.24-15.31.28:405][  1]LogParticles: Destroying 0 GPU particle simulations for FXSystem 0x0000021FDC701A80
[2015.12.24-15.31.30:018][ 89]LogEditorViewport: Clicking on Actor (LMB): StaticMeshActor (TemplateCube_Rounded152)
[2015.12.24-15.31.30:380][110]LogEditorViewport: Clicking on Actor (CTRL LMB): StaticMeshActor (TemplateCube_Rounded153)
[2015.12.24-15.31.33:664][298]Cmd: OBJ SAVEPACKAGE PACKAGE="/Game/custom/arena" FILE="../../../../../../rollingderby/RollingDerby/RollingDerby/Content/custom/arena.umap" SILENT=true AUTOSAVING=false KEEPDIRTY=false
[2015.12.24-15.31.33:913][298]LogSavePackage: Save=214.166946ms
[2015.12.24-15.31.33:913][298]LogSavePackage: Moving '../../../../../../rollingderby/RollingDerby/RollingDerby/Saved/arena7E0951724676EDF4F9D0BF95CD03ED51.tmp' to '../../../../../../rollingderby/RollingDerby/RollingDerby/Content/custom/arena.umap'
[2015.12.24-15.31.33:916][298]LogSavePackage: Total save time: 229.900304ms
[2015.12.24-15.31.33:916][298]LogSavePackage:Display: Finished SavePackage ../../../../../../rollingderby/RollingDerby/RollingDerby/Content/custom/arena.umap
[2015.12.24-15.31.33:943][298]LogFileHelpers: Saving map 'arena' took 0.323
[2015.12.24-15.31.34:268][307]LogBlueprintUserMessages: Early PlayInEditor Detection: Level '/Game/custom/arena.arena:PersistentLevel' has LevelScriptBlueprint '/Game/custom/arena.arena:PersistentLevel.arena' with GeneratedClass '/Game/custom/arena.arena_C' with ClassGeneratedBy '/Game/custom/arena.arena:PersistentLevel.arena'
[2015.12.24-15.31.34:269][307]LogPlayLevel: PlayLevel: No blueprints needed recompiling
[2015.12.24-15.31.34:269][307]PIE: New page: SIE session: arena (Dec 24, 2015, 5:31:34 PM)
[2015.12.24-15.31.34:269][307]LogPlayLevel: Creating play world package: /Game/custom/UEDPIE_0_arena
[2015.12.24-15.31.34:318][307]LogPlayLevel: PIE: StaticDuplicateObject took: (0.049393s)
[2015.12.24-15.31.34:320][307]LogAIModule: Creating AISystem for world arena
[2015.12.24-15.31.34:320][307]LogPlayLevel: PIE: World Init took: (0.001680s)
[2015.12.24-15.31.34:320][307]LogPlayLevel: PIE: Created PIE world by copying editor world from /Game/custom/arena.arena to /Game/custom/UEDPIE_0_arena.arena (0.051631s)
[2015.12.24-15.31.34:349][307]LogSelection:Warning: PIE object was selected: "StaticMeshActor /Game/custom/UEDPIE_0_arena.arena:PersistentLevel.TemplateCube_Rounded152"
[2015.12.24-15.31.34:349][307]LogSelection:Warning: PIE object was selected: "StaticMeshActor /Game/custom/UEDPIE_0_arena.arena:PersistentLevel.TemplateCube_Rounded153"
[2015.12.24-15.31.34:357][307]LogInit: XAudio2 using 'HeadPhone/Digital Output (Realtek High Definition Audio)' : 8 channels at 48 kHz using 32 bits per sample (channel mask 0x63f)
[2015.12.24-15.31.34:365][307]LogInit: FAudioDevice initialized.
[2015.12.24-15.31.34:397][307]LogWorld: Game class is 'RollingGameMode_C'
[2015.12.24-15.31.34:408][307]LogWorld: Bringing World /Game/custom/UEDPIE_0_arena.arena up for play (max tick rate 60) at 2015.12.24-16.31.34
[2015.12.24-15.31.34:409][307]LogActor:Warning: GameSession /Game/custom/UEDPIE_0_arena.arena:PersistentLevel.GameSession_9 has natively added scene component(s), but none of them were set as the actor's RootComponent - picking one arbitrarily
[2015.12.24-15.31.34:409][307]LogActor:Warning: GameNetworkManager /Game/custom/UEDPIE_0_arena.arena:PersistentLevel.GameNetworkManager_9 has natively added scene component(s), but none of them were set as the actor's RootComponent - picking one arbitrarily
[2015.12.24-15.31.34:409][307]LogWorld: Bringing up level for play took: 0.010686
[2015.12.24-15.31.34:412][307]PIE: Info Play in editor start time for /Game/custom/UEDPIE_0_arena 0.733
[2015.12.24-15.31.34:423][307]LogSelection:Warning: PIE object was selected: "StaticMeshActor /Game/custom/UEDPIE_0_arena.arena:PersistentLevel.TemplateCube_Rounded152"
[2015.12.24-15.31.34:424][307]LogSelection:Warning: PIE object was selected: "StaticMeshActor /Game/custom/UEDPIE_0_arena.arena:PersistentLevel.TemplateCube_Rounded153"
[2015.12.24-15.31.34:424][307]LogBlueprintUserMessages: Late PlayInEditor Detection: Level '/Game/custom/arena.arena:PersistentLevel' has LevelScriptBlueprint '/Game/custom/arena.arena:PersistentLevel.arena' with GeneratedClass '/Game/custom/arena.arena_C' with ClassGeneratedBy '/Game/custom/arena.arena:PersistentLevel.arena'
[2015.12.24-15.31.37:460][453]LogBlueprintUserMessages: Early EndPlayMap Detection: Level '/Game/custom/arena.arena:PersistentLevel' has LevelScriptBlueprint '/Game/custom/arena.arena:PersistentLevel.arena' with GeneratedClass '/Game/custom/arena.arena_C' with ClassGeneratedBy '/Game/custom/arena.arena:PersistentLevel.arena'
[2015.12.24-15.31.37:543][453]LogBlueprintUserMessages: Late EndPlayMap Detection: Level '/Game/custom/arena.arena:PersistentLevel' has LevelScriptBlueprint '/Game/custom/arena.arena:PersistentLevel.arena' with GeneratedClass '/Game/custom/arena.arena_C' with ClassGeneratedBy '/Game/custom/arena.arena:PersistentLevel.arena'
[2015.12.24-15.31.37:568][453]LogParticles: Destroying 0 GPU particle simulations for FXSystem 0x0000021FAFCAE700
[2015.12.24-15.31.38:937][529]LogEditorViewport: Clicking on Actor (LMB): StaticMeshActor (TemplateCube_Rounded134)
[2015.12.24-15.31.40:850][643]LogEditorViewport: Clicking on Actor (LMB): StaticMeshActor (TemplateCube_Rounded153)
[2015.12.24-15.31.55:161][ 92]Cmd: OBJ SAVEPACKAGE PACKAGE="/Game/custom/arena" FILE="../../../../../../rollingderby/RollingDerby/RollingDerby/Content/custom/arena.umap" SILENT=true AUTOSAVING=false KEEPDIRTY=false
[2015.12.24-15.31.55:397][ 92]LogSavePackage: Save=207.784714ms
[2015.12.24-15.31.55:397][ 92]LogSavePackage: Moving '../../../../../../rollingderby/RollingDerby/RollingDerby/Saved/arena82B5F2EF454EF5AA5752A5A9692C12B3.tmp' to '../../../../../../rollingderby/RollingDerby/RollingDerby/Content/custom/arena.umap'
[2015.12.24-15.31.55:399][ 92]LogSavePackage: Total save time: 211.724270ms
[2015.12.24-15.31.55:399][ 92]LogSavePackage:Display: Finished SavePackage ../../../../../../rollingderby/RollingDerby/RollingDerby/Content/custom/arena.umap
[2015.12.24-15.31.55:425][ 92]LogFileHelpers: Saving map 'arena' took 0.308
[2015.12.24-15.31.58:547][278]LogEditorViewport: Clicking on Actor (LMB): StaticMeshActor (TemplateCube_Rounded152)
[2015.12.24-15.31.58:893][298]LogEditorViewport: Clicking on Actor (CTRL LMB): StaticMeshActor (TemplateCube_Rounded134)
[2015.12.24-15.31.59:257][319]Cmd: EDIT COPY
[2015.12.24-15.32.01:346][438]Cmd: EDIT COPY
[2015.12.24-15.32.01:563][451]Cmd: EDIT PASTE
[2015.12.24-15.32.09:244][903]Cmd: OBJ SAVEPACKAGE PACKAGE="/Game/custom/arena" FILE="../../../../../../rollingderby/RollingDerby/RollingDerby/Content/custom/arena.umap" SILENT=true AUTOSAVING=false KEEPDIRTY=false
[2015.12.24-15.32.09:481][903]LogSavePackage: Save=211.906006ms
[2015.12.24-15.32.09:481][903]LogSavePackage: Moving '../../../../../../rollingderby/RollingDerby/RollingDerby/Saved/arena91C1A17D45A29F51DFB2449ECD7FEDEA.tmp' to '../../../../../../rollingderby/RollingDerby/RollingDerby/Content/custom/arena.umap'
[2015.12.24-15.32.09:483][903]LogSavePackage: Total save time: 215.813957ms
[2015.12.24-15.32.09:483][903]LogSavePackage:Display: Finished SavePackage ../../../../../../rollingderby/RollingDerby/RollingDerby/Content/custom/arena.umap
[2015.12.24-15.32.09:508][903]LogFileHelpers: Saving map 'arena' took 0.308
[2015.12.24-15.32.10:562][951]LogBlueprintUserMessages: Early PlayInEditor Detection: Level '/Game/custom/arena.arena:PersistentLevel' has LevelScriptBlueprint '/Game/custom/arena.arena:PersistentLevel.arena' with GeneratedClass '/Game/custom/arena.arena_C' with ClassGeneratedBy '/Game/custom/arena.arena:PersistentLevel.arena'
[2015.12.24-15.32.10:562][951]LogPlayLevel: PlayLevel: No blueprints needed recompiling
[2015.12.24-15.32.10:562][951]PIE: New page: SIE session: arena (Dec 24, 2015, 5:32:10 PM)
[2015.12.24-15.32.10:562][951]LogPlayLevel: Creating play world package: /Game/custom/UEDPIE_0_arena
[2015.12.24-15.32.10:610][951]LogPlayLevel: PIE: StaticDuplicateObject took: (0.048306s)
[2015.12.24-15.32.10:611][951]LogAIModule: Creating AISystem for world arena
[2015.12.24-15.32.10:611][951]LogPlayLevel: PIE: World Init took: (0.000984s)
[2015.12.24-15.32.10:611][951]LogPlayLevel: PIE: Created PIE world by copying editor world from /Game/custom/arena.arena to /Game/custom/UEDPIE_0_arena.arena (0.049506s)
[2015.12.24-15.32.10:638][951]LogSelection:Warning: PIE object was selected: "StaticMeshActor /Game/custom/UEDPIE_0_arena.arena:PersistentLevel.TemplateCube_Rounded158"
[2015.12.24-15.32.10:638][951]LogSelection:Warning: PIE object was selected: "StaticMeshActor /Game/custom/UEDPIE_0_arena.arena:PersistentLevel.TemplateCube_Rounded159"
[2015.12.24-15.32.10:646][951]LogInit: XAudio2 using 'HeadPhone/Digital Output (Realtek High Definition Audio)' : 8 channels at 48 kHz using 32 bits per sample (channel mask 0x63f)
[2015.12.24-15.32.10:655][951]LogInit: FAudioDevice initialized.
[2015.12.24-15.32.10:688][951]LogWorld: Game class is 'RollingGameMode_C'
[2015.12.24-15.32.10:703][951]LogWorld: Bringing World /Game/custom/UEDPIE_0_arena.arena up for play (max tick rate 60) at 2015.12.24-16.32.10
[2015.12.24-15.32.10:703][951]LogActor:Warning: GameSession /Game/custom/UEDPIE_0_arena.arena:PersistentLevel.GameSession_10 has natively added scene component(s), but none of them were set as the actor's RootComponent - picking one arbitrarily
[2015.12.24-15.32.10:703][951]LogActor:Warning: GameNetworkManager /Game/custom/UEDPIE_0_arena.arena:PersistentLevel.GameNetworkManager_10 has natively added scene component(s), but none of them were set as the actor's RootComponent - picking one arbitrarily
[2015.12.24-15.32.10:703][951]LogWorld: Bringing up level for play took: 0.012886
[2015.12.24-15.32.10:706][951]PIE: Info Play in editor start time for /Game/custom/UEDPIE_0_arena 1.027
[2015.12.24-15.32.10:717][951]LogSelection:Warning: PIE object was selected: "StaticMeshActor /Game/custom/UEDPIE_0_arena.arena:PersistentLevel.TemplateCube_Rounded158"
[2015.12.24-15.32.10:717][951]LogSelection:Warning: PIE object was selected: "StaticMeshActor /Game/custom/UEDPIE_0_arena.arena:PersistentLevel.TemplateCube_Rounded159"
[2015.12.24-15.32.10:718][951]LogBlueprintUserMessages: Late PlayInEditor Detection: Level '/Game/custom/arena.arena:PersistentLevel' has LevelScriptBlueprint '/Game/custom/arena.arena:PersistentLevel.arena' with GeneratedClass '/Game/custom/arena.arena_C' with ClassGeneratedBy '/Game/custom/arena.arena:PersistentLevel.arena'
[2015.12.24-15.32.12:175][ 34]LogEditorViewport: Clicking on Actor (LMB): StaticMeshActor (TemplateCube_Rounded152)
[2015.12.24-15.32.12:175][ 34]LogSelection:Warning: PIE object was selected: "StaticMeshActor /Game/custom/UEDPIE_0_arena.arena:PersistentLevel.TemplateCube_Rounded152"
[2015.12.24-15.32.16:476][291]LogEditorViewport: Clicking on Actor (LMB): StaticMeshActor (TemplateCube_Rounded133)
[2015.12.24-15.32.16:476][291]LogSelection:Warning: PIE object was selected: "StaticMeshActor /Game/custom/UEDPIE_0_arena.arena:PersistentLevel