[2015.12.18-11.40.42:794][  0]Log file open, 12/18/15 12:40:42
[2015.12.18-11.40.42:794][  0]LogInit:Display: Running engine for game: RollingDerby
[2015.12.18-11.40.42:794][  0]LogPlatformFile: Not using cached read wrapper
[2015.12.18-11.40.42:794][  0]LogInit:Display: RandInit(-150777780) SRandInit(-150777777).
[2015.12.18-11.40.42:794][  0]LogTaskGraph: Started task graph with 4 named threads and 7 total threads.
[2015.12.18-11.40.42:794][  0]LogStats: Stats thread started at 0.115768
[2015.12.18-11.40.42:794][  0]LogInit: Version: 4.10.1-2791327+++depot+UE4-Releases+4.10
[2015.12.18-11.40.42:794][  0]LogInit: API Version: 2758231
[2015.12.18-11.40.42:794][  0]LogInit: Compiled (64-bit): Dec  4 2015 19:44:40
[2015.12.18-11.40.42:794][  0]LogInit: Compiled with Visual C++: 19.00.23026.00
[2015.12.18-11.40.42:794][  0]LogInit: Build Configuration: Development
[2015.12.18-11.40.42:794][  0]LogInit: Branch Name: ++depot+UE4-Releases+4.10
[2015.12.18-11.40.42:794][  0]LogInit: Command line:  
[2015.12.18-11.40.42:794][  0]LogInit: Base directory: D:/Program Files (x86)/Epic Games/4.10/Engine/Binaries/Win64/
[2015.12.18-11.40.42:794][  0]LogInit: Rocket: 1
[2015.12.18-11.40.42:801][  0]LogInit: Using libcurl 7.41.0
[2015.12.18-11.40.42:801][  0]LogInit:  - built for x86_64-pc-win32
[2015.12.18-11.40.42:801][  0]LogInit:  - supports SSL with WinSSL
[2015.12.18-11.40.42:801][  0]LogInit:  - other features:
[2015.12.18-11.40.42:801][  0]LogInit:      CURL_VERSION_SSL
[2015.12.18-11.40.42:801][  0]LogInit:      CURL_VERSION_IPV6
[2015.12.18-11.40.42:801][  0]LogInit:      CURL_VERSION_ASYNCHDNS
[2015.12.18-11.40.42:801][  0]LogInit:      CURL_VERSION_LARGEFILE
[2015.12.18-11.40.42:801][  0]LogInit:      CURL_VERSION_IDN
[2015.12.18-11.40.42:801][  0]LogInit:  CurlRequestOptions (configurable via config and command line):
[2015.12.18-11.40.42:801][  0]LogInit:  - bVerifyPeer = true  - Libcurl will verify peer certificate
[2015.12.18-11.40.42:801][  0]LogInit:  - bUseHttpProxy = false  - Libcurl will NOT use HTTP proxy
[2015.12.18-11.40.42:801][  0]LogInit:  - bDontReuseConnections = false  - Libcurl will reuse connections
[2015.12.18-11.40.42:801][  0]LogInit:  - CertBundlePath = nullptr  - Libcurl will use whatever was configured at build time.
[2015.12.18-11.40.42:810][  0]LogInit: Presizing for 0 objects not considered by GC, pre-allocating 0 bytes.
[2015.12.18-11.40.42:817][  0]LogInit: Object subsystem initialized
[2015.12.18-11.40.42:818][  0]LogInit: Selected Device Profile: [Windows]
[2015.12.18-11.40.42:818][  0]LogInit: Applying CVar settings loaded from the selected device profile: [Windows]
[2015.12.18-11.40.42:831][  0]LogInit: Computer: MSI
[2015.12.18-11.40.42:831][  0]LogInit: User: tobia
[2015.12.18-11.40.42:831][  0]LogInit: CPU Page size=4096, Cores=4
[2015.12.18-11.40.42:831][  0]LogInit: High frequency timer resolution =2.531246 MHz
[2015.12.18-11.40.42:832][  0]LogMemory: Memory total: Physical=15.9GB (16GB approx)
[2015.12.18-11.40.42:832][  0]LogMemory: Platform Memory Stats for Windows
[2015.12.18-11.40.42:832][  0]LogMemory: Process Physical Memory: 55.80 MB used, 55.80 MB peak
[2015.12.18-11.40.42:832][  0]LogMemory: Process Virtual Memory: 58.77 MB used, 58.77 MB peak
[2015.12.18-11.40.42:832][  0]LogMemory: Physical Memory: 3797.46 MB used, 16294.66 MB total
[2015.12.18-11.40.42:832][  0]LogMemory: Virtual Memory: 384.43 MB used, 134217728.00 MB total
[2015.12.18-11.40.43:241][  0]LogTextLocalizationManager: No translations for ('sv-SE') exist, falling back to 'en' for localization and internationalization data.
[2015.12.18-11.40.44:110][  0]LogD3D11RHI: Found D3D11 adapter 0: NVIDIA GeForce GTX 970M           (Feature Level 11_0)
[2015.12.18-11.40.44:110][  0]LogD3D11RHI: Adapter has 2991MB of dedicated video memory, 0MB of dedicated system memory, and 8147MB of shared system memory, 1 output[s]
[2015.12.18-11.40.44:127][  0]LogD3D11RHI: Found D3D11 adapter 1: Intel(R) HD Graphics 530 (Feature Level 11_0)
[2015.12.18-11.40.44:127][  0]LogD3D11RHI: Adapter has 128MB of dedicated video memory, 0MB of dedicated system memory, and 8147MB of shared system memory, 0 output[s]
[2015.12.18-11.40.44:129][  0]LogD3D11RHI: Found D3D11 adapter 2: Microsoft Basic Render Driver (Feature Level 11_0)
[2015.12.18-11.40.44:129][  0]LogD3D11RHI: Adapter has 0MB of dedicated video memory, 0MB of dedicated system memory, and 8147MB of shared system memory, 0 output[s]
[2015.12.18-11.40.44:129][  0]LogD3D11RHI: Chosen D3D11 Adapter Id = 0
[2015.12.18-11.40.44:134][  0]LogD3D11RHI: !Direct3DDevice
[2015.12.18-11.40.44:135][  0]LogRHI: Texture pool is 1361 MB (70% of 1945 MB)
[2015.12.18-11.40.44:158][  0]LogD3D11RHI: Async texture creation enabled
[2015.12.18-11.40.44:179][  0]LogShaderCompilers: Guid format shader working directory is -13 characters bigger than the processId version (C:/Users/tobia/OneDrive/Documents/RollingDerby/RollingDerby/Intermediate/Shaders/WorkingDirectory/5244/).
[2015.12.18-11.40.44:180][  0]LogShaderCompilers: Cleaned the shader compiler working directory 'C:/Users/tobia/AppData/Local/Temp/UnrealShaderWorkingDir/16B525964D640F15638178859604C3D9/'.
[2015.12.18-11.40.44:180][  0]LogShaderCompilers:Display: Using Local Shader Compiler.
[2015.12.18-11.40.45:118][  0]LogTemp:Display: Loaded TP AllDesktopTargetPlatform
[2015.12.18-11.40.45:122][  0]LogTemp:Display: Loaded TP WindowsClientTargetPlatform
[2015.12.18-11.40.45:125][  0]LogTemp:Display: Loaded TP WindowsNoEditorTargetPlatform
[2015.12.18-11.40.45:129][  0]LogTemp:Display: Loaded TP WindowsServerTargetPlatform
[2015.12.18-11.40.45:132][  0]LogTemp:Display: Loaded TP WindowsTargetPlatform
[2015.12.18-11.40.45:135][  0]LogTemp:Display: Loaded TP AndroidTargetPlatform
[2015.12.18-11.40.45:137][  0]LogTemp:Display: Loaded TP Android_ASTCTargetPlatform
[2015.12.18-11.40.45:140][  0]LogTemp:Display: Loaded TP Android_ATCTargetPlatform
[2015.12.18-11.40.45:143][  0]LogTemp:Display: Loaded TP Android_DXTTargetPlatform
[2015.12.18-11.40.45:146][  0]LogTemp:Display: Loaded TP Android_ETC1TargetPlatform
[2015.12.18-11.40.45:150][  0]LogTemp:Display: Loaded TP Android_ETC2TargetPlatform
[2015.12.18-11.40.45:159][  0]LogTemp:Display: Loaded TP Android_MultiTargetPlatform
[2015.12.18-11.40.45:159][  0]LogTemp:Display: Loaded TP Android_PVRTCTargetPlatform
[2015.12.18-11.40.45:160][  0]LogTemp:Display: Loaded TP HTML5TargetPlatform
[2015.12.18-11.40.45:176][  0]LogTemp:Display: Loaded TP IOSTargetPlatform
[2015.12.18-11.40.45:179][  0]LogTemp:Display: Loaded TP LinuxNoEditorTargetPlatform
[2015.12.18-11.40.45:182][  0]LogTemp:Display: Loaded TP LinuxServerTargetPlatform
[2015.12.18-11.40.45:185][  0]LogTemp:Display: Loaded TP LinuxTargetPlatform
[2015.12.18-11.40.45:185][  0]LogTargetPlatformManager:Display: Building Assets For Windows
[2015.12.18-11.40.45:247][  0]LogDerivedDataCache:Display: Max Cache Size: 512 MB
[2015.12.18-11.40.45:296][  0]LogDerivedDataCache: Loaded boot cache 0.05s 41MB C:/Users/tobia/AppData/Local/UnrealEngine/4.10/DerivedDataCache/Boot.ddc.
[2015.12.18-11.40.45:296][  0]LogDerivedDataCache:Display: Loaded Boot cache: C:/Users/tobia/AppData/Local/UnrealEngine/4.10/DerivedDataCache/Boot.ddc
[2015.12.18-11.40.45:296][  0]LogDerivedDataCache: FDerivedDataBackendGraph:  Pak pak cache file C:/Users/tobia/OneDrive/Documents/RollingDerby/RollingDerby/DerivedDataCache/DDC.ddp not found, will not use a pak cache.
[2015.12.18-11.40.45:296][  0]LogDerivedDataCache: Unable to find inner node Pak for hierarchical cache Hierarchy.
[2015.12.18-11.40.45:296][  0]LogDerivedDataCache: FDerivedDataBackendGraph:  CompressedPak pak cache file C:/Users/tobia/OneDrive/Documents/RollingDerby/RollingDerby/DerivedDataCache/Compressed.ddp not found, will not use a pak cache.
[2015.12.18-11.40.45:296][  0]LogDerivedDataCache: Unable to find inner node CompressedPak for hierarchical cache Hierarchy.
[2015.12.18-11.40.45:371][  0]LogDerivedDataCache:Display: Pak cache opened for reading ../../../Engine/DerivedDataCache/Compressed.ddp.
[2015.12.18-11.40.45:382][  0]LogDerivedDataCache: Using Local data cache path C:/Users/tobia/AppData/Local/UnrealEngine/Common/DerivedDataCache: Writable
[2015.12.18-11.40.45:561][  0]LogInit: Selected Device Profile: [Windows]
[2015.12.18-11.40.45:564][  0]LogContentStreaming: Texture pool size is 0.000000MB
[2015.12.18-11.40.45:709][  0]LogMeshUtilities: No automatic mesh reduction module available
[2015.12.18-11.40.45:709][  0]LogMeshUtilities: No automatic mesh merging module available
[2015.12.18-11.40.45:935][  0]LogInit: WinSock: version 1.1 (2.2), MaxSocks=32767, MaxUdp=65467
[2015.12.18-11.40.46:665][  0]UdpMessaging: Initializing bridge on interface 0.0.0.0:0 to multicast group 230.0.0.1:6666.
[2015.12.18-11.40.46:755][  0]LogAssetRegistry: FAssetRegistry took 0.0109 seconds to start up
[2015.12.18-11.40.46:907][  0]SourceControl: Info Source control is disabled
[2015.12.18-11.40.46:907][  0]SourceControl: Info Source control is disabled
[2015.12.18-11.40.46:918][  0]SourceControl: Info Source control is disabled
[2015.12.18-11.40.46:928][  0]SourceControl: Info Source control is disabled
[2015.12.18-11.40.47:097][  0]LogObj: 28633 objects as part of root set at end of initial load.
[2015.12.18-11.40.47:097][  0]LogUObjectAllocator: 6099744 out of 0 bytes used by permanent object pool.
[2015.12.18-11.40.47:147][  0]LogEngine: Initializing Engine...
[2015.12.18-11.40.47:149][  0]LogHMD: Can't find Oculus library dev build: is proper Runtime installed? Version: 0.8.0.0
[2015.12.18-11.40.47:150][  0]LogHMD: SteamVR failed to initialize.  Err: 110
[2015.12.18-11.40.47:266][  0]LogAIModule: Creating AISystem for world NewWorld
[2015.12.18-11.40.47:276][  0]LogInit: XAudio2 using 'HeadPhone/Digital Output (Realtek High Definition Audio)' : 8 channels at 48 kHz using 32 bits per sample (channel mask 0x63f)
[2015.12.18-11.40.47:288][  0]LogInit: FAudioDevice initialized.
[2015.12.18-11.40.47:311][  0]LogDerivedDataCache: Saved boot cache 0.02s 41MB C:/Users/tobia/AppData/Local/UnrealEngine/4.10/DerivedDataCache/Boot.ddc.
[2015.12.18-11.40.47:316][  0]LogInit: Texture streaming: Enabled
[2015.12.18-11.40.47:321][  0]LogAnalytics: Creating configured Analytics provider AnalyticsET
[2015.12.18-11.40.47:321][  0]LogAnalytics: [UEEditor.Rocket.Release] APIServer = http://et2.epicgames.com/ET2/. AppVersion = 4.10.1-2791327+++depot+UE4-Releases+4.10
[2015.12.18-11.40.47:321][  0]LogAnalytics: [UEEditor.Rocket.Release] SetUserId 3750e6d1405e52e99c08f9974cd5569f|471a4cb9a5c14167995f8bc8b175918a|446fe6e5-1b13-4339-81c8-b1f6f83a87c4
[2015.12.18-11.40.47:321][  0]LogAnalytics: [UEEditor.Rocket.Release] AnalyticsET::StartSession
[2015.12.18-11.40.47:355][  0]LogInit: Transaction tracking system initialized
[2015.12.18-11.40.47:380][  0]BlueprintLog: New page: Editor Load
[2015.12.18-11.40.47:442][  0]LocalizationService: Info Localization service is disabled
[2015.12.18-11.40.47:498][  0]LogConsoleResponse:Display: 
[2015.12.18-11.40.47:601][  0]LogCook:Display: Done creating registry. It took  0.00s.
[2015.12.18-11.40.47:643][  0]LogFileCache: Scanning file cache for directory 'C:/Users/tobia/OneDrive/Documents/RollingDerby/RollingDerby/Content/' took 0.01s
[2015.12.18-11.40.47:643][  0]SourceControl: Info Source control is disabled
[2015.12.18-11.40.47:643][  0]Cmd: MAP LOAD FILE="C:/Users/tobia/OneDrive/Documents/RollingDerby/RollingDerby/Content/RollingBP/Maps/RollingBPExampleMap.umap" TEMPLATE=0 SHOWPROGRESS=1 FEATURELEVEL=3
[2015.12.18-11.40.47:644][  0]LightingResults: New page: Lighting Build
[2015.12.18-11.40.47:645][  0]MapCheck: New page: Map Check
[2015.12.18-11.40.47:645][  0]LightingResults: New page: Lighting Build
[2015.12.18-11.40.47:656][  0]LogParticles: Destroying 0 GPU particle simulations for FXSystem 0x00000209C495BB00
[2015.12.18-11.40.48:009][  0]LogAIModule: Creating AISystem for world RollingBPExampleMap
[2015.12.18-11.40.48:018][  0]LogEditorServer: Finished looking for orphan Actors (0.000 secs)
[2015.12.18-11.40.48:019][  0]Cmd: MAP CHECKDEP NOCLEARLOG
[2015.12.18-11.40.48:056][  0]MapCheck: Info Map check comple