[2015.12.23-16.20.15:219][  0]Log file open, 12/23/15 17:20:15
[2015.12.23-16.20.15:219][  0]LogInit:Display: Running engine for game: RollingDerby
[2015.12.23-16.20.15:219][  0]LogPlatformFile: Not using cached read wrapper
[2015.12.23-16.20.15:219][  0]LogInit:Display: RandInit(-1293327202) SRandInit(-1293327201).
[2015.12.23-16.20.15:219][  0]LogTaskGraph: Started task graph with 4 named threads and 7 total threads.
[2015.12.23-16.20.15:219][  0]LogStats: Stats thread started at 0.077962
[2015.12.23-16.20.15:219][  0]LogInit: Version: 4.10.1-2791327+++depot+UE4-Releases+4.10
[2015.12.23-16.20.15:219][  0]LogInit: API Version: 2758231
[2015.12.23-16.20.15:219][  0]LogInit: Compiled (64-bit): Dec  4 2015 19:44:40
[2015.12.23-16.20.15:219][  0]LogInit: Compiled with Visual C++: 19.00.23026.00
[2015.12.23-16.20.15:219][  0]LogInit: Build Configuration: Development
[2015.12.23-16.20.15:219][  0]LogInit: Branch Name: ++depot+UE4-Releases+4.10
[2015.12.23-16.20.15:219][  0]LogInit: Command line:  
[2015.12.23-16.20.15:219][  0]LogInit: Base directory: D:/Program Files (x86)/Epic Games/4.10/Engine/Binaries/Win64/
[2015.12.23-16.20.15:219][  0]LogInit: Rocket: 1
[2015.12.23-16.20.15:223][  0]LogInit: Using libcurl 7.41.0
[2015.12.23-16.20.15:223][  0]LogInit:  - built for x86_64-pc-win32
[2015.12.23-16.20.15:223][  0]LogInit:  - supports SSL with WinSSL
[2015.12.23-16.20.15:223][  0]LogInit:  - other features:
[2015.12.23-16.20.15:223][  0]LogInit:      CURL_VERSION_SSL
[2015.12.23-16.20.15:223][  0]LogInit:      CURL_VERSION_IPV6
[2015.12.23-16.20.15:223][  0]LogInit:      CURL_VERSION_ASYNCHDNS
[2015.12.23-16.20.15:223][  0]LogInit:      CURL_VERSION_LARGEFILE
[2015.12.23-16.20.15:223][  0]LogInit:      CURL_VERSION_IDN
[2015.12.23-16.20.15:224][  0]LogInit:  CurlRequestOptions (configurable via config and command line):
[2015.12.23-16.20.15:224][  0]LogInit:  - bVerifyPeer = true  - Libcurl will verify peer certificate
[2015.12.23-16.20.15:224][  0]LogInit:  - bUseHttpProxy = false  - Libcurl will NOT use HTTP proxy
[2015.12.23-16.20.15:224][  0]LogInit:  - bDontReuseConnections = false  - Libcurl will reuse connections
[2015.12.23-16.20.15:224][  0]LogInit:  - CertBundlePath = nullptr  - Libcurl will use whatever was configured at build time.
[2015.12.23-16.20.15:229][  0]LogInit: Presizing for 0 objects not considered by GC, pre-allocating 0 bytes.
[2015.12.23-16.20.15:235][  0]LogInit: Object subsystem initialized
[2015.12.23-16.20.15:236][  0]LogInit: Selected Device Profile: [Windows]
[2015.12.23-16.20.15:236][  0]LogInit: Applying CVar settings loaded from the selected device profile: [Windows]
[2015.12.23-16.20.15:244][  0]LogInit: Computer: MSI
[2015.12.23-16.20.15:244][  0]LogInit: User: tobia
[2015.12.23-16.20.15:244][  0]LogInit: CPU Page size=4096, Cores=4
[2015.12.23-16.20.15:244][  0]LogInit: High frequency timer resolution =2.531245 MHz
[2015.12.23-16.20.15:244][  0]LogMemory: Memory total: Physical=15.9GB (16GB approx)
[2015.12.23-16.20.15:244][  0]LogMemory: Platform Memory Stats for Windows
[2015.12.23-16.20.15:244][  0]LogMemory: Process Physical Memory: 56.00 MB used, 56.00 MB peak
[2015.12.23-16.20.15:244][  0]LogMemory: Process Virtual Memory: 56.92 MB used, 56.92 MB peak
[2015.12.23-16.20.15:244][  0]LogMemory: Physical Memory: 5057.38 MB used, 16294.66 MB total
[2015.12.23-16.20.15:244][  0]LogMemory: Virtual Memory: 383.49 MB used, 134217728.00 MB total
[2015.12.23-16.20.15:529][  0]LogTextLocalizationManager: No translations for ('sv-SE') exist, falling back to 'en' for localization and internationalization data.
[2015.12.23-16.20.16:011][  0]LogD3D11RHI: Found D3D11 adapter 0: NVIDIA GeForce GTX 970M           (Feature Level 11_0)
[2015.12.23-16.20.16:011][  0]LogD3D11RHI: Adapter has 2991MB of dedicated video memory, 0MB of dedicated system memory, and 8147MB of shared system memory, 1 output[s]
[2015.12.23-16.20.16:018][  0]LogD3D11RHI: Found D3D11 adapter 1: Intel(R) HD Graphics 530 (Feature Level 11_0)
[2015.12.23-16.20.16:018][  0]LogD3D11RHI: Adapter has 128MB of dedicated video memory, 0MB of dedicated system memory, and 8147MB of shared system memory, 0 output[s]
[2015.12.23-16.20.16:019][  0]LogD3D11RHI: Found D3D11 adapter 2: Microsoft Basic Render Driver (Feature Level 11_0)
[2015.12.23-16.20.16:019][  0]LogD3D11RHI: Adapter has 0MB of dedicated video memory, 0MB of dedicated system memory, and 8147MB of shared system memory, 0 output[s]
[2015.12.23-16.20.16:019][  0]LogD3D11RHI: Chosen D3D11 Adapter Id = 0
[2015.12.23-16.20.16:024][  0]LogD3D11RHI: !Direct3DDevice
[2015.12.23-16.20.16:024][  0]LogRHI: Texture pool is 1361 MB (70% of 1945 MB)
[2015.12.23-16.20.16:037][  0]LogD3D11RHI: Async texture creation enabled
[2015.12.23-16.20.16:050][  0]LogShaderCompilers: Guid format shader working directory is -11 characters bigger than the processId version (../../../../../../rollingderby/RollingDerby/RollingDerby/Intermediate/Shaders/WorkingDirectory/11816/).
[2015.12.23-16.20.16:050][  0]LogShaderCompilers: Cleaned the shader compiler working directory 'C:/Users/tobia/AppData/Local/Temp/UnrealShaderWorkingDir/B4B3000D40702A90F787CA9274ADE839/'.
[2015.12.23-16.20.16:050][  0]LogShaderCompilers:Display: Using Local Shader Compiler.
[2015.12.23-16.20.16:812][  0]LogTemp:Display: Loaded TP AllDesktopTargetPlatform
[2015.12.23-16.20.16:817][  0]LogTemp:Display: Loaded TP WindowsClientTargetPlatform
[2015.12.23-16.20.16:821][  0]LogTemp:Display: Loaded TP WindowsNoEditorTargetPlatform
[2015.12.23-16.20.16:825][  0]LogTemp:Display: Loaded TP WindowsServerTargetPlatform
[2015.12.23-16.20.16:828][  0]LogTemp:Display: Loaded TP WindowsTargetPlatform
[2015.12.23-16.20.16:831][  0]LogTemp:Display: Loaded TP AndroidTargetPlatform
[2015.12.23-16.20.16:834][  0]LogTemp:Display: Loaded TP Android_ASTCTargetPlatform
[2015.12.23-16.20.16:837][  0]LogTemp:Display: Loaded TP Android_ATCTargetPlatform
[2015.12.23-16.20.16:841][  0]LogTemp:Display: Loaded TP Android_DXTTargetPlatform
[2015.12.23-16.20.16:844][  0]LogTemp:Display: Loaded TP Android_ETC1TargetPlatform
[2015.12.23-16.20.16:848][  0]LogTemp:Display: Loaded TP Android_ETC2TargetPlatform
[2015.12.23-16.20.16:853][  0]LogTemp:Display: Loaded TP Android_MultiTargetPlatform
[2015.12.23-16.20.16:853][  0]LogTemp:Display: Loaded TP Android_PVRTCTargetPlatform
[2015.12.23-16.20.16:854][  0]LogTemp:Display: Loaded TP HTML5TargetPlatform
[2015.12.23-16.20.16:870][  0]LogTemp:Display: Loaded TP IOSTargetPlatform
[2015.12.23-16.20.16:873][  0]LogTemp:Display: Loaded TP LinuxNoEditorTargetPlatform
[2015.12.23-16.20.16:875][  0]LogTemp:Display: Loaded TP LinuxServerTargetPlatform
[2015.12.23-16.20.16:877][  0]LogTemp:Display: Loaded TP LinuxTargetPlatform
[2015.12.23-16.20.16:877][  0]LogTargetPlatformManager:Display: Building Assets For Windows
[2015.12.23-16.20.16:935][  0]LogDerivedDataCache:Display: Max Cache Size: 512 MB
[2015.12.23-16.20.16:987][  0]LogDerivedDataCache: Loaded boot cache 0.05s 41MB C:/Users/tobia/AppData/Local/UnrealEngine/4.10/DerivedDataCache/Boot.ddc.
[2015.12.23-16.20.16:987][  0]LogDerivedDataCache:Display: Loaded Boot cache: C:/Users/tobia/AppData/Local/UnrealEngine/4.10/DerivedDataCache/Boot.ddc
[2015.12.23-16.20.16:988][  0]LogDerivedDataCache: FDerivedDataBackendGraph:  Pak pak cache file ../../../../../../rollingderby/RollingDerby/RollingDerby/DerivedDataCache/DDC.ddp not found, will not use a pak cache.
[2015.12.23-16.20.16:988][  0]LogDerivedDataCache: Unable to find inner node Pak for hierarchical cache Hierarchy.
[2015.12.23-16.20.16:988][  0]LogDerivedDataCache: FDerivedDataBackendGraph:  CompressedPak pak cache file ../../../../../../rollingderby/RollingDerby/RollingDerby/DerivedDataCache/Compressed.ddp not found, will not use a pak cache.
[2015.12.23-16.20.16:988][  0]LogDerivedDataCache: Unable to find inner node CompressedPak for hierarchical cache Hierarchy.
[2015.12.23-16.20.17:048][  0]LogDerivedDataCache:Display: Pak cache opened for reading ../../../Engine/DerivedDataCache/Compressed.ddp.
[2015.12.23-16.20.17:060][  0]LogDerivedDataCache: Using Local data cache path C:/Users/tobia/AppData/Local/UnrealEngine/Common/DerivedDataCache: Writable
[2015.12.23-16.20.17:224][  0]LogInit: Selected Device Profile: [Windows]
[2015.12.23-16.20.17:226][  0]LogContentStreaming: Texture pool size is 0.000000MB
[2015.12.23-16.20.17:328][  0]LogMeshUtilities: No automatic mesh reduction module available
[2015.12.23-16.20.17:328][  0]LogMeshUtilities: No automatic mesh merging module available
[2015.12.23-16.20.17:551][  0]LogInit: WinSock: version 1.1 (2.2), MaxSocks=32767, MaxUdp=65467
[2015.12.23-16.20.18:254][  0]UdpMessaging: Initializing bridge on interface 0.0.0.0:0 to multicast group 230.0.0.1:6666.
[2015.12.23-16.20.18:345][  0]LogAssetRegistry: FAssetRegistry took 0.0107 seconds to start up
[2015.12.23-16.20.18:487][  0]SourceControl: Info Source control is disabled
[2015.12.23-16.20.18:487][  0]SourceControl: Info Source control is disabled
[2015.12.23-16.20.18:494][  0]SourceControl: Info Source control is disabled
[2015.12.23-16.20.18:502][  0]SourceControl: Info Source control is disabled
[2015.12.23-16.20.18:668][  0]LogObj: 28633 objects as part of root set at end of initial load.
[2015.12.23-16.20.18:668][  0]LogUObjectAllocator: 6099744 out of 0 bytes used by permanent object pool.
[2015.12.23-16.20.18:718][  0]LogEngine: Initializing Engine...
[2015.12.23-16.20.18:720][  0]LogHMD: Can't find Oculus library dev build: is proper Runtime installed? Version: 0.8.0.0
[2015.12.23-16.20.18:721][  0]LogHMD: SteamVR failed to initialize.  Err: 110
[2015.12.23-16.20.18:844][  0]LogAIModule: Creating AISystem for world NewWorld
[2015.12.23-16.20.18:853][  0]LogInit: XAudio2 using 'HeadPhone/Digital Output (Realtek High Definition Audio)' : 8 channels at 48 kHz using 32 bits per sample (channel mask 0x63f)
[2015.12.23-16.20.18:863][  0]LogInit: FAudioDevice initialized.
[2015.12.23-16.20.18:884][  0]LogDerivedDataCache: Saved boot cache 0.02s 41MB C:/Users/tobia/AppData/Local/UnrealEngine/4.10/DerivedDataCache/Boot.ddc.
[2015.12.23-16.20.18:888][  0]LogInit: Texture streaming: Enabled
[2015.12.23-16.20.18:892][  0]LogAnalytics: Creating configured Analytics provider AnalyticsET
[2015.12.23-16.20.18:892][  0]LogAnalytics: [UEEditor.Rocket.Release] APIServer = http://et2.epicgames.com/ET2/. AppVersion = 4.10.1-2791327+++depot+UE4-Releases+4.10
[2015.12.23-16.20.18:892][  0]LogAnalytics: [UEEditor.Rocket.Release] SetUserId 3750e6d1405e52e99c08f9974cd5569f|471a4cb9a5c14167995f8bc8b175918a|446fe6e5-1b13-4339-81c8-b1f6f83a87c4
[2015.12.23-16.20.18:892][  0]LogAnalytics: [UEEditor.Rocket.Release] AnalyticsET::StartSession
[2015.12.23-16.20.18:927][  0]LogInit: Transaction tracking system initialized
[2015.12.23-16.20.18:948][  0]BlueprintLog: New page: Editor Load
[2015.12.23-16.20.19:007][  0]LocalizationService: Info Localization service is disabled
[2015.12.23-16.20.19:071][  0]LogConsoleResponse:Display: 
[2015.12.23-16.20.19:180][  0]LogCook:Display: Done creating registry. It took  0.00s.
[2015.12.23-16.20.19:227][  0]LogFileCache: Scanning file cache for directory 'D:/rollingderby/RollingDerby/RollingDerby/Content/' took 0.01s
[2015.12.23-16.20.19:227][  0]SourceControl: Info Source control is disabled
[2015.12.23-16.20.19:227][  0]Cmd: MAP LOAD FILE="../../../../../../rollingderby/RollingDerby/RollingDerby/Content/RollingBP/Maps/RollingBPExampleMap.umap" TEMPLATE=0 SHOWPROGRESS=1 FEATURELEVEL=3
[2015.12.23-16.20.19:227][  0]LightingResults: New page: Lighting Build
[2015.12.23-16.20.19:229][  0]MapCheck: New page: Map Check
[2015.12.23-16.20.19:229][  0]LightingResults: New page: Lighting Build
[2015.12.23-16.20.19:243][  0]LogParticles: Destroying 0 GPU particle simulations for FXSystem 0x000001F64A9E3B00
[2015.12.23-16.20.19:636][  0]LogAIModule: Creating AISystem for world RollingBPExampleMap
[2015.12.23-16.20.19:646][  0]LogEditorServer: Finished looking for orphan Actors (0.000 secs)
[2015.12.23-16.20.19:646][  0]Cmd: MAP CHECKDEP NOCLEARLOG
[2015.12.23-16.20.19:685][  0]MapCheck: Info Map check complete: 0 Error(s), 0 Warning(s), took 38.916ms to complete.
[2015.12.23-16.20.19:685][  0]LogFileHelpers: Loading map 'RollingBPExampleMap' took 0.458
[2015.12.23-16.20.19:793][  0]LogCollectionManager: Loaded 0 collections in 0.001121 seconds
[2015.12.23-16.20.19:832][  0]LogFileCache: Scanning file cache for directory 'D:/rollingderby/RollingDerby/RollingDerby/Saved/Collections/' took 0.01s
[2015.12.23-16.20.19:832][  0]LogFileCache: Scanning file cache for directory 'D:/rollingderby/RollingDerby/RollingDerby/Content/Developers/tobia/Collections/' took 0.01s
[2015.12.23-16.20.19:832][  0]LogFileCache: Scanning file cache for directory 'D:/rollingderby/RollingDerby/RollingDerby/Content/Collections/' took 0.01s
[2015.12.23-16.20.19:832][  0]LogCollectionManager: Rebuilt the GUID cache for 0 collections in 0.000002 seconds
[2015.12.23-16.20.19:844][  0]LogContentBrowser: Native class hierarchy populated in 0.0114 seconds. Added 1893 classes and 338 folders.
[2015.12.23-16.20.19:867][  0]LogContentBrowser: Native class hierarchy updated for 'WidgetCarousel' in 0.0006 seconds. Added 0 classes and 0 folders.
[2015.12.23-16.20.19:912][  0]LogContentBrowser: Native class hierarchy updated for 'AddContentDialog' in 0.0003 seconds. Added 0 classes and 0 folders.
[2015.12.23-16.20.19:915][  0]LogContentBrowser: Native class hierarchy updated for 'SceneOutliner' in 0.0004 seconds. Added 1 classes and 2 folders.
[2015.12.23-16.20.19:935][  0]LogCrashTracker: Crashtracker disabled due to settings.
[2015.12.23-16.20.19:940][  0]LogUObjectGlobals:Warning: Failed to find object 'Class None.'
[2015.12.23-16.20.19:962][  0]LogLoad: Full Startup: 5.11 seconds (BP compile: 0.06 seconds)
[2015.12.23-16.20.19:983][  0]LogOcInput: Can't find Oculus library dev build: is proper Runtime installed? Version: 0.8.0.0
[2015.12.23-16.20.20:020][  0]LogContentStreaming: Texture pool size now 1000 MB
[2015.12.23-16.20.20:149][  0]LogRenderer: Reallocating scene render targets to support 884x432 (Frame:2).
[2015.12.23-16.20.21:325][  4]LogAssetRegistry: Asset discovery search completed in 2.9909 seconds
[2015.12.23-16.20.21:325][  4]LogCollectionManager: Rebuilt the object cache for 0 collections in 0.000000 seconds (found 0 objects)
[2015.12.23-16.20.21:325][  4]LogCollectionManager: Fixed up redirectors for 0 collections in 0.000015 seconds (updated 0 objects)
[2015.12.23-16.20.27:435][ 74]LogLinker:Warning: Asset '../../../Engine/Content/ArtTools/RenderToTexture/Macros/RenderToTextureMacros.uasset' has been saved with empty engine version. The asset will be loaded but may be incompatible.
[2015.12.23-16.20.28:018][ 74]LogContentBrowser: Native class hierarchy updated for 'BlueprintGraph' in 0.0007 seconds. Added 107 classes and 0 folders.
[2015.12.23-16.20.54:623][383]BlueprintLog: New page: Compile PhysicsBallBP
[2015.12.23-16.20.54:739][383]BlueprintEditorCompileResults: Info [0039.89] Compile of PhysicsBallBP successful! [in 115 ms]
[2015.12.23-16.20.57:527][388]LogSavePackage: Save=2208.619873ms
[2015.12.23-16.20.57:527][388]LogSavePackage: Moving '../../../../../../rollingderby/RollingDerby/RollingDerby/Saved/RollingBPExampleMap4CAF98724FD91C715FAB359997D2A591.tmp' to '../../../../../../rollingderby/RollingDerby/RollingDerby/Content/RollingBP/Maps/RollingBPExampleMap.umap'
[2015.12.23-16.20.57:531][388]LogSavePackage: Total save time: 2217.658505ms
[2015.12.23-16.20.57:531][388]LogSavePackage:Display: Finished SavePackage ../../../../../../rollingderby/RollingDerby/RollingDerby/Content/RollingBP/Maps/RollingBPExampleMap.umap
[2015.12.23-16.20.57:555][388]LogFileHelpers: Saving map 'RollingBPExampleMap' took 2.306
[2015.12.23-16.20.57:589][388]Cmd: OBJ SAVEPACKAGE PACKAGE="/Game/RollingBP/Blueprints/PhysicsBallBP" FILE="../../../../../../rollingderby/RollingDerby/RollingDerby/Content/RollingBP/Blueprints/PhysicsBallBP.uasset" SILENT=true
[2015.12.23-16.20.57:698][388]LogSavePackage: Save=106.486336ms
[2015.12.23-16.20.57:698][388]LogSavePackage: Moving '../../../../../../rollingderby/RollingDerby/RollingDerby/Saved/PhysicsBallBP1CBDF1FD49ED1DB2C46341B06F4109C7.tmp' to '../../../../../../rollingderby/RollingDerby/RollingDerby/Content/RollingBP/Blueprints/PhysicsBallBP.uasset'
[2015.12.23-16.20.57:700][388]LogSavePackage: Total save time: 109.442983ms
[2015.12.23-16.20.57:700][388]LogSavePackage:Display: Finished SavePackage ../../../../../../rollingderby/RollingDerby/RollingDerby/Content/RollingBP/Blueprints/PhysicsBallBP.uasset
[2015.12.23-16.20.59:120][423]LogBlueprintUserMessages: Early PlayInEditor Detection: Level '/Game/RollingBP/Maps/RollingBPExampleMap.RollingBPExampleMap:PersistentLevel' has LevelScriptBlueprint '/Game/RollingBP/Maps/RollingBPExampleMap.RollingBPExampleMap:PersistentLevel.RollingBPExampleMap' with GeneratedClass '/Game/RollingBP/Maps/RollingBPExampleMap.RollingBPExampleMap_C' with ClassGeneratedBy '/Game/RollingBP/Maps/RollingBPExampleMap.RollingBPExampleMap:PersistentLevel.RollingBPExampleMap'
[2015.12.23-16.20.59:120][423]LogPlayLevel: PlayLevel: No blueprints needed recompiling
[2015.12.23-16.20.59:120][423]PIE: New page: PIE session: RollingBPExampleMap (Dec 23, 2015, 6:20:59 PM)
[2015.12.23-16.20.59:120][423]LogPlayLevel: Creating play world package: /Game/RollingBP/Maps/UEDPIE_0_RollingBPExampleMap
[2015.12.23-16.20.59:149][423]LogPlayLevel: PIE: StaticDuplicateObject took: (0.028377s)
[2015.12.23-16.20.59:149][423]LogAIModule: Creating AISystem for world RollingBPExampleMap
[2015.12.23-16.20.59:150][423]LogPlayLevel: PIE: World Init took: (0.001001s)
[2015.12.23-16.20.59:150][423]LogPlayLevel: PIE: Created PIE world by copying editor world from /Game/RollingBP/Maps/RollingBPExampleMap.RollingBPExampleMap to /Game/RollingBP/Maps/UEDPIE_0_RollingBPExampleMap.RollingBPExampleMap (0.029622s)
[2015.12.23-16.20.59:188][423]LogInit: XAudio2 using 'HeadPhone/Digital Output (Realtek High Definition Audio)' : 8 channels at 48 kHz using 32 bits per sample (channel mask 0x63f)
[2015.12.23-16.20.59:198][423]LogInit: FAudioDevice initialized.
[2015.12.23-16.20.59:250][423]LogWorld: Game class is 'RollingGameMode_C'
[2015.12.23-16.20.59:401][423]LogWorld: Bringing World /Game/RollingBP/Maps/UEDPIE_0_RollingBPExampleMap.RollingBPExampleMap up for play (max tick rate 60) at 2015.12.23-17.20.59
[2015.12.23-16.20.59:401][423]LogActor:Warning: GameSession /Game/RollingBP/Maps/UEDPIE_0_RollingBPExampleMap.RollingBPExampleMap:PersistentLevel.GameSession_0 has natively added scene component(s), but none of them were set as the actor's RootComponent - picking one arbitrarily
[2015.12.23-16.20.59:401][423]LogActor:Warning: GameNetworkManager /Game/RollingBP/Maps/UEDPIE_0_RollingBPExampleMap.RollingBPExampleMap:PersistentLevel.GameNetworkManager_0 has natively added scene component(s), but none of them were set as the actor's RootComponent - picking one arbitrarily
[2015.12.23-16.20.59:401][423]LogWorld: Bringing up level for play took: 0.150154
[2015.12.23-16.20.59:402][423]PIE: Info Play in editor start time for /Game/RollingBP/Maps/UEDPIE_0_RollingBPExampleMap -0.327
[2015.12.23-16.20.59:402][423]LogBlueprintUserMessages: Late PlayInEditor Detection: Level '/Game/RollingBP/Maps/RollingBPExampleMap.RollingBPExampleMap:PersistentLevel' has LevelScriptBlueprint '/Game/RollingBP/Maps/RollingBPExampleMap.RollingBPExampleMap:PersistentLevel.RollingBPExampleMap' with GeneratedClass '/Game/RollingBP/Maps/RollingBPExampleMap.RollingBPExampleMap_C' with ClassGeneratedBy '/Game/RollingBP/Maps/RollingBPExampleMap.RollingBPExampleMap:PersistentLevel.RollingBPExampleMap'
[2015.12.23-16.21.00:534][462]LogCrashTracker: 


[2015.12.23-16.21.00:534][462]LogThreadingWindows:Error: Runnable thread TaskGraphThread 0 crashed.
[2015.12.23-16.21.00:534][462]LogCrashTracker: 


[2015.12.23-16.21.00:534][462]LogWindows:Error: === Critical error: ===
Fatal error!


Crash in runnable thread TaskGraphThread 0

[2015.12.23-16.21.00:607][462]LogExit: Executing StaticShutdownAfterError
[2015.12.23-16.21.00:607][462]LogWindows: FPlatformMisc::RequestExit(1)
[2015.12.23-16.21.00:607][462]Log file closed, 12/23/15 17:21:00
