[2015.12.23-16.21.09:333][  0]Log file open, 12/23/15 17:21:09
[2015.12.23-16.21.09:333][  0]LogInit:Display: Running engine for game: RollingDerby
[2015.12.23-16.21.09:333][  0]LogPlatformFile: Not using cached read wrapper
[2015.12.23-16.21.09:333][  0]LogInit:Display: RandInit(-1156468534) SRandInit(-1156468532).
[2015.12.23-16.21.09:333][  0]LogTaskGraph: Started task graph with 4 named threads and 7 total threads.
[2015.12.23-16.21.09:333][  0]LogStats: Stats thread started at 0.073671
[2015.12.23-16.21.09:333][  0]LogInit: Version: 4.10.1-2791327+++depot+UE4-Releases+4.10
[2015.12.23-16.21.09:333][  0]LogInit: API Version: 2758231
[2015.12.23-16.21.09:333][  0]LogInit: Compiled (64-bit): Dec  4 2015 19:44:40
[2015.12.23-16.21.09:333][  0]LogInit: Compiled with Visual C++: 19.00.23026.00
[2015.12.23-16.21.09:333][  0]LogInit: Build Configuration: Development
[2015.12.23-16.21.09:333][  0]LogInit: Branch Name: ++depot+UE4-Releases+4.10
[2015.12.23-16.21.09:333][  0]LogInit: Command line:  
[2015.12.23-16.21.09:333][  0]LogInit: Base directory: D:/Program Files (x86)/Epic Games/4.10/Engine/Binaries/Win64/
[2015.12.23-16.21.09:333][  0]LogInit: Rocket: 1
[2015.12.23-16.21.09:338][  0]LogInit: Using libcurl 7.41.0
[2015.12.23-16.21.09:338][  0]LogInit:  - built for x86_64-pc-win32
[2015.12.23-16.21.09:338][  0]LogInit:  - supports SSL with WinSSL
[2015.12.23-16.21.09:338][  0]LogInit:  - other features:
[2015.12.23-16.21.09:338][  0]LogInit:      CURL_VERSION_SSL
[2015.12.23-16.21.09:338][  0]LogInit:      CURL_VERSION_IPV6
[2015.12.23-16.21.09:338][  0]LogInit:      CURL_VERSION_ASYNCHDNS
[2015.12.23-16.21.09:338][  0]LogInit:      CURL_VERSION_LARGEFILE
[2015.12.23-16.21.09:338][  0]LogInit:      CURL_VERSION_IDN
[2015.12.23-16.21.09:338][  0]LogInit:  CurlRequestOptions (configurable via config and command line):
[2015.12.23-16.21.09:338][  0]LogInit:  - bVerifyPeer = true  - Libcurl will verify peer certificate
[2015.12.23-16.21.09:338][  0]LogInit:  - bUseHttpProxy = false  - Libcurl will NOT use HTTP proxy
[2015.12.23-16.21.09:338][  0]LogInit:  - bDontReuseConnections = false  - Libcurl will reuse connections
[2015.12.23-16.21.09:338][  0]LogInit:  - CertBundlePath = nullptr  - Libcurl will use whatever was configured at build time.
[2015.12.23-16.21.09:344][  0]LogInit: Presizing for 0 objects not considered by GC, pre-allocating 0 bytes.
[2015.12.23-16.21.09:353][  0]LogInit: Object subsystem initialized
[2015.12.23-16.21.09:354][  0]LogInit: Selected Device Profile: [Windows]
[2015.12.23-16.21.09:354][  0]LogInit: Applying CVar settings loaded from the selected device profile: [Windows]
[2015.12.23-16.21.09:365][  0]LogInit: Computer: MSI
[2015.12.23-16.21.09:365][  0]LogInit: User: tobia
[2015.12.23-16.21.09:365][  0]LogInit: CPU Page size=4096, Cores=4
[2015.12.23-16.21.09:365][  0]LogInit: High frequency timer resolution =2.531245 MHz
[2015.12.23-16.21.09:365][  0]LogMemory: Memory total: Physical=15.9GB (16GB approx)
[2015.12.23-16.21.09:366][  0]LogMemory: Platform Memory Stats for Windows
[2015.12.23-16.21.09:366][  0]LogMemory: Process Physical Memory: 56.04 MB used, 56.04 MB peak
[2015.12.23-16.21.09:366][  0]LogMemory: Process Virtual Memory: 56.91 MB used, 56.91 MB peak
[2015.12.23-16.21.09:366][  0]LogMemory: Physical Memory: 5165.16 MB used, 16294.66 MB total
[2015.12.23-16.21.09:366][  0]LogMemory: Virtual Memory: 383.49 MB used, 134217728.00 MB total
[2015.12.23-16.21.09:684][  0]LogTextLocalizationManager: No translations for ('sv-SE') exist, falling back to 'en' for localization and internationalization data.
[2015.12.23-16.21.10:104][  0]LogD3D11RHI: Found D3D11 adapter 0: NVIDIA GeForce GTX 970M           (Feature Level 11_0)
[2015.12.23-16.21.10:105][  0]LogD3D11RHI: Adapter has 2991MB of dedicated video memory, 0MB of dedicated system memory, and 8147MB of shared system memory, 1 output[s]
[2015.12.23-16.21.10:110][  0]LogD3D11RHI: Found D3D11 adapter 1: Intel(R) HD Graphics 530 (Feature Level 11_0)
[2015.12.23-16.21.10:110][  0]LogD3D11RHI: Adapter has 128MB of dedicated video memory, 0MB of dedicated system memory, and 8147MB of shared system memory, 0 output[s]
[2015.12.23-16.21.10:112][  0]LogD3D11RHI: Found D3D11 adapter 2: Microsoft Basic Render Driver (Feature Level 11_0)
[2015.12.23-16.21.10:112][  0]LogD3D11RHI: Adapter has 0MB of dedicated video memory, 0MB of dedicated system memory, and 8147MB of shared system memory, 0 output[s]
[2015.12.23-16.21.10:112][  0]LogD3D11RHI: Chosen D3D11 Adapter Id = 0
[2015.12.23-16.21.10:117][  0]LogD3D11RHI: !Direct3DDevice
[2015.12.23-16.21.10:117][  0]LogRHI: Texture pool is 1361 MB (70% of 1945 MB)
[2015.12.23-16.21.10:130][  0]LogD3D11RHI: Async texture creation enabled
[2015.12.23-16.21.10:146][  0]LogShaderCompilers: Guid format shader working directory is -10 characters bigger than the processId version (../../../../../../rollingderby/RollingDerby/RollingDerby/Intermediate/Shaders/WorkingDirectory/1588/).
[2015.12.23-16.21.10:146][  0]LogShaderCompilers: Cleaned the shader compiler working directory 'C:/Users/tobia/AppData/Local/Temp/UnrealShaderWorkingDir/D357F1084F69C5A3471B139245D27440/'.
[2015.12.23-16.21.10:146][  0]LogShaderCompilers:Display: Using Local Shader Compiler.
[2015.12.23-16.21.10:937][  0]LogTemp:Display: Loaded TP AllDesktopTargetPlatform
[2015.12.23-16.21.10:940][  0]LogTemp:Display: Loaded TP WindowsClientTargetPlatform
[2015.12.23-16.21.10:943][  0]LogTemp:Display: Loaded TP WindowsNoEditorTargetPlatform
[2015.12.23-16.21.10:949][  0]LogTemp:Display: Loaded TP WindowsServerTargetPlatform
[2015.12.23-16.21.10:955][  0]LogTemp:Display: Loaded TP WindowsTargetPlatform
[2015.12.23-16.21.10:958][  0]LogTemp:Display: Loaded TP AndroidTargetPlatform
[2015.12.23-16.21.10:962][  0]LogTemp:Display: Loaded TP Android_ASTCTargetPlatform
[2015.12.23-16.21.10:968][  0]LogTemp:Display: Loaded TP Android_ATCTargetPlatform
[2015.12.23-16.21.10:973][  0]LogTemp:Display: Loaded TP Android_DXTTargetPlatform
[2015.12.23-16.21.10:978][  0]LogTemp:Display: Loaded TP Android_ETC1TargetPlatform
[2015.12.23-16.21.10:985][  0]LogTemp:Display: Loaded TP Android_ETC2TargetPlatform
[2015.12.23-16.21.10:991][  0]LogTemp:Display: Loaded TP Android_MultiTargetPlatform
[2015.12.23-16.21.10:991][  0]LogTemp:Display: Loaded TP Android_PVRTCTargetPlatform
[2015.12.23-16.21.10:991][  0]LogTemp:Display: Loaded TP HTML5TargetPlatform
[2015.12.23-16.21.11:008][  0]LogTemp:Display: Loaded TP IOSTargetPlatform
[2015.12.23-16.21.11:012][  0]LogTemp:Display: Loaded TP LinuxNoEditorTargetPlatform
[2015.12.23-16.21.11:016][  0]LogTemp:Display: Loaded TP LinuxServerTargetPlatform
[2015.12.23-16.21.11:020][  0]LogTemp:Display: Loaded TP LinuxTargetPlatform
[2015.12.23-16.21.11:020][  0]LogTargetPlatformManager:Display: Building Assets For Windows
[2015.12.23-16.21.11:081][  0]LogDerivedDataCache:Display: Max Cache Size: 512 MB
[2015.12.23-16.21.11:126][  0]LogDerivedDataCache: Loaded boot cache 0.04s 41MB C:/Users/tobia/AppData/Local/UnrealEngine/4.10/DerivedDataCache/Boot.ddc.
[2015.12.23-16.21.11:126][  0]LogDerivedDataCache:Display: Loaded Boot cache: C:/Users/tobia/AppData/Local/UnrealEngine/4.10/DerivedDataCache/Boot.ddc
[2015.12.23-16.21.11:126][  0]LogDerivedDataCache: FDerivedDataBackendGraph:  Pak pak cache file ../../../../../../rollingderby/RollingDerby/RollingDerby/DerivedDataCache/DDC.ddp not found, will not use a pak cache.
[2015.12.23-16.21.11:126][  0]LogDerivedDataCache: Unable to find inner node Pak for hierarchical cache Hierarchy.
[2015.12.23-16.21.11:126][  0]LogDerivedDataCache: FDerivedDataBackendGraph:  CompressedPak pak cache file ../../../../../../rollingderby/RollingDerby/RollingDerby/DerivedDataCache/Compressed.ddp not found, will not use a pak cache.
[2015.12.23-16.21.11:126][  0]LogDerivedDataCache: Unable to find inner node CompressedPak for hierarchical cache Hierarchy.
[2015.12.23-16.21.11:194][  0]LogDerivedDataCache:Display: Pak cache opened for reading ../../../Engine/DerivedDataCache/Compressed.ddp.
[2015.12.23-16.21.11:206][  0]LogDerivedDataCache: Using Local data cache path C:/Users/tobia/AppData/Local/UnrealEngine/Common/DerivedDataCache: Writable
[2015.12.23-16.21.11:376][  0]LogInit: Selected Device Profile: [Windows]
[2015.12.23-16.21.11:380][  0]LogContentStreaming: Texture pool size is 0.000000MB
[2015.12.23-16.21.11:484][  0]LogMeshUtilities: No automatic mesh reduction module available
[2015.12.23-16.21.11:484][  0]LogMeshUtilities: No automatic mesh merging module available
[2015.12.23-16.21.11:703][  0]LogInit: WinSock: version 1.1 (2.2), MaxSocks=32767, MaxUdp=65467
[2015.12.23-16.21.12:419][  0]UdpMessaging: Initializing bridge on interface 0.0.0.0:0 to multicast group 230.0.0.1:6666.
[2015.12.23-16.21.12:507][  0]LogAssetRegistry: FAssetRegistry took 0.0109 seconds to start up
[2015.12.23-16.21.12:665][  0]SourceControl: Info Source control is disabled
[2015.12.23-16.21.12:665][  0]SourceControl: Info Source control is disabled
[2015.12.23-16.21.12:673][  0]SourceControl: Info Source control is disabled
[2015.12.23-16.21.12:680][  0]SourceControl: Info Source control is disabled
[2015.12.23-16.21.12:870][  0]LogObj: 28633 objects as part of root set at end of initial load.
[2015.12.23-16.21.12:870][  0]LogUObjectAllocator: 6099744 out of 0 bytes used by permanent object pool.
[2015.12.23-16.21.12:919][  0]LogEngine: Initializing Engine...
[2015.12.23-16.21.12:921][  0]LogHMD: Can't find Oculus library dev build: is proper Runtime installed? Version: 0.8.0.0
[2015.12.23-16.21.12:922][  0]LogHMD: SteamVR failed to initialize.  Err: 110
[2015.12.23-16.21.13:045][  0]LogAIModule: Creating AISystem for world NewWorld
[2015.12.23-16.21.13:056][  0]LogInit: XAudio2 using 'HeadPhone/Digital Output (Realtek High Definition Audio)' : 8 channels at 48 kHz using 32 bits per sample (channel mask 0x63f)
[2015.12.23-16.21.13:067][  0]LogInit: FAudioDevice initialized.
[2015.12.23-16.21.13:088][  0]LogDerivedDataCache: Saved boot cache 0.02s 41MB C:/Users/tobia/AppData/Local/UnrealEngine/4.10/DerivedDataCache/Boot.ddc.
[2015.12.23-16.21.13:093][  0]LogInit: Texture streaming: Enabled
[2015.12.23-16.21.13:097][  0]LogAnalytics: Creating configured Analytics provider AnalyticsET
[2015.12.23-16.21.13:097][  0]LogAnalytics: [UEEditor.Rocket.Release] APIServer = http://et2.epicgames.com/ET2/. AppVersion = 4.10.1-2791327+++depot+UE4-Releases+4.10
[2015.12.23-16.21.13:097][  0]LogAnalytics: [UEEditor.Rocket.Release] SetUserId 3750e6d1405e52e99c08f9974cd5569f|471a4cb9a5c14167995f8bc8b175918a|446fe6e5-1b13-4339-81c8-b1f6f83a87c4
[2015.12.23-16.21.13:097][  0]LogAnalytics: [UEEditor.Rocket.Release] AnalyticsET::StartSession
[2015.12.23-16.21.13:131][  0]LogInit: Transaction tracking system initialized
[2015.12.23-16.21.13:156][  0]BlueprintLog: New page: Editor Load
[2015.12.23-16.21.13:223][  0]LocalizationService: Info Localization service is disabled
[2015.12.23-16.21.13:276][  0]LogConsoleResponse:Display: 
[2015.12.23-16.21.13:378][  0]LogCook:Display: Done creating registry. It took  0.00s.
[2015.12.23-16.21.13:419][  0]LogFileCache: Scanning file cache for directory 'D:/rollingderby/RollingDerby/RollingDerby/Content/' took 0.01s
[2015.12.23-16.21.13:419][  0]SourceControl: Info Source control is disabled
[2015.12.23-16.21.13:419][  0]Cmd: MAP LOAD FILE="../../../../../../rollingderby/RollingDerby/RollingDerby/Content/RollingBP/Maps/RollingBPExampleMap.umap" TEMPLATE=0 SHOWPROGRESS=1 FEATURELEVEL=3
[2015.12.23-16.21.13:420][  0]LightingResults: New page: Lighting Build
[2015.12.23-16.21.13:422][  0]MapCheck: New page: Map Check
[2015.12.23-16.21.13:422][  0]LightingResults: New page: Lighting Build
[2015.12.23-16.21.13:432][  0]LogParticles: Destroying 0 GPU particle simulations for FXSystem 0x000002280F7EBB00
[2015.12.23-16.21.13:836][  0]LogAIModule: Creating AISystem for world RollingBPExampleMap
[2015.12.23-16.21.13:846][  0]LogEditorServer: Finished looking for orphan Actors (0.000 secs)
[2015.12.23-16.21.13:848][  0]Cmd: MAP CHECKDEP NOCLEARLOG
[2015.12.23-16.21.13:892][  0]MapCheck: Info Map check complete: 0 Error(s), 0 Warning(s), took 44.007ms to complete.
[2015.12.23-16.21.13:892][  0]LogFileHelpers: Loading map 'RollingBPExampleMap' took 0.473
[2015.12.23-16.21.14:021][  0]LogCollectionManager: Loaded 0 collections in 0.001894 seconds
[2015.12.23-16.21.14:059][  0]LogFileCache: Scanning file cache for directory 'D:/rollingderby/RollingDerby/RollingDerby/Saved/Collections/' took 0.01s
[2015.12.23-16.21.14:059][  0]LogFileCache: Scanning file cache for directory 'D:/rollingderby/RollingDerby/RollingDerby/Content/Developers/tobia/Collections/' took 0.01s
[2015.12.23-16.21.14:059][  0]LogFileCache: Scanning file cache for directory 'D:/rollingderby/RollingDerby/RollingDerby/Content/Collections/' took 0.01s
[2015.12.23-16.21.14:059][  0]LogCollectionManager: Rebuilt the GUID cache for 0 collections in 0.000002 seconds
[2015.12.23-16.21.14:066][  0]LogContentBrowser: Native class hierarchy populated in 0.0072 seconds. Added 1893 classes and 338 folders.
[2015.12.23-16.21.14:072][  0]LogContentBrowser: Native class hierarchy updated for 'WidgetCarousel' in 0.0004 seconds. Added 0 classes and 0 folders.
[2015.12.23-16.21.14:128][  0]LogContentBrowser: Native class hierarchy updated for 'AddContentDialog' in 0.0005 seconds. Added 0 classes and 0 folders.
[2015.12.23-16.21.14:135][  0]LogContentBrowser: Native class hierarchy updated for 'SceneOutliner' in 0.0005 seconds. Added 1 classes and 2 folders.
[2015.12.23-16.21.14:163][  0]LogCrashTracker: Crashtracker disabled due to settings.
[2015.12.23-16.21.14:174][  0]LogUObjectGlobals:Warning: Failed to find object 'Class None.'
[2015.12.23-16.21.14:200][  0]LogLoad: Full Startup: 5.28 seconds (BP compile: 0.07 seconds)
[2015.12.23-16.21.14:542][  0]LogOcInput: Can't find Oculus library dev build: is proper Runtime installed? Version: 0.8.0.0
[2015.12.23-16.21.14:580][  0]LogContentStreaming: Texture pool size now 1000 MB
[2015.12.23-16.21.14:719][  0]LogRenderer: Reallocating scene render targets to support 884x432 (Frame:2).
[2015.12.23-16.21.15:880][  4]LogAssetRegistry: Asset discovery search completed in 3.3836 seconds
[2015.12.23-16.21.15:880][  4]LogCollectionManager: Rebuilt the object cache for 0 collections in 0.000000 seconds (found 0 objects)
[2015.12.23-16.21.15:880][  4]LogCollectionManager: Fixed up redirectors for 0 collections in 0.000016 seconds (updated 0 objects)
[2015.12.23-16.27.40:670][366]LogLinker:Warning: Asset '../../../Engine/Content/ArtTools/RenderToTexture/Macros/RenderToTextureMacros.uasset' has been saved with empty engine version. The asset will be loaded but may be incompatible.
[2015.12.23-16.27.41:029][366]LogContentBrowser: Native class hierarchy updated for 'BlueprintGraph' in 0.0007 seconds. Added 107 classes and 0 folders.
[2015.12.23-16.28.36:175][103]BlueprintLog: New page: Compile PhysicsBallBP
[2015.12.23-16.28.36:295][103]BlueprintEditorCompileResults: Info [0447.37] Compile of PhysicsBallBP successful! [in 120 ms]
[2015.12.23-16.28.58:611][419]BlueprintLog: New page: Compile PhysicsBallBP
[2015.12.23-16.28.58:641][419]LogBlueprint:Error: [compiler PhysicsBallBP] Error The current value (0, 0, 0) of the ' Hit Location ' pin is invalid: 'Hit Location' must have an input wired into it ("by ref" params expect a valid input to operate on).
[2015.12.23-16.28.58:641][419]LogBlueprint:Error: [compiler PhysicsBallBP] Error The current value (0, 0, 0) of the ' Impulse Dir ' pin is invalid: 'Impulse Dir' must have an input wired into it ("by ref" params expect a valid input to operate on).
[2015.12.23-16.28.58:757][419]LogBlueprint:Warning: [compiler PhysicsBallBP] Warning [0469.84] Compile of PhysicsBallBP failed. 2 Fatal Issue(s) 0 Warning(s) [in 147 ms]
[2015.12.23-16.28.58:758][419]BlueprintEditorCompileResults:Error: Error The current value (0, 0, 0) of the ' Hit Location ' pin is invalid: 'Hit Location' must have an input wired into it ("by ref" params expect a valid input to operate on).
[2015.12.23-16.28.58:758][419]BlueprintEditorCompileResults:Error: Error The current value (0, 0, 0) of the ' Impulse Dir ' pin is invalid: 'Impulse Dir' must have an input wired into it ("by ref" params expect a valid input to operate on).
[2015.12.23-16.28.58:758][419]BlueprintEditorCompileResults:Warning: Warning [0469.84] Compile of PhysicsBallBP failed. 2 Fatal Issue(s) 0 Warning(s) [in 147 ms]
[2015.12.23-16.29.01:675][427]LogSavePackage: Save=2234.427002ms
[2015.12.23-16.29.01:675][427]LogSavePackage: Moving '../../../../../../rollingderby/RollingDerby/RollingDerby/Saved/RollingBPExampleMapA049671F418529EDD6C583B3F36A33EF.tmp' to '../../../../../../rollingderby/RollingDerby/RollingDerby/Content/RollingBP/Maps/RollingBPExampleMap.umap'
[2015.12.23-16.29.01:675][427]LogFileManager:Warning: DeleteFile was unable to delete '../../../../../../rollingderby/RollingDerby/RollingDerby/Content/RollingBP/Maps/RollingBPExampleMap.umap', retrying in .5s...
[2015.12.23-16.29.02:175][427]LogFileManager:Error: Error deleting file '../../../../../../rollingderby/RollingDerby/RollingDerby/Content/RollingBP/Maps/RollingBPExampleMap.umap'.
[2015.12.23-16.29.02:175][427]LogSavePackage:Error: Error saving '../../../../../../rollingderby/RollingDerby/RollingDerby/Content/RollingBP/Maps/RollingBPExampleMap.umap'
[2015.12.23-16.29.02:180][427]LogSavePackage: Total save time: 2771.682709ms
[2015.12.23-16.29.02:180][427]LogSavePackage:Display: Finished SavePackage ../../../../../../rollingderby/RollingDerby/RollingDerby/Content/RollingBP/Maps/RollingBPExampleMap.umap
[2015.12.23-16.29.02:212][427]EditorErrors: New page: Save Output
[2015.12.23-16.29.02:212][427]EditorErrors:Warning: Warning Error saving '../../../../../../rollingderby/RollingDerby/RollingDerby/Content/RollingBP/Maps/RollingBPExampleMap.umap'
[2015.12.23-16.29.02:223][427]LogFileHelpers: Saving map 'RollingBPExampleMap' took 2.885
[2015.12.23-16.29.05:494][427]LogSavePackage: Save=1658.820801ms
[2015.12.23-16.29.05:494][427]LogSavePackage: Moving '../../../../../../rollingderby/RollingDerby/RollingDerby/Saved/RollingBPExampleMap3A8D46E646AED6E746F99FB65AC21049.tmp' to '../../../../../../rollingderby/RollingDerby/RollingDerby/Content/RollingBP/Maps/RollingBPExampleMap.umap'
[2015.12.23-16.29.05:494][427]LogFileManager:Warning: DeleteFile was unable to delete '../../../../../../rollingderby/RollingDerby/RollingDerby/Content/RollingBP/Maps/RollingBPExampleMap.umap', retrying in .5s...
[2015.12.23-16.29.05:995][427]LogFileManager:Error: Error deleting file '../../../../../../rollingderby/RollingDerby/RollingDerby/Content/RollingBP/Maps/RollingBPExampleMap.umap'.
[2015.12.23-16.29.05:995][427]LogSavePackage:Error: Error saving '../../../../../../rollingderby/RollingDerby/RollingDerby/Content/RollingBP/Maps/RollingBPExampleMap.umap'
[2015.12.23-16.29.06:000][427]LogSavePackage: Total save time: 2165.218696ms
[2015.12.23-16.29.06:000][427]LogSavePackage:Display: Finished SavePackage ../../../../../../rollingderby/RollingDerby/RollingDerby/Content/RollingBP/Maps/RollingBPExampleMap.umap
[2015.12.23-16.29.06:001][427]EditorErrors: New page: Save Output
[2015.12.23-16.29.06:001][427]EditorErrors:Warning: Warning Error saving '../../../../../../rollingderby/RollingDerby/RollingDerby/Content/RollingBP/Maps/RollingBPExampleMap.umap'
[2015.12.23-16.29.06:002][427]LogFileHelpers: Saving map 'RollingBPExampleMap' took 2.236
[2015.12.23-16.29.15:992][543]BlueprintLog: New page: Compile PhysicsBallBP
[2015.12.23-16.29.16:024][543]LogBlueprint:Error: [compiler PhysicsBallBP] Error The current value (0, 0, 0) of the ' Impulse Dir ' pin is invalid: 'Impulse Dir' must have an input wired into it ("by ref" params expect a valid input to operate on).
[2015.12.23-16.29.16:136][543]LogBlueprint:Warning: [compiler PhysicsBallBP] Warning [0487.21] Compile of PhysicsBallBP failed. 1 Fatal Issue(s) 0 Warning(s) [in 143 ms]
[2015.12.23-16.29.16:136][543]BlueprintEditorCompileResults:Error: Error The current value (0, 0, 0) of the ' Impulse Dir ' pin is invalid: 'Impulse Dir' must have an input wired into it ("by ref" params expect a valid input to operate on).
[2015.12.23-16.29.16:136][543]BlueprintEditorCompileResults:Warning: Warning [0487.21] Compile of PhysicsBallBP failed. 1 Fatal Issue(s) 0 Warning(s) [in 143 ms]
[2015.12.23-16.29.20:246][602]BlueprintLog: New page: Compile PhysicsBallBP
[2015.12.23-16.29.20:394][602]BlueprintEditorCompileResults: Info [0491.47] Compile of PhysicsBallBP successful! [in 148 ms]
[2015.12.23-16.29.22:749][610]LogSavePackage: Save=1623.536255ms
[2015.12.23-16.29.22:749][610]LogSavePackage: Moving '../../../../../../rollingderby/RollingDerby/RollingDerby/Saved/RollingBPExampleMapA24FC971446BC47B5F437D97642DB9BD.tmp' to '../../../../../../rollingderby/RollingDerby/RollingDerby/Content/RollingBP/Maps/RollingBPExampleMap.umap'
[2015.12.23-16.29.22:749][610]LogFileManager:Warning: DeleteFile was unable to delete '../../../../../../rollingderby/RollingDerby/RollingDerby/Content/RollingBP/Maps/RollingBPExampleMap.umap', retrying in .5s...
[2015.12.23-16.29.23:250][610]LogFileManager:Error: Error deleting file '../../../../../../rollingderby/RollingDerby/RollingDerby/Content/RollingBP/Maps/RollingBPExampleMap.umap'.
[2015.12.23-16.29.23:250][610]LogSavePackage:Error: Error saving '../../../../../../rollingderby/RollingDerby/RollingDerby/Content/RollingBP/Maps/RollingBPExampleMap.umap'
[2015.12.23-16.29.23:257][610]LogSavePackage: Total save time: 2132.520165ms
[2015.12.23-16.29.23:257][610]LogSavePackage:Display: Finished SavePackage ../../../../../../rollingderby/RollingDerby/RollingDerby/Content/RollingBP/Maps/RollingBPExampleMap.umap
[2015.12.23-16.29.23:258][610]EditorErrors: New page: Save Output
[2015.12.23-16.29.23:258][610]EditorErrors:Warning: Warning Error saving '../../../../../../rollingderby/RollingDerby/RollingDerby/Content/RollingBP/Maps/RollingBPExampleMap.umap'
[2015.12.23-16.29.23:268][610]LogFileHelpers: Saving map 'RollingBPExampleMap' took 2.217
[2015.12.23-16.29.32:044][610]LogSavePackage: Save=1687.609009ms
[2015.12.23-16.29.32:044][610]LogSavePackage: Moving '../../../../../../rollingderby/RollingDerby/RollingDerby/Saved/RollingBPExampleMapA8C3FAE644CDD1ACE722E2B969A61105.tmp' to '../../../../../../rollingderby/RollingDerby/RollingDerby/Content/RollingBP/Maps/RollingBPExampleMap.umap'
[2015.12.23-16.29.32:044][610]LogFileManager:Warning: DeleteFile was unable to delete '../../../../../../rollingderby/RollingDerby/RollingDerby/Content/RollingBP/Maps/RollingBPExampleMap.umap', retrying in .5s...
[2015.12.23-16.29.32:545][610]LogFileManager:Error: Error deleting file '../../../../../../rollingderby/RollingDerby/RollingDerby/Content/RollingBP/Maps/RollingBPExampleMap.umap'.
[2015.12.23-16.29.32:545][610]LogSavePackage:Error: Error saving '../../../../../../rollingderby/RollingDerby/RollingDerby/Content/RollingBP/Maps/RollingBPExampleMap.umap'
[2015.12.23-16.29.32:551][610]LogSavePackage: Total save time: 2195.283744ms
[2015.12.23-16.29.32:551][610]LogSavePackage:Display: Finished SavePackage ../../../../../../rollingderby/RollingDerby/RollingDerby/Content/RollingBP/Maps/RollingBPExampleMap.umap
[2015.12.23-16.29.32:553][610]EditorErrors: New page: Save Output
[2015.12.23-16.29.32:553][610]EditorErrors:Warning: Warning Error saving '../../../../../../rollingderby/RollingDerby/RollingDerby/Content/RollingBP/Maps/RollingBPExampleMap.umap'
[2015.12.23-16.29.32:555][610]LogFileHelpers: Saving map 'RollingBPExampleMap' took 2.265
[2015.12.23-16.29.36:407][610]LogSavePackage: Save=1664.501465ms
[2015.12.23-16.29.36:407][610]LogSavePackage: Moving '../../../../../../rollingderby/RollingDerby/RollingDerby/Saved/RollingBPExampleMap805255E744ADE79CDC400F9A24FB7E4E.tmp' to '../../../../../../rollingderby/RollingDerby/RollingDerby/Content/RollingBP/Maps/RollingBPExampleMap.umap'
[2015.12.23-16.29.36:413][610]LogSavePackage: Total save time: 1671.185918ms
[2015.12.23-16.29.36:413][610]LogSavePackage:Display: Finished SavePackage ../../../../../../rollingderby/RollingDerby/RollingDerby/Content/RollingBP/Maps/RollingBPExampleMap.umap
[2015.12.23-16.29.36:435][610]LogFileHelpers: Saving map 'RollingBPExampleMap' took 1.761
[2015.12.23-16.29.36:459][610]Cmd: OBJ SAVEPACKAGE PACKAGE="/Game/RollingBP/Blueprints/PhysicsBallBP" FILE="../../../../../../rollingderby/RollingDerby/RollingDerby/Content/RollingBP/Blueprints/PhysicsBallBP.uasset" SILENT=true
[2015.12.23-16.29.36:585][610]LogSavePackage: Save=116.602699ms
[2015.12.23-16.29.36:585][610]LogSavePackage: Moving '../../../../../../rollingderby/RollingDerby/RollingDerby/Saved/PhysicsBallBPDDF74816432693BD17792097013C7430.tmp' to '../../../../../../rollingderby/RollingDerby/RollingDerby/Content/RollingBP/Blueprints/PhysicsBallBP.uasset'
[2015.12.23-16.29.36:587][610]LogSavePackage: Total save time: 126.491111ms
[2015.12.23-16.29.36:587][610]LogSavePackage:Display: Finished SavePackage ../../../../../../rollingderby/RollingDerby/RollingDerby/Content/RollingBP/Blueprints/PhysicsBallBP.uasset
[2015.12.23-16.29.40:708][683]LogBlueprintUserMessages: Early PlayInEditor Detection: Level '/Game/RollingBP/Maps/RollingBPExampleMap.RollingBPExampleMap:PersistentLevel' has LevelScriptBlueprint '/Game/RollingBP/Maps/RollingBPExampleMap.RollingBPExampleMap:PersistentLevel.RollingBPExampleMap' with GeneratedClass '/Game/RollingBP/Maps/RollingBPExampleMap.RollingBPExampleMap_C' with ClassGeneratedBy '/Game/RollingBP/Maps/RollingBPExampleMap.RollingBPExampleMap:PersistentLevel.RollingBPExampleMap'
[2015.12.23-16.29.40:708][683]LogPlayLevel: PlayLevel: No blueprints needed recompiling
[2015.12.23-16.29.40:708][683]PIE: New page: PIE session: RollingBPExampleMap (Dec 23, 2015, 6:29:40 PM)
[2015.12.23-16.29.40:708][683]LogPlayLevel: Creating play world package: /Game/RollingBP/Maps/UEDPIE_0_RollingBPExampleMap
[2015.12.23-16.29.40:737][683]LogPlayLevel: PIE: StaticDuplicateObject took: (0.028645s)
[2015.12.23-16.29.40:737][683]LogAIModule: Creating AISystem for world RollingBPExampleMap
[2015.12.23-16.29.40:738][683]LogPlayLevel: PIE: World Init took: (0.000657s)
[2015.12.23-16.29.40:738][683]LogPlayLevel: PIE: Created PIE world by copying editor world from /Game/RollingBP/Maps/RollingBPExampleMap.RollingBPExampleMap to /Game/RollingBP/Maps/UEDPIE_0_RollingBPExampleMap.RollingBPExampleMap (0.029563s)
[2015.12.23-16.29.40:780][683]LogInit: XAudio2 using 'HeadPhone/Digital Output (Realtek High Definition Audio)' : 8 channels at 48 kHz using 32 bits per sample (channel mask 0x63f)
[2015.12.23-16.29.40:790][683]LogInit: FAudioDevice initialized.
[2015.12.23-16.29.40:839][683]LogWorld: Game class is 'RollingGameMode_C'
[2015.12.23-16.29.40:992][683]LogWorld: Bringing World /Game/RollingBP/Maps/UEDPIE_0_RollingBPExampleMap.RollingBPExampleMap up for play (max tick rate 60) at 2015.12.23-17.29.40
[2015.12.23-16.29.40:992][683]LogActor:Warning: GameSession /Game/RollingBP/Maps/UEDPIE_0_RollingBPExampleMap.RollingBPExampleMap:PersistentLevel.GameSession_0 has natively added scene component(s), but none of them were set as the actor's RootComponent - picking one arbitrarily
[2015.12.23-16.29.40:992][683]LogActor:Warning: GameNetworkManager /Game/RollingBP/Maps/UEDPIE_0_RollingBPExampleMap.RollingBPExampleMap:PersistentLevel.GameNetworkManager_0 has natively added scene component(s), but none of them were set as the actor's RootComponent - picking one arbitrarily
[2015.12.23-16.29.40:992][683]LogWorld: Bringing up level for play took: 0.151082
[2015.12.23-16.29.40:993][683]PIE: Info Play in editor start time for /Game/RollingBP/Maps/UEDPIE_0_RollingBPExampleMap 1.264
[2015.12.23-16.29.40:993][683]LogBlueprintUserMessages: Late PlayInEditor Detection: Level '/Game/RollingBP/Maps/RollingBPExampleMap.RollingBPExampleMap:PersistentLevel' has LevelScriptBlueprint '/Game/RollingBP/Maps/RollingBPExampleMap.RollingBPExampleMap:PersistentLevel.RollingBPExampleMap' with GeneratedClass '/Game/RollingBP/Maps/RollingBPExampleMap.RollingBPExampleMap_C' with ClassGeneratedBy '/Game/RollingBP/Maps/RollingBPExampleMap.RollingBPExampleMap:PersistentLevel.RollingBPExampleMap'
[2015.12.23-16.29.42:147][736]LogCrashTracker: 


[2015.12.23-16.29.42:147][736]LogThreadingWindows:Error: Runnable thread TaskGraphThread 2 crashed.
[2015.12.23-16.29.42:147][736]LogCrashTracker: 


[2015.12.23-16.29.42:147][736]LogWindows:Error: === Critical error: ===
Fatal error!


Crash in runnable thread TaskGraphThread 2

[2015.12.23-16.29.42:214][736]LogExit: Executing StaticShutdownAfterError
[2015.12.23-16.29.42:214][736]LogWindows: FPlatformMisc::RequestExit(1)
[2015.12.23-16.29.42:214][736]Log file closed, 12/23/15 17:29:42
