[2015.12.18-11.34.59:912][  0]Log file open, 12/18/15 12:34:59
[2015.12.18-11.34.59:912][  0]LogInit:Display: Running engine for game: RollingDerby
[2015.12.18-11.34.59:912][  0]LogPlatformFile: Not using cached read wrapper
[2015.12.18-11.34.59:912][  0]LogInit:Display: RandInit(-1017733786) SRandInit(-1017733786).
[2015.12.18-11.34.59:912][  0]LogTaskGraph: Started task graph with 4 named threads and 7 total threads.
[2015.12.18-11.34.59:912][  0]LogStats: Stats thread started at 0.074775
[2015.12.18-11.34.59:912][  0]LogInit: Version: 4.10.1-2791327+++depot+UE4-Releases+4.10
[2015.12.18-11.34.59:912][  0]LogInit: API Version: 2758231
[2015.12.18-11.34.59:912][  0]LogInit: Compiled (64-bit): Dec  4 2015 19:44:40
[2015.12.18-11.34.59:912][  0]LogInit: Compiled with Visual C++: 19.00.23026.00
[2015.12.18-11.34.59:912][  0]LogInit: Build Configuration: Development
[2015.12.18-11.34.59:912][  0]LogInit: Branch Name: ++depot+UE4-Releases+4.10
[2015.12.18-11.34.59:912][  0]LogInit: Command line: 
[2015.12.18-11.34.59:912][  0]LogInit: Base directory: D:/Program Files (x86)/Epic Games/4.10/Engine/Binaries/Win64/
[2015.12.18-11.34.59:912][  0]LogInit: Rocket: 1
[2015.12.18-11.34.59:918][  0]LogInit: Using libcurl 7.41.0
[2015.12.18-11.34.59:918][  0]LogInit:  - built for x86_64-pc-win32
[2015.12.18-11.34.59:918][  0]LogInit:  - supports SSL with WinSSL
[2015.12.18-11.34.59:918][  0]LogInit:  - other features:
[2015.12.18-11.34.59:918][  0]LogInit:      CURL_VERSION_SSL
[2015.12.18-11.34.59:918][  0]LogInit:      CURL_VERSION_IPV6
[2015.12.18-11.34.59:918][  0]LogInit:      CURL_VERSION_ASYNCHDNS
[2015.12.18-11.34.59:918][  0]LogInit:      CURL_VERSION_LARGEFILE
[2015.12.18-11.34.59:918][  0]LogInit:      CURL_VERSION_IDN
[2015.12.18-11.34.59:918][  0]LogInit:  CurlRequestOptions (configurable via config and command line):
[2015.12.18-11.34.59:918][  0]LogInit:  - bVerifyPeer = true  - Libcurl will verify peer certificate
[2015.12.18-11.34.59:918][  0]LogInit:  - bUseHttpProxy = false  - Libcurl will NOT use HTTP proxy
[2015.12.18-11.34.59:918][  0]LogInit:  - bDontReuseConnections = false  - Libcurl will reuse connections
[2015.12.18-11.34.59:918][  0]LogInit:  - CertBundlePath = nullptr  - Libcurl will use whatever was configured at build time.
[2015.12.18-11.34.59:924][  0]LogInit: Presizing for 0 objects not considered by GC, pre-allocating 0 bytes.
[2015.12.18-11.34.59:931][  0]LogInit: Object subsystem initialized
[2015.12.18-11.34.59:935][  0]LogInit: Selected Device Profile: [Windows]
[2015.12.18-11.34.59:935][  0]LogInit: Applying CVar settings loaded from the selected device profile: [Windows]
[2015.12.18-11.34.59:944][  0]LogInit: Computer: MSI
[2015.12.18-11.34.59:944][  0]LogInit: User: tobia
[2015.12.18-11.34.59:944][  0]LogInit: CPU Page size=4096, Cores=4
[2015.12.18-11.34.59:944][  0]LogInit: High frequency timer resolution =2.531246 MHz
[2015.12.18-11.34.59:944][  0]LogMemory: Memory total: Physical=15.9GB (16GB approx)
[2015.12.18-11.34.59:944][  0]LogMemory: Platform Memory Stats for Windows
[2015.12.18-11.34.59:944][  0]LogMemory: Process Physical Memory: 55.84 MB used, 55.84 MB peak
[2015.12.18-11.34.59:944][  0]LogMemory: Process Virtual Memory: 56.76 MB used, 56.76 MB peak
[2015.12.18-11.34.59:944][  0]LogMemory: Physical Memory: 5994.82 MB used, 16294.66 MB total
[2015.12.18-11.34.59:944][  0]LogMemory: Virtual Memory: 385.69 MB used, 134217728.00 MB total
[2015.12.18-11.34.59:978][  0]LogTextLocalizationManager: No translations for ('sv-SE') exist, falling back to 'en' for localization and internationalization data.
[2015.12.18-11.35.00:498][  0]LogD3D11RHI: Found D3D11 adapter 0: NVIDIA GeForce GTX 970M           (Feature Level 11_0)
[2015.12.18-11.35.00:498][  0]LogD3D11RHI: Adapter has 2991MB of dedicated video memory, 0MB of dedicated system memory, and 8147MB of shared system memory, 1 output[s]
[2015.12.18-11.35.00:504][  0]LogD3D11RHI: Found D3D11 adapter 1: Intel(R) HD Graphics 530 (Feature Level 11_0)
[2015.12.18-11.35.00:504][  0]LogD3D11RHI: Adapter has 128MB of dedicated video memory, 0MB of dedicated system memory, and 8147MB of shared system memory, 0 output[s]
[2015.12.18-11.35.00:506][  0]LogD3D11RHI: Found D3D11 adapter 2: Microsoft Basic Render Driver (Feature Level 11_0)
[2015.12.18-11.35.00:506][  0]LogD3D11RHI: Adapter has 0MB of dedicated video memory, 0MB of dedicated system memory, and 8147MB of shared system memory, 0 output[s]
[2015.12.18-11.35.00:506][  0]LogD3D11RHI: Chosen D3D11 Adapter Id = 0
[2015.12.18-11.35.00:511][  0]LogD3D11RHI: !Direct3DDevice
[2015.12.18-11.35.00:511][  0]LogRHI: Texture pool is 1361 MB (70% of 1945 MB)
[2015.12.18-11.35.00:525][  0]LogD3D11RHI: Async texture creation enabled
[2015.12.18-11.35.00:538][  0]LogShaderCompilers: Guid format shader working directory is -13 characters bigger than the processId version (C:/Users/tobia/OneDrive/Documents/RollingDerby/RollingDerby/Intermediate/Shaders/WorkingDirectory/6316/).
[2015.12.18-11.35.00:538][  0]LogShaderCompilers: Cleaned the shader compiler working directory 'C:/Users/tobia/AppData/Local/Temp/UnrealShaderWorkingDir/4E74A0B243064E44ED3408BBABF10A16/'.
[2015.12.18-11.35.00:538][  0]LogShaderCompilers:Display: Using Local Shader Compiler.
[2015.12.18-11.35.01:314][  0]LogTemp:Display: Loaded TP AllDesktopTargetPlatform
[2015.12.18-11.35.01:317][  0]LogTemp:Display: Loaded TP WindowsClientTargetPlatform
[2015.12.18-11.35.01:321][  0]LogTemp:Display: Loaded TP WindowsNoEditorTargetPlatform
[2015.12.18-11.35.01:325][  0]LogTemp:Display: Loaded TP WindowsServerTargetPlatform
[2015.12.18-11.35.01:329][  0]LogTemp:Display: Loaded TP WindowsTargetPlatform
[2015.12.18-11.35.01:332][  0]LogTemp:Display: Loaded TP AndroidTargetPlatform
[2015.12.18-11.35.01:334][  0]LogTemp:Display: Loaded TP Android_ASTCTargetPlatform
[2015.12.18-11.35.01:336][  0]LogTemp:Display: Loaded TP Android_ATCTargetPlatform
[2015.12.18-11.35.01:339][  0]LogTemp:Display: Loaded TP Android_DXTTargetPlatform
[2015.12.18-11.35.01:342][  0]LogTemp:Display: Loaded TP Android_ETC1TargetPlatform
[2015.12.18-11.35.01:345][  0]LogTemp:Display: Loaded TP Android_ETC2TargetPlatform
[2015.12.18-11.35.01:351][  0]LogTemp:Display: Loaded TP Android_MultiTargetPlatform
[2015.12.18-11.35.01:351][  0]LogTemp:Display: Loaded TP Android_PVRTCTargetPlatform
[2015.12.18-11.35.01:351][  0]LogTemp:Display: Loaded TP HTML5TargetPlatform
[2015.12.18-11.35.01:367][  0]LogTemp:Display: Loaded TP IOSTargetPlatform
[2015.12.18-11.35.01:369][  0]LogTemp:Display: Loaded TP LinuxNoEditorTargetPlatform
[2015.12.18-11.35.01:373][  0]LogTemp:Display: Loaded TP LinuxServerTargetPlatform
[2015.12.18-11.35.01:375][  0]LogTemp:Display: Loaded TP LinuxTargetPlatform
[2015.12.18-11.35.01:375][  0]LogTargetPlatformManager:Display: Building Assets For Windows
[2015.12.18-11.35.01:435][  0]LogDerivedDataCache:Display: Max Cache Size: 512 MB
[2015.12.18-11.35.01:482][  0]LogDerivedDataCache: Loaded boot cache 0.05s 41MB C:/Users/tobia/AppData/Local/UnrealEngine/4.10/DerivedDataCache/Boot.ddc.
[2015.12.18-11.35.01:482][  0]LogDerivedDataCache:Display: Loaded Boot cache: C:/Users/tobia/AppData/Local/UnrealEngine/4.10/DerivedDataCache/Boot.ddc
[2015.12.18-11.35.01:482][  0]LogDerivedDataCache: FDerivedDataBackendGraph:  Pak pak cache file C:/Users/tobia/OneDrive/Documents/RollingDerby/RollingDerby/DerivedDataCache/DDC.ddp not found, will not use a pak cache.
[2015.12.18-11.35.01:482][  0]LogDerivedDataCache: Unable to find inner node Pak for hierarchical cache Hierarchy.
[2015.12.18-11.35.01:482][  0]LogDerivedDataCache: FDerivedDataBackendGraph:  CompressedPak pak cache file C:/Users/tobia/OneDrive/Documents/RollingDerby/RollingDerby/DerivedDataCache/Compressed.ddp not found, will not use a pak cache.
[2015.12.18-11.35.01:482][  0]LogDerivedDataCache: Unable to find inner node CompressedPak for hierarchical cache Hierarchy.
[2015.12.18-11.35.01:545][  0]LogDerivedDataCache:Display: Pak cache opened for reading ../../../Engine/DerivedDataCache/Compressed.ddp.
[2015.12.18-11.35.01:557][  0]LogDerivedDataCache: Using Local data cache path C:/Users/tobia/AppData/Local/UnrealEngine/Common/DerivedDataCache: Writable
[2015.12.18-11.35.01:727][  0]LogInit: Selected Device Profile: [Windows]
[2015.12.18-11.35.01:731][  0]LogContentStreaming: Texture pool size is 0.000000MB
[2015.12.18-11.35.01:851][  0]LogMeshUtilities: No automatic mesh reduction module available
[2015.12.18-11.35.01:851][  0]LogMeshUtilities: No automatic mesh merging module available
[2015.12.18-11.35.02:099][  0]LogInit: WinSock: version 1.1 (2.2), MaxSocks=32767, MaxUdp=65467
[2015.12.18-11.35.03:040][  0]UdpMessaging: Initializing bridge on interface 0.0.0.0:0 to multicast group 230.0.0.1:6666.
[2015.12.18-11.35.03:136][  0]LogAssetRegistry: FAssetRegistry took 0.0112 seconds to start up
[2015.12.18-11.35.03:363][  0]SourceControl: Info Source control is disabled
[2015.12.18-11.35.03:364][  0]SourceControl: Info Source control is disabled
[2015.12.18-11.35.03:372][  0]SourceControl: Info Source control is disabled
[2015.12.18-11.35.03:379][  0]SourceControl: Info Source control is disabled
[2015.12.18-11.35.03:564][  0]LogObj: 28633 objects as part of root set at end of initial load.
[2015.12.18-11.35.03:564][  0]LogUObjectAllocator: 6099744 out of 0 bytes used by permanent object pool.
[2015.12.18-11.35.03:620][  0]LogEngine: Initializing Engine...
[2015.12.18-11.35.03:623][  0]LogHMD: Can't find Oculus library dev build: is proper Runtime installed? Version: 0.8.0.0
[2015.12.18-11.35.03:623][  0]LogHMD: SteamVR failed to initialize.  Err: 110
[2015.12.18-11.35.03:737][  0]LogAIModule: Creating AISystem for world NewWorld
[2015.12.18-11.35.03:741][  0]LogInit: XAudio2 using 'HeadPhone/Digital Output (Realtek High Definition Audio)' : 2 channels at 48 kHz using 32 bits per sample (channel mask 0x3)
[2015.12.18-11.35.03:767][  0]LogInit: FAudioDevice initialized.
[2015.12.18-11.35.03:788][  0]LogDerivedDataCache: Saved boot cache 0.02s 41MB C:/Users/tobia/AppData/Local/UnrealEngine/4.10/DerivedDataCache/Boot.ddc.
[2015.12.18-11.35.03:792][  0]LogInit: Texture streaming: Enabled
[2015.12.18-11.35.03:796][  0]LogAnalytics: Creating configured Analytics provider AnalyticsET
[2015.12.18-11.35.03:796][  0]LogAnalytics: [UEEditor.Rocket.Release] APIServer = http://et2.epicgames.com/ET2/. AppVersion = 4.10.1-2791327+++depot+UE4-Releases+4.10
[2015.12.18-11.35.03:796][  0]LogAnalytics: [UEEditor.Rocket.Release] SetUserId 3750e6d1405e52e99c08f9974cd5569f|471a4cb9a5c14167995f8bc8b175918a|446fe6e5-1b13-4339-81c8-b1f6f83a87c4
[2015.12.18-11.35.03:796][  0]LogAnalytics: [UEEditor.Rocket.Release] AnalyticsET::StartSession
[2015.12.18-11.35.03:827][  0]LogInit: Transaction tracking system initialized
[2015.12.18-11.35.03:846][  0]BlueprintLog: New page: Editor Load
[2015.12.18-11.35.04:330][  0]LocalizationService: Info Localization service is disabled
[2015.12.18-11.35.04:454][  0]LogConsoleResponse:Display: 
[2015.12.18-11.35.04:631][  0]LogFileCache: Scanning file cache for directory 'C:/Users/tobia/OneDrive/Documents/RollingDerby/RollingDerby/Content/' took 0.01s
[2015.12.18-11.35.04:631][  0]LogCook:Display: Done creating registry. It took  0.00s.
[2015.12.18-11.35.04:678][  0]SourceControl: Info Source control is disabled
[2015.12.18-11.35.04:866][  0]LogFactory: FactoryCreateBinary: PackFactory with PackFactory (0 0 D:/Program Files (x86)/Epic Games/4.10/FeaturePacks/StarterContent.upack)
[2015.12.18-11.35.04:925][  0]LogPackFactory: Finished extracting 8 files (including 0 errors).
[2015.12.18-11.35.04:965][  0]LogPackFactory: Copied "../../../Samples/StarterContent/Content/StarterContent/Architecture/Floor_400x400.uasset" to "C:/Users/tobia/OneDrive/Documents/RollingDerby/RollingDerby/Content/StarterContent/Architecture/Floor_400x400.uasset"
[2015.12.18-11.35.05:002][  0]LogPackFactory: Copied "../../../Samples/StarterContent/Content/StarterContent/Architecture/Pillar_50x500.uasset" to "C:/Users/tobia/OneDrive/Documents/RollingDerby/RollingDerby/Content/StarterContent/Architecture/Pillar_50x500.uasset"
[2015.12.18-11.35.05:029][  0]LogPackFactory: Copied "../../../Samples/StarterContent/Content/StarterContent/Architecture/SM_AssetPlatform.uasset" to "C:/Users/tobia/OneDrive/Documents/RollingDerby/RollingDerby/Content/StarterContent/Architecture/SM_AssetPlatform.uasset"
[2015.12.18-11.35.05:037][  0]LogPackFactory: Copied "../../../Samples/StarterContent/Content/StarterContent/Architecture/Wall_400x200.uasset" to "C:/Users/tobia/OneDrive/Documents/RollingDerby/RollingDerby/Content/StarterContent/Architecture/Wall_400x200.uasset"
[2015.12.18-11.35.05:049][  0]LogPackFactory: Copied "../../../Samples/StarterContent/Content/StarterContent/Architecture/Wall_400x300.uasset" to "C:/Users/tobia/OneDrive/Documents/RollingDerby/RollingDerby/Content/StarterContent/Architecture/Wall_400x300.uasset"
[2015.12.18-11.35.05:068][  0]LogPackFactory: Copied "../../../Samples/StarterContent/Content/StarterContent/Architecture/Wall_400x400.uasset" to "C:/Users/tobia/OneDrive/Documents/RollingDerby/RollingDerby/Content/StarterContent/Architecture/Wall_400x400.uasset"
[2015.12.18-11.35.05:075][  0]LogPackFactory: Copied "../../../Samples/StarterContent/Content/StarterContent/Architecture/Wall_500x500.uasset" to "C:/Users/tobia/OneDrive/Documents/RollingDerby/RollingDerby/Content/StarterContent/Architecture/Wall_500x500.uasset"
[2015.12.18-11.35.05:083][  0]LogPackFactory: Copied "../../../Samples/StarterContent/Content/StarterContent/Architecture/Wall_Door_400x300.uasset" to "C:/Users/tobia/OneDrive/Documents/RollingDerby/RollingDerby/Content/StarterContent/Architecture/Wall_Door_400x300.uasset"
[2015.12.18-11.35.05:089][  0]LogPackFactory: Copied "../../../Samples/StarterContent/Content/StarterContent/Architecture/Wall_Door_400x400.uasset" to "C:/Users/tobia/OneDrive/Documents/RollingDerby/RollingDerby/Content/StarterContent/Architecture/Wall_Door_400x400.uasset"
[2015.12.18-11.35.05:102][  0]LogPackFactory: Copied "../../../Samples/StarterContent/Content/StarterContent/Architecture/Wall_Window_400x300.uasset" to "C:/Users/tobia/OneDrive/Documents/RollingDerby/RollingDerby/Content/StarterContent/Architecture/Wall_Window_400x300.uasset"
[2015.12.18-11.35.05:108][  0]LogPackFactory: Copied "../../../Samples/StarterContent/Content/StarterContent/Architecture/Wall_Window_400x400.uasset" to "C:/Users/tobia/OneDrive/Documents/RollingDerby/RollingDerby/Content/StarterContent/Architecture/Wall_Window_400x400.uasset"
[2015.12.18-11.35.05:130][  0]LogPackFactory: Copied "../../../Samples/StarterContent/Content/StarterContent/Audio/Collapse01.uasset" to "C:/Users/tobia/OneDrive/Documents/RollingDerby/RollingDerby/Content/StarterContent/Audio/Collapse01.uasset"
[2015.12.18-11.35.05:177][  0]LogPackFactory: Copied "../../../Samples/StarterContent/Content/StarterContent/Audio/Collapse02.uasset" to "C:/Users/tobia/OneDrive/Documents/RollingDerby/RollingDerby/Content/StarterContent/Audio/Collapse02.uasset"
[2015.12.18-11.35.05:189][  0]LogPackFactory: Copied "../../../Samples/StarterContent/Content/StarterContent/Audio/Collapse_Cue.uasset" to "C:/Users/tobia/OneDrive/Documents/RollingDerby/RollingDerby/Content/StarterContent/Audio/Collapse_Cue.uasset"
[2015.12.18-11.35.05:202][  0]LogPackFactory: Copied "../../../Samples/StarterContent/Content/StarterContent/Audio/Explosion01.uasset" to "C:/Users/tobia/OneDrive/Documents/RollingDerby/RollingDerby/Content/StarterContent/Audio/Explosion01.uasset"
[2015.12.18-11.35.05:227][  0]LogPackFactory: Copied "../../../Samples/StarterContent/Content/StarterContent/Audio/Explosion02.uasset" to "C:/Users/tobia/OneDrive/Documents/RollingDerby/RollingDerby/Content/StarterContent/Audio/Explosion02.uasset"
[2015.12.18-11.35.05:232][  0]LogPackFactory: Copied "../../../Samples/StarterContent/Content/StarterContent/Audio/Explosion_Cue.uasset" to "C:/Users/tobia/OneDrive/Documents/RollingDerby/RollingDerby/Content/StarterContent/Audio/Explosion_Cue.uasset"
[2015.12.18-11.35.05:263][  0]LogPackFactory: Copied "../../../Samples/StarterContent/Content/StarterContent/Audio/Fire01.uasset" to "C:/Users/tobia/OneDrive/Documents/RollingDerby/RollingDerby/Content/StarterContent/Audio/Fire01.uasset"
[2015.12.18-11.35.05:269][  0]LogPackFactory: Copied "../../../Samples/StarterContent/Content/StarterContent/Audio/Fire01_Cue.uasset" to "C:/Users/tobia/OneDrive/Documents/RollingDerby/RollingDerby/Content/StarterContent/Audio/Fire01_Cue.uasset"
[2015.12.18-11.35.05:299][  0]LogPackFactory: Copied "../../../Samples/StarterContent/Content/StarterContent/Audio/Fire_Sparks01.uasset" to "C:/Users/tobia/OneDrive/Documents/RollingDerby/RollingDerby/Content/StarterContent/Audio/Fire_Sparks01.uasset"
[2015.12.18-11.35.05:313][  0]LogPackFactory: Copied "../../../Samples/StarterContent/Content/StarterContent/Audio/Fire_Sparks01_Cue.uasset" to "C:/Users/tobia/OneDrive/Documents/RollingDerby/RollingDerby/Content/StarterContent/Audio/Fire_Sparks01_Cue.uasset"
[2015.12.18-11.35.05:337][  0]LogPackFactory: Copied "../../../Samples/StarterContent/Content/StarterContent/Audio/Light01.uasset" to "C:/Users/tobia/OneDrive/Documents/RollingDerby/RollingDerby/Content/StarterContent/Audio/Light01.uasset"
[2015.12.18-11.35.05:339][  0]LogPackFactory: Copied "../../../Samples/StarterContent/Content/StarterContent/Audio/Light01_Cue.uasset" to "C:/Users/tobia/OneDrive/Documents/RollingDerby/RollingDerby/Content/StarterContent/Audio/Light01_Cue.uasset"
[2015.12.18-11.35.05:372][  0]LogPackFactory: Copied "../../../Samples/StarterContent/Content/StarterContent/Audio/Light02.uasset" to "C:/Users/tobia/OneDrive/Documents/RollingDerby/RollingDerby/Content/StarterContent/Audio/Light02.uasset"
[2015.12.18-11.35.05:384][  0]LogPackFactory: Copied "../../../Samples/StarterContent/Content/StarterContent/Audio/Light02_Cue.uasset" to "C:/Users/tobia/OneDrive/Documents/RollingDerby/RollingDerby/Content/StarterContent/Audio/Light02_Cue.uasset"
[2015.12.18-11.35.05:417][  0]LogPackFactory: Copied "../../../Samples/StarterContent/Content/StarterContent/Audio/Smoke01.uasset" to "C:/Users/tobia/OneDrive/Documents/RollingDerby/RollingDerby/Content/StarterContent/Audio/Smoke01.uasset"
[2015.12.18-11.35.05:431][  0]LogPackFactory: Copied "../../../Samples/StarterContent/Content/StarterContent/Audio/Smoke01_Cue.uasset" to "C:/Users/tobia/OneDrive/Documents/RollingDerby/RollingDerby/Content/StarterContent/Audio/Smoke01_Cue.uasset"
[2015.12.18-11.35.05:442][  0]LogPackFactory: Copied "../../../Samples/StarterContent/Content/StarterContent/Audio/Starter_Background_Cue.uasset" to "C:/Users/tobia/OneDrive/Documents/RollingDerby/RollingDerby/Content/StarterContent/Audio/Starter_Background_Cue.uasset"
[2015.12.18-11.35.05:493][  0]LogPackFactory: Copied "../../../Samples/StarterContent/Content/StarterContent/Audio/Starter_Birds01.uasset" to "C:/Users/tobia/OneDrive/Documents/RollingDerby/RollingDerby/Content/StarterContent/Audio/Starter_Birds01.uasset"
[2015.12.18-11.35.05:604][  0]LogPackFactory: Copied "../../../Samples/StarterContent/Content/StarterContent/Audio/Starter_Music01.uasset" to "C:/Users/tobia/OneDrive/Documents/RollingDerby/RollingDerby/Content/StarterContent/Audio/Starter_Music01.uasset"
[2015.12.18-11.35.05:632][  0]LogPackFactory: Copied "../../../Samples/StarterContent/Content/StarterContent/Audio/Starter_Music_Cue.uasset" to "C:/Users/tobia/OneDrive/Documents/RollingDerby/RollingDerby/Content/StarterContent/Audio/Starter_Music_Cue.uasset"
[2015.12.18-11.35.05:663][  0]LogPackFactory: Copied "../../../Samples/StarterContent/Content/StarterContent/Audio/Starter_Wind05.uasset" to "C:/Users/tobia/OneDrive/Documents/RollingDerby/RollingDerby/Content/StarterContent/Audio/Starter_Wind05.uasset"
[2015.12.18-11.35.05:704][  0]LogPackFactory: Copied "../../../Samples/StarterContent/Content/StarterContent/Audio/Starter_Wind06.uasset" to "C:/Users/tobia/OneDrive/Documents/RollingDerby/RollingDerby/Content/StarterContent/Audio/Starter_Wind06.uasset"
[2015.12.18-11.35.05:728][  0]LogPackFactory: Copied "../../../Samples/StarterContent/Content/StarterContent/Audio/Steam01.uasset" to "C:/Users/tobia/OneDrive/Documents/RollingDerby/RollingDerby/Content/StarterContent/Audio/Steam01.uasset"
[2015.12.18-11.35.05:736][  0]LogPackFactory: Copied "../../../Samples/StarterContent/Content/StarterContent/Audio/Steam01_Cue.uasset" to "C:/Users/tobia/OneDrive/Documents/RollingDerby/RollingDerby/Content/StarterContent/Audio/Steam01_Cue.uasset"
[2015.12.18-11.35.05:748][  0]LogPackFactory: Copied "../../../Samples/StarterContent/Content/StarterContent/Blueprints/Blueprint_CeilingLight.uasset" to "C:/Users/tobia/OneDrive/Documents/RollingDerby/RollingDerby/Content/StarterContent/Blueprints/Blueprint_CeilingLight.uasset"
[2015.12.18-11.35.05:765][  0]LogPackFactory: Copied "../../../Samples/StarterContent/Content/StarterContent/Blueprints/Blueprint_Effect_Explosion.uasset" to "C:/Users/tobia/OneDrive/Documents/RollingDerby/RollingDerby/Content/StarterContent/Blueprints/Blueprint_Effect_Explosion.uasset"
[2015.12.18-11.35.05:776][  0]LogPackFactory: Copied "../../../Samples/StarterContent/Content/StarterContent/Blueprints/Blueprint_Effect_Fire.uasset" to "C:/Users/tobia/OneDrive/Documents/RollingDerby/RollingDerby/Content/StarterContent/Blueprints/Blueprint_Effect_Fire.uasset"
[2015.12.18-11.35.05:789][  0]LogPackFactory: Copied "../../../Samples/StarterContent/Content/StarterContent/Blueprints/Blueprint_Effect_Smoke.uasset" to "C:/Users/tobia/OneDrive/Documents/RollingDerby/RollingDerby/Content/StarterContent/Blueprints/Blueprint_Effect_Smoke.uasset"
[2015.12.18-11.35.05:805][  0]LogPackFactory: Copied "../../../Samples/StarterContent/Content/StarterContent/Blueprints/Blueprint_Effect_Sparks.uasset" to "C:/Users/tobia/OneDrive/Documents/RollingDerby/RollingDerby/Content/StarterContent/Blueprints/Blueprint_Effect_Sparks.uasset"
[2015.12.18-11.35.05:831][  0]LogPackFactory: Copied "../../../Samples/StarterContent/Content/StarterContent/Blueprints/Blueprint_Effect_Steam.uasset" to "C:/Users/tobia/OneDrive/Documents/RollingDerby/RollingDerby/Content/StarterContent/Blueprints/Blueprint_Effect_Steam.uasset"
[2015.12.18-11.35.05:852][  0]LogPackFactory: Copied "../../../Samples/StarterContent/Content/StarterContent/Blueprints/Blueprint_WallSconce.uasset" to "C:/Users/tobia/OneDrive/Documents/RollingDerby/RollingDerby/Content/StarterContent/Blueprints/Blueprint_WallSconce.uasset"
[2015.12.18-11.35.05:870][  0]LogPackFactory: Copied "../../../Samples/StarterContent/Content/StarterContent/Blueprints/BP_LightStudio.uasset" to "C:/Users/tobia/OneDrive/Documents/RollingDerby/RollingDerby/Content/StarterContent/Blueprints/BP_LightStudio.uasset"
[2015.12.18-11.35.05:907][  0]LogPackFactory: Copied "../../../Samples/StarterContent/Content/StarterContent/Blueprints/Assets/FogBrightnessLUT.uasset" to "C:/Users/tobia/OneDrive/Documents/RollingDerby/RollingDerby/Content/StarterContent/Blueprints/Assets/FogBrightnessLUT.uasset"
[2015.12.18-11.35.05:923][  0]LogPackFactory: Copied "../../../Samples/StarterContent/Content/StarterContent/Blueprints/Assets/M_LightStage_Arrows.uasset" to "C:/Users/tobia/OneDrive/Documents/RollingDerby/RollingDerby/Content/StarterContent/Blueprints/Assets/M_LightStage_Arrows.uasset"
[2015.12.18-11.35.05:944][  0]LogPackFactory: Copied "../../../Samples/StarterContent/Content/StarterContent/Blueprints/Assets/M_LightStage_Skybox_Black.uasset" to "C:/Users/tobia/OneDrive/Documents/RollingDerby/RollingDerby/Content/StarterContent/Blueprints/Assets/M_LightStage_Skybox_Black.uasset"
[2015.12.18-11.35.05:952][  0]LogPackFactory: Copied "../../../Samples/StarterContent/Content/StarterContent/Blueprints/Assets/M_LightStage_Skybox_HDRI.uasset" to "C:/Users/tobia/OneDrive/Documents/RollingDerby/RollingDerby/Content/StarterContent/Blueprints/Assets/M_LightStage_Skybox_HDRI.uasset"
[2015.12.18-11.35.05:977][  0]LogPackFactory: Copied "../../../Samples/StarterContent/Content/StarterContent/Blueprints/Assets/M_LightStage_Skybox_Master.uasset" to "C:/Users/tobia/OneDrive/Documents/RollingDerby/RollingDerby/Content/StarterContent/Blueprints/Assets/M_LightStage_Skybox_Master.uasset"
[2015.12.18-11.35.06:009][  0]LogPackFactory: Copied "../../../Samples/StarterContent/Content/StarterContent/Blueprints/Assets/Skybox.uasset" to "C:/Users/tobia/OneDrive/Documents/RollingDerby/RollingDerby/Content/StarterContent/Blueprints/Assets/Skybox.uasset"
[2015.12.18-11.35.06:036][  0]LogPackFactory: Copied "../../../Samples/StarterContent/Content/StarterContent/Blueprints/Assets/SM_Arrows.uasset" to "C:/Users/tobia/OneDrive/Documents/RollingDerby/RollingDerby/Content/StarterContent/Blueprints/Assets/SM_Arrows.uasset"
[2015.12.18-11.35.06:039][  0]LogPackFactory: Copied "../../../Samples/StarterContent/Content/StarterContent/Blueprints/Assets/SunlightColorLUT.uasset" to "C:/Users/tobia/OneDrive/Documents/RollingDerby/RollingDerby/Content/StarterContent/Blueprints/Assets/SunlightColorLUT.uasset"
[2015.12.18-11.35.06:897][  0]LogPackFactory: Copied "../../../Samples/StarterContent/Content/StarterContent/HDRI/HDRI_Epic_Courtyard_Daylight.uasset" to "C:/Users/tobia/OneDrive/Documents/RollingDerby/RollingDerby/Content/StarterContent/HDRI/HDRI_Epic_Courtyard_Daylight.uasset"
[2015.12.18-11.35.06:925][  0]LogPackFactory: Copied "../../../Samples/StarterContent/Content/StarterContent/Maps/Advanced_Lighting.umap" to "C:/Users/tobia/OneDrive/Documents/RollingDerby/RollingDerby/Content/StarterContent/Maps/Advanced_Lighting.umap"
[2015.12.18-11.35.06:976][  0]LogPackFactory: Copied "../../../Samples/StarterContent/Content/StarterContent/Maps/Minimal_Default.umap" to "C:/Users/tobia/OneDrive/Documents/RollingDerby/RollingDerby/Content/StarterContent/Maps/Minimal_Default.umap"
[2015.12.18-11.35.07:138][  0]LogPackFactory: Copied "../../../Samples/StarterContent/Content/StarterContent/Maps/StarterMap.umap" to "C:/Users/tobia/OneDrive/Documents/RollingDerby/RollingDerby/Content/StarterContent/Maps/StarterMap.umap"
[2015.12.18-11.35.07:165][  0]LogPackFactory: Copied "../../../Samples/StarterContent/Content/StarterContent/Materials/M_AssetPlatform.uasset" to "C:/Users/tobia/OneDrive/Documents/RollingDerby/RollingDerby/Content/StarterContent/Materials/M_AssetPlatform.uasset"
[2015.12.18-11.35.07:173][  0]LogPackFactory: Copied "../../../Samples/StarterContent/Content/StarterContent/Materials/M_Basic_Floor.uasset" to "C:/Users/tobia/OneDrive/Documents/RollingDerby/RollingDerby/Content/StarterContent/Materials/M_Basic_Floor.uasset"
[2015.12.18-11.35.07:182][  0]LogPackFactory: Copied "../../../Samples/StarterContent/Content/StarterContent/Materials/M_Basic_Wall.uasset" to "C:/Users/tobia/OneDrive/Documents/RollingDerby/RollingDerby/Content/StarterContent/Materials/M_Basic_Wall.uasset"
[2015.12.18-11.35.07:193][  0]LogPackFactory: Copied "../../../Samples/StarterContent/Content/StarterContent/Materials/M_Brick_Clay_Beveled.uasset" to "C:/Users/tobia/OneDrive/Documents/RollingDerby/RollingDerby/Content/StarterContent/Materials/M_Brick_Clay_Beveled.uasset"
[2015.12.18-11.35.07:201][  0]LogPackFactory: Copied "../../../Samples/StarterContent/Content/StarterContent/Materials/M_Brick_Clay_New.uasset" to "C:/Users/tobia/OneDrive/Documents/RollingDerby/RollingDerby/Content/StarterContent/Materials/M_Brick_Clay_New.uasset"
[2015.12.18-11.35.07:207][  0]LogPackFactory: Copied "../../../Samples/StarterContent/Content/StarterContent/Materials/M_Brick_Clay_Old.uasset" to "C:/Users/tobia/OneDrive/Documents/RollingDerby/RollingDerby/Content/StarterContent/Materials/M_Brick_Clay_Old.uasset"
[2015.12.18-11.35.07:218][  0]LogPackFactory: Copied "../../../Samples/StarterContent/Content/StarterContent/Materials/M_Brick_Cut_Stone.uasset" to "C:/Users/tobia/OneDrive/Documents/RollingDerby/RollingDerby/Content/StarterContent/Materials/M_Brick_Cut_Stone.uasset"
[2015.12.18-11.35.07:224][  0]LogPackFactory: Copied "../../../Samples/StarterContent/Content/StarterContent/Materials/M_Brick_Hewn_Stone.uasset" to "C:/Users/tobia/OneDrive/Documents/RollingDerby/RollingDerby/Content/StarterContent/Materials/M_Brick_Hewn_Stone.uasset"
[2015.12.18-11.35.07:237][  0]LogPackFactory: Copied "../../../Samples/StarterContent/Content/StarterContent/Materials/M_Ceramic_Tile_Checker.uasset" to "C:/Users/tobia/OneDrive/Documents/RollingDerby/RollingDerby/Content/StarterContent/Materials/M_Ceramic_Tile_Checker.uasset"
[2015.12.18-11.35.07:244][  0]LogPackFactory: Copied "../../../Samples/StarterContent/Content/StarterContent/Materials/M_CobbleStone_Pebble.uasset" to "C:/Users/tobia/OneDrive/Documents/RollingDerby/RollingDerby/Content/StarterContent/Materials/M_CobbleStone_Pebble.uasset"
[2015.12.18-11.35.07:252][  0]LogPackFactory: Copied "../../../Samples/StarterContent/Content/StarterContent/Materials/M_CobbleStone_Rough.uasset" to "C:/Users/tobia/OneDrive/Documents/RollingDerby/RollingDerby/Content/StarterContent/Materials/M_CobbleStone_Rough.uasset"
[2015.12.18-11.35.07:268][  0]LogPackFactory: Copied "../../../Samples/StarterContent/Content/StarterContent/Materials/M_CobbleStone_Smooth.uasset" to "C:/Users/tobia/OneDrive/Documents/RollingDerby/RollingDerby/Content/StarterContent/Materials/M_CobbleStone_Smooth.uasset"
[2015.12.18-11.35.07:275][  0]LogPackFactory: Copied "../../../Samples/StarterContent/Content/StarterContent/Materials/M_ColorGrid_LowSpec.uasset" to "C:/Users/tobia/OneDrive/Documents/RollingDerby/RollingDerby/Content/StarterContent/Materials/M_ColorGrid_LowSpec.uasset"
[2015.12.18-11.35.07:282][  0]LogPackFactory: Copied "../../../Samples/StarterContent/Content/StarterContent/Materials/M_Concrete_Grime.uasset" to "C:/Users/tobia/OneDrive/Documents/RollingDerby/RollingDerby/Content/StarterContent/Materials/M_Concrete_Grime.uasset"
[2015.12.18-11.35.07:288][  0]LogPackFactory: Copied "../../../Samples/StarterContent/Content/StarterContent/Materials/M_Concrete_Panels.uasset" to "C:/Users/tobia/OneDrive/Documents/RollingDerby/RollingDerby/Content/StarterContent/Materials/M_Concrete_Panels.uasset"
[2015.12.18-11.35.07:296][  0]LogPackFactory: Copied "../../../Samples/StarterContent/Content/StarterContent/Materials/M_Concrete_Poured.uasset" to "C:/Users/tobia/OneDrive/Documents/RollingDerby/RollingDerby/Content/StarterContent/Materials/M_Concrete_Poured.uasset"
[2015.12.18-11.35.07:315][  0]LogPackFactory: Copied "../../../Samples/StarterContent/Content/StarterContent/Materials/M_Concrete_Tiles.uasset" to "C:/Users/tobia/OneDrive/Documents/RollingDerby/RollingDerby/Content/StarterContent/Materials/M_Concrete_Tiles.uasset"
[2015.12.18-11.35.07:322][  0]LogPackFactory: Copied "../../../Samples/StarterContent/Content/StarterContent/Materials/M_Glass.uasset" to "C:/Users/tobia/OneDrive/Documents/RollingDerby/RollingDerby/Content/StarterContent/Materials/M_Glass.uasset"
[2015.12.18-11.35.07:329][  0]LogPackFactory: Copied "../../../Samples/StarterContent/Content/StarterContent/Materials/M_Ground_Grass.uasset" to "C:/Users/tobia/OneDrive/Documents/RollingDerby/RollingDerby/Content/StarterContent/Materials/M_Ground_Grass.uasset"
[2015.12.18-11.35.07:335][  0]LogPackFactory: Copied "../../../Samples/StarterContent/Content/StarterContent/Materials/M_Ground_Gravel.uasset" to "C:/Users/tobia/OneDrive/Documents/RollingDerby/RollingDerby/Content/StarterContent/Materials/M_Ground_Gravel.uasset"
[2015.12.18-11.35.07:342][  0]LogPackFactory: Copied "../../../Samples/StarterContent/Content/StarterContent/Materials/M_Ground_Moss.uasset" to "C:/Users/tobia/OneDrive/Documents/RollingDerby/RollingDerby/Content/StarterContent/Materials/M_Ground_Moss.uasset"
[2015.12.18-11.35.07:351][  0]LogPackFactory: Copied "../../../Samples/StarterContent/Content/StarterContent/Materials/M_Metal_Brushed_Nickel.uasset" to "C:/Users/tobia/OneDrive/Documents/RollingDerby/RollingDerby/Content/StarterContent/Materials/M_Metal_Brushed_Nickel.uasset"
[2015.12.18-11.35.07:357][  0]LogPackFactory: Copied "../../../Samples/StarterContent/Content/StarterContent/Materials/M_Metal_Burnished_Steel.uasset" to "C:/Users/tobia/OneDrive/Documents/RollingDerby/RollingDerby/Content/StarterContent/Materials/M_Metal_Burnished_Steel.uasset"
[2015.12.18-11.35.07:365][  0]LogPackFactory: Copied "../../../Samples/StarterContent/Content/StarterContent/Materials/M_Metal_Chrome.uasset" to "C:/Users/tobia/OneDrive/Documents/RollingDerby/RollingDerby/Content/StarterContent/Materials/M_Metal_Chrome.uasset"
[2015.12.18-11.35.07:371][  0]LogPackFactory: Copied "../../../Samples/StarterContent/Content/StarterContent/Materials/M_Metal_Copper.uasset" to "C:/Users/tobia/OneDrive/Documents/RollingDerby/RollingDerby/Content/StarterContent/Materials/M_Metal_Copper.uasset"
[2015.12.18-11.35.07:379][  0]LogPackFactory: Copied "../../../Samples/StarterContent/Content/StarterContent/Materials/M_Metal_Gold.uasset" to "C:/Users/tobia/OneDrive/Documents/RollingDerby/RollingDerby/Content/StarterContent/Materials/M_Metal_Gold.uasset"
[2015.12.18-11.35.07:386][  0]LogPackFactory: Copied "../../../Samples/StarterContent/Content/StarterContent/Materials/M_Metal_Rust.uasset" to "C:/Users/tobia/OneDrive/Documents/RollingDerby/RollingDerby/Content/StarterContent/Materials/M_Metal_Rust.uasset"
[2015.12.18-11.35.07:392][  0]LogPackFactory: Copied "../../../Samples/StarterContent/Content/StarterContent/Materials/M_Metal_Steel.uasset" to "C:/Users/tobia/OneDrive/Documents/RollingDerby/RollingDerby/Content/StarterContent/Materials/M_Metal_Steel.uasset"
[2015.12.18-11.35.07:411][  0]LogPackFactory: Copied "../../../Samples/StarterContent/Content/StarterContent/Materials/M_Rock_Basalt.uasset" to "C:/Users/tobia/OneDrive/Documents/RollingDerby/RollingDerby/Content/StarterContent/Materials/M_Rock_Basalt.uasset"
[2015.12.18-11.35.07:418][  0]LogPackFactory: Copied "../../../Samples/StarterContent/Content/StarterContent/Materials/M_Rock_Marble_Polished.uasset" to "C:/Users/tobia/OneDrive/Documents/RollingDerby/RollingDerby/Content/StarterContent/Materials/M_Rock_Marble_Polished.uasset"
[2015.12.18-11.35.07:423][  0]LogPackFactory: Copied "../../../Samples/StarterContent/Content/StarterContent/Materials/M_Rock_Sandstone.uasset" to "C:/Users/tobia/OneDrive/Documents/RollingDerby/RollingDerby/Content/StarterContent/Materials/M_Rock_Sandstone.uasset"
[2015.12.18-11.35.07:435][  0]LogPackFactory: Copied "../../../Samples/StarterContent/Content/StarterContent/Materials/M_Rock_Slate.uasset" to "C:/Users/tobia/OneDrive/Documents/RollingDerby/RollingDerby/Content/StarterContent/Materials/M_Rock_Slate.uasset"
[2015.12.18-11.35.07:451][  0]LogPackFactory: Copied "../../../Samples/StarterContent/Content/StarterContent/Materials/M_Tech_Checker_Dot.uasset" to "C:/Users/tobia/OneDrive/Documents/RollingDerby/RollingDerby/Content/StarterContent/Materials/M_Tech_Checker_Dot.uasset"
[2015.12.18-11.35.07:457][  0]LogPackFactory: Copied "../../../Samples/StarterContent/Content/StarterContent/Materials/M_Tech_Hex_Tile.uasset" to "C:/Users/tobia/OneDrive/Documents/RollingDerby/RollingDerby/Content/StarterContent/Materials/M_Tech_Hex_Tile.uasset"
[2015.12.18-11.35.07:466][  0]LogPackFactory: Copied "../../../Samples/StarterContent/Content/StarterContent/Materials/M_Tech_Hex_Tile_Pulse.uasset" to "C:/Users/tobia/OneDrive/Documents/RollingDerby/RollingDerby/Content/StarterContent/Materials/M_Tech_Hex_Tile_Pulse.uasset"
[2015.12.18-11.35.07:472][  0]LogPackFactory: Copied "../../../Samples/StarterContent/Content/StarterContent/Materials/M_Tech_Panel.uasset" to "C:/Users/tobia/OneDrive/Documents/RollingDerby/RollingDerby/Content/StarterContent/Materials/M_Tech_Panel.uasset"
[2015.12.18-11.35.07:481][  0]LogPackFactory: Copied "../../../Samples/StarterContent/Content/StarterContent/Materials/M_Water_Lake.uasset" to "C:/Users/tobia/OneDrive/Documents/RollingDerby/RollingDerby/Content/StarterContent/Materials/M_Water_Lake.uasset"
[2015.12.18-11.35.07:488][  0]LogPackFactory: Copied "../../../Samples/StarterContent/Content/StarterContent/Materials/M_Water_Ocean.uasset" to "C:/Users/tobia/OneDrive/Documents/RollingDerby/RollingDerby/Content/StarterContent/Materials/M_Water_Ocean.uasset"
[2015.12.18-11.35.07:494][  0]LogPackFactory: Copied "../../../Samples/StarterContent/Content/StarterContent/Materials/M_Wood_Floor_Walnut_Polished.uasset" to "C:/Users/tobia/OneDrive/Documents/RollingDerby/RollingDerby/Content/StarterContent/Materials/M_Wood_Floor_Walnut_Polished.uasset"
[2015.12.18-11.35.07:501][  0]LogPackFactory: Copied "../../../Samples/StarterContent/Content/StarterContent/Materials/M_Wood_Floor_Walnut_Worn.uasset" to "C:/Users/tobia/OneDrive/Documents/RollingDerby/RollingDerby/Content/StarterContent/Materials/M_Wood_Floor_Walnut_Worn.uasset"
[2015.12.18-11.35.07:507][  0]LogPackFactory: Copied "../../../Samples/StarterContent/Content/StarterContent/Materials/M_Wood_Oak.uasset" to "C:/Users/tobia/OneDrive/Documents/RollingDerby/RollingDerby/Content/StarterContent/Materials/M_Wood_Oak.uasset"
[2015.12.18-11.35.07:515][  0]LogPackFactory: Copied "../../../Samples/StarterContent/Content/StarterContent/Materials/M_Wood_Pine.uasset" to "C:/Users/tobia/OneDrive/Documents/RollingDerby/RollingDerby/Content/StarterContent/Materials/M_Wood_Pine.uasset"
[2015.12.18-11.35.07:533][  0]LogPackFactory: Copied "../../../Samples/StarterContent/Content/StarterContent/Materials/M_Wood_Walnut.uasset" to "C:/Users/tobia/OneDrive/Documents/RollingDerby/RollingDerby/Content/StarterContent/Materials/M_Wood_Walnut.uasset"
[2015.12.18-11.35.07:539][  0]LogPackFactory: Copied "../../../Samples/StarterContent/Content/StarterContent/Particles/P_Ambient_Dust.uasset" to "C:/Users/tobia/OneDrive/Documents/RollingDerby/RollingDerby/Content/StarterContent/Particles/P_Ambient_Dust.uasset"
[2015.12.18-11.35.07:548][  0]LogPackFactory: Copied "../../../Samples/StarterContent/Content/StarterContent/Particles/P_Explosion.uasset" to "C:/Users/tobia/OneDrive/Documents/RollingDerby/RollingDerby/Content/StarterContent/Particles/P_Explosion.uasset"
[2015.12.18-11.35.07:556][  0]LogPackFactory: Copied "../../../Samples/StarterContent/Content/StarterContent/Particles/P_Fire.uasset" to "C:/Users/tobia/OneDrive/Documents/RollingDerby/RollingDerby/Content/StarterContent/Particles/P_Fire.uasset"
[2015.12.18-11.35.07:563][  0]LogPackFactory: Copied "../../../Samples/StarterContent/Content/StarterContent/Particles/P_Smoke.uasset" to "C:/Users/tobia/OneDrive/Documents/RollingDerby/RollingDerby/Content/StarterContent/Particles/P_Smoke.uasset"
[2015.12.18-11.35.07:580][  0]LogPackFactory: Copied "../../../Samples/StarterContent/Content/StarterContent/Particles/P_Sparks.uasset" to "C:/Users/tobia/OneDrive/Documents/RollingDerby/RollingDerby/Content/StarterContent/Particles/P_Sparks.uasset"
[2015.12.18-11.35.07:587][  0]LogPackFactory: Copied "../../../Samples/StarterContent/Content/StarterContent/Particles/P_Steam_Lit.uasset" to "C:/Users/tobia/OneDrive/Documents/RollingDerby/RollingDerby/Content/StarterContent/Particles/P_Steam_Lit.uasset"
[2015.12.18-11.35.07:595][  0]LogPackFactory: Copied "../../../Samples/StarterContent/Content/StarterContent/Particles/Materials/M_Burst.uasset" to "C:/Users/tobia/OneDrive/Documents/RollingDerby/RollingDerby/Content/StarterContent/Particles/Materials/M_Burst.uasset"
[2015.12.18-11.35.07:607][  0]LogPackFactory: Copied "../../../Samples/StarterContent/Content/StarterContent/Particles/Materials/M_Dust_Particle.uasset" to "C:/Users/tobia/OneDrive/Documents/RollingDerby/RollingDerby/Content/StarterContent/Particles/Materials/M_Dust_Particle.uasset"
[2015.12.18-11.35.07:622][  0]LogPackFactory: Copied "../../../Samples/StarterContent/Content/StarterContent/Particles/Materials/M_explosion_subUV.uasset" to "C:/Users/tobia/OneDrive/Documents/RollingDerby/RollingDerby/Content/StarterContent/Particles/Materials/M_explosion_subUV.uasset"
[2015.12.18-11.35.07:633][  0]LogPackFactory: Copied "../../../Samples/StarterContent/Content/StarterContent/Particles/Materials/M_Fire_SubUV.uasset" to "C:/Users/tobia/OneDrive/Documents/RollingDerby/RollingDerby/Content/StarterContent/Particles/Materials/M_Fire_SubUV.uasset"
[2015.12.18-11.35.07:645][  0]LogPackFactory: Copied "../../../Samples/StarterContent/Content/StarterContent/Particles/Materials/m_flare_01.uasset" to "C:/Users/tobia/OneDrive/Documents/RollingDerby/RollingDerby/Content/StarterContent/Particles/Materials/m_flare_01.uasset"
[2015.12.18-11.35.07:656][  0]LogPackFactory: Copied "../../../Samples/StarterContent/Content/StarterContent/Particles/Materials/M_Heat_Distortion.uasset" to "C:/Users/tobia/OneDrive/Documents/RollingDerby/RollingDerby/Content/StarterContent/Particles/Materials/M_Heat_Distortion.uasset"
[2015.12.18-11.35.07:667][  0]LogPackFactory: Copied "../../../Samples/StarterContent/Content/StarterContent/Particles/Materials/M_Radial_Gradient.uasset" to "C:/Users/tobia/OneDrive/Documents/RollingDerby/RollingDerby/Content/StarterContent/Particles/Materials/M_Radial_Gradient.uasset"
[2015.12.18-11.35.07:675][  0]LogPackFactory: Copied "../../../Samples/StarterContent/Content/StarterContent/Particles/Materials/M_radial_ramp.uasset" to "C:/Users/tobia/OneDrive/Documents/RollingDerby/RollingDerby/Content/StarterContent/Particles/Materials/M_radial_ramp.uasset"
[2015.12.18-11.35.07:685][  0]LogPackFactory: Copied "../../../Samples/StarterContent/Content/StarterContent/Particles/Materials/M_smoke_subUV.uasset" to "C:/Users/tobia/OneDrive/Documents/RollingDerby/RollingDerby/Content/StarterContent/Particles/Materials/M_smoke_subUV.uasset"
[2015.12.18-11.35.07:694][  0]LogPackFactory: Copied "../../../Samples/StarterContent/Content/StarterContent/Particles/Materials/M_Spark.uasset" to "C:/Users/tobia/OneDrive/Documents/RollingDerby/RollingDerby/Content/StarterContent/Particles/Materials/M_Spark.uasset"
[2015.12.18-11.35.07:706][  0]LogPackFactory: Copied "../../../Samples/StarterContent/Content/StarterContent/Props/MaterialSphere.uasset" to "C:/Users/tobia/OneDrive/Documents/RollingDerby/RollingDerby/Content/StarterContent/Props/MaterialSphere.uasset"
[2015.12.18-11.35.07:724][  0]LogPackFactory: Copied "../../../Samples/StarterContent/Content/StarterContent/Props/SM_Bush.uasset" to "C:/Users/tobia/OneDrive/Documents/RollingDerby/RollingDerby/Content/StarterContent/Props/SM_Bush.uasset"
[2015.12.18-11.35.07:736][  0]LogPackFactory: Copied "../../../Samples/StarterContent/Content/StarterContent/Props/SM_Chair.uasset" to "C:/Users/tobia/OneDrive/Documents/RollingDerby/RollingDerby/Content/StarterContent/Props/SM_Chair.uasset"
[2015.12.18-11.35.07:746][  0]LogPackFactory: Copied "../../../Samples/StarterContent/Content/StarterContent/Props/SM_CornerFrame.uasset" to "C:/Users/tobia/OneDrive/Documents/RollingDerby/RollingDerby/Content/StarterContent/Props/SM_CornerFrame.uasset"
[2015.12.18-11.35.07:757][  0]LogPackFactory: Copied "../../../Samples/StarterContent/Content/StarterContent/Props/SM_Couch.uasset" to "C:/Users/tobia/OneDrive/Documents/RollingDerby/RollingDerby/Content/StarterContent/Props/SM_Couch.uasset"
[2015.12.18-11.35.07:768][  0]LogPackFactory: Copied "../../../Samples/StarterContent/Content/StarterContent/Props/SM_Door.uasset" to "C:/Users/tobia/OneDrive/Documents/RollingDerby/RollingDerby/Content/StarterContent/Props/SM_Door.uasset"
[2015.12.18-11.35.07:778][  0]LogPackFactory: Copied "../../../Samples/StarterContent/Content/StarterContent/Props/SM_DoorFrame.uasset" to "C:/Users/tobia/OneDrive/Documents/RollingDerby/RollingDerby/Content/StarterContent/Props/SM_DoorFrame.uasset"
[2015.12.18-11.35.07:787][  0]LogPackFactory: Copied "../../../Samples/StarterContent/Content/StarterContent/Props/SM_GlassWindow.uasset" to "C:/Users/tobia/OneDrive/Documents/RollingDerby/RollingDerby/Content/StarterContent/Props/SM_GlassWindow.uasset"
[2015.12.18-11.35.07:796][  0]LogPackFactory: Copied "../../../Samples/StarterContent/Content/StarterContent/Props/SM_Lamp_Ceiling.uasset" to "C:/Users/tobia/OneDrive/Documents/RollingDerby/RollingDerby/Content/StarterContent/Props/SM_Lamp_Ceiling.uasset"
[2015.12.18-11.35.07:805][  0]LogPackFactory: Copied "../../../Samples/StarterContent/Content/StarterContent/Props/SM_Lamp_Wall.uasset" to "C:/Users/tobia/OneDrive/Documents/RollingDerby/RollingDerby/Content/StarterContent/Props/SM_Lamp_Wall.uasset"
[2015.12.18-11.35.07:852][  0]LogPackFactory: Copied "../../../Samples/StarterContent/Content/StarterContent/Props/SM_MatPreviewMesh_02.uasset" to "C:/Users/tobia/OneDrive/Documents/RollingDerby/RollingDerby/Content/StarterContent/Props/SM_MatPreviewMesh_02.uasset"
[2015.12.18-11.35.07:866][  0]LogPackFactory: Copied "../../../Samples/StarterContent/Content/StarterContent/Props/SM_PillarFrame.uasset" to "C:/Users/tobia/OneDrive/Documents/RollingDerby/RollingDerby/Content/StarterContent/Props/SM_PillarFrame.uasset"
[2015.12.18-11.35.07:882][  0]LogPackFactory: Copied "../../../Samples/StarterContent/Content/StarterContent/Props/SM_PillarFrame300.uasset" to "C:/Users/tobia/OneDrive/Documents/RollingDerby/RollingDerby/Content/StarterContent/Props/SM_PillarFrame300.uasset"
[2015.12.18-11.35.07:891][  0]LogPackFactory: Copied "../../../Samples/StarterContent/Content/StarterContent/Props/SM_Rock.uasset" to "C:/Users/tobia/OneDrive/Documents/RollingDerby/RollingDerby/Content/StarterContent/Props/SM_Rock.uasset"
[2015.12.18-11.35.07:901][  0]LogPackFactory: Copied "../../../Samples/StarterContent/Content/StarterContent/Props/SM_Shelf.uasset" to "C:/Users/tobia/OneDrive/Documents/RollingDerby/RollingDerby/Content/StarterContent/Props/SM_Shelf.uasset"
[2015.12.18-11.35.07:909][  0]LogPackFactory: Copied "../../../Samples/StarterContent/Content/StarterContent/Props/SM_Stairs.uasset" to "C:/Users/tobia/OneDrive/Documents/RollingDerby/RollingDerby/Content/StarterContent/Props/SM_Stairs.uasset"
[2015.12.18-11.35.07:920][  0]LogPackFactory: Copied "../../../Samples/StarterContent/Content/StarterContent/Props/SM_Statue.uasset" to "C:/Users/tobia/OneDrive/Documents/RollingDerby/RollingDerby/Content/StarterContent/Props/SM_Statue.uasset"
[2015.12.18-11.35.07:944][  0]LogPackFactory: Copied "../../../Samples/StarterContent/Content/StarterContent/Props/SM_TableRound.uasset" to "C:/Users/tobia/OneDrive/Documents/RollingDerby/RollingDerby/Content/StarterContent/Props/SM_TableRound.uasset"
[2015.12.18-11.35.07:953][  0]LogPackFactory: Copied "../../../Samples/StarterContent/Content/StarterContent/Props/SM_WindowFrame.uasset" to "C:/Users/tobia/OneDrive/Documents/RollingDerby/RollingDerby/Content/StarterContent/Props/SM_WindowFrame.uasset"
[2015.12.18-11.35.07:986][  0]LogPackFactory: Copied "../../../Samples/StarterContent/Content/StarterContent/Props/Materials/M_Bush.uasset" to "C:/Users/tobia/OneDrive/Documents/RollingDerby/RollingDerby/Content/StarterContent/Props/Materials/M_Bush.uasset"
[2015.12.18-11.35.07:996][  0]LogPackFactory: Copied "../../../Samples/StarterContent/Content/StarterContent/Props/Materials/M_Chair.uasset" to "C:/Users/tobia/OneDrive/Documents/RollingDerby/RollingDerby/Content/StarterContent/Props/Materials/M_Chair.uasset"
[2015.12.18-11.35.08:004][  0]LogPackFactory: Copied "../../../Samples/StarterContent/Content/StarterContent/Props/Materials/M_Door.uasset" to "C:/Users/tobia/OneDrive/Documents/RollingDerby/RollingDerby/Content/StarterContent/Props/Materials/M_Door.uasset"
[2015.12.18-11.35.08:019][  0]LogPackFactory: Copied "../../../Samples/StarterContent/Content/StarterContent/Props/Materials/M_Frame.uasset" to "C:/Users/tobia/OneDrive/Documents/RollingDerby/RollingDerby/Content/StarterContent/Props/Materials/M_Frame.uasset"
[2015.12.18-11.35.08:032][  0]LogPackFactory: Copied "../../../Samples/StarterContent/Content/StarterContent/Props/Materials/M_Lamp.uasset" to "C:/Users/tobia/OneDrive/Documents/RollingDerby/RollingDerby/Content/StarterContent/Props/Materials/M_Lamp.uasset"
[2015.12.18-11.35.08:040][  0]LogPackFactory: Copied "../../../Samples/StarterContent/Content/StarterContent/Props/Materials/M_MaterialSphere.uasset" to "C:/Users/tobia/OneDrive/Documents/RollingDerby/RollingDerby/Content/StarterContent/Props/Materials/M_MaterialSphere.uasset"
[2015.12.18-11.35.08:051][  0]LogPackFactory: Copied "../../../Samples/StarterContent/Content/StarterContent/Props/Materials/M_MaterialSphere_Plain.uasset" to "C:/Users/tobia/OneDrive/Documents/RollingDerby/RollingDerby/Content/StarterContent/Props/Materials/M_MaterialSphere_Plain.uasset"
[2015.12.18-11.35.08:060][  0]LogPackFactory: Copied "../../../Samples/StarterContent/Content/StarterContent/Props/Materials/M_Rock.uasset" to "C:/Users/tobia/OneDrive/Documents/RollingDerby/RollingDerby/Content/StarterContent/Props/Materials/M_Rock.uasset"
[2015.12.18-11.35.08:075][  0]LogPackFactory: Copied "../../../Samples/StarterContent/Content/StarterContent/Props/Materials/M_Shelf.uasset" to "C:/Users/tobia/OneDrive/Documents/RollingDerby/RollingDerby/Content/StarterContent/Props/Materials/M_Shelf.uasset"
[2015.12.18-11.35.08:102][  0]LogPackFactory: Copied "../../../Samples/StarterContent/Content/StarterContent/Props/Materials/M_Statue.uasset" to "C:/Users/tobia/OneDrive/Documents/RollingDerby/RollingDerby/Content/StarterContent/Props/Materials/M_Statue.uasset"
[2015.12.18-11.35.08:121][  0]LogPackFactory: Copied "../../../Samples/StarterContent/Content/StarterContent/Props/Materials/M_StatueGlass.uasset" to "C:/Users/tobia/OneDrive/Documents/RollingDerby/RollingDerby/Content/StarterContent/Props/Materials/M_StatueGlass.uasset"
[2015.12.18-11.35.08:131][  0]LogPackFactory: Copied "../../../Samples/StarterContent/Content/StarterContent/Props/Materials/M_TableRound.uasset" to "C:/Users/tobia/OneDrive/Documents/RollingDerby/RollingDerby/Content/StarterContent/Props/Materials/M_TableRound.uasset"
[2015.12.18-11.35.08:138][  0]LogPackFactory: Copied "../../../Samples/StarterContent/Content/StarterContent/Shapes/Shape_Cone.uasset" to "C:/Users/tobia/OneDrive/Documents/RollingDerby/RollingDerby/Content/StarterContent/Shapes/Shape_Cone.uasset"
[2015.12.18-11.35.08:147][  0]LogPackFactory: Copied "../../../Samples/StarterContent/Content/StarterContent/Shapes/Shape_Cube.uasset" to "C:/Users/tobia/OneDrive/Documents/RollingDerby/RollingDerby/Content/StarterContent/Shapes/Shape_Cube.uasset"
[2015.12.18-11.35.08:155][  0]LogPackFactory: Copied "../../../Samples/StarterContent/Content/StarterContent/Shapes/Shape_Cylinder.uasset" to "C:/Users/tobia/OneDrive/Documents/RollingDerby/RollingDerby/Content/StarterContent/Shapes/Shape_Cylinder.uasset"
[2015.12.18-11.35.08:162][  0]LogPackFactory: Copied "../../../Samples/StarterContent/Content/StarterContent/Shapes/Shape_NarrowCapsule.uasset" to "C:/Users/tobia/OneDrive/Documents/RollingDerby/RollingDerby/Content/StarterContent/Shapes/Shape_NarrowCapsule.uasset"
[2015.12.18-11.35.08:169][  0]LogPackFactory: Copied "../../../Samples/StarterContent/Content/StarterContent/Shapes/Shape_Pipe.uasset" to "C:/Users/tobia/OneDrive/Documents/RollingDerby/RollingDerby/Content/StarterContent/Shapes/Shape_Pipe.uasset"
[2015.12.18-11.35.08:177][  0]LogPackFactory: Copied "../../../Samples/StarterContent/Content/StarterContent/Shapes/Shape_Pipe_180.uasset" to "C:/Users/tobia/OneDrive/Documents/RollingDerby/RollingDerby/Content/StarterContent/Shapes/Shape_Pipe_180.uasset"
[2015.12.18-11.35.08:187][  0]LogPackFactory: Copied "../../../Samples/StarterContent/Content/StarterContent/Shapes/Shape_Pipe_90.uasset" to "C:/Users/tobia/OneDrive/Documents/RollingDerby/RollingDerby/Content/StarterContent/Shapes/Shape_Pipe_90.uasset"
[2015.12.18-11.35.08:199][  0]LogPackFactory: Copied "../../../Samples/StarterContent/Content/StarterContent/Shapes/Shape_Plane.uasset" to "C:/Users/tobia/OneDrive/Documents/RollingDerby/RollingDerby/Content/StarterContent/Shapes/Shape_Plane.uasset"
[2015.12.18-11.35.08:207][  0]LogPackFactory: Copied "../../../Samples/StarterContent/Content/StarterContent/Shapes/Shape_QuadPyramid.uasset" to "C:/Users/tobia/OneDrive/Documents/RollingDerby/RollingDerby/Content/StarterContent/Shapes/Shape_QuadPyramid.uasset"
[2015.12.18-11.35.08:218][  0]LogPackFactory: Copied "../../../Samples/StarterContent/Content/StarterContent/Shapes/Shape_Sphere.uasset" to "C:/Users/tobia/OneDrive/Documents/RollingDerby/RollingDerby/Content/StarterContent/Shapes/Shape_Sphere.uasset"
[2015.12.18-11.35.08:237][  0]LogPackFactory: Copied "../../../Samples/StarterContent/Content/StarterContent/Shapes/Shape_Torus.uasset" to "C:/Users/tobia/OneDrive/Documents/RollingDerby/RollingDerby/Content/StarterContent/Shapes/Shape_Torus.uasset"
[2015.12.18-11.35.08:247][  0]LogPackFactory: Copied "../../../Samples/StarterContent/Content/StarterContent/Shapes/Shape_Trim.uasset" to "C:/Users/tobia/OneDrive/Documents/RollingDerby/RollingDerby/Content/StarterContent/Shapes/Shape_Trim.uasset"
[2015.12.18-11.35.08:254][  0]LogPackFactory: Copied "../../../Samples/StarterContent/Content/StarterContent/Shapes/Shape_Trim_90_In.uasset" to "C:/Users/tobia/OneDrive/Documents/RollingDerby/RollingDerby/Content/StarterContent/Shapes/Shape_Trim_90_In.uasset"
[2015.12.18-11.35.08:263][  0]LogPackFactory: Copied "../../../Samples/StarterContent/Content/StarterContent/Shapes/Shape_Trim_90_Out.uasset" to "C:/Users/tobia/OneDrive/Documents/RollingDerby/RollingDerby/Content/StarterContent/Shapes/Shape_Trim_90_Out.uasset"
[2015.12.18-11.35.08:271][  0]LogPackFactory: Copied "../../../Samples/StarterContent/Content/StarterContent/Shapes/Shape_TriPyramid.uasset" to "C:/Users/tobia/OneDrive/Documents/RollingDerby/RollingDerby/Content/StarterContent/Shapes/Shape_TriPyramid.uasset"
[2015.12.18-11.35.08:279][  0]LogPackFactory: Copied "../../../Samples/StarterContent/Content/StarterContent/Shapes/Shape_Tube.uasset" to "C:/Users/tobia/OneDrive/Documents/RollingDerby/RollingDerby/Content/StarterContent/Shapes/Shape_Tube.uasset"
[2015.12.18-11.35.08:287][  0]LogPackFactory: Copied "../../../Samples/StarterContent/Content/StarterContent/Shapes/Shape_Wedge_A.uasset" to "C:/Users/tobia/OneDrive/Documents/RollingDerby/RollingDerby/Content/StarterContent/Shapes/Shape_Wedge_A.uasset"
[2015.12.18-11.35.08:296][  0]LogPackFactory: Copied "../../../Samples/StarterContent/Content/StarterContent/Shapes/Shape_Wedge_B.uasset" to "C:/Users/tobia/OneDrive/Documents/RollingDerby/RollingDerby/Content/StarterContent/Shapes/Shape_Wedge_B.uasset"
[2015.12.18-11.35.08:305][  0]LogPackFactory: Copied "../../../Samples/StarterContent/Content/StarterContent/Shapes/Shape_WideCapsule.uasset" to "C:/Users/tobia/OneDrive/Documents/RollingDerby/RollingDerby/Content/StarterContent/Shapes/Shape_WideCapsule.uasset"
[2015.12.18-11.35.08:385][  0]LogPackFactory: Copied "../../../Samples/StarterContent/Content/StarterContent/Textures/T_Brick_Clay_Beveled_D.uasset" to "C:/Users/tobia/OneDrive/Documents/RollingDerby/RollingDerby/Content/StarterContent/Textures/T_Brick_Clay_Beveled_D.uasset"
[2015.12.18-11.35.08:539][  0]LogPackFactory: Copied "../../../Samples/StarterContent/Content/StarterContent/Textures/T_Brick_Clay_Beveled_M.uasset" to "C:/Users/tobia/OneDrive/Documents/RollingDerby/RollingDerby/Content/StarterContent/Textures/T_Brick_Clay_Beveled_M.uasset"
[2015.12.18-11.35.08:624][  0]LogPackFactory: Copied "../../../Samples/StarterContent/Content/StarterContent/Textures/T_Brick_Clay_Beveled_N.uasset" to "C:/Users/tobia/OneDrive/Documents/RollingDerby/RollingDerby/Content/StarterContent/Textures/T_Brick_Clay_Beveled_N.uasset"
[2015.12.18-11.35.08:719][  0]LogPackFactory: Copied "../../../Samples/StarterContent/Content/StarterContent/Textures/T_Brick_Clay_New_D.uasset" to "C:/Users/tobia/OneDrive/Documents/RollingDerby/RollingDerby/Content/StarterContent/Textures/T_Brick_Clay_New_D.uasset"
[2015.12.18-11.35.08:843][  0]LogPackFactory: Copied "../../../Samples/StarterContent/Content/StarterContent/Textures/T_Brick_Clay_New_M.uasset" to "C:/Users/tobia/OneDrive/Documents/RollingDerby/RollingDerby/Content/StarterContent/Textures/T_Brick_Clay_New_M.uasset"
[2015.12.18-11.35.08:923][  0]LogPackFactory: Copied "../../../Samples/StarterContent/Content/StarterContent/Textures/T_Brick_Clay_New_N.uasset" to "C:/Users/tobia/OneDrive/Documents/RollingDerby/RollingDerby/Content/StarterContent/Textures/T_Brick_Clay_New_N.uasset"
[2015.12.18-11.35.09:059][  0]LogPackFactory: Copied "../../../Samples/StarterContent/Content/StarterContent/Textures/T_Brick_Clay_Old_D.uasset" to "C:/Users/tobia/OneDrive/Documents/RollingDerby/RollingDerby/Content/StarterContent/Textures/T_Brick_Clay_Old_D.uasset"
[2015.12.18-11.35.09:165][  0]LogPackFactory: Copied "../../../Samples/StarterContent/Content/StarterContent/Textures/T_Brick_Clay_Old_N.uasset" to "C:/Users/tobia/OneDrive/Documents/RollingDerby/RollingDerby/Content/StarterContent/Textures/T_Brick_Clay_Old_N.uasset"
[2015.12.18-11.35.09:339][  0]LogPackFactory: Copied "../../../Samples/StarterContent/Content/StarterContent/Textures/T_Brick_Cut_Stone_D.uasset" to "C:/Users/tobia/OneDrive/Documents/RollingDerby/RollingDerby/Content/StarterContent/Textures/T_Brick_Cut_Stone_D.uasset"
[2015.12.18-11.35.09:441][  0]LogPackFactory: Copied "../../../Samples/StarterContent/Content/StarterContent/Textures/T_Brick_Cut_Stone_N.uasset" to "C:/Users/tobia/OneDrive/Documents/RollingDerby/RollingDerby/Content/StarterContent/Textures/T_Brick_Cut_Stone_N.uasset"
[2015.12.18-11.35.09:529][  0]LogPackFactory: Copied "../../../Samples/StarterContent/Content/StarterContent/Textures/T_Brick_Hewn_Stone_D.uasset" to "C:/Users/tobia/OneDrive/Documents/RollingDerby/RollingDerby/Content/StarterContent/Textures/T_Brick_Hewn_Stone_D.uasset"
[2015.12.18-11.35.09:622][  0]LogPackFactory: Copied "../../../Samples/StarterContent/Content/StarterContent/Textures/T_Brick_Hewn_Stone_M.uasset" to "C:/Users/tobia/OneDrive/Documents/RollingDerby/RollingDerby/Content/StarterContent/Textures/T_Brick_Hewn_Stone_M.uasset"
[2015.12.18-11.35.09:757][  0]LogPackFactory: Copied "../../../Samples/StarterContent/Content/StarterContent/Textures/T_Brick_Hewn_Stone_N.uasset" to "C:/Users/tobia/OneDrive/Documents/RollingDerby/RollingDerby/Content/StarterContent/Textures/T_Brick_Hewn_Stone_N.uasset"
[2015.12.18-11.35.09:822][  0]LogPackFactory: Copied "../../../Samples/StarterContent/Content/StarterContent/Textures/T_Burst_M.uasset" to "C:/Users/tobia/OneDrive/Documents/RollingDerby/RollingDerby/Content/StarterContent/Textures/T_Burst_M.uasset"
[2015.12.18-11.35.09:851][  0]LogPackFactory: Copied "../../../Samples/StarterContent/Content/StarterContent/Textures/T_Bush_D.uasset" to "C:/Users/tobia/OneDrive/Documents/RollingDerby/RollingDerby/Content/StarterContent/Textures/T_Bush_D.uasset"
[2015.12.18-11.35.09:882][  0]LogPackFactory: Copied "../../../Samples/StarterContent/Content/StarterContent/Textures/T_Bush_N.uasset" to "C:/Users/tobia/OneDrive/Documents/RollingDerby/RollingDerby/Content/StarterContent/Textures/T_Bush_N.uasset"
[2015.12.18-11.35.09:908][  0]LogPackFactory: Copied "../../../Samples/StarterContent/Content/StarterContent/Textures/T_Ceramic_Tile_M.uasset" to "C:/Users/tobia/OneDrive/Documents/RollingDerby/RollingDerby/Content/StarterContent/Textures/T_Ceramic_Tile_M.uasset"
[2015.12.18-11.35.09:922][  0]LogPackFactory: Copied "../../../Samples/StarterContent/Content/StarterContent/Textures/T_Ceramic_Tile_N.uasset" to "C:/Users/tobia/OneDrive/Documents/RollingDerby/RollingDerby/Content/StarterContent/Textures/T_Ceramic_Tile_N.uasset"
[2015.12.18-11.35.09:945][  0]LogPackFactory: Copied "../../../Samples/StarterContent/Content/StarterContent/Textures/T_Chair_M.uasset" to "C:/Users/tobia/OneDrive/Documents/RollingDerby/RollingDerby/Content/StarterContent/Textures/T_Chair_M.uasset"
[2015.12.18-11.35.09:986][  0]LogPackFactory: Copied "../../../Samples/StarterContent/Content/StarterContent/Textures/T_Chair_N.uasset" to "C:/Users/tobia/OneDrive/Documents/RollingDerby/RollingDerby/Content/StarterContent/Textures/T_Chair_N.uasset"
[2015.12.18-11.35.10:016][  0]LogPackFactory: Copied "../../../Samples/StarterContent/Content/StarterContent/Textures/T_Checker_Noise_M.uasset" to "C:/Users/tobia/OneDrive/Documents/RollingDerby/RollingDerby/Content/StarterContent/Textures/T_Checker_Noise_M.uasset"
[2015.12.18-11.35.10:132][  0]LogPackFactory: Copied "../../../Samples/StarterContent/Content/StarterContent/Textures/T_CobbleStone_Pebble_D.uasset" to "C:/Users/tobia/OneDrive/Documents/RollingDerby/RollingDerby/Content/StarterContent/Textures/T_CobbleStone_Pebble_D.uasset"
[2015.12.18-11.35.10:184][  0]LogPackFactory: Copied "../../../Samples/StarterContent/Content/StarterContent/Textures/T_CobbleStone_Pebble_M.uasset" to "C:/Users/tobia/OneDrive/Documents/RollingDerby/RollingDerby/Content/StarterContent/Textures/T_CobbleStone_Pebble_M.uasset"
[2015.12.18-11.35.10:318][  0]LogPackFactory: Copied "../../../Samples/StarterContent/Content/StarterContent/Textures/T_CobbleStone_Pebble_N.uasset" to "C:/Users/tobia/OneDrive/Documents/RollingDerby/RollingDerby/Content/StarterContent/Textures/T_CobbleStone_Pebble_N.uasset"
[2015.12.18-11.35.10:390][  0]LogPackFactory: Copied "../../../Samples/StarterContent/Content/StarterContent/Textures/T_CobbleStone_Rough_D.uasset" to "C:/Users/tobia/OneDrive/Documents/RollingDerby/RollingDerby/Content/StarterContent/Textures/T_CobbleStone_Rough_D.uasset"
[2015.12.18-11.35.10:433][  0]LogPackFactory: Copied "../../../Samples/StarterContent/Content/StarterContent/Textures/T_CobbleStone_Rough_N.uasset" to "C:/Users/tobia/OneDrive/Documents/RollingDerby/RollingDerby/Content/StarterContent/Textures/T_CobbleStone_Rough_N.uasset"
[2015.12.18-11.35.10:511][  0]LogPackFactory: Copied "../../../Samples/StarterContent/Content/StarterContent/Textures/T_CobbleStone_Smooth_D.uasset" to "C:/Users/tobia/OneDrive/Documents/RollingDerby/RollingDerby/Content/StarterContent/Textures/T_CobbleStone_Smooth_D.uasset"
[2015.12.18-11.35.10:612][  0]LogPackFactory: Copied "../../../Samples/StarterContent/Content/StarterContent/Textures/T_CobbleStone_Smooth_M.uasset" to "C:/Users/tobia/OneDrive/Documents/RollingDerby/RollingDerby/Content/StarterContent/Textures/T_CobbleStone_Smooth_M.uasset"
[2015.12.18-11.35.10:711][  0]LogPackFactory: Copied "../../../Samples/StarterContent/Content/StarterContent/Textures/T_CobbleStone_Smooth_N.uasset" to "C:/Users/tobia/OneDrive/Documents/RollingDerby/RollingDerby/Content/StarterContent/Textures/T_CobbleStone_Smooth_N.uasset"
[2015.12.18-11.35.10:866][  0]LogPackFactory: Copied "../../../Samples/StarterContent/Content/StarterContent/Textures/T_Concrete_Grime_D.uasset" to "C:/Users/tobia/OneDrive/Documents/RollingDerby/RollingDerby/Content/StarterContent/Textures/T_Concrete_Grime_D.uasset"
[2015.12.18-11.35.10:962][  0]LogPackFactory: Copied "../../../Samples/StarterContent/Content/StarterContent/Textures/T_Concrete_Panels_D.uasset" to "C:/Users/tobia/OneDrive/Documents/RollingDerby/RollingDerby/Content/StarterContent/Textures/T_Concrete_Panels_D.uasset"
[2015.12.18-11.35.11:054][  0]LogPackFactory: Copied "../../../Samples/StarterContent/Content/StarterContent/Textures/T_Concrete_Panels_N.uasset" to "C:/Users/tobia/OneDrive/Documents/RollingDerby/RollingDerby/Content/StarterContent/Textures/T_Concrete_Panels_N.uasset"
[2015.12.18-11.35.11:203][  0]LogPackFactory: Copied "../../../Samples/StarterContent/Content/StarterContent/Textures/T_Concrete_Poured_D.uasset" to "C:/Users/tobia/OneDrive/Documents/RollingDerby/RollingDerby/Content/StarterContent/Textures/T_Concrete_Poured_D.uasset"
[2015.12.18-11.35.11:336][  0]LogPackFactory: Copied "../../../Samples/StarterContent/Content/StarterContent/Textures/T_Concrete_Poured_N.uasset" to "C:/Users/tobia/OneDrive/Documents/RollingDerby/RollingDerby/Content/StarterContent/Textures/T_Concrete_Poured_N.uasset"
[2015.12.18-11.35.11:395][  0]LogPackFactory: Copied "../../../Samples/StarterContent/Content/StarterContent/Textures/T_Concrete_Tiles_D.uasset" to "C:/Users/tobia/OneDrive/Documents/RollingDerby/RollingDerby/Content/StarterContent/Textures/T_Concrete_Tiles_D.uasset"
[2015.12.18-11.35.11:501][  0]LogPackFactory: Copied "../../../Samples/StarterContent/Content/StarterContent/Textures/T_Concrete_Tiles_M.uasset" to "C:/Users/tobia/OneDrive/Documents/RollingDerby/RollingDerby/Content/StarterContent/Textures/T_Concrete_Tiles_M.uasset"
[2015.12.18-11.35.11:582][  0]LogPackFactory: Copied "../../../Samples/StarterContent/Content/StarterContent/Textures/T_Concrete_Tiles_N.uasset" to "C:/Users/tobia/OneDrive/Documents/RollingDerby/RollingDerby/Content/StarterContent/Textures/T_Concrete_Tiles_N.uasset"
[2015.12.18-11.35.11:600][  0]LogPackFactory: Copied "../../../Samples/StarterContent/Content/StarterContent/Textures/T_Concrete_Tiles_Variation_M.uasset" to "C:/Users/tobia/OneDrive/Documents/RollingDerby/RollingDerby/Content/StarterContent/Textures/T_Concrete_Tiles_Variation_M.uasset"
[2015.12.18-11.35.11:667][  0]LogPackFactory: Copied "../../../Samples/StarterContent/Content/StarterContent/Textures/T_Detail_Rocky_N.uasset" to "C:/Users/tobia/OneDrive/Documents/RollingDerby/RollingDerby/Content/StarterContent/Textures/T_Detail_Rocky_N.uasset"
[2015.12.18-11.35.11:687][  0]LogPackFactory: Copied "../../../Samples/StarterContent/Content/StarterContent/Textures/T_Door_M.uasset" to "C:/Users/tobia/OneDrive/Documents/RollingDerby/RollingDerby/Content/StarterContent/Textures/T_Door_M.uasset"
[2015.12.18-11.35.11:717][  0]LogPackFactory: Copied "../../../Samples/StarterContent/Content/StarterContent/Textures/T_Door_N.uasset" to "C:/Users/tobia/OneDrive/Documents/RollingDerby/RollingDerby/Content/StarterContent/Textures/T_Door_N.uasset"
[2015.12.18-11.35.11:745][  0]LogPackFactory: Copied "../../../Samples/StarterContent/Content/StarterContent/Textures/T_Dust_Particle_D.uasset" to "C:/Users/tobia/OneDrive/Documents/RollingDerby/RollingDerby/Content/StarterContent/Textures/T_Dust_Particle_D.uasset"
[2015.12.18-11.35.11:802][  0]LogPackFactory: Copied "../../../Samples/StarterContent/Content/StarterContent/Textures/T_Explosion_SubUV.uasset" to "C:/Users/tobia/OneDrive/Documents/RollingDerby/RollingDerby/Content/StarterContent/Textures/T_Explosion_SubUV.uasset"
[2015.12.18-11.35.11:841][  0]LogPackFactory: Copied "../../../Samples/StarterContent/Content/StarterContent/Textures/T_Fire_SubUV.uasset" to "C:/Users/tobia/OneDrive/Documents/RollingDerby/RollingDerby/Content/StarterContent/Textures/T_Fire_SubUV.uasset"
[2015.12.18-11.35.11:867][  0]LogPackFactory: Copied "../../../Samples/StarterContent/Content/StarterContent/Textures/T_Fire_Tiled_D.uasset" to "C:/Users/tobia/OneDrive/Documents/RollingDerby/RollingDerby/Content/StarterContent/Textures/T_Fire_Tiled_D.uasset"
[2015.12.18-11.35.11:902][  0]LogPackFactory: Copied "../../../Samples/StarterContent/Content/StarterContent/Textures/T_Frame_M.uasset" to "C:/Users/tobia/OneDrive/Documents/RollingDerby/RollingDerby/Content/StarterContent/Textures/T_Frame_M.uasset"
[2015.12.18-11.35.11:951][  0]LogPackFactory: Copied "../../../Samples/StarterContent/Content/StarterContent/Textures/T_Frame_N.uasset" to "C:/Users/tobia/OneDrive/Documents/RollingDerby/RollingDerby/Content/StarterContent/Textures/T_Frame_N.uasset"
[2015.12.18-11.35.11:968][  0]LogPackFactory: Copied "../../../Samples/StarterContent/Content/StarterContent/Textures/T_Gradinet_01.uasset" to "C:/Users/tobia/OneDrive/Documents/RollingDerby/RollingDerby/Content/StarterContent/Textures/T_Gradinet_01.uasset"
[2015.12.18-11.35.12:091][  0]LogPackFactory: Copied "../../../Samples/StarterContent/Content/StarterContent/Textures/T_Ground_Grass_D.uasset" to "C:/Users/tobia/OneDrive/Documents/RollingDerby/RollingDerby/Content/StarterContent/Textures/T_Ground_Grass_D.uasset"
[2015.12.18-11.35.12:228][  0]LogPackFactory: Copied "../../../Samples/StarterContent/Content/StarterContent/Textures/T_Ground_Grass_N.uasset" to "C:/Users/tobia/OneDrive/Documents/RollingDerby/RollingDerby/Content/StarterContent/Textures/T_Ground_Grass_N.uasset"
[2015.12.18-11.35.12:334][  0]LogPackFactory: Copied "../../../Samples/StarterContent/Content/StarterContent/Textures/T_Ground_Gravel_D.uasset" to "C:/Users/tobia/OneDrive/Documents/RollingDerby/RollingDerby/Content/StarterContent/Textures/T_Ground_Gravel_D.uasset"
[2015.12.18-11.35.12:463][  0]LogPackFactory: Copied "../../../Samples/StarterContent/Content/StarterContent/Textures/T_Ground_Gravel_N.uasset" to "C:/Users/tobia/OneDrive/Documents/RollingDerby/RollingDerby/Content/StarterContent/Textures/T_Ground_Gravel_N.uasset"
[2015.12.18-11.35.12:604][  0]LogPackFactory: Copied "../../../Samples/StarterContent/Content/StarterContent/Textures/T_ground_Moss_D.uasset" to "C:/Users/tobia/OneDrive/Documents/RollingDerby/RollingDerby/Content/StarterContent/Textures/T_ground_Moss_D.uasset"
[2015.12.18-11.35.12:735][  0]LogPackFactory: Copied "../../../Samples/StarterContent/Content/StarterContent/Textures/T_Ground_Moss_N.uasset" to "C:/Users/tobia/OneDrive/Documents/RollingDerby/RollingDerby/Content/StarterContent/Textures/T_Ground_Moss_N.uasset"
[2015.12.18-11.35.12:768][  0]LogPackFactory: Copied "../../../Samples/StarterContent/Content/StarterContent/Textures/T_Lamp_M.uasset" to "C:/Users/tobia/OneDrive/Documents/RollingDerby/RollingDerby/Content/StarterContent/Textures/T_Lamp_M.uasset"
[2015.12.18-11.35.12:808][  0]LogPackFactory: Copied "../../../Samples/StarterContent/Content/StarterContent/Textures/T_Lamp_N.uasset" to "C:/Users/tobia/OneDrive/Documents/RollingDerby/RollingDerby/Content/StarterContent/Textures/T_Lamp_N.uasset"
[2015.12.18-11.35.12:932][  0]LogPackFactory: Copied "../../../Samples/StarterContent/Content/StarterContent/Textures/T_MacroVariation.uasset" to "C:/Users/tobia/OneDrive/Documents/RollingDerby/RollingDerby/Content/StarterContent/Textures/T_MacroVariation.uasset"
[2015.12.18-11.35.13:042][  0]LogPackFactory: Copied "../../../Samples/StarterContent/Content/StarterContent/Textures/T_Metal_Aluminum_D.uasset" to "C:/Users/tobia/OneDrive/Documents/RollingDerby/RollingDerby/Content/StarterContent/Textures/T_Metal_Aluminum_D.uasset"
[2015.12.18-11.35.13:189][  0]LogPackFactory: Copied "../../../Samples/StarterContent/Content/StarterContent/Textures/T_Metal_Copper_D.uasset" to "C:/Users/tobia/OneDrive/Documents/RollingDerby/RollingDerby/Content/StarterContent/Textures/T_Metal_Copper_D.uasset"
[2015.12.18-11.35.13:284][  0]LogPackFactory: Copied "../../../Samples/StarterContent/Content/StarterContent/Textures/T_Metal_Gold_D.uasset" to "C:/Users/tobia/OneDrive/Documents/RollingDerby/RollingDerby/Content/StarterContent/Textures/T_Metal_Gold_D.uasset"
[2015.12.18-11.35.13:353][  0]LogPackFactory: Copied "../../../Samples/StarterContent/Content/StarterContent/Textures/T_Metal_Gold_N.uasset" to "C:/Users/tobia/OneDrive/Documents/RollingDerby/RollingDerby/Content/StarterContent/Textures/T_Metal_Gold_N.uasset"
[2015.12.18-11.35.13:454][  0]LogPackFactory: Copied "../../../Samples/StarterContent/Content/StarterContent/Textures/T_Metal_Rust_D.uasset" to "C:/Users/tobia/OneDrive/Documents/RollingDerby/RollingDerby/Content/StarterContent/Textures/T_Metal_Rust_D.uasset"
[2015.12.18-11.35.13:563][  0]LogPackFactory: Copied "../../../Samples/StarterContent/Content/StarterContent/Textures/T_Metal_Rust_N.uasset" to "C:/Users/tobia/OneDrive/Documents/RollingDerby/RollingDerby/Content/StarterContent/Textures/T_Metal_Rust_N.uasset"
[2015.12.18-11.35.13:611][  0]LogPackFactory: Copied "../../../Samples/StarterContent/Content/StarterContent/Textures/T_Metal_Steel_D.uasset" to "C:/Users/tobia/OneDrive/Documents/RollingDerby/RollingDerby/Content/StarterContent/Textures/T_Metal_Steel_D.uasset"
[2015.12.18-11.35.13:696][  0]LogPackFactory: Copied "../../../Samples/StarterContent/Content/StarterContent/Textures/T_Metal_Steel_N.uasset" to "C:/Users/tobia/OneDrive/Documents/RollingDerby/RollingDerby/Content/StarterContent/Textures/T_Metal_Steel_N.uasset"
[2015.12.18-11.35.13:791][  0]LogPackFactory: Copied "../../../Samples/StarterContent/Content/StarterContent/Textures/T_Perlin_Noise_M.uasset" to "C:/Users/tobia/OneDrive/Documents/RollingDerby/RollingDerby/Content/StarterContent/Textures/T_Perlin_Noise_M.uasset"
[2015.12.18-11.35.13:857][  0]LogPackFactory: Copied "../../../Samples/StarterContent/Content/StarterContent/Textures/T_RockMesh_M.uasset" to "C:/Users/tobia/OneDrive/Documents/RollingDerby/RollingDerby/Content/StarterContent/Textures/T_RockMesh_M.uasset"
[2015.12.18-11.35.13:925][  0]LogPackFactory: Copied "../../../Samples/StarterContent/Content/StarterContent/Textures/T_RockMesh_N.uasset" to "C:/Users/tobia/OneDrive/Documents/RollingDerby/RollingDerby/Content/StarterContent/Textures/T_RockMesh_N.uasset"
[2015.12.18-11.35.14:038][  0]LogPackFactory: Copied "../../../Samples/StarterContent/Content/StarterContent/Textures/T_Rock_Basalt_D.uasset" to "C:/Users/tobia/OneDrive/Documents/RollingDerby/RollingDerby/Content/StarterContent/Textures/T_Rock_Basalt_D.uasset"
[2015.12.18-11.35.14:138][  0]LogPackFactory: Copied "../../../Samples/StarterContent/Content/StarterContent/Textures/T_Rock_Basalt_N.uasset" to "C:/Users/tobia/OneDrive/Documents/RollingDerby/RollingDerby/Content/StarterContent/Textures/T_Rock_Basalt_N.uasset"
[2015.12.18-11.35.14:197][  0]LogPackFactory: Copied "../../../Samples/StarterContent/Content/StarterContent/Textures/T_Rock_Marble_Polished_D.uasset" to "C:/Users/tobia/OneDrive/Documents/RollingDerby/RollingDerby/Content/StarterContent/Textures/T_Rock_Marble_Polished_D.uasset"
[2015.12.18-11.35.14:307][  0]LogPackFactory: Copied "../../../Samples/StarterContent/Content/StarterContent/Textures/T_Rock_Sandstone_D.uasset" to "C:/Users/tobia/OneDrive/Documents/RollingDerby/RollingDerby/Content/StarterContent/Textures/T_Rock_Sandstone_D.uasset"
[2015.12.18-11.35.14:392][  0]LogPackFactory: Copied "../../../Samples/StarterContent/Content/StarterContent/Textures/T_Rock_Sandstone_N.uasset" to "C:/Users/tobia/OneDrive/Documents/RollingDerby/RollingDerby/Content/StarterContent/Textures/T_Rock_Sandstone_N.uasset"
[2015.12.18-11.35.14:519][  0]LogPackFactory: Copied "../../../Samples/StarterContent/Content/StarterContent/Textures/T_Rock_Slate_D.uasset" to "C:/Users/tobia/OneDrive/Documents/RollingDerby/RollingDerby/Content/StarterContent/Textures/T_Rock_Slate_D.uasset"
[2015.12.18-11.35.14:647][  0]LogPackFactory: Copied "../../../Samples/StarterContent/Content/StarterContent/Textures/T_Rock_Slate_N.uasset" to "C:/Users/tobia/OneDrive/Documents/RollingDerby/RollingDerby/Content/StarterContent/Textures/T_Rock_Slate_N.uasset"
[2015.12.18-11.35.14:762][  0]LogPackFactory: Copied "../../../Samples/StarterContent/Content/StarterContent/Textures/T_Rock_Smooth_Granite_D.uasset" to "C:/Users/tobia/OneDrive/Documents/RollingDerby/RollingDerby/Content/StarterContent/Textures/T_Rock_Smooth_Granite_D.uasset"
[2015.12.18-11.35.14:793][  0]LogPackFactory: Copied "../../../Samples/StarterContent/Content/StarterContent/Textures/T_Shelf_M.uasset" to "C:/Users/tobia/OneDrive/Documents/RollingDerby/RollingDerby/Content/StarterContent/Textures/T_Shelf_M.uasset"
[2015.12.18-11.35.14:834][  0]LogPackFactory: Copied "../../../Samples/StarterContent/Content/StarterContent/Textures/T_Shelf_N.uasset" to "C:/Users/tobia/OneDrive/Documents/RollingDerby/RollingDerby/Content/StarterContent/Textures/T_Shelf_N.uasset"
[2015.12.18-11.35.14:849][  0]LogPackFactory: Copied "../../../Samples/StarterContent/Content/StarterContent/Textures/T_Single_Tile_N.uasset" to "C:/Users/tobia/OneDrive/Documents/RollingDerby/RollingDerby/Content/StarterContent/Textures/T_Single_Tile_N.uasset"
[2015.12.18-11.35.14:904][  0]LogPackFactory: Copied "../../../Samples/StarterContent/Content/StarterContent/Textures/T_Smoke_SubUV.uasset" to "C:/Users/tobia/OneDrive/Documents/RollingDerby/RollingDerby/Content/StarterContent/Textures/T_Smoke_SubUV.uasset"
[2015.12.18-11.35.14:958][  0]LogPackFactory: Copied "../../../Samples/StarterContent/Content/StarterContent/Textures/T_Smoke_Tiled_D.uasset" to "C:/Users/tobia/OneDrive/Documents/RollingDerby/RollingDerby/Content/StarterContent/Textures/T_Smoke_Tiled_D.uasset"
[2015.12.18-11.35.14:983][  0]LogPackFactory: Copied "../../../Samples/StarterContent/Content/StarterContent/Textures/T_Spark_Core.uasset" to "C:/Users/tobia/OneDrive/Documents/RollingDerby/RollingDerby/Content/StarterContent/Textures/T_Spark_Core.uasset"
[2015.12.18-11.35.14:994][  0]LogPackFactory: Copied "../../../Samples/StarterContent/Content/StarterContent/Textures/T_Statue_M.uasset" to "C:/Users/tobia/OneDrive/Documents/RollingDerby/RollingDerby/Content/StarterContent/Textures/T_Statue_M.uasset"
[2015.12.18-11.35.15:025][  0]LogPackFactory: Copied "../../../Samples/StarterContent/Content/StarterContent/Textures/T_Statue_N.uasset" to "C:/Users/tobia/OneDrive/Documents/RollingDerby/RollingDerby/Content/StarterContent/Textures/T_Statue_N.uasset"
[2015.12.18-11.35.15:056][  0]LogPackFactory: Copied "../../../Samples/StarterContent/Content/StarterContent/Textures/T_TableRound_M.uasset" to "C:/Users/tobia/OneDrive/Documents/RollingDerby/RollingDerby/Content/StarterContent/Textures/T_TableRound_M.uasset"
[2015.12.18-11.35.15:096][  0]LogPackFactory: Copied "../../../Samples/StarterContent/Content/StarterContent/Textures/T_TableRound_N.uasset" to "C:/Users/tobia/OneDrive/Documents/RollingDerby/RollingDerby/Content/StarterContent/Textures/T_TableRound_N.uasset"
[2015.12.18-11.35.15:119][  0]LogPackFactory: Copied "../../../Samples/StarterContent/Content/StarterContent/Textures/T_Tech_Dot_M.uasset" to "C:/Users/tobia/OneDrive/Documents/RollingDerby/RollingDerby/Content/StarterContent/Textures/T_Tech_Dot_M.uasset"
[2015.12.18-11.35.15:144][  0]LogPackFactory: Copied "../../../Samples/StarterContent/Content/StarterContent/Textures/T_Tech_Dot_N.uasset" to "C:/Users/tobia/OneDrive/Documents/RollingDerby/RollingDerby/Content/StarterContent/Textures/T_Tech_Dot_N.uasset"
[2015.12.18-11.35.15:175][  0]LogPackFactory: Copied "../../../Samples/StarterContent/Content/StarterContent/Textures/T_Tech_Hex_Tile_M.uasset" to "C:/Users/tobia/OneDrive/Documents/RollingDerby/RollingDerby/Content/StarterContent/Textures/T_Tech_Hex_Tile_M.uasset"
[2015.12.18-11.35.15:196][  0]LogPackFactory: Copied "../../../Samples/StarterContent/Content/StarterContent/Textures/T_Tech_Hex_Tile_N.uasset" to "C:/Users/tobia/OneDrive/Documents/RollingDerby/RollingDerby/Content/StarterContent/Textures/T_Tech_Hex_Tile_N.uasset"
[2015.12.18-11.35.15:230][  0]LogPackFactory: Copied "../../../Samples/StarterContent/Content/StarterContent/Textures/T_Tech_Panel_M.uasset" to "C:/Users/tobia/OneDrive/Documents/RollingDerby/RollingDerby/Content/StarterContent/Textures/T_Tech_Panel_M.uasset"
[2015.12.18-11.35.15:279][  0]LogPackFactory: Copied "../../../Samples/StarterContent/Content/StarterContent/Textures/T_Tech_Panel_N.uasset" to "C:/Users/tobia/OneDrive/Documents/RollingDerby/RollingDerby/Content/StarterContent/Textures/T_Tech_Panel_N.uasset"
[2015.12.18-11.35.15:308][  0]LogPackFactory: Copied "../../../Samples/StarterContent/Content/StarterContent/Textures/T_Water_M.uasset" to "C:/Users/tobia/OneDrive/Documents/RollingDerby/RollingDerby/Content/StarterContent/Textures/T_Water_M.uasset"
[2015.12.18-11.35.15:354][  0]LogPackFactory: Copied "../../../Samples/StarterContent/Content/StarterContent/Textures/T_Water_N.uasset" to "C:/Users/tobia/OneDrive/Documents/RollingDerby/RollingDerby/Content/StarterContent/Textures/T_Water_N.uasset"
[2015.12.18-11.35.15:410][  0]LogPackFactory: Copied "../../../Samples/StarterContent/Content/StarterContent/Textures/T_Wood_Floor_Walnut_D.uasset" to "C:/Users/tobia/OneDrive/Documents/RollingDerby/RollingDerby/Content/StarterContent/Textures/T_Wood_Floor_Walnut_D.uasset"
[2015.12.18-11.35.15:490][  0]LogPackFactory: Copied "../../../Samples/StarterContent/Content/StarterContent/Textures/T_Wood_Floor_Walnut_M.uasset" to "C:/Users/tobia/OneDrive/Documents/RollingDerby/RollingDerby/Content/StarterContent/Textures/T_Wood_Floor_Walnut_M.uasset"
[2015.12.18-11.35.15:539][  0]LogPackFactory: Copied "../../../Samples/StarterContent/Content/StarterContent/Textures/T_Wood_Floor_Walnut_N.uasset" to "C:/Users/tobia/OneDrive/Documents/RollingDerby/RollingDerby/Content/StarterContent/Textures/T_Wood_Floor_Walnut_N.uasset"
[2015.12.18-11.35.15:614][  0]LogPackFactory: Copied "../../../Samples/StarterContent/Content/StarterContent/Textures/T_Wood_Oak_D.uasset" to "C:/Users/tobia/OneDrive/Documents/RollingDerby/RollingDerby/Content/StarterContent/Textures/T_Wood_Oak_D.uasset"
[2015.12.18-11.35.15:684][  0]LogPackFactory: Copied "../../../Samples/StarterContent/Content/StarterContent/Textures/T_Wood_Oak_N.uasset" to "C:/Users/tobia/OneDrive/Documents/RollingDerby/RollingDerby/Content/StarterContent/Textures/T_Wood_Oak_N.uasset"
[2015.12.18-11.35.15:838][  0]LogPackFactory: Copied "../../../Samples/StarterContent/Content/StarterContent/Textures/T_Wood_Pine_D.uasset" to "C:/Users/tobia/OneDrive/Documents/RollingDerby/RollingDerby/Content/StarterContent/Textures/T_Wood_Pine_D.uasset"
[2015.12.18-11.35.15:934][  0]LogPackFactory: Copied "../../../Samples/StarterContent/Content/StarterContent/Textures/T_Wood_Pine_N.uasset" to "C:/Users/tobia/OneDrive/Documents/RollingDerby/RollingDerby/Content/StarterContent/Textures/T_Wood_Pine_N.uasset"
[2015.12.18-11.35.16:028][  0]LogPackFactory: Copied "../../../Samples/StarterContent/Content/StarterContent/Textures/T_Wood_Walnut_D.uasset" to "C:/Users/tobia/OneDrive/Documents/RollingDerby/RollingDerby/Content/StarterContent/Textures/T_Wood_Walnut_D.uasset"
[2015.12.18-11.35.16:109][  0]LogPackFactory: Copied "../../../Samples/StarterContent/Content/StarterContent/Textures/T_Wood_Walnut_N.uasset" to "C:/Users/tobia/OneDrive/Documents/RollingDerby/RollingDerby/Content/StarterContent/Textures/T_Wood_Walnut_N.uasset"
[2015.12.18-11.35.16:715][  0]LogRenderer: Reallocating scene render targets to support 256x256 (Frame:2).
[2015.12.18-11.35.17:234][  0]LogSavePackage: Save=147.500473ms
[2015.12.18-11.35.17:235][  0]LogSavePackage: Moving 'C:/Users/tobia/OneDrive/Documents/RollingDerby/RollingDerby/Saved/Floor_400x400E33AB06D4EFF349FB1FEF3901E9C4A3D.tmp' to 'C:/Users/tobia/OneDrive/Documents/RollingDerby/RollingDerby/Content/StarterContent/Architecture/Floor_400x400.uasset'
[2015.12.18-11.35.17:241][  0]LogSavePackage: Total save time: 186.015110ms
[2015.12.18-11.35.17:241][  0]LogSavePackage:Display: Finished SavePackage C:/Users/tobia/OneDrive/Documents/RollingDerby/RollingDerby/Content/StarterContent/Architecture/Floor_400x400.uasset
[2015.12.18-11.35.17:242][  0]LogFeaturePack:Warning: Inserted 1 feature packs
[2015.12.18-11.35.17:246][  0]Cmd: MAP LOAD FILE="C:/Users/tobia/OneDrive/Documents/RollingDerby/RollingDerby/Content/RollingBP/Maps/RollingBPExampleMap.umap" TEMPLATE=0 SHOWPROGRESS=1 FEATURELEVEL=3
[2015.12.18-11.35.17:246][  0]LightingResults: New page: Lighting Build
[2015.12.18-11.35.17:249][  0]MapCheck: New page: Map Check
[2015.12.18-11.35.17:249][  0]LightingResults: New page: Lighting Build
[2015.12.18-11.35.17:266][  0]LogParticles: Destroying 0 GPU particle simulations for FXSystem 0x000001F9E5B73B00
[2015.12.18-11.35.18:196][  0]LogAIModule: Creating AISystem for world RollingBPExampleMap
[2015.12.18-11.35.18:302][  0]LogEditorServer: Finished looking for orphan Actors (0.000 secs)
[2015.12.18-11.35.18:316][  0]Cmd: MAP CHECKDEP NOCLEARLOG
[2015.12.18-11.35.18:364][  0]MapCheck: Info Map check complete: 0 Error(s), 0 Warning(s), took 47.56ms to complete.
[2015.12.18-11.35.18:364][  0]LogFileHelpers: Loading map 'RollingBPExampleMap' took 1.119
[2015.12.18-11.35.19:075][  0]LogCollectionManager: Loaded 0 collections in 0.002132 seconds
[2015.12.18-11.35.19:187][  0]LogFileCache: Scanning file cache for directory 'C:/Users/tobia/OneDrive/Documents/RollingDerby/RollingDerby/Saved/Collections/' took 0.01s
[2015.12.18-11.35.19:187][  0]LogFileCache: Scanning file cache for directory 'C:/Users/tobia/OneDrive/Documents/RollingDerby/RollingDerby/Content/Developers/tobia/Collections/' took 0.01s
[2015.12.18-11.35.19:187][  0]LogFileCache: Scanning file cache for directory 'C:/Users/tobia/OneDrive/Documents/RollingDerby/RollingDerby/Content/Collections/' took 0.01s
[2015.12.18-11.35.19:187][  0]LogCollectionManager: Rebuilt the GUID cache for 0 collections in 0.000002 seconds
[2015.12.18-11.35.19:198][  0]LogContentBrowser: Native class hierarchy populated in 0.0099 seconds. Added 1893 classes and 338 folders.
[2015.12.18-11.35.19:294][  0]LogContentBrowser: Native class hierarchy updated for 'WidgetCarousel' in 0.0003 seconds. Added 0 classes and 0 folders.
[2015.12.18-11.35.19:327][  0]LogContentBrowser: Native class hierarchy updated for 'AddContentDialog' in 0.0003 seconds. Added 0 classes and 0 folders.
[2015.12.18-11.35.19:383][  0]LogContentBrowser: Native class hierarchy updated for 'SceneOutliner' in 0.0006 seconds. Added 1 classes and 2 folders.
[2015.12.18-11.35.19:832][  0]LogCrashTracker: Crashtracker disabled due to settings.
[2015.12.18-11.35.20:111][  0]LogLoad: Full Startup: 20.56 seconds (BP compile: 0.13 seconds)
[2015.12.18-11.35.20:456][  0]LogOcInput: Can't find Oculus library dev build: is proper Runtime installed? Version: 0.8.0.0
[2015.12.18-11.35.20:985][  0]LogContentStreaming: Texture pool size now 1000 MB
[2015.12.18-11.35.21:537][  0]LogRenderer: Reallocating scene render targets to support 964x432 (Frame:3).
[2015.12.18-11.35.22:638][  4]LogAssetRegistry: Asset discovery search completed in 19.5132 seconds
[2015.12.18-11.35.22:638][  4]LogCollectionManager: Rebuilt the object cache for 0 collections in 0.000001 seconds (found 0 objects)
[2015.12.18-11.35.22:638][  4]LogCollectionManager: Fixed up redirectors for 0 collections in 0.000021 seconds (updated 0 objects)
[2015.12.18-11.37.44:758][823]LogBlueprintUserMessages: Early PlayInEditor Detection: Level '/Game/RollingBP/Maps/RollingBPExampleMap.RollingBPExampleMap:PersistentLevel' has LevelScriptBlueprint '/Game/RollingBP/Maps/RollingBPExampleMap.RollingBPExampleMap:PersistentLevel.RollingBPExampleMap' with GeneratedClass '/Game/RollingBP/Maps/RollingBPExampleMap.RollingBPExampleMap_C' with ClassGeneratedBy '/Game/RollingBP/Maps/RollingBPExampleMap.RollingBPExampleMap:PersistentLevel.RollingBPExampleMap'
[2015.12.18-11.37.44:759][823]LogPlayLevel: PlayLevel: No blueprints needed recompiling
[2015.12.18-11.37.44:759][823]PIE: New page: PIE session: RollingBPExampleMap (Dec 18, 2015, 1:37:44 PM)
[2015.12.18-11.37.44:759][823]LogPlayLevel: Creating play world package: /Game/RollingBP/Maps/UEDPIE_0_RollingBPExampleMap
[2015.12.18-11.37.44:799][823]LogPlayLevel: PIE: StaticDuplicateObject took: (0.039574s)
[2015.12.18-11.37.44:800][823]LogAIModule: Creating AISystem for world RollingBPExampleMap
[2015.12.18-11.37.44:800][823]LogPlayLevel: PIE: World Init took: (0.000987s)
[2015.12.18-11.37.44:800][823]LogPlayLevel: PIE: Created PIE world by copying editor world from /Game/RollingBP/Maps/RollingBPExampleMap.RollingBPExampleMap to /Game/RollingBP/Maps/UEDPIE_0_RollingBPExampleMap.RollingBPExampleMap (0.040896s)
[2015.12.18-11.37.44:827][823]LogInit: XAudio2 using 'HeadPhone/Digital Output (Realtek High Definition Audio)' : 2 channels at 48 kHz using 32 bits per sample (channel mask 0x3)
[2015.12.18-11.37.44:852][823]LogInit: FAudioDevice initialized.
[2015.12.18-11.37.44:902][823]LogWorld: Game class is 'RollingGameMode_C'
[2015.12.18-11.37.44:915][823]LogWorld: Bringing World /Game/RollingBP/Maps/UEDPIE_0_RollingBPExampleMap.RollingBPExampleMap up for play (max tick rate 60) at 2015.12.18-12.37.44
[2015.12.18-11.37.44:915][823]LogActor:Warning: GameSession /Game/RollingBP/Maps/UEDPIE_0_RollingBPExampleMap.RollingBPExampleMap:PersistentLevel.GameSession_0 has natively added scene component(s), but none of them were set as the actor's RootComponent - picking one arbitrarily
[2015.12.18-11.37.44:915][823]LogActor:Warning: GameNetworkManager /Game/RollingBP/Maps/UEDPIE_0_RollingBPExampleMap.RollingBPExampleMap:PersistentLevel.GameNetworkManager_0 has natively added scene component(s), but none of them were set as the actor's RootComponent - picking one arbitrarily
[2015.12.18-11.37.44:915][823]LogWorld: Bringing up level for play took: 0.011669
[2015.12.18-11.37.44:917][823]PIE: Info Play in editor start time for /Game/RollingBP/Maps/UEDPIE_0_RollingBPExampleMap -0.318
[2015.12.18-11.37.44:917][823]LogBlueprintUserMessages: Late PlayInEditor Detection: Level '/Game/RollingBP/Maps/RollingBPExampleMap.RollingBPExampleMap:PersistentLevel' has LevelScriptBlueprint '/Game/RollingBP/Maps/RollingBPExampleMap.RollingBPExampleMap:PersistentLevel.RollingBPExampleMap' with GeneratedClass '/Game/RollingBP/Maps/RollingBPExampleMap.RollingBPExampleMap_C' with ClassGeneratedBy '/Game/RollingBP/Maps/RollingBPExampleMap.RollingBPExampleMap:PersistentLevel.RollingBPExampleMap'
[2015.12.18-11.38.18:377][816]LogBlueprintUserMessages: Early EndPlayMap Detection: Level '/Game/RollingBP/Maps/RollingBPExampleMap.RollingBPExampleMap:PersistentLevel' has LevelScriptBlueprint '/Game/RollingBP/Maps/RollingBPExampleMap.RollingBPExampleMap:PersistentLevel.RollingBPExampleMap' with GeneratedClass '/Game/RollingBP/Maps/RollingBPExampleMap.RollingBPExampleMap_C' with ClassGeneratedBy '/Game/RollingBP/Maps/RollingBPExampleMap.RollingBPExampleMap:PersistentLevel.RollingBPExampleMap'
[2015.12.18-11.38.18:407][816]LogBlueprintUserMessages: Late EndPlayMap Detection: Level '/Game/RollingBP/Maps/RollingBPExampleMap.RollingBPExampleMap:PersistentLevel' has LevelScriptBlueprint '/Game/RollingBP/Maps/RollingBPExampleMap.RollingBPExampleMap:PersistentLevel.RollingBPExampleMap' with GeneratedClass '/Game/RollingBP/Maps/RollingBPExampleMap.RollingBPExampleMap